2012-01-26T00:05:37  *** Areks|2 <Areks|2!~Areks@rs.gridnine.com> has joined #aichallenge
2012-01-26T00:11:21  *** treeform <treeform!~treeform@c-69-181-52-73.hsd1.ca.comcast.net> has joined #aichallenge
2012-01-26T00:16:12  *** TheLinker <TheLinker!~TheLinker@host80.190-226-80.telecom.net.ar> has joined #aichallenge
2012-01-26T00:29:00  *** thestinger <thestinger!~strcat@CPE98fc1165cb6f-CM00159a09b2d0.cpe.net.cable.rogers.com> has quit IRC (Quit: WeeChat 0.3.6)
2012-01-26T01:00:20  *** rofer <rofer!javagamer@ip-69-162-134-31.static.chi2.systeminplace.net> has quit IRC (Ping timeout: 252 seconds)
2012-01-26T01:20:39  *** rofer <rofer!javagamer@ip-69-162-134-31.static.chi2.systeminplace.net> has joined #aichallenge
2012-01-26T01:39:35  *** treeform <treeform!~treeform@c-69-181-52-73.hsd1.ca.comcast.net> has quit IRC (Remote host closed the connection)
2012-01-26T01:40:44  *** TheLinker <TheLinker!~TheLinker@host80.190-226-80.telecom.net.ar> has quit IRC (Remote host closed the connection)
2012-01-26T01:43:05  *** antimatroid <antimatroid!~nick@207.208.dsl.mel.iprimus.net.au> has quit IRC (Ping timeout: 252 seconds)
2012-01-26T01:58:32  *** Palmik <Palmik!~palmik@man-208-200.pks.muni.cz> has joined #aichallenge
2012-01-26T02:48:01  *** AlliedEnvy <AlliedEnvy!~AlliedEnv@adsl-68-88-235-150.dsl.hstntx.swbell.net> has quit IRC (Ping timeout: 245 seconds)
2012-01-26T03:01:59  *** AlliedEnvy <AlliedEnvy!~AlliedEnv@adsl-68-88-235-150.dsl.hstntx.swbell.net> has joined #aichallenge
2012-01-26T03:18:32  *** Garf <Garf!~Garf@78-22-80-252.access.telenet.be> has quit IRC (Ping timeout: 240 seconds)
2012-01-26T03:25:54  *** Kurnevsky <Kurnevsky!~Errins@46.56.132.118> has joined #aichallenge
2012-01-26T03:26:23  <aerique> @later tell UncleVasya I haven't worked on it anymore since it was enough of a prototype to get comments on IMHO.  I will (and have) merged pull requests from others with improvements.  (Also amstan asked me to wait a little with the project so they could finish some AI Challenge fundamentals.)
2012-01-26T03:26:23  <contestbot> aerique: Job's done.
2012-01-26T03:27:26  *** Garf <Garf!~Garf@78-22-80-252.access.telenet.be> has joined #aichallenge
2012-01-26T03:35:33  *** Blkt <Blkt!~user@89-96-199-46.ip13.fastwebnet.it> has joined #aichallenge
2012-01-26T03:38:21  <Blkt> good morning everyone
2012-01-26T03:56:09  *** mviel_ <mviel_!~mviel@45.227.73.86.rev.sfr.net> has joined #aichallenge
2012-01-26T04:10:34  *** Garf <Garf!~Garf@78-22-80-252.access.telenet.be> has quit IRC (Ping timeout: 252 seconds)
2012-01-26T04:11:47  *** Garf <Garf!~Garf@78-22-80-252.access.telenet.be> has joined #aichallenge
2012-01-26T04:28:19  *** sevikkk <sevikkk!~sevikkk@82.193.102.250.ipnet.kiev.ua> has quit IRC (Quit: Leaving.)
2012-01-26T04:34:12  *** AlliedEnvy <AlliedEnvy!~AlliedEnv@adsl-68-88-235-150.dsl.hstntx.swbell.net> has quit IRC (Ping timeout: 240 seconds)
2012-01-26T04:34:35  *** mcstar <mcstar!~mcstar@adsl-89-135-202-51.monradsl.monornet.hu> has joined #aichallenge
2012-01-26T04:36:59  *** sevikkk <sevikkk!~sevikkk@82.193.102.250.ipnet.kiev.ua> has joined #aichallenge
2012-01-26T04:39:04  *** AlliedEnvy <AlliedEnvy!~AlliedEnv@adsl-68-89-173-181.dsl.hstntx.swbell.net> has joined #aichallenge
2012-01-26T04:40:36  *** ikaros <ikaros!~ikaros@studpool-wlan-75-124.fs.fbi.h-da.de> has joined #aichallenge
2012-01-26T04:57:38  *** Garf <Garf!~Garf@78-22-80-252.access.telenet.be> has quit IRC (Read error: Connection reset by peer)
2012-01-26T05:01:02  *** GarfTop <GarfTop!~Garf@78-22-80-252.access.telenet.be> has joined #aichallenge
2012-01-26T05:06:26  *** Areks|2 <Areks|2!~Areks@rs.gridnine.com> has quit IRC (Ping timeout: 272 seconds)
2012-01-26T05:11:18  *** Garf_ <Garf_!~Garf@78-22-80-252.access.telenet.be> has joined #aichallenge
2012-01-26T05:14:56  *** GarfTop <GarfTop!~Garf@78-22-80-252.access.telenet.be> has quit IRC (Ping timeout: 252 seconds)
2012-01-26T05:22:36  *** Areks|2 <Areks|2!~Areks@rs.gridnine.com> has joined #aichallenge
2012-01-26T05:34:39  *** Garf_ <Garf_!~Garf@78-22-80-252.access.telenet.be> has quit IRC (Quit: Make a new plan, Stan!)
2012-01-26T05:34:58  *** Garf <Garf!~Garf@78-22-80-252.access.telenet.be> has joined #aichallenge
2012-01-26T05:37:21  *** iglo <iglo!~xy@xdsl-188-118-161-131.dip.osnanet.de> has joined #aichallenge
2012-01-26T05:59:46  *** Fandekasp <Fandekasp!~Fandekasp@p26153-ipngn100102yosemiya.okinawa.ocn.ne.jp> has quit IRC (Ping timeout: 248 seconds)
2012-01-26T06:32:05  *** mleise <mleise!~marco@dslb-088-070-139-144.pools.arcor-ip.net> has joined #aichallenge
2012-01-26T06:37:12  *** Fandekasp <Fandekasp!~Fandekasp@KD182249011240.au-net.ne.jp> has joined #aichallenge
2012-01-26T06:50:16  *** iglo <iglo!~xy@xdsl-188-118-161-131.dip.osnanet.de> has quit IRC (Remote host closed the connection)
2012-01-26T06:56:04  *** ikaros <ikaros!~ikaros@studpool-wlan-75-124.fs.fbi.h-da.de> has quit IRC (Ping timeout: 252 seconds)
2012-01-26T06:58:36  *** Fandekasp <Fandekasp!~Fandekasp@KD182249011240.au-net.ne.jp> has quit IRC (Ping timeout: 255 seconds)
2012-01-26T07:00:06  *** Fandekasp <Fandekasp!~Fandekasp@KD182249011240.au-net.ne.jp> has joined #aichallenge
2012-01-26T07:08:12  *** pairofdice <pairofdice!~pod@dsl-hkibrasgw2-ff67c300-50.dhcp.inet.fi> has joined #aichallenge
2012-01-26T07:15:34  *** dorisabayon <dorisabayon!~Fandekasp@KD182249000012.au-net.ne.jp> has joined #aichallenge
2012-01-26T07:18:47  *** Fandekasp <Fandekasp!~Fandekasp@KD182249011240.au-net.ne.jp> has quit IRC (Ping timeout: 252 seconds)
2012-01-26T07:19:45  *** mcstar <mcstar!~mcstar@adsl-89-135-202-51.monradsl.monornet.hu> has quit IRC (*.net *.split)
2012-01-26T07:19:45  *** raemde_ <raemde_!~raemde@dslb-088-073-215-231.pools.arcor-ip.net> has quit IRC (*.net *.split)
2012-01-26T07:24:55  *** raemde_ <raemde_!~raemde@dslb-088-073-215-231.pools.arcor-ip.net> has joined #aichallenge
2012-01-26T07:25:36  *** mcstar <mcstar!~mcstar@adsl-89-135-202-51.monradsl.monornet.hu> has joined #aichallenge
2012-01-26T07:26:58  *** coeus <coeus!~coeus@dslb-084-061-060-194.pools.arcor-ip.net> has quit IRC (Quit: Verlassend)
2012-01-26T07:36:34  *** ikaros <ikaros!~ikaros@studpool-wlan-75-124.fs.fbi.h-da.de> has joined #aichallenge
2012-01-26T07:36:46  *** alehorst <alehorst!~alehorst@177.42.4.62> has quit IRC (Ping timeout: 240 seconds)
2012-01-26T07:40:44  *** Garf <Garf!~Garf@78-22-80-252.access.telenet.be> has quit IRC (Ping timeout: 252 seconds)
2012-01-26T07:44:13  *** Jak_o_Shadows <Jak_o_Shadows!~Fake@CPE-144-136-214-52.sa.bigpond.net.au> has quit IRC (Remote host closed the connection)
2012-01-26T07:53:40  *** mviel_ <mviel_!~mviel@45.227.73.86.rev.sfr.net> has quit IRC (Read error: Connection reset by peer)
2012-01-26T07:54:48  *** mviel_ <mviel_!~mviel@45.227.73.86.rev.sfr.net> has joined #aichallenge
2012-01-26T07:55:31  *** spacebat <spacebat!~spacebat@174.143.144.173> has quit IRC (Ping timeout: 248 seconds)
2012-01-26T07:56:45  *** Garf <Garf!~Garf@78-22-80-252.access.telenet.be> has joined #aichallenge
2012-01-26T07:59:27  *** GarfTop <GarfTop!~Garf@78-22-80-252.access.telenet.be> has joined #aichallenge
2012-01-26T08:00:45  *** GarfTop <GarfTop!~Garf@78-22-80-252.access.telenet.be> has quit IRC (Read error: Connection reset by peer)
2012-01-26T08:01:00  *** GarfTop <GarfTop!~Garf@78-22-80-252.access.telenet.be> has joined #aichallenge
2012-01-26T08:01:52  *** Garf <Garf!~Garf@78-22-80-252.access.telenet.be> has quit IRC (Ping timeout: 276 seconds)
2012-01-26T08:10:24  *** bas <bas!5c42aa5e@gateway/web/freenode/ip.92.66.170.94> has joined #aichallenge
2012-01-26T08:16:55  *** bas <bas!5c42aa5e@gateway/web/freenode/ip.92.66.170.94> has quit IRC (Quit: Page closed)
2012-01-26T08:23:16  *** AlliedEnvy <AlliedEnvy!~AlliedEnv@adsl-68-89-173-181.dsl.hstntx.swbell.net> has quit IRC (Read error: Connection reset by peer)
2012-01-26T08:26:48  *** AlliedEnvy <AlliedEnvy!~AlliedEnv@adsl-68-89-173-181.dsl.hstntx.swbell.net> has joined #aichallenge
2012-01-26T08:28:31  *** ikaros <ikaros!~ikaros@studpool-wlan-75-124.fs.fbi.h-da.de> has quit IRC (Quit: Ex-Chat)
2012-01-26T08:48:36  *** amstan <amstan!~alex@aichallenge/admin/amstan> has joined #aichallenge
2012-01-26T08:48:36  *** ChanServ sets mode: +o amstan
2012-01-26T08:51:09  *** AlliedEnvy <AlliedEnvy!~AlliedEnv@adsl-68-89-173-181.dsl.hstntx.swbell.net> has quit IRC (Read error: Connection timed out)
2012-01-26T08:51:33  *** AlliedEnvy <AlliedEnvy!~AlliedEnv@adsl-68-89-173-181.dsl.hstntx.swbell.net> has joined #aichallenge
2012-01-26T09:00:23  *** TheLinker <TheLinker!~TheLinker@host80.190-226-80.telecom.net.ar> has joined #aichallenge
2012-01-26T09:01:49  *** thestinger <thestinger!~strcat@CPE98fc1165cb6f-CM00159a09b2d0.cpe.net.cable.rogers.com> has joined #aichallenge
2012-01-26T09:02:43  *** ikaros <ikaros!~ikaros@dslb-094-219-214-087.pools.arcor-ip.net> has joined #aichallenge
2012-01-26T09:09:44  *** AlliedEnvy <AlliedEnvy!~AlliedEnv@adsl-68-89-173-181.dsl.hstntx.swbell.net> has quit IRC (Ping timeout: 252 seconds)
2012-01-26T09:14:34  *** AlliedEnvy <AlliedEnvy!~AlliedEnv@adsl-68-89-173-181.dsl.hstntx.swbell.net> has joined #aichallenge
2012-01-26T09:26:07  *** Areks|2 <Areks|2!~Areks@rs.gridnine.com> has quit IRC (Ping timeout: 272 seconds)
2012-01-26T09:41:50  *** foRei <foRei!~ViT@0x4dd7b24d.adsl.cybercity.dk> has joined #aichallenge
2012-01-26T09:58:47  *** iglo <iglo!~xy@xdsl-188-118-161-131.dip.osnanet.de> has joined #aichallenge
2012-01-26T10:00:42  *** AlliedEnvy <AlliedEnvy!~AlliedEnv@adsl-68-89-173-181.dsl.hstntx.swbell.net> has quit IRC (Read error: Connection timed out)
2012-01-26T10:01:36  *** AlliedEnvy <AlliedEnvy!~AlliedEnv@adsl-68-89-173-181.dsl.hstntx.swbell.net> has joined #aichallenge
2012-01-26T10:15:46  *** Fandekasp <Fandekasp!~Fandekasp@KD182249017226.au-net.ne.jp> has joined #aichallenge
2012-01-26T10:19:10  *** dorisabayon <dorisabayon!~Fandekasp@KD182249000012.au-net.ne.jp> has quit IRC (Ping timeout: 252 seconds)
2012-01-26T10:22:11  *** Fandekasp <Fandekasp!~Fandekasp@KD182249017226.au-net.ne.jp> has quit IRC (Ping timeout: 248 seconds)
2012-01-26T10:23:38  *** mcstar <mcstar!~mcstar@adsl-89-135-202-51.monradsl.monornet.hu> has left #aichallenge
2012-01-26T10:48:11  *** fgump <fgump!~fgump__@host-89-241-235-93.as13285.net> has joined #aichallenge
2012-01-26T10:56:42  *** mceier <mceier!~mceier@89-77-140-105.dynamic.chello.pl> has joined #aichallenge
2012-01-26T11:01:07  *** dapplegate <dapplegate!~dan@206.217.79.178> has joined #aichallenge
2012-01-26T12:16:58  *** Blkt <Blkt!~user@89-96-199-46.ip13.fastwebnet.it> has quit IRC (Read error: Connection reset by peer)
2012-01-26T12:19:34  *** mviel__ <mviel__!~mviel@213.163.164.204> has joined #aichallenge
2012-01-26T12:22:54  *** mviel_ <mviel_!~mviel@45.227.73.86.rev.sfr.net> has quit IRC (Ping timeout: 240 seconds)
2012-01-26T12:25:00  *** kilae <kilae!~chatzilla@catv-161-018.tbwil.ch> has joined #aichallenge
2012-01-26T12:26:13  *** rwest <rwest!~rwest@63-252-205-228.ip.mcleodusa.net> has quit IRC (Read error: Connection reset by peer)
2012-01-26T12:44:06  *** mviel__ <mviel__!~mviel@213.163.164.204> has quit IRC (Remote host closed the connection)
2012-01-26T12:46:29  *** mviel <mviel!~mviel@213.163.164.204> has joined #aichallenge
2012-01-26T12:52:39  *** ikaros <ikaros!~ikaros@dslb-094-219-214-087.pools.arcor-ip.net> has quit IRC (Quit: Ex-Chat)
2012-01-26T12:55:00  *** ikaros <ikaros!~ikaros@dslb-094-219-214-087.pools.arcor-ip.net> has joined #aichallenge
2012-01-26T13:06:09  *** AlliedEnvy <AlliedEnvy!~AlliedEnv@adsl-68-89-173-181.dsl.hstntx.swbell.net> has quit IRC (Read error: Connection timed out)
2012-01-26T13:06:19  *** Accoun <Accoun!~1@static-213-88-39-97.chebnet.ru> has quit IRC ()
2012-01-26T13:06:49  *** AlliedEnvy <AlliedEnvy!~AlliedEnv@adsl-68-89-173-181.dsl.hstntx.swbell.net> has joined #aichallenge
2012-01-26T13:08:12  *** Accoun <Accoun!~1@static-213-88-39-97.chebnet.ru> has joined #aichallenge
2012-01-26T13:21:32  *** mviel <mviel!~mviel@213.163.164.204> has quit IRC (Remote host closed the connection)
2012-01-26T13:23:55  *** treeform <treeform!~treeform@108.60.121.46> has joined #aichallenge
2012-01-26T14:02:21  *** AlliedEnvy <AlliedEnvy!~AlliedEnv@adsl-68-89-173-181.dsl.hstntx.swbell.net> has quit IRC (Read error: Connection timed out)
2012-01-26T14:02:57  *** AlliedEnvy <AlliedEnvy!~AlliedEnv@adsl-68-89-173-181.dsl.hstntx.swbell.net> has joined #aichallenge
2012-01-26T14:08:37  *** X-Scale <X-Scale!email@sgi-ultra64.broker.freenet6.net> has quit IRC (Remote host closed the connection)
2012-01-26T14:13:19  *** X-Scale <X-Scale!email@sgi-ultra64.broker.freenet6.net> has joined #aichallenge
2012-01-26T14:13:55  *** X-Scale is now known as Guest6791
2012-01-26T14:19:37  *** iglo <iglo!~xy@xdsl-188-118-161-131.dip.osnanet.de> has quit IRC (Remote host closed the connection)
2012-01-26T14:52:02  *** sevikkk <sevikkk!~sevikkk@82.193.102.250.ipnet.kiev.ua> has quit IRC (Ping timeout: 255 seconds)
2012-01-26T15:01:15  *** Accoun <Accoun!~1@static-213-88-39-97.chebnet.ru> has quit IRC ()
2012-01-26T15:03:13  *** AlliedEnvy <AlliedEnvy!~AlliedEnv@adsl-68-89-173-181.dsl.hstntx.swbell.net> has quit IRC (Read error: Operation timed out)
2012-01-26T15:03:41  *** Guest6791 is now known as X-Scale
2012-01-26T15:03:59  *** AlliedEnvy <AlliedEnvy!~AlliedEnv@adsl-68-89-173-181.dsl.hstntx.swbell.net> has joined #aichallenge
2012-01-26T15:07:32  *** sevikkk <sevikkk!~sevikkk@82.193.102.250.ipnet.kiev.ua> has joined #aichallenge
2012-01-26T15:16:35  *** Accoun <Accoun!~1@static-213-88-39-97.chebnet.ru> has joined #aichallenge
2012-01-26T15:25:59  *** AlliedEnvy <AlliedEnvy!~AlliedEnv@adsl-68-89-173-181.dsl.hstntx.swbell.net> has quit IRC (Read error: Connection timed out)
2012-01-26T15:26:33  *** AlliedEnvy <AlliedEnvy!~AlliedEnv@adsl-68-89-173-181.dsl.hstntx.swbell.net> has joined #aichallenge
2012-01-26T15:47:07  *** AlliedEnvy <AlliedEnvy!~AlliedEnv@adsl-68-89-173-181.dsl.hstntx.swbell.net> has quit IRC (Read error: Connection timed out)
2012-01-26T15:47:44  *** AlliedEnvy <AlliedEnvy!~AlliedEnv@adsl-68-89-173-181.dsl.hstntx.swbell.net> has joined #aichallenge
2012-01-26T15:57:12  *** treeform_ <treeform_!~treeform@108.60.121.46> has joined #aichallenge
2012-01-26T15:58:15  *** treeform_ <treeform_!~treeform@108.60.121.46> has quit IRC (Remote host closed the connection)
2012-01-26T15:58:41  *** treeform_ <treeform_!~treeform@108.60.121.46> has joined #aichallenge
2012-01-26T15:59:22  *** treefor__ <treefor__!~treeform@108.60.121.46> has joined #aichallenge
2012-01-26T16:00:27  *** treeform <treeform!~treeform@108.60.121.46> has quit IRC (Ping timeout: 255 seconds)
2012-01-26T16:00:44  *** treefor__ <treefor__!~treeform@108.60.121.46> has quit IRC (Remote host closed the connection)
2012-01-26T16:00:51  *** treeform_ <treeform_!~treeform@108.60.121.46> has quit IRC (Read error: Connection reset by peer)
2012-01-26T16:01:18  *** treeform <treeform!~treeform@108.60.121.46> has joined #aichallenge
2012-01-26T16:03:50  *** kilae <kilae!~chatzilla@catv-161-018.tbwil.ch> has quit IRC (Quit: ChatZilla 0.9.88 [Firefox 9.0.1/20111220165912])
2012-01-26T16:07:21  *** Kurnevsky <Kurnevsky!~Errins@46.56.132.118> has left #aichallenge
2012-01-26T16:10:14  *** amstan <amstan!~alex@aichallenge/admin/amstan> has quit IRC (Ping timeout: 245 seconds)
2012-01-26T16:11:37  *** AlliedEnvy <AlliedEnvy!~AlliedEnv@adsl-68-89-173-181.dsl.hstntx.swbell.net> has quit IRC (Read error: Connection timed out)
2012-01-26T16:12:18  *** AlliedEnvy <AlliedEnvy!~AlliedEnv@adsl-68-89-173-181.dsl.hstntx.swbell.net> has joined #aichallenge
2012-01-26T16:14:24  *** kire <kire!~kire@78-23-188-181.access.telenet.be> has joined #aichallenge
2012-01-26T16:35:36  *** AlliedEnvy <AlliedEnvy!~AlliedEnv@adsl-68-89-173-181.dsl.hstntx.swbell.net> has quit IRC (Read error: Connection timed out)
2012-01-26T16:36:21  *** AlliedEnvy <AlliedEnvy!~AlliedEnv@adsl-68-89-173-181.dsl.hstntx.swbell.net> has joined #aichallenge
2012-01-26T16:59:37  *** X-Scale <X-Scale!email@sgi-ultra64.broker.freenet6.net> has quit IRC (Ping timeout: 272 seconds)
2012-01-26T17:01:26  *** AlliedEnvy <AlliedEnvy!~AlliedEnv@adsl-68-89-173-181.dsl.hstntx.swbell.net> has quit IRC (Read error: Connection timed out)
2012-01-26T17:01:51  *** AlliedEnvy <AlliedEnvy!~AlliedEnv@adsl-68-89-173-181.dsl.hstntx.swbell.net> has joined #aichallenge
2012-01-26T17:02:21  *** X-Scale <X-Scale!email@sgi-ultra64.broker.freenet6.net> has joined #aichallenge
2012-01-26T17:02:42  *** X-Scale is now known as Guest21470
2012-01-26T17:04:35  *** Guest21470 is now known as X-Scale
2012-01-26T17:25:32  *** kire <kire!~kire@78-23-188-181.access.telenet.be> has quit IRC (Remote host closed the connection)
2012-01-26T17:27:44  *** AlliedEnvy <AlliedEnvy!~AlliedEnv@adsl-68-89-173-181.dsl.hstntx.swbell.net> has quit IRC (Read error: Connection timed out)
2012-01-26T17:28:29  *** AlliedEnvy <AlliedEnvy!~AlliedEnv@adsl-68-89-173-181.dsl.hstntx.swbell.net> has joined #aichallenge
2012-01-26T17:29:40  *** arscan <arscan!188032e6@gateway/web/freenode/ip.24.128.50.230> has joined #aichallenge
2012-01-26T17:32:14  *** Palmik <Palmik!~palmik@man-208-200.pks.muni.cz> has quit IRC ()
2012-01-26T17:41:15  *** Israfel_ <Israfel_!~jeff@99-0-14-82.lightspeed.frokca.sbcglobal.net> has quit IRC (Ping timeout: 255 seconds)
2012-01-26T17:44:56  *** foRei <foRei!~ViT@0x4dd7b24d.adsl.cybercity.dk> has quit IRC (Quit: Bye)
2012-01-26T17:49:19  *** AlliedEnvy <AlliedEnvy!~AlliedEnv@adsl-68-89-173-181.dsl.hstntx.swbell.net> has quit IRC (Read error: Connection timed out)
2012-01-26T17:50:00  *** AlliedEnvy <AlliedEnvy!~AlliedEnv@adsl-68-89-173-181.dsl.hstntx.swbell.net> has joined #aichallenge
2012-01-26T17:59:42  *** ikaros <ikaros!~ikaros@dslb-094-219-214-087.pools.arcor-ip.net> has quit IRC (Quit: Ex-Chat)
2012-01-26T18:00:11  *** mceier <mceier!~mceier@89-77-140-105.dynamic.chello.pl> has quit IRC (Quit: leaving)
2012-01-26T18:00:36  *** sevikkk <sevikkk!~sevikkk@82.193.102.250.ipnet.kiev.ua> has quit IRC (Ping timeout: 255 seconds)
2012-01-26T18:01:33  *** datachomper <datachomper!~russ@nat/digium/x-mdqujnmjvlggztln> has joined #aichallenge
2012-01-26T18:05:22  *** sevikkk <sevikkk!~sevikkk@82.193.102.250.ipnet.kiev.ua> has joined #aichallenge
2012-01-26T18:05:42  *** arscan <arscan!188032e6@gateway/web/freenode/ip.24.128.50.230> has quit IRC (Ping timeout: 264 seconds)
2012-01-26T18:13:45  *** AlliedEnvy <AlliedEnvy!~AlliedEnv@adsl-68-89-173-181.dsl.hstntx.swbell.net> has quit IRC (Read error: Connection timed out)
2012-01-26T18:14:02  *** pairofdice <pairofdice!~pod@dsl-hkibrasgw2-ff67c300-50.dhcp.inet.fi> has quit IRC (Quit: When cryptography is outlawed, bayl bhgynjf jvyy unir cevinpl.)
2012-01-26T18:14:11  *** AlliedEnvy <AlliedEnvy!~AlliedEnv@adsl-68-89-173-181.dsl.hstntx.swbell.net> has joined #aichallenge
2012-01-26T18:33:24  *** Jak_o_Shadows <Jak_o_Shadows!~Fake@CPE-144-136-214-52.sa.bigpond.net.au> has joined #aichallenge
2012-01-26T18:33:51  *** TheLinker <TheLinker!~TheLinker@host80.190-226-80.telecom.net.ar> has quit IRC (Remote host closed the connection)
2012-01-26T18:43:06  *** AlliedEnvy <AlliedEnvy!~AlliedEnv@adsl-68-89-173-181.dsl.hstntx.swbell.net> has quit IRC (Read error: Connection timed out)
2012-01-26T18:43:47  *** AlliedEnvy <AlliedEnvy!~AlliedEnv@adsl-68-89-173-181.dsl.hstntx.swbell.net> has joined #aichallenge
2012-01-26T18:46:03  *** coeus <coeus!~coeus@dslb-084-061-060-194.pools.arcor-ip.net> has joined #aichallenge
2012-01-26T19:24:05  *** antimatroid <antimatroid!~nick@207.208.dsl.mel.iprimus.net.au> has joined #aichallenge
2012-01-26T19:33:33  *** amstan <amstan!~alex@aichallenge/admin/amstan> has joined #aichallenge
2012-01-26T19:33:33  *** ChanServ sets mode: +o amstan
2012-01-26T19:37:26  *** coeus <coeus!~coeus@dslb-084-061-060-194.pools.arcor-ip.net> has left #aichallenge ("Verlassend")
2012-01-26T19:38:56  *** Fandekasp <Fandekasp!~Fandekasp@KD182249004088.au-net.ne.jp> has joined #aichallenge
2012-01-26T20:25:04  *** Fandekasp <Fandekasp!~Fandekasp@KD182249004088.au-net.ne.jp> has quit IRC (Ping timeout: 255 seconds)
2012-01-26T20:32:53  *** thestinger <thestinger!~strcat@CPE98fc1165cb6f-CM00159a09b2d0.cpe.net.cable.rogers.com> has quit IRC (Quit: WeeChat 0.3.6)
2012-01-26T20:33:37  *** Israfel <Israfel!~jeff@99-0-14-82.lightspeed.frokca.sbcglobal.net> has joined #aichallenge
2012-01-26T20:56:50  *** mleise <mleise!~marco@dslb-088-070-139-144.pools.arcor-ip.net> has quit IRC (Quit: Leaving.)
2012-01-26T21:21:11  *** Fandekasp <Fandekasp!~Fandekasp@KD182249004088.au-net.ne.jp> has joined #aichallenge
2012-01-26T22:18:12  *** dorisabayon <dorisabayon!~Fandekasp@KD182249094032.au-net.ne.jp> has joined #aichallenge
2012-01-26T22:21:46  *** Fandekasp <Fandekasp!~Fandekasp@KD182249004088.au-net.ne.jp> has quit IRC (Ping timeout: 260 seconds)
2012-01-26T22:45:16  *** mindeavor <mindeavor!~mindeavor@cpe-72-177-90-12.austin.res.rr.com> has joined #aichallenge
2012-01-26T23:17:43  *** dorisabayon <dorisabayon!~Fandekasp@KD182249094032.au-net.ne.jp> has quit IRC (Ping timeout: 248 seconds)
2012-01-26T23:38:38  *** AlliedEnvy <AlliedEnvy!~AlliedEnv@adsl-68-89-173-181.dsl.hstntx.swbell.net> has quit IRC (Ping timeout: 240 seconds)
2012-01-26T23:43:54  *** AlliedEnvy <AlliedEnvy!~AlliedEnv@adsl-68-89-173-181.dsl.hstntx.swbell.net> has joined #aichallenge
2012-01-26T23:51:48  *** Fandekasp <Fandekasp!~Fandekasp@p26153-ipngn100102yosemiya.okinawa.ocn.ne.jp> has joined #aichallenge
