2012-06-06T01:04:10  *** amstan <amstan!~alex@aichallenge/admin/amstan> has quit IRC (Quit: Konversation terminated!)
2012-06-06T01:07:11  *** replore <replore!~replore@FL1-125-198-49-191.kng.mesh.ad.jp> has joined #aichallenge
2012-06-06T01:25:26  *** Areks <Areks!~Areks@rs.gridnine.com> has joined #aichallenge
2012-06-06T02:00:31  *** McLeopold <McLeopold!~scott@c-67-168-84-172.hsd1.wa.comcast.net> has quit IRC (Quit: Leaving)
2012-06-06T02:12:40  *** mleise <mleise!~marco@dslb-088-071-250-214.pools.arcor-ip.net> has joined #aichallenge
2012-06-06T02:31:36  *** vikhyat <vikhyat!~Adium@117.213.229.170> has joined #aichallenge
2012-06-06T02:32:33  *** NoxiaZ^ <NoxiaZ^!~noxi@87-104-29-39-dynamic-customer.profibernet.dk> has joined #aichallenge
2012-06-06T02:46:25  *** HaraKiri <HaraKiri!~hara@e182033177.adsl.alicedsl.de> has joined #aichallenge
2012-06-06T03:03:03  *** replore <replore!~replore@FL1-125-198-49-191.kng.mesh.ad.jp> has quit IRC (Remote host closed the connection)
2012-06-06T03:03:30  *** coeus <coeus!~coeus@dslb-084-061-056-077.pools.arcor-ip.net> has quit IRC (Quit: Verlassend)
2012-06-06T03:32:05  *** epicmonkey <epicmonkey!~epicmonke@188.134.41.211> has joined #aichallenge
2012-06-06T03:56:43  *** HaraKiri <HaraKiri!~hara@e182033177.adsl.alicedsl.de> has quit IRC ()
2012-06-06T04:29:39  *** vikhyat <vikhyat!~Adium@117.213.229.170> has quit IRC (Quit: Leaving.)
2012-06-06T04:33:16  *** vikhyat <vikhyat!~Adium@117.213.229.170> has joined #aichallenge
2012-06-06T04:40:33  *** Palmik <Palmik!~palmik@man-208-66.pks.muni.cz> has joined #aichallenge
2012-06-06T05:07:07  *** yoden <yoden!~horstman@cpe-76-190-245-7.neo.res.rr.com> has quit IRC (Read error: Connection reset by peer)
2012-06-06T05:07:54  *** yoden <yoden!~horstman@cpe-76-190-245-7.neo.res.rr.com> has joined #aichallenge
2012-06-06T05:10:12  *** epicmonkey <epicmonkey!~epicmonke@188.134.41.211> has quit IRC (Ping timeout: 244 seconds)
2012-06-06T05:11:59  *** rofer <rofer!javagamer@ip-69-162-134-31.static.chi2.systeminplace.net> has quit IRC (Ping timeout: 245 seconds)
2012-06-06T06:04:00  *** pairofdice <pairofdice!~pod@dsl-hkibrasgw2-fed3df00-232.dhcp.inet.fi> has joined #aichallenge
2012-06-06T06:08:05  *** conor_f <conor_f!~pqaw9ijh2@86-40-237-126-dynamic.b-ras3.mvw.galway.eircom.net> has joined #aichallenge
2012-06-06T06:31:57  *** kurnevsky <kurnevsky!~kurnevsky@37.17.113.26> has joined #aichallenge
2012-06-06T06:50:45  *** conor_f <conor_f!~pqaw9ijh2@86-40-237-126-dynamic.b-ras3.mvw.galway.eircom.net> has quit IRC (Quit: leaving)
2012-06-06T07:08:36  *** rofer <rofer!javagamer@ip-69-162-134-31.static.chi2.systeminplace.net> has joined #aichallenge
2012-06-06T07:55:29  *** sigh <sigh!~sigh@ppp114-153.static.internode.on.net> has joined #aichallenge
2012-06-06T08:19:03  *** BFC <BFC!6d83a942@gateway/web/freenode/ip.109.131.169.66> has joined #aichallenge
2012-06-06T08:19:08  <BFC> hi guys
2012-06-06T08:19:10  <BFC> I have a question
2012-06-06T08:19:19  <BFC> is there a start date on the new challenge?
2012-06-06T08:19:58  <BFC> because, the Ants challenge, I only noticed the start at like 5 days before the end date :p
2012-06-06T08:27:50  *** sigh <sigh!~sigh@ppp114-153.static.internode.on.net> has quit IRC (Ping timeout: 240 seconds)
2012-06-06T08:28:59  <Garf> I dont think anything has been announced or decided yet.
2012-06-06T08:29:25  *** sigh <sigh!~sigh@ppp114-153.static.internode.on.net> has joined #aichallenge
2012-06-06T08:36:30  <BFC> Do you have any idea when they might announce a starting date?
2012-06-06T08:36:41  <BFC> just so I can check every now and then around that period?
2012-06-06T09:13:48  *** amstan <amstan!~alex@aichallenge/admin/amstan> has joined #aichallenge
2012-06-06T09:13:48  *** ChanServ sets mode: +o amstan
2012-06-06T09:14:42  *** amstan <amstan!~alex@aichallenge/admin/amstan> has quit IRC (Read error: Connection reset by peer)
2012-06-06T09:24:20  *** NoxiaZ^ <NoxiaZ^!~noxi@87-104-29-39-dynamic-customer.profibernet.dk> has quit IRC (Ping timeout: 240 seconds)
2012-06-06T10:05:15  *** foRei <foRei!~ViT@0x4dd7b24d.adsl.cybercity.dk> has joined #aichallenge
2012-06-06T10:11:24  *** NoxiaZ^ <NoxiaZ^!~noxi@87-104-29-39-dynamic-customer.profibernet.dk> has joined #aichallenge
2012-06-06T10:17:02  *** vikhyat1 <vikhyat1!~Adium@117.213.229.170> has joined #aichallenge
2012-06-06T10:17:42  *** vikhyat <vikhyat!~Adium@117.213.229.170> has quit IRC (Read error: Connection reset by peer)
2012-06-06T10:32:56  *** Areks <Areks!~Areks@rs.gridnine.com> has quit IRC (Ping timeout: 272 seconds)
2012-06-06T10:52:15  *** mviel <mviel!~mviel@pla93-2-82-226-6-229.fbx.proxad.net> has quit IRC (Ping timeout: 248 seconds)
2012-06-06T10:56:11  *** epicmonkey <epicmonkey!~epicmonke@188.134.41.211> has joined #aichallenge
2012-06-06T11:04:29  *** mviel <mviel!~mviel@LNantes-156-75-13-22.w82-127.abo.wanadoo.fr> has joined #aichallenge
2012-06-06T11:51:39  *** thestinger <thestinger!~strcat@CPE98fc1165cb6f-CM00159a09b2d0.cpe.net.cable.rogers.com> has joined #aichallenge
2012-06-06T11:56:17  *** HaraKiri <HaraKiri!~hara@e182033177.adsl.alicedsl.de> has joined #aichallenge
2012-06-06T12:02:04  *** BFC <BFC!6d83a942@gateway/web/freenode/ip.109.131.169.66> has quit IRC (Quit: Page closed)
2012-06-06T12:10:17  *** kilae <kilae!~chatzilla@catv-161-018.tbwil.ch> has joined #aichallenge
2012-06-06T12:11:53  *** mceier <mceier!~mceier@89-77-239-61.dynamic.chello.pl> has joined #aichallenge
2012-06-06T12:21:26  *** Palmik <Palmik!~palmik@man-208-66.pks.muni.cz> has quit IRC ()
2012-06-06T12:32:32  *** sigh <sigh!~sigh@ppp114-153.static.internode.on.net> has quit IRC (Remote host closed the connection)
2012-06-06T12:36:08  *** mleise <mleise!~marco@dslb-088-071-250-214.pools.arcor-ip.net> has quit IRC (Quit: Leaving.)
2012-06-06T13:00:03  *** mleise <mleise!~marco@dslb-088-071-250-214.pools.arcor-ip.net> has joined #aichallenge
2012-06-06T13:11:05  *** amstan <amstan!~alex@aichallenge/admin/amstan> has joined #aichallenge
2012-06-06T13:11:05  *** ChanServ sets mode: +o amstan
2012-06-06T13:36:25  *** coeus <coeus!~coeus@dslb-084-061-056-077.pools.arcor-ip.net> has joined #aichallenge
2012-06-06T13:45:39  *** thestinger <thestinger!~strcat@CPE98fc1165cb6f-CM00159a09b2d0.cpe.net.cable.rogers.com> has quit IRC (Quit: WeeChat 0.3.8)
2012-06-06T14:05:47  *** amstan <amstan!~alex@aichallenge/admin/amstan> has quit IRC (Ping timeout: 265 seconds)
2012-06-06T14:13:14  *** amstan <amstan!~alex@aichallenge/admin/amstan> has joined #aichallenge
2012-06-06T14:13:14  *** ChanServ sets mode: +o amstan
2012-06-06T14:15:51  *** vikhyat1 <vikhyat1!~Adium@117.213.229.170> has quit IRC (Quit: Leaving.)
2012-06-06T14:22:41  *** amstan <amstan!~alex@aichallenge/admin/amstan> has quit IRC (Read error: Connection reset by peer)
2012-06-06T14:22:54  *** amstan <amstan!~alex@aichallenge/admin/amstan> has joined #aichallenge
2012-06-06T14:22:54  *** ChanServ sets mode: +o amstan
2012-06-06T14:38:24  *** epicmonkey <epicmonkey!~epicmonke@188.134.41.211> has quit IRC (Remote host closed the connection)
2012-06-06T14:38:45  *** epicmonkey <epicmonkey!~epicmonke@188.134.41.211> has joined #aichallenge
2012-06-06T14:45:13  *** amstan <amstan!~alex@aichallenge/admin/amstan> has quit IRC (Ping timeout: 252 seconds)
2012-06-06T15:05:58  *** kilae_ <kilae_!~chatzilla@catv-161-018.tbwil.ch> has joined #aichallenge
2012-06-06T15:07:16  *** kilae <kilae!~chatzilla@catv-161-018.tbwil.ch> has quit IRC (Ping timeout: 260 seconds)
2012-06-06T15:22:25  *** NoxiaZ^ <NoxiaZ^!~noxi@87-104-29-39-dynamic-customer.profibernet.dk> has quit IRC (Ping timeout: 245 seconds)
2012-06-06T15:28:03  *** thestinger <thestinger!~strcat@CPE98fc1165cb6f-CM00159a09b2d0.cpe.net.cable.rogers.com> has joined #aichallenge
2012-06-06T15:31:16  *** HaraKiri2 <HaraKiri2!~hara@e182038249.adsl.alicedsl.de> has joined #aichallenge
2012-06-06T15:32:26  *** iglo <iglo!~xy@xdsl-92-252-117-231.dip.osnanet.de> has joined #aichallenge
2012-06-06T15:32:53  *** HaraKiri <HaraKiri!~hara@e182033177.adsl.alicedsl.de> has quit IRC (Ping timeout: 252 seconds)
2012-06-06T15:37:20  *** HaraKiri2 is now known as HaraKiri
2012-06-06T15:41:15  *** Accoun <Accoun!~1@static-213-88-39-97.chebnet.ru> has quit IRC ()
2012-06-06T15:42:29  *** dabino <dabino!558d4117@gateway/web/freenode/ip.85.141.65.23> has joined #aichallenge
2012-06-06T15:43:34  <dabino> ?
2012-06-06T15:44:26  <Zannick> !
2012-06-06T15:49:54  *** dabino <dabino!558d4117@gateway/web/freenode/ip.85.141.65.23> has quit IRC (Ping timeout: 245 seconds)
2012-06-06T15:50:00  *** ermau <ermau!u472@about/csharp/regular/ermau> has quit IRC (Remote host closed the connection)
2012-06-06T15:54:12  *** kilae_ <kilae_!~chatzilla@catv-161-018.tbwil.ch> has quit IRC (Quit: ChatZilla 0.9.88.2 [Firefox 12.0/20120420145725])
2012-06-06T15:57:54  *** Accoun <Accoun!~1@static-213-88-39-97.chebnet.ru> has joined #aichallenge
2012-06-06T16:21:20  *** smjms <smjms!~janne@193-64-23-187-nat.elisa-mobile.fi> has joined #aichallenge
2012-06-06T16:21:20  *** smjms <smjms!~janne@pdpc/supporter/student/kosiini> has joined #aichallenge
2012-06-06T16:31:37  *** Garf <Garf!~Garf@78-22-80-252.access.telenet.be> has quit IRC (Quit: Make a new plan, Stan!)
2012-06-06T16:49:43  *** kurnevsky <kurnevsky!~kurnevsky@37.17.113.26> has quit IRC (Quit: Leaving.)
2012-06-06T17:03:43  *** ermau <ermau!u472@gateway/web/irccloud.com/x-hxhtnusejyojmznr> has joined #aichallenge
2012-06-06T17:03:43  *** ermau <ermau!u472@about/csharp/regular/ermau> has joined #aichallenge
2012-06-06T17:12:45  *** ck <ck!52e0a252@gateway/web/freenode/ip.82.224.162.82> has joined #aichallenge
2012-06-06T17:13:17  <ck> hello, I am unable to access http://tron.aichallenge.org/. Would it be possible to fix it? Thank you in advance.
2012-06-06T17:29:53  *** smjms <smjms!~janne@pdpc/supporter/student/kosiini> has quit IRC (Quit: Konversation terminated!)
2012-06-06T17:35:51  *** foRei <foRei!~ViT@0x4dd7b24d.adsl.cybercity.dk> has quit IRC (Read error: Connection reset by peer)
2012-06-06T17:46:11  *** epicmonkey <epicmonkey!~epicmonke@188.134.41.211> has quit IRC (Ping timeout: 265 seconds)
2012-06-06T17:50:18  *** iglo <iglo!~xy@xdsl-92-252-117-231.dip.osnanet.de> has quit IRC (Remote host closed the connection)
2012-06-06T17:51:35  *** ck <ck!52e0a252@gateway/web/freenode/ip.82.224.162.82> has quit IRC (Quit: Page closed)
2012-06-06T17:53:01  *** amstan <amstan!~alex@aichallenge/admin/amstan> has joined #aichallenge
2012-06-06T17:53:02  *** ChanServ sets mode: +o amstan
2012-06-06T18:13:11  *** HaraKiri <HaraKiri!~hara@e182038249.adsl.alicedsl.de> has quit IRC ()
2012-06-06T18:27:08  *** srgpqt <srgpqt!~srgpqt@69-165-173-227.dsl.teksavvy.com> has joined #aichallenge
2012-06-06T18:27:30  *** srgpqt <srgpqt!~srgpqt@69-165-173-227.dsl.teksavvy.com> has joined #aichallenge
2012-06-06T18:29:20  *** choas <choas!~lars@p5795C5CE.dip.t-dialin.net> has joined #aichallenge
2012-06-06T18:38:50  *** srgpqt <srgpqt!~srgpqt@69-165-173-227.dsl.teksavvy.com> has quit IRC (Quit: leaving)
2012-06-06T18:38:58  *** srgpqt <srgpqt!~srgpqt@69-165-173-227.dsl.teksavvy.com> has joined #aichallenge
2012-06-06T19:11:32  *** thestinger <thestinger!~strcat@CPE98fc1165cb6f-CM00159a09b2d0.cpe.net.cable.rogers.com> has quit IRC (Quit: WeeChat 0.3.8)
2012-06-06T19:19:38  *** thestinger <thestinger!~strcat@CPE98fc1165cb6f-CM00159a09b2d0.cpe.net.cable.rogers.com> has joined #aichallenge
2012-06-06T19:42:57  *** pairofdice <pairofdice!~pod@dsl-hkibrasgw2-fed3df00-232.dhcp.inet.fi> has quit IRC (Quit: in girum imus nocte et consumimur igni)
2012-06-06T19:45:10  *** scribble <scribble!~scribble@74-132-73-182.dhcp.insightbb.com> has joined #aichallenge
2012-06-06T20:12:33  *** choas_ <choas_!~lars@p5795C089.dip.t-dialin.net> has joined #aichallenge
2012-06-06T20:13:54  *** choas <choas!~lars@p5795C5CE.dip.t-dialin.net> has quit IRC (Read error: Operation timed out)
2012-06-06T20:22:33  *** choas_ <choas_!~lars@p5795C089.dip.t-dialin.net> has quit IRC (Ping timeout: 244 seconds)
2012-06-06T20:37:07  *** coeus <coeus!~coeus@dslb-084-061-056-077.pools.arcor-ip.net> has quit IRC (Ping timeout: 252 seconds)
2012-06-06T20:53:22  *** thestinger <thestinger!~strcat@CPE98fc1165cb6f-CM00159a09b2d0.cpe.net.cable.rogers.com> has quit IRC (Quit: WeeChat 0.3.8)
2012-06-06T21:18:51  *** srgpqt <srgpqt!~srgpqt@69-165-173-227.dsl.teksavvy.com> has quit IRC (Quit: leaving)
2012-06-06T21:22:05  *** thestinger <thestinger!~strcat@CPE98fc1165cb6f-CM00159a09b2d0.cpe.net.cable.rogers.com> has joined #aichallenge
2012-06-06T23:34:45  *** thestinger <thestinger!~strcat@CPE98fc1165cb6f-CM00159a09b2d0.cpe.net.cable.rogers.com> has quit IRC (Quit: long awaited sleep)
