2012-02-24T00:03:43  *** treeform_ <treeform_!~treeform@108.60.121.46> has quit IRC (Remote host closed the connection)
2012-02-24T00:08:35  *** Areks <Areks!~Areks@rs.gridnine.com> has joined #aichallenge
2012-02-24T00:14:37  *** dorisabayon <dorisabayon!~Fandekasp@KD182249212180.au-net.ne.jp> has joined #aichallenge
2012-02-24T00:17:36  *** Fandekasp <Fandekasp!~Fandekasp@KD182249201034.au-net.ne.jp> has quit IRC (Ping timeout: 248 seconds)
2012-02-24T00:31:30  *** Jak_o_Shadows <Jak_o_Shadows!~Fake@unaffiliated/jak-o-shadows/x-0479135> has joined #aichallenge
2012-02-24T00:54:06  *** Chris_0076 <Chris_0076!~Chris_007@adsl-74-176-15-171.asm.bellsouth.net> has joined #aichallenge
2012-02-24T00:59:37  *** Tiktalik is now known as Captain_Obvious
2012-02-24T00:59:43  *** Captain_Obvious is now known as Tiktalik
2012-02-24T01:27:57  *** NoxiaZ^ <NoxiaZ^!~noxi@87-104-29-39-dynamic-customer.profibernet.dk> has joined #aichallenge
2012-02-24T01:53:29  *** Jak_o_Shadows1 <Jak_o_Shadows1!~Fake@CPE-144-136-211-241.sa.bigpond.net.au> has joined #aichallenge
2012-02-24T01:53:34  *** Jak_o_Shadows1 <Jak_o_Shadows1!~Fake@unaffiliated/jak-o-shadows/x-0479135> has joined #aichallenge
2012-02-24T01:53:34  *** Jak_o_Shadows <Jak_o_Shadows!~Fake@unaffiliated/jak-o-shadows/x-0479135> has quit IRC (Disconnected by services)
2012-02-24T02:04:35  *** epicmonkey <epicmonkey!~epicmonke@188.134.41.211> has joined #aichallenge
2012-02-24T02:16:11  *** Palmik <Palmik!~palmik@man-208-106.pks.muni.cz> has joined #aichallenge
2012-02-24T02:26:07  *** epicmonkey <epicmonkey!~epicmonke@188.134.41.211> has quit IRC (Ping timeout: 245 seconds)
2012-02-24T02:43:10  *** Palmik <Palmik!~palmik@man-208-106.pks.muni.cz> has quit IRC ()
2012-02-24T03:00:57  *** antimatroid <antimatroid!~nick@222.245-26-211.dynamic.dsl.mel.iprimus.net.au> has quit IRC (Quit: Leaving.)
2012-02-24T03:01:10  *** antimatroid <antimatroid!~nick@222.245-26-211.dynamic.dsl.mel.iprimus.net.au> has joined #aichallenge
2012-02-24T03:14:57  *** Fandekasp <Fandekasp!~Fandekasp@KD182249216013.au-net.ne.jp> has joined #aichallenge
2012-02-24T03:17:15  *** NoxiaZ^ <NoxiaZ^!~noxi@87-104-29-39-dynamic-customer.profibernet.dk> has quit IRC (Ping timeout: 272 seconds)
2012-02-24T03:18:31  *** dorisabayon <dorisabayon!~Fandekasp@KD182249212180.au-net.ne.jp> has quit IRC (Ping timeout: 245 seconds)
2012-02-24T03:33:56  *** delt0r <delt0r!~bob@178-190-46-158.adsl.highway.telekom.at> has quit IRC (Ping timeout: 245 seconds)
2012-02-24T03:38:20  *** epicmonkey <epicmonkey!~epicmonke@host-224-60.dataart.net> has joined #aichallenge
2012-02-24T03:46:40  *** delt0r <delt0r!~bob@178-191-63-154.adsl.highway.telekom.at> has joined #aichallenge
2012-02-24T03:48:35  *** Blkt <Blkt!~user@89-96-199-46.ip13.fastwebnet.it> has joined #aichallenge
2012-02-24T03:53:17  *** NoxiaZ^ <NoxiaZ^!~noxi@87-104-29-39-dynamic-customer.profibernet.dk> has joined #aichallenge
2012-02-24T04:07:21  *** iglo <iglo!~xy@dyndsl-091-096-188-200.ewe-ip-backbone.de> has joined #aichallenge
2012-02-24T04:19:55  *** hkraal_ is now known as hkraal
2012-02-24T04:41:43  *** alehorst <alehorst!~Alexandre@187.112.61.84> has joined #aichallenge
2012-02-24T04:42:48  *** alehorst <alehorst!~Alexandre@187.112.61.84> has quit IRC (Read error: Connection reset by peer)
2012-02-24T04:52:17  *** Fandekasp <Fandekasp!~Fandekasp@KD182249216013.au-net.ne.jp> has quit IRC (Ping timeout: 248 seconds)
2012-02-24T04:55:09  *** ikaros <ikaros!~ikaros@dslb-084-059-068-163.pools.arcor-ip.net> has joined #aichallenge
2012-02-24T05:02:23  *** Areks <Areks!~Areks@rs.gridnine.com> has quit IRC (Ping timeout: 272 seconds)
2012-02-24T05:07:53  *** thestinger <thestinger!~strcat@CPE98fc1165cb6f-CM00159a09b2d0.cpe.net.cable.rogers.com> has quit IRC (Quit: sleep)
2012-02-24T05:11:45  *** iglo <iglo!~xy@dyndsl-091-096-188-200.ewe-ip-backbone.de> has quit IRC (Remote host closed the connection)
2012-02-24T05:19:39  *** Areks <Areks!~Areks@rs.gridnine.com> has joined #aichallenge
2012-02-24T06:00:02  *** janzert1 <janzert1!~janzert@97-83-124-17.dhcp.trcy.mi.charter.com> has joined #aichallenge
2012-02-24T06:02:52  *** janzert <janzert!~janzert@97-83-124-17.dhcp.trcy.mi.charter.com> has quit IRC (Ping timeout: 240 seconds)
2012-02-24T06:06:34  *** kurnevsky <kurnevsky!~kurnevsky@79.170.111.182> has joined #aichallenge
2012-02-24T06:30:58  *** Palmik <Palmik!~palmik@man-208-106.pks.muni.cz> has joined #aichallenge
2012-02-24T06:47:29  *** Jak_o_Shadows1 <Jak_o_Shadows1!~Fake@unaffiliated/jak-o-shadows/x-0479135> has quit IRC (Remote host closed the connection)
2012-02-24T06:48:33  *** dici <dici!~Dici@port-92-204-74-121.dynamic.qsc.de> has joined #aichallenge
2012-02-24T07:18:44  *** Fandekasp <Fandekasp!~Fandekasp@KD182249216247.au-net.ne.jp> has joined #aichallenge
2012-02-24T07:45:31  *** UncleVasya <UncleVasya!kvirc@31-12-130-209.dialup.umc.net.ua> has joined #aichallenge
2012-02-24T08:17:05  *** NoxiaZ^ <NoxiaZ^!~noxi@87-104-29-39-dynamic-customer.profibernet.dk> has quit IRC (Ping timeout: 260 seconds)
2012-02-24T08:18:48  *** Fandekasp <Fandekasp!~Fandekasp@KD182249216247.au-net.ne.jp> has quit IRC (Ping timeout: 260 seconds)
2012-02-24T08:29:05  *** dici <dici!~Dici@port-92-204-74-121.dynamic.qsc.de> has quit IRC (Quit: ( www.nnscript.com :: NoNameScript 4.22 :: www.esnation.com ))
2012-02-24T08:37:30  *** sigh <sigh!~sigh@ppp114-153.static.internode.on.net> has joined #aichallenge
2012-02-24T09:19:41  *** antimatroid <antimatroid!~nick@222.245-26-211.dynamic.dsl.mel.iprimus.net.au> has quit IRC (Read error: No route to host)
2012-02-24T09:19:46  *** antimatroid <antimatroid!~nick@222.245-26-211.dynamic.dsl.mel.iprimus.net.au> has joined #aichallenge
2012-02-24T09:20:27  *** Fandekasp <Fandekasp!~Fandekasp@KD182249201162.au-net.ne.jp> has joined #aichallenge
2012-02-24T09:20:37  *** amstan <amstan!~alex@aichallenge/admin/amstan> has joined #aichallenge
2012-02-24T09:20:37  *** ChanServ sets mode: +o amstan
2012-02-24T09:42:59  *** Areks <Areks!~Areks@rs.gridnine.com> has quit IRC (Ping timeout: 272 seconds)
2012-02-24T10:04:21  <Accoun> https://github.com/drv53b6/git_if well maked git user interface
2012-02-24T10:14:56  *** sigh <sigh!~sigh@ppp114-153.static.internode.on.net> has quit IRC (Remote host closed the connection)
2012-02-24T10:37:36  *** Garf <Garf!~Garf@78-22-80-252.access.telenet.be> has quit IRC (Quit: Make a new plan, Stan!)
2012-02-24T10:37:53  *** Garf <Garf!~Garf@78-22-80-252.access.telenet.be> has joined #aichallenge
2012-02-24T10:41:58  *** dici <dici!~Dici@port-92-204-74-121.dynamic.qsc.de> has joined #aichallenge
2012-02-24T10:45:01  *** foRei <foRei!~ViT@0x4dd7b24d.adsl.cybercity.dk> has joined #aichallenge
2012-02-24T11:04:31  *** kilae <kilae!~chatzilla@catv-161-018.tbwil.ch> has joined #aichallenge
2012-02-24T11:11:32  *** loglog <loglog!~loglog@ec2-184-73-148-64.compute-1.amazonaws.com> has quit IRC (Ping timeout: 252 seconds)
2012-02-24T11:21:25  *** Areks <Areks!~Areks@rs.gridnine.com> has joined #aichallenge
2012-02-24T11:21:57  *** Israfel <Israfel!~jeff@99-0-14-82.lightspeed.frokca.sbcglobal.net> has quit IRC (Ping timeout: 244 seconds)
2012-02-24T11:22:11  *** Fandekasp <Fandekasp!~Fandekasp@KD182249201162.au-net.ne.jp> has quit IRC (Ping timeout: 248 seconds)
2012-02-24T11:23:20  *** eiisolver <eiisolver!5fc82cbf@gateway/web/freenode/ip.95.200.44.191> has joined #aichallenge
2012-02-24T11:27:32  *** eiisolver <eiisolver!5fc82cbf@gateway/web/freenode/ip.95.200.44.191> has quit IRC (Client Quit)
2012-02-24T11:33:58  *** delt0r <delt0r!~bob@178-191-63-154.adsl.highway.telekom.at> has quit IRC (Ping timeout: 245 seconds)
2012-02-24T11:35:05  *** Israfel <Israfel!~jeff@99-0-14-82.lightspeed.frokca.sbcglobal.net> has joined #aichallenge
2012-02-24T11:43:40  *** epicmonkey <epicmonkey!~epicmonke@host-224-60.dataart.net> has quit IRC (Ping timeout: 245 seconds)
2012-02-24T11:46:46  *** delt0r <delt0r!~bob@93-82-139-166.adsl.highway.telekom.at> has joined #aichallenge
2012-02-24T11:54:46  <UncleVasya> amstan, you like Nightwish, right? If so, Xandria's new album Neverworld's End (released on February 22) will make you _really_happy_.
2012-02-24T11:55:20  <amstan> UncleVasya: i'll try it after i watch this minecraft video
2012-02-24T11:55:27  <UncleVasya> If you know waht Xandria is and don't like it, anyway Neverworld's End will make you happy ;)
2012-02-24T11:55:31  <UncleVasya> ok
2012-02-24T11:55:45  <UncleVasya> *what
2012-02-24T12:06:33  *** ikaros <ikaros!~ikaros@dslb-084-059-068-163.pools.arcor-ip.net> has quit IRC (Quit: Ex-Chat)
2012-02-24T12:30:50  *** moises <moises!~moises@cm74.sigma7.maxonline.com.sg> has quit IRC (Remote host closed the connection)
2012-02-24T12:31:44  *** mviel <mviel!~mviel@pla93-2-82-226-6-229.fbx.proxad.net> has quit IRC (Ping timeout: 276 seconds)
2012-02-24T12:43:45  *** Blkt <Blkt!~user@89-96-199-46.ip13.fastwebnet.it> has quit IRC (Remote host closed the connection)
2012-02-24T13:18:08  *** UncleVasya <UncleVasya!kvirc@31-12-130-209.dialup.umc.net.ua> has quit IRC (Read error: Connection reset by peer)
2012-02-24T13:19:11  *** UncleVasya <UncleVasya!kvirc@46-133-7-13.dialup.umc.net.ua> has joined #aichallenge
2012-02-24T13:31:49  *** NoxiaZ^ <NoxiaZ^!~noxi@87-104-29-39-dynamic-customer.profibernet.dk> has joined #aichallenge
2012-02-24T13:43:46  *** epicmonkey <epicmonkey!~epicmonke@188.134.41.211> has joined #aichallenge
2012-02-24T13:55:29  *** kilae <kilae!~chatzilla@catv-161-018.tbwil.ch> has quit IRC (Quit: ChatZilla 0.9.88 [Firefox 10.0.2/20120215223356])
2012-02-24T14:00:20  *** UncleVasya <UncleVasya!kvirc@46-133-7-13.dialup.umc.net.ua> has quit IRC (Read error: Connection reset by peer)
2012-02-24T14:11:09  *** thestinger <thestinger!~strcat@CPE98fc1165cb6f-CM00159a09b2d0.cpe.net.cable.rogers.com> has joined #aichallenge
2012-02-24T14:19:00  *** epicmonkey <epicmonkey!~epicmonke@188.134.41.211> has quit IRC (Ping timeout: 276 seconds)
2012-02-24T14:22:29  *** mcstar <mcstar!~mcstar@adsl-89-132-38-159.monradsl.monornet.hu> has joined #aichallenge
2012-02-24T14:26:45  *** kurnevsky1 <kurnevsky1!~kurnevsky@79.170.111.182> has joined #aichallenge
2012-02-24T14:27:17  *** kurnevsky <kurnevsky!~kurnevsky@79.170.111.182> has quit IRC (Read error: Connection reset by peer)
2012-02-24T14:56:29  *** Accoun <Accoun!~1@static-213-88-39-97.chebnet.ru> has quit IRC ()
2012-02-24T14:58:18  *** X-Scale <X-Scale!email@sgi-ultra64.broker.freenet6.net> has joined #aichallenge
2012-02-24T15:16:48  *** iglo <iglo!~xy@dyndsl-091-096-188-200.ewe-ip-backbone.de> has joined #aichallenge
2012-02-24T15:21:13  *** Accoun <Accoun!~1@static-213-88-39-97.chebnet.ru> has joined #aichallenge
2012-02-24T15:30:18  *** dici <dici!~Dici@port-92-204-74-121.dynamic.qsc.de> has quit IRC (Read error: Connection reset by peer)
2012-02-24T15:35:58  *** iglo <iglo!~xy@dyndsl-091-096-188-200.ewe-ip-backbone.de> has quit IRC (Remote host closed the connection)
2012-02-24T15:42:05  *** choas <choas!~lars@p4FDC5674.dip.t-dialin.net> has joined #aichallenge
2012-02-24T15:45:00  *** antimatroidl <antimatroidl!~Adium@222.245-26-211.dynamic.dsl.mel.iprimus.net.au> has joined #aichallenge
2012-02-24T16:01:31  *** NoxiaZ^ <NoxiaZ^!~noxi@87-104-29-39-dynamic-customer.profibernet.dk> has quit IRC (Ping timeout: 252 seconds)
2012-02-24T16:03:00  *** amstan <amstan!~alex@aichallenge/admin/amstan> has quit IRC (Ping timeout: 276 seconds)
2012-02-24T16:07:41  *** kurnevsky1 <kurnevsky1!~kurnevsky@79.170.111.182> has quit IRC (Quit: Leaving.)
2012-02-24T16:16:06  *** Garf <Garf!~Garf@78-22-80-252.access.telenet.be> has quit IRC (Quit: Make a new plan, Stan!)
2012-02-24T16:17:56  *** NoxiaZ^ <NoxiaZ^!~noxi@87-104-29-39-dynamic-customer.profibernet.dk> has joined #aichallenge
2012-02-24T16:35:48  *** mceier <mceier!~mceier@89-77-239-61.dynamic.chello.pl> has joined #aichallenge
2012-02-24T16:41:34  *** kire <kire!~kire@78-22-121-228.access.telenet.be> has joined #aichallenge
2012-02-24T16:55:12  *** amstan <amstan!~alex@aichallenge/admin/amstan> has joined #aichallenge
2012-02-24T16:55:12  *** ChanServ sets mode: +o amstan
2012-02-24T17:19:06  *** choas <choas!~lars@p4FDC5674.dip.t-dialin.net> has quit IRC (Ping timeout: 244 seconds)
2012-02-24T17:22:39  *** KP13 <KP13!~Kingpin13@Wikipedia/Kingpin13> has joined #aichallenge
2012-02-24T17:23:43  *** Kingpin13 <Kingpin13!~Kingpin13@Wikipedia/Kingpin13> has quit IRC (Ping timeout: 260 seconds)
2012-02-24T17:32:55  *** KP13 is now known as Kingpin13
2012-02-24T17:36:17  *** alehorst <alehorst!~Alexandre@189.26.60.189.dynamic.adsl.gvt.net.br> has joined #aichallenge
2012-02-24T17:41:44  *** antimatroidl <antimatroidl!~Adium@222.245-26-211.dynamic.dsl.mel.iprimus.net.au> has quit IRC (Quit: Leaving.)
2012-02-24T17:51:06  *** mcstar <mcstar!~mcstar@adsl-89-132-38-159.monradsl.monornet.hu> has quit IRC (Quit: mcstar)
2012-02-24T17:55:38  *** Palmik <Palmik!~palmik@man-208-106.pks.muni.cz> has quit IRC ()
2012-02-24T17:59:12  *** ikaros <ikaros!~ikaros@dslb-084-059-068-163.pools.arcor-ip.net> has joined #aichallenge
2012-02-24T18:05:58  *** sigh <sigh!~sigh@ppp114-153.static.internode.on.net> has joined #aichallenge
2012-02-24T18:14:11  *** thestinger <thestinger!~strcat@CPE98fc1165cb6f-CM00159a09b2d0.cpe.net.cable.rogers.com> has quit IRC (Quit: WeeChat 0.3.6)
2012-02-24T18:28:21  *** deltree_ <deltree_!~chatzilla@97.104.16.141> has joined #aichallenge
2012-02-24T18:33:55  *** Jak_o_Shadows <Jak_o_Shadows!~Fake@unaffiliated/jak-o-shadows/x-0479135> has joined #aichallenge
2012-02-24T18:40:43  *** mceier <mceier!~mceier@89-77-239-61.dynamic.chello.pl> has quit IRC (Quit: leaving)
2012-02-24T19:31:08  *** kire <kire!~kire@78-22-121-228.access.telenet.be> has quit IRC (Remote host closed the connection)
2012-02-24T19:31:49  *** ikaros <ikaros!~ikaros@dslb-084-059-068-163.pools.arcor-ip.net> has quit IRC (Quit: Ex-Chat)
2012-02-24T19:32:13  *** AlliedEnvy <AlliedEnvy!~AlliedEnv@adsl-68-89-173-181.dsl.hstntx.swbell.net> has quit IRC (Read error: Connection timed out)
2012-02-24T19:34:55  *** delt0r <delt0r!~bob@93-82-139-166.adsl.highway.telekom.at> has quit IRC (Ping timeout: 276 seconds)
2012-02-24T19:38:43  *** amstan <amstan!~alex@aichallenge/admin/amstan> has quit IRC (Ping timeout: 240 seconds)
2012-02-24T19:39:06  *** alehorst <alehorst!~Alexandre@189.26.60.189.dynamic.adsl.gvt.net.br> has quit IRC (Read error: Connection reset by peer)
2012-02-24T19:41:14  *** kire <kire!~kire@78-22-121-228.access.telenet.be> has joined #aichallenge
2012-02-24T19:48:00  *** delt0r <delt0r!~bob@188-23-90-30.adsl.highway.telekom.at> has joined #aichallenge
2012-02-24T20:19:16  *** kire <kire!~kire@78-22-121-228.access.telenet.be> has quit IRC (Remote host closed the connection)
2012-02-24T20:54:17  *** Jak_o_Shadows1 <Jak_o_Shadows1!~Fake@CPE-144-136-211-241.sa.bigpond.net.au> has joined #aichallenge
2012-02-24T20:54:21  *** Jak_o_Shadows1 <Jak_o_Shadows1!~Fake@unaffiliated/jak-o-shadows/x-0479135> has joined #aichallenge
2012-02-24T20:54:21  *** Jak_o_Shadows <Jak_o_Shadows!~Fake@unaffiliated/jak-o-shadows/x-0479135> has quit IRC (Disconnected by services)
2012-02-24T20:55:49  *** Chris_0076 <Chris_0076!~Chris_007@adsl-74-176-15-171.asm.bellsouth.net> has quit IRC (Quit: Leaving)
2012-02-24T21:07:46  *** NoxiaZ^ <NoxiaZ^!~noxi@87-104-29-39-dynamic-customer.profibernet.dk> has quit IRC (Ping timeout: 245 seconds)
2012-02-24T21:26:19  *** sigh <sigh!~sigh@ppp114-153.static.internode.on.net> has quit IRC (Remote host closed the connection)
2012-02-24T21:44:18  *** sigh <sigh!~sigh@ppp114-153.static.internode.on.net> has joined #aichallenge
2012-02-24T22:01:37  *** foRei <foRei!~ViT@0x4dd7b24d.adsl.cybercity.dk> has quit IRC (Quit: Bye)
2012-02-24T22:16:49  *** deltree_ <deltree_!~chatzilla@97.104.16.141> has quit IRC (Quit: ChatZilla 0.9.88-rdmsoft [XULRunner 1.9.0.17/2009122204])
2012-02-24T22:31:14  *** amstan <amstan!~alex@aichallenge/admin/amstan> has joined #aichallenge
2012-02-24T22:31:14  *** ChanServ sets mode: +o amstan
2012-02-24T22:43:58  *** cyphase <cyphase!~cyphase@unaffiliated/cyphase> has quit IRC (Ping timeout: 252 seconds)
2012-02-24T23:05:09  *** thestinger <thestinger!~strcat@CPE98fc1165cb6f-CM00159a09b2d0.cpe.net.cable.rogers.com> has joined #aichallenge
