2012-05-19T00:06:36  *** coeus <coeus!~coeus@dslb-084-061-056-077.pools.arcor-ip.net> has joined #aichallenge
2012-05-19T00:39:22  *** Jak_o_Shadows <Jak_o_Shadows!~Fake@unaffiliated/jak-o-shadows/x-0479135> has joined #aichallenge
2012-05-19T01:14:17  *** NoxiaZ^ <NoxiaZ^!~noxi@87-104-29-39-dynamic-customer.profibernet.dk> has quit IRC (Ping timeout: 240 seconds)
2012-05-19T01:41:31  *** amstan <amstan!~alex@aichallenge/admin/amstan> has quit IRC (Quit: Konversation terminated!)
2012-05-19T01:50:10  *** coeus <coeus!~coeus@dslb-084-061-056-077.pools.arcor-ip.net> has quit IRC (Quit: Verlassend)
2012-05-19T02:37:41  *** sevikkk <sevikkk!~sevikkk@82.193.102.250.ipnet.kiev.ua> has quit IRC (Quit: Leaving.)
2012-05-19T02:47:15  *** sevikkk <sevikkk!~sevikkk@82.193.102.250.ipnet.kiev.ua> has joined #aichallenge
2012-05-19T03:03:36  *** dvladim <dvladim!~dvladim@85.113.131.65> has joined #aichallenge
2012-05-19T03:19:25  *** thestinger <thestinger!~strcat@CPE98fc1165cb6f-CM00159a09b2d0.cpe.net.cable.rogers.com> has quit IRC (Quit: WeeChat 0.3.7)
2012-05-19T03:21:43  *** dvladim <dvladim!~dvladim@85.113.131.65> has quit IRC (Ping timeout: 265 seconds)
2012-05-19T03:23:39  *** Masxmasx{AFK} is now known as Masxmasx
2012-05-19T03:23:40  *** Masxmasx <Masxmasx!~IetsVulga@unaffiliated/masxmasx> has joined #aichallenge
2012-05-19T03:30:57  *** epicmonkey <epicmonkey!~epicmonke@188.134.41.211> has joined #aichallenge
2012-05-19T03:51:33  *** iglo <iglo!~xy@dyndsl-091-096-175-152.ewe-ip-backbone.de> has joined #aichallenge
2012-05-19T04:06:54  *** epicmonkey <epicmonkey!~epicmonke@188.134.41.211> has quit IRC (Ping timeout: 244 seconds)
2012-05-19T04:18:57  *** Jak_o_Shadows <Jak_o_Shadows!~Fake@unaffiliated/jak-o-shadows/x-0479135> has quit IRC (Ping timeout: 245 seconds)
2012-05-19T04:22:09  *** dvladim <dvladim!~dvladim@85.113.131.65> has joined #aichallenge
2012-05-19T04:31:30  *** mceier <mceier!~mceier@89-77-239-61.dynamic.chello.pl> has joined #aichallenge
2012-05-19T04:46:09  *** kilae <kilae!~chatzilla@catv-161-018.tbwil.ch> has joined #aichallenge
2012-05-19T05:02:58  *** Fandekasp <Fandekasp!~Fandekasp@sannin29240.nirai.ne.jp> has quit IRC (Ping timeout: 256 seconds)
2012-05-19T05:03:15  *** sigh <sigh!~sigh@ppp114-153.static.internode.on.net> has quit IRC (Remote host closed the connection)
2012-05-19T05:04:10  *** Jak_o_Shadows <Jak_o_Shadows!~Fake@unaffiliated/jak-o-shadows/x-0479135> has joined #aichallenge
2012-05-19T05:06:19  *** sigh <sigh!~sigh@ppp114-153.static.internode.on.net> has joined #aichallenge
2012-05-19T05:14:16  *** sigh <sigh!~sigh@ppp114-153.static.internode.on.net> has quit IRC (Remote host closed the connection)
2012-05-19T05:19:20  *** Jak_o_Shadows1 <Jak_o_Shadows1!~Fake@CPE-144-136-211-241.sa.bigpond.net.au> has joined #aichallenge
2012-05-19T05:19:24  *** Jak_o_Shadows1 <Jak_o_Shadows1!~Fake@unaffiliated/jak-o-shadows/x-0479135> has joined #aichallenge
2012-05-19T05:19:26  *** Jak_o_Shadows <Jak_o_Shadows!~Fake@unaffiliated/jak-o-shadows/x-0479135> has quit IRC (Disconnected by services)
2012-05-19T05:22:37  *** NoxiaZ^ <NoxiaZ^!~noxi@87-104-29-39-dynamic-customer.profibernet.dk> has joined #aichallenge
2012-05-19T05:33:04  *** foRei <foRei!~ViT@0x4dd7b24d.adsl.cybercity.dk> has joined #aichallenge
2012-05-19T06:09:54  *** Fandekasp <Fandekasp!~Fandekasp@sannin29240.nirai.ne.jp> has joined #aichallenge
2012-05-19T06:14:18  *** pairofdice <pairofdice!~pod@dsl-hkibrasgw2-fed3df00-232.dhcp.inet.fi> has quit IRC (Quit: in girum imus nocte et consumimur igni)
2012-05-19T06:22:47  *** dvladim <dvladim!~dvladim@85.113.131.65> has quit IRC (Ping timeout: 240 seconds)
2012-05-19T07:03:53  *** sevikkk <sevikkk!~sevikkk@82.193.102.250.ipnet.kiev.ua> has quit IRC (Read error: Connection reset by peer)
2012-05-19T07:13:01  *** sevikkk <sevikkk!~sevikkk@82.193.102.250.ipnet.kiev.ua> has joined #aichallenge
2012-05-19T07:19:59  *** Fandekasp <Fandekasp!~Fandekasp@sannin29240.nirai.ne.jp> has quit IRC (Ping timeout: 248 seconds)
2012-05-19T07:24:35  *** sevikkk <sevikkk!~sevikkk@82.193.102.250.ipnet.kiev.ua> has quit IRC (Quit: Leaving.)
2012-05-19T07:25:08  *** sevikkk <sevikkk!~sevikkk@82.193.102.250.ipnet.kiev.ua> has joined #aichallenge
2012-05-19T07:50:59  *** epicmonkey <epicmonkey!~epicmonke@188.134.41.211> has joined #aichallenge
2012-05-19T07:51:25  *** Fandekasp <Fandekasp!~Fandekasp@sannin29240.nirai.ne.jp> has joined #aichallenge
2012-05-19T07:59:19  *** sigh <sigh!~sigh@ppp114-153.static.internode.on.net> has joined #aichallenge
2012-05-19T08:13:56  *** epicmonkey <epicmonkey!~epicmonke@188.134.41.211> has quit IRC (Ping timeout: 256 seconds)
2012-05-19T08:54:56  *** cyphase <cyphase!~cyphase@unaffiliated/cyphase> has quit IRC (Read error: Connection reset by peer)
2012-05-19T09:13:18  *** Jak_o_Shadows1 <Jak_o_Shadows1!~Fake@unaffiliated/jak-o-shadows/x-0479135> has quit IRC (Remote host closed the connection)
2012-05-19T10:06:49  *** kilae <kilae!~chatzilla@catv-161-018.tbwil.ch> has quit IRC (Quit: ChatZilla 0.9.88.2 [Firefox 12.0/20120420145725])
2012-05-19T10:43:45  *** sigh <sigh!~sigh@ppp114-153.static.internode.on.net> has quit IRC (Remote host closed the connection)
2012-05-19T10:54:01  *** kurnevsky <kurnevsky!~kurnevsky@37.17.114.32> has joined #aichallenge
2012-05-19T11:06:18  *** sigh <sigh!~sigh@ppp114-153.static.internode.on.net> has joined #aichallenge
2012-05-19T11:51:31  *** amstan <amstan!~alex@aichallenge/admin/amstan> has joined #aichallenge
2012-05-19T11:51:31  *** ChanServ sets mode: +o amstan
2012-05-19T11:54:58  *** ikaros <ikaros!~ikaros@dslb-188-097-013-200.pools.arcor-ip.net> has joined #aichallenge
2012-05-19T12:00:31  *** GeorgeH <GeorgeH!~George@c-69-141-105-145.hsd1.nj.comcast.net> has joined #aichallenge
2012-05-19T12:06:26  *** mleise <mleise!~marco@dslb-178-011-222-198.pools.arcor-ip.net> has joined #aichallenge
2012-05-19T12:15:48  *** amstan <amstan!~alex@aichallenge/admin/amstan> has quit IRC (Ping timeout: 246 seconds)
2012-05-19T12:37:50  *** epicmonkey <epicmonkey!~epicmonke@188.134.41.211> has joined #aichallenge
2012-05-19T12:39:09  *** sigh <sigh!~sigh@ppp114-153.static.internode.on.net> has quit IRC (Remote host closed the connection)
2012-05-19T12:45:59  *** amstan <amstan!~alex@aichallenge/admin/amstan> has joined #aichallenge
2012-05-19T12:46:00  *** ChanServ sets mode: +o amstan
2012-05-19T13:15:57  *** mattswe <mattswe!u4809@gateway/web/irccloud.com/x-xadeggjpqlfmsisq> has quit IRC (Max SendQ exceeded)
2012-05-19T13:19:51  *** mattswe <mattswe!~u4809@gateway/web/irccloud.com/x-mysndzanjotpzpps> has joined #aichallenge
2012-05-19T13:37:03  *** mattswe <mattswe!~u4809@gateway/web/irccloud.com/x-mysndzanjotpzpps> has quit IRC (Ping timeout: 248 seconds)
2012-05-19T13:46:49  *** mattswe <mattswe!u4809@gateway/web/irccloud.com/x-dianpxfvuiepmmvh> has joined #aichallenge
2012-05-19T13:51:48  *** NoxiaZ^ <NoxiaZ^!~noxi@87-104-29-39-dynamic-customer.profibernet.dk> has quit IRC (Ping timeout: 240 seconds)
2012-05-19T14:27:28  *** ikaros <ikaros!~ikaros@dslb-188-097-013-200.pools.arcor-ip.net> has quit IRC (Remote host closed the connection)
2012-05-19T14:42:21  *** ikaros <ikaros!~ikaros@dslb-188-097-013-200.pools.arcor-ip.net> has joined #aichallenge
2012-05-19T14:45:39  *** pairofdice <pairofdice!~pod@dsl-hkibrasgw2-fed3df00-232.dhcp.inet.fi> has joined #aichallenge
2012-05-19T15:17:58  *** iglo <iglo!~xy@dyndsl-091-096-175-152.ewe-ip-backbone.de> has quit IRC (Remote host closed the connection)
2012-05-19T15:55:05  *** thestinger <thestinger!~strcat@CPE98fc1165cb6f-CM00159a09b2d0.cpe.net.cable.rogers.com> has joined #aichallenge
2012-05-19T15:58:56  *** Accoun <Accoun!~1@static-213-88-39-97.chebnet.ru> has quit IRC ()
2012-05-19T16:16:01  *** Accoun <Accoun!~1@static-213-88-39-97.chebnet.ru> has joined #aichallenge
2012-05-19T16:29:51  *** chris__0076 <chris__0076!~Chris_007@adsl-74-176-226-149.asm.bellsouth.net> has joined #aichallenge
2012-05-19T16:32:31  *** Chris_0076 <Chris_0076!~Chris_007@adsl-74-176-224-86.asm.bellsouth.net> has quit IRC (Ping timeout: 248 seconds)
2012-05-19T16:42:48  *** cyphase <cyphase!~cyphase@unaffiliated/cyphase> has joined #aichallenge
2012-05-19T16:50:52  *** kurnevsky <kurnevsky!~kurnevsky@37.17.114.32> has quit IRC (Read error: Connection reset by peer)
2012-05-19T17:11:34  *** epicmonkey <epicmonkey!~epicmonke@188.134.41.211> has quit IRC (Ping timeout: 245 seconds)
2012-05-19T17:56:30  *** mceier <mceier!~mceier@89-77-239-61.dynamic.chello.pl> has quit IRC (Quit: leaving)
2012-05-19T18:38:36  *** Kingpin13 <Kingpin13!~Kingpin13@cpc25-aztw23-2-0-cust226.aztw.cable.virginmedia.com> has joined #aichallenge
2012-05-19T18:38:40  *** Kingpin13 <Kingpin13!~Kingpin13@Wikipedia/Kingpin13> has joined #aichallenge
2012-05-19T18:54:24  *** chris__0076 <chris__0076!~Chris_007@adsl-74-176-226-149.asm.bellsouth.net> has quit IRC (Ping timeout: 248 seconds)
2012-05-19T18:56:34  *** Kingpin13 <Kingpin13!~Kingpin13@Wikipedia/Kingpin13> has quit IRC (Ping timeout: 245 seconds)
2012-05-19T19:22:47  *** janzert <janzert!~janzert@97-83-32-127.dhcp.trcy.mi.charter.com> has left #aichallenge
2012-05-19T19:28:58  *** ikaros <ikaros!~ikaros@dslb-188-097-013-200.pools.arcor-ip.net> has quit IRC (Quit: Ex-Chat)
2012-05-19T19:38:36  *** Jak_o_Shadows <Jak_o_Shadows!~Fake@CPE-144-136-211-241.sa.bigpond.net.au> has joined #aichallenge
2012-05-19T19:38:40  *** Jak_o_Shadows <Jak_o_Shadows!~Fake@unaffiliated/jak-o-shadows/x-0479135> has joined #aichallenge
2012-05-19T19:50:52  *** Kingpin13 <Kingpin13!~Kingpin13@Wikipedia/Kingpin13> has joined #aichallenge
2012-05-19T20:03:30  *** NoxiaZ^ <NoxiaZ^!~noxi@87-104-29-39-dynamic-customer.profibernet.dk> has joined #aichallenge
2012-05-19T20:13:29  *** mleise <mleise!~marco@dslb-178-011-222-198.pools.arcor-ip.net> has quit IRC (Quit: Leaving.)
2012-05-19T20:13:47  *** mleise <mleise!~marco@dslb-178-011-222-198.pools.arcor-ip.net> has joined #aichallenge
2012-05-19T20:27:40  *** Chris_0076 <Chris_0076!~Chris_007@adsl-98-66-196-99.asm.bellsouth.net> has joined #aichallenge
2012-05-19T20:29:55  *** sigh <sigh!~sigh@ppp114-153.static.internode.on.net> has joined #aichallenge
2012-05-19T20:36:08  *** AlbireoX is now known as AlbireoX`Away
2012-05-19T20:56:48  *** foRei <foRei!~ViT@0x4dd7b24d.adsl.cybercity.dk> has quit IRC (Quit: Bye)
2012-05-19T20:59:04  *** Kingpin13 <Kingpin13!~Kingpin13@Wikipedia/Kingpin13> has quit IRC (Ping timeout: 244 seconds)
2012-05-19T21:14:31  *** chris__0076 <chris__0076!~Chris_007@adsl-98-66-196-99.asm.bellsouth.net> has joined #aichallenge
2012-05-19T21:14:37  *** Chris_0076 <Chris_0076!~Chris_007@adsl-98-66-196-99.asm.bellsouth.net> has quit IRC (Read error: Connection reset by peer)
2012-05-19T21:56:42  *** AlbireoX`Away is now known as AlbireoX
2012-05-19T22:55:22  *** pairofdice <pairofdice!~pod@dsl-hkibrasgw2-fed3df00-232.dhcp.inet.fi> has quit IRC (Read error: Operation timed out)
2012-05-19T23:29:48  *** NoxiaZ^ <NoxiaZ^!~noxi@87-104-29-39-dynamic-customer.profibernet.dk> has quit IRC (Ping timeout: 245 seconds)
2012-05-19T23:35:24  *** sigh <sigh!~sigh@ppp114-153.static.internode.on.net> has quit IRC (Remote host closed the connection)
