2012-02-08T00:10:45  *** Areks <Areks!~Areks@rs.gridnine.com> has joined #aichallenge
2012-02-08T00:12:38  *** coeus <coeus!~coeus@dslb-084-061-004-227.pools.arcor-ip.net> has quit IRC (Quit: Verlassend)
2012-02-08T00:16:02  *** yoden1 <yoden1!~horstman@cpe-76-190-245-7.neo.res.rr.com> has joined #aichallenge
2012-02-08T00:17:30  *** yoden <yoden!~horstman@cpe-76-190-245-7.neo.res.rr.com> has quit IRC (Ping timeout: 252 seconds)
2012-02-08T00:22:06  *** Magnie <Magnie!~Magnie@174-27-194-44.slkc.qwest.net> has quit IRC (*.net *.split)
2012-02-08T00:22:06  *** antimatroid <antimatroid!~nick@89.246-26-211.dynamic.dsl.mel.iprimus.net.au> has quit IRC (*.net *.split)
2012-02-08T00:23:16  *** Magnie <Magnie!~Magnie@174-27-194-44.slkc.qwest.net> has joined #aichallenge
2012-02-08T00:29:03  *** antimatroid <antimatroid!~nick@89.246-26-211.dynamic.dsl.mel.iprimus.net.au> has joined #aichallenge
2012-02-08T00:32:28  *** antimatroid <antimatroid!~nick@89.246-26-211.dynamic.dsl.mel.iprimus.net.au> has quit IRC (*.net *.split)
2012-02-08T00:35:12  *** deafferr1t <deafferr1t!~jhannah@li118-245.members.linode.com> has joined #aichallenge
2012-02-08T00:35:44  *** deafferret <deafferret!~jhannah@li118-245.members.linode.com> has quit IRC (Ping timeout: 252 seconds)
2012-02-08T00:37:56  *** antimatroid <antimatroid!~nick@89.246-26-211.dynamic.dsl.mel.iprimus.net.au> has joined #aichallenge
2012-02-08T00:38:07  *** smiley1983 <smiley1983!~smiley@115-64-6-216.static.tpgi.com.au> has quit IRC (Ping timeout: 276 seconds)
2012-02-08T00:40:45  *** delt0r_ <delt0r_!~bob@213-33-10-29.adsl.highway.telekom.at> has quit IRC (Ping timeout: 272 seconds)
2012-02-08T00:41:49  *** rofer <rofer!javagamer@ip-69-162-134-31.static.chi2.systeminplace.net> has quit IRC (Ping timeout: 252 seconds)
2012-02-08T00:43:15  *** rofer <rofer!javagamer@ip-69-162-134-31.static.chi2.systeminplace.net> has joined #aichallenge
2012-02-08T00:46:02  *** bqf_ <bqf_!~bqf@dslb-088-077-112-011.pools.arcor-ip.net> has joined #aichallenge
2012-02-08T00:49:05  *** dmj111 <dmj111!~user@c-98-235-94-211.hsd1.pa.comcast.net> has quit IRC (Write error: Broken pipe)
2012-02-08T00:49:08  *** dmj111` <dmj111`!~user@c-98-235-94-211.hsd1.pa.comcast.net> has joined #aichallenge
2012-02-08T00:49:24  *** bqf <bqf!~bqf@unaffiliated/bqf> has quit IRC (Ping timeout: 256 seconds)
2012-02-08T00:52:59  *** delt0r_ <delt0r_!~bob@194-166-148-57.adsl.highway.telekom.at> has joined #aichallenge
2012-02-08T00:54:42  *** smiley1983 <smiley1983!~smiley@115-64-6-216.static.tpgi.com.au> has joined #aichallenge
2012-02-08T01:07:44  *** NightExcessive <NightExcessive!u5241@gateway/web/irccloud.com/x-dxaqxqfyhdwqpwfm> has quit IRC ()
2012-02-08T01:08:07  *** NightExcessive <NightExcessive!u5241@gateway/web/irccloud.com/x-iftpndoaiidgohvk> has joined #aichallenge
2012-02-08T01:41:04  *** antimatroidl <antimatroidl!~Adium@89.246-26-211.dynamic.dsl.mel.iprimus.net.au> has joined #aichallenge
2012-02-08T01:54:26  *** bqf_ is now known as bqf
2012-02-08T01:54:27  *** bqf <bqf!~bqf@unaffiliated/bqf> has joined #aichallenge
2012-02-08T02:21:21  *** scribble <scribble!scribble@74-132-73-182.dhcp.insightbb.com> has joined #aichallenge
2012-02-08T02:22:49  *** scroogle <scroogle!4a8449b6@gateway/web/freenode/ip.74.132.73.182> has joined #aichallenge
2012-02-08T02:23:26  *** scroogle <scroogle!4a8449b6@gateway/web/freenode/ip.74.132.73.182> has quit IRC (Client Quit)
2012-02-08T02:26:14  *** Palmik <Palmik!~palmik@man-208-106.pks.muni.cz> has joined #aichallenge
2012-02-08T02:33:19  *** Palmik <Palmik!~palmik@man-208-106.pks.muni.cz> has quit IRC ()
2012-02-08T02:41:17  *** Palmik <Palmik!~palmik@man-208-106.pks.muni.cz> has joined #aichallenge
2012-02-08T03:01:27  *** antimatroidl <antimatroidl!~Adium@89.246-26-211.dynamic.dsl.mel.iprimus.net.au> has quit IRC (Quit: Leaving.)
2012-02-08T03:16:54  *** Garf <Garf!~Garf@78-22-80-252.access.telenet.be> has joined #aichallenge
2012-02-08T03:28:19  *** sigh <sigh!~sigh@ppp114-153.static.internode.on.net> has joined #aichallenge
2012-02-08T03:28:28  *** ruser <ruser!~nomad@23.19.120.250> has quit IRC (Read error: Operation timed out)
2012-02-08T03:29:06  <antimatroid> http://forums.aichallenge.org/viewtopic.php?f=4&t=1324
2012-02-08T03:29:09  <antimatroid> that reply is spam yeah?
2012-02-08T03:29:32  <thestinger> yeah
2012-02-08T03:29:41  <thestinger> not even a good effort by the bot
2012-02-08T03:30:25  *** ruser <ruser!~nomad@23.19.120.250> has joined #aichallenge
2012-02-08T03:39:28  *** Blkt <Blkt!~user@89-96-199-46.ip13.fastwebnet.it> has joined #aichallenge
2012-02-08T03:39:29  *** AlliedEnvy <AlliedEnvy!~AlliedEnv@adsl-68-89-173-181.dsl.hstntx.swbell.net> has quit IRC (Ping timeout: 276 seconds)
2012-02-08T03:40:22  *** antimatroidl <antimatroidl!~Adium@89.246-26-211.dynamic.dsl.mel.iprimus.net.au> has joined #aichallenge
2012-02-08T03:44:46  *** ruser <ruser!~nomad@23.19.120.250> has quit IRC (Ping timeout: 265 seconds)
2012-02-08T03:46:46  *** ruser <ruser!~nomad@23.19.120.250> has joined #aichallenge
2012-02-08T03:48:48  *** Israfel <Israfel!~jeff@99-0-14-82.lightspeed.frokca.sbcglobal.net> has quit IRC (Ping timeout: 245 seconds)
2012-02-08T03:49:53  <Blkt> good morning everyone
2012-02-08T03:51:18  *** ruser <ruser!~nomad@23.19.120.250> has quit IRC (Ping timeout: 252 seconds)
2012-02-08T03:51:37  <durarara> morning
2012-02-08T03:52:21  *** ruser <ruser!~nomad@23.19.120.250> has joined #aichallenge
2012-02-08T03:54:33  *** Israfel <Israfel!~jeff@99-0-14-82.lightspeed.frokca.sbcglobal.net> has joined #aichallenge
2012-02-08T04:15:31  *** thestinger <thestinger!~strcat@CPE98fc1165cb6f-CM00159a09b2d0.cpe.net.cable.rogers.com> has quit IRC (Quit: WeeChat 0.3.6)
2012-02-08T04:15:46  *** thestinger <thestinger!~strcat@CPE98fc1165cb6f-CM00159a09b2d0.cpe.net.cable.rogers.com> has joined #aichallenge
2012-02-08T04:16:58  *** UncleVasya <UncleVasya!kvirc@46-133-74-212.dialup.umc.net.ua> has joined #aichallenge
2012-02-08T04:24:07  *** thestinger <thestinger!~strcat@CPE98fc1165cb6f-CM00159a09b2d0.cpe.net.cable.rogers.com> has quit IRC (Quit: WeeChat 0.3.6)
2012-02-08T04:24:31  *** thestinger <thestinger!~strcat@CPE98fc1165cb6f-CM00159a09b2d0.cpe.net.cable.rogers.com> has joined #aichallenge
2012-02-08T04:50:36  *** Areks|2 <Areks|2!~Areks@rs.gridnine.com> has joined #aichallenge
2012-02-08T04:53:29  *** Areks <Areks!~Areks@rs.gridnine.com> has quit IRC (Ping timeout: 272 seconds)
2012-02-08T04:53:37  *** mcstar <mcstar!~mcstar@adsl-89-135-202-165.monradsl.monornet.hu> has joined #aichallenge
2012-02-08T05:06:06  *** Fandekasp <Fandekasp!~Fandekasp@p14171-ipngn100102yosemiya.okinawa.ocn.ne.jp> has quit IRC (Ping timeout: 252 seconds)
2012-02-08T05:27:00  *** thestinger <thestinger!~strcat@CPE98fc1165cb6f-CM00159a09b2d0.cpe.net.cable.rogers.com> has quit IRC (Ping timeout: 252 seconds)
2012-02-08T05:28:07  *** thestinger <thestinger!~strcat@CPE98fc1165cb6f-CM00159a09b2d0.cpe.net.cable.rogers.com> has joined #aichallenge
2012-02-08T05:34:26  *** raemde <raemde!~raemde@dslb-088-073-252-027.pools.arcor-ip.net> has joined #aichallenge
2012-02-08T05:35:53  *** lhb__ <lhb__!~raemde@dslb-088-073-197-051.pools.arcor-ip.net> has quit IRC (Ping timeout: 245 seconds)
2012-02-08T05:42:06  *** scribble <scribble!scribble@74-132-73-182.dhcp.insightbb.com> has quit IRC ()
2012-02-08T05:49:55  *** mceier <mceier!~mceier@89-77-140-105.dynamic.chello.pl> has joined #aichallenge
2012-02-08T06:00:56  *** pairofdice <pairofdice!~pod@dsl-hkibrasgw2-ff67c300-50.dhcp.inet.fi> has joined #aichallenge
2012-02-08T06:11:24  *** ikaros <ikaros!~ikaros@dslb-094-219-214-087.pools.arcor-ip.net> has joined #aichallenge
2012-02-08T06:14:56  *** raemde <raemde!~raemde@dslb-088-073-252-027.pools.arcor-ip.net> has quit IRC (Ping timeout: 244 seconds)
2012-02-08T06:19:32  *** raemde <raemde!~raemde@dslb-088-073-252-027.pools.arcor-ip.net> has joined #aichallenge
2012-02-08T06:22:10  *** Harpyon <Harpyon!~Harpyon@ti0031a380-0621.bb.online.no> has joined #aichallenge
2012-02-08T06:30:58  *** AlliedEnvy <AlliedEnvy!~AlliedEnv@adsl-68-89-173-181.dsl.hstntx.swbell.net> has joined #aichallenge
2012-02-08T06:59:59  *** smiley1983 <smiley1983!~smiley@115-64-6-216.static.tpgi.com.au> has quit IRC (Ping timeout: 248 seconds)
2012-02-08T07:00:54  *** smiley1983 <smiley1983!~smiley@115-64-6-216.static.tpgi.com.au> has joined #aichallenge
2012-02-08T07:04:34  *** UncleVasya <UncleVasya!kvirc@46-133-74-212.dialup.umc.net.ua> has quit IRC (Ping timeout: 260 seconds)
2012-02-08T07:26:20  *** UncleVasya <UncleVasya!kvirc@178-133-243-219.dialup.umc.net.ua> has joined #aichallenge
2012-02-08T08:25:25  *** TheLinker <TheLinker!~TheLinker@host248.190-137-168.telecom.net.ar> has joined #aichallenge
2012-02-08T08:38:02  *** sigh <sigh!~sigh@ppp114-153.static.internode.on.net> has quit IRC (Remote host closed the connection)
2012-02-08T08:40:52  *** delt0r_ <delt0r_!~bob@194-166-148-57.adsl.highway.telekom.at> has quit IRC (Ping timeout: 272 seconds)
2012-02-08T08:50:56  *** amstan <amstan!~alex@aichallenge/admin/amstan> has joined #aichallenge
2012-02-08T08:50:57  *** ChanServ sets mode: +o amstan
2012-02-08T08:52:57  *** delt0r_ <delt0r_!~bob@178-191-191-211.adsl.highway.telekom.at> has joined #aichallenge
2012-02-08T08:55:53  <mcstar> i have the weirdest software error ever
2012-02-08T08:56:07  <mcstar> if i tell you, you wouldnt believe me
2012-02-08T08:56:24  <mcstar> i can only conclude, the matrix is real....
2012-02-08T09:04:58  <thestinger> mcstar: better than this error? http://paste.pocoo.org/show/547780/
2012-02-08T09:05:22  <thestinger> trying to fetch comments via the nytimes API... get some meaningless error like that sometimes
2012-02-08T09:06:11  <thestinger> but it's alright, status is 'OK'
2012-02-08T09:06:28  <thestinger> :\
2012-02-08T09:06:47  <mcstar> i think it is better...
2012-02-08T09:06:52  <thestinger> I like how they put a copyright notice in each json response
2012-02-08T09:07:19  <thestinger> and you can only fetch comments in batches of 25...
2012-02-08T09:07:25  <mcstar> ill tell you mine, just finish this jammed bread
2012-02-08T09:10:00  <mcstar> ive been studying some finite element frameworks, cause id like to simulate something
2012-02-08T09:10:11  <mcstar> one of the free ones, is fenics
2012-02-08T09:10:28  <mcstar> i compiled it, and i was trying to compile/run its demos
2012-02-08T09:10:46  <mcstar> it never worked, i got this error all the time
2012-02-08T09:10:49  <mcstar> http://sprunge.us/fdNG
2012-02-08T09:11:05  <mcstar> so
2012-02-08T09:11:18  <mcstar> i thought i'd run it in a vm, using another os
2012-02-08T09:11:36  <mcstar> i chose ubuntu server 10.04, cause they had precompiled packages for it
2012-02-08T09:11:57  <mcstar> so now i have a virtualbox vm, with a 32bit ubuntu, and it runs the software
2012-02-08T09:12:01  <mcstar> i can run the demos
2012-02-08T09:12:11  <mcstar> here comes the mind-blowing part
2012-02-08T09:12:34  <mcstar> IIF i run a demo in the VM, i can run the demo on my machine tooo!!!!!!!
2012-02-08T09:12:45  <thestinger> ... wtf?
2012-02-08T09:12:49  <UncleVasya> lol
2012-02-08T09:12:50  <thestinger> at the same time?
2012-02-08T09:12:53  <mcstar> yes
2012-02-08T09:12:57  <thestinger> ...
2012-02-08T09:13:15  <mcstar> if i ^c the demo in the vm, i cant start my demo on my real os, the same error appears
2012-02-08T09:13:30  <thestinger> which vm? kvm?
2012-02-08T09:13:34  <mcstar> virtualbox
2012-02-08T09:13:51  <thestinger> really weird :\
2012-02-08T09:13:54  <mcstar> yes
2012-02-08T09:14:58  <thestinger> maybe it's some incredibly weird race condition
2012-02-08T09:15:08  <thestinger> and running the other one in a VM stops the scheduler from allowing it...
2012-02-08T09:16:02  <thestinger> probably aliens though
2012-02-08T09:16:13  <mcstar> i wouldnt go that far
2012-02-08T09:16:33  <mcstar> it is just a bug in space-time's fabric
2012-02-08T09:16:45  <thestinger> where's the bug tracker? :P
2012-02-08T09:16:58  <mcstar> you can catch it at lightspeed
2012-02-08T09:17:30  <mcstar> so, im a bit "shocked"
2012-02-08T09:17:43  <mcstar> i decided to put this aside, and eat instead
2012-02-08T09:18:30  <mcstar> for the record, i just watched the two ghost in the shell movies earlier today
2012-02-08T09:18:35  <mcstar> a coincidence?...
2012-02-08T09:25:26  <UncleVasya> mcstar: Have you seen Kara no Kyouikai? In English translation it is The Garden of Sinners. Boundary of Emptiness  or vise versa.
2012-02-08T09:30:44  <mcstar> no
2012-02-08T09:31:44  <mcstar> UncleVasya: is it cyberpunk?
2012-02-08T09:31:53  <mcstar> i only care for that
2012-02-08T09:32:01  <UncleVasya> no
2012-02-08T09:32:14  <UncleVasya> I don't like cyperpunk
2012-02-08T09:32:52  <UncleVasya> I like girls with knifes <3
2012-02-08T09:33:56  <mcstar> sounds dangerous
2012-02-08T09:38:18  <pairofdice> To pedobears
2012-02-08T09:39:43  <mcstar> thestinger: seems that if my system is heavily loaded, i can start the demo every time
2012-02-08T09:42:16  <pairofdice> spooky
2012-02-08T09:43:32  <thestinger> mcstar: well, that's a relief
2012-02-08T09:43:42  <thestinger> just a threading race condition :P
2012-02-08T09:44:11  <thestinger> mcstar: did you build it from source?
2012-02-08T09:44:16  <thestinger> maybe optimization breaks their crappy code
2012-02-08T09:45:34  <mcstar> well, i guess the problem is with the system initialization phase
2012-02-08T09:45:41  <mcstar> and yes, i build it from source
2012-02-08T09:45:52  <mcstar> but this isnt multi-threaded
2012-02-08T09:46:15  <mcstar> i mean mpi is deeply interwoven into their system, but im running it on 1 thread
2012-02-08T09:46:44  <mcstar> and as you can see the error trace, the last lib is pthread
2012-02-08T09:47:04  <mcstar> i have no idea how these system interact
2012-02-08T09:47:08  <mcstar> s
2012-02-08T09:49:13  *** rwest <rwest!~rwest@63-252-205-228.ip.mcleodusa.net> has quit IRC (Quit: Lost terminal)
2012-02-08T09:57:10  *** HaraKiri <HaraKiri!~hara@g224180013.adsl.alicedsl.de> has joined #aichallenge
2012-02-08T09:58:22  *** smjms <smjms!~janne@dyn2-212-50-133-158.psoas.suomi.net> has joined #aichallenge
2012-02-08T10:01:33  *** rwest <rwest!~rwest@63-252-205-228.ip.mcleodusa.net> has joined #aichallenge
2012-02-08T10:03:24  <mcstar> Assertion `(old_top == (((mbinptr) (((char *) &((av)->bins[((1) - 1) * 2])) - __builtin_offsetof (struct malloc_chunk, fd)))) && old_size == 0) || ((unsigned long) (old_size) >= (unsigned long)((((__builtin_offsetof (struct malloc_chunk, fd_nextsize))+((2 * (sizeof(size_t))) - 1)) & ~((2 * (sizeof(size_t))) - 1))) && ((old_top)->size & 0x1) && ((unsigned long)old_end & pagemask) == 0)' failed.
2012-02-08T10:04:49  <thestinger> what...
2012-02-08T10:05:11  <mcstar> thats another error, same conditions
2012-02-08T10:05:15  <mcstar> happens very rarely
2012-02-08T10:06:13  <pairofdice> where's my garlic
2012-02-08T10:22:59  *** cyphase <cyphase!~cyphase@unaffiliated/cyphase> has quit IRC (Ping timeout: 240 seconds)
2012-02-08T10:31:38  *** cyphase <cyphase!~cyphase@unaffiliated/cyphase> has joined #aichallenge
2012-02-08T10:50:01  *** heinrich5991 <heinrich5991!~hein5991@unaffiliated/heinrich5991> has quit IRC (Excess Flood)
2012-02-08T10:50:08  *** heinrich5991 <heinrich5991!~hein5991@unaffiliated/heinrich5991> has joined #aichallenge
2012-02-08T10:51:21  *** Areks|2 <Areks|2!~Areks@rs.gridnine.com> has quit IRC (Ping timeout: 272 seconds)
2012-02-08T11:14:28  *** mayanks43 <mayanks43!mayanks43@gateway/shell/anapnea.net/x-gcfbyfbvmqwnriqd> has quit IRC (Quit: Changing server)
2012-02-08T11:36:51  *** grwip <grwip!~grwip@dslb-094-223-000-244.pools.arcor-ip.net> has joined #aichallenge
2012-02-08T11:39:10  *** grwip <grwip!~grwip@dslb-094-223-000-244.pools.arcor-ip.net> has quit IRC (Client Quit)
2012-02-08T11:40:41  *** foRei <foRei!~ViT@0x4dd7b24d.adsl.cybercity.dk> has joined #aichallenge
2012-02-08T11:43:59  *** antimatroidl <antimatroidl!~Adium@89.246-26-211.dynamic.dsl.mel.iprimus.net.au> has quit IRC (Quit: Leaving.)
2012-02-08T11:52:31  *** welterde <welterde!welterde@thinkbase.srv.welterde.de> has quit IRC (Quit: WeeChat 0.3.7-dev)
2012-02-08T12:03:07  *** raemde_ <raemde_!~raemde@dslb-088-073-179-083.pools.arcor-ip.net> has joined #aichallenge
2012-02-08T12:05:30  *** raemde <raemde!~raemde@dslb-088-073-252-027.pools.arcor-ip.net> has quit IRC (Ping timeout: 245 seconds)
2012-02-08T12:14:14  *** TheLinker <TheLinker!~TheLinker@host248.190-137-168.telecom.net.ar> has quit IRC (Quit: Bye)
2012-02-08T12:26:37  *** Blkt <Blkt!~user@89-96-199-46.ip13.fastwebnet.it> has quit IRC (Read error: Connection reset by peer)
2012-02-08T12:40:30  *** Garf <Garf!~Garf@78-22-80-252.access.telenet.be> has quit IRC (Quit: Make a new plan, Stan!)
2012-02-08T12:40:32  *** smiley1983 <smiley1983!~smiley@115-64-6-216.static.tpgi.com.au> has quit IRC (Ping timeout: 244 seconds)
2012-02-08T12:40:48  *** Garf <Garf!~Garf@78-22-80-252.access.telenet.be> has joined #aichallenge
2012-02-08T12:42:49  *** smiley1983 <smiley1983!~smiley@115-64-6-216.static.tpgi.com.au> has joined #aichallenge
2012-02-08T12:46:35  *** AlliedEnvy <AlliedEnvy!~AlliedEnv@adsl-68-89-173-181.dsl.hstntx.swbell.net> has quit IRC (Read error: Connection timed out)
2012-02-08T12:47:04  *** AlliedEnvy <AlliedEnvy!~AlliedEnv@adsl-68-89-173-181.dsl.hstntx.swbell.net> has joined #aichallenge
2012-02-08T12:58:44  *** mviel_ <mviel_!~mviel@45.227.73.86.rev.sfr.net> has quit IRC (Quit: Leaving)
2012-02-08T13:07:38  *** deafferr1t is now known as deafferret
2012-02-08T13:32:09  *** AlliedEnvy <AlliedEnvy!~AlliedEnv@adsl-68-89-173-181.dsl.hstntx.swbell.net> has quit IRC (Read error: Connection timed out)
2012-02-08T13:32:36  *** AlliedEnvy <AlliedEnvy!~AlliedEnv@adsl-68-89-173-181.dsl.hstntx.swbell.net> has joined #aichallenge
2012-02-08T13:37:32  *** mleise <mleise!~marco@dslb-088-070-139-144.pools.arcor-ip.net> has quit IRC (Ping timeout: 276 seconds)
2012-02-08T13:38:00  *** AlliedEnvy <AlliedEnvy!~AlliedEnv@adsl-68-89-173-181.dsl.hstntx.swbell.net> has quit IRC (*.net *.split)
2012-02-08T13:38:00  *** ikaros <ikaros!~ikaros@dslb-094-219-214-087.pools.arcor-ip.net> has quit IRC (*.net *.split)
2012-02-08T13:39:13  *** Israfel <Israfel!~jeff@99-0-14-82.lightspeed.frokca.sbcglobal.net> has quit IRC (Ping timeout: 245 seconds)
2012-02-08T13:39:41  *** Israfel <Israfel!~jeff@99-0-14-82.lightspeed.frokca.sbcglobal.net> has joined #aichallenge
2012-02-08T13:43:20  *** dapplegate <dapplegate!~dan@206.217.79.178> has joined #aichallenge
2012-02-08T13:45:20  *** Israfel <Israfel!~jeff@99-0-14-82.lightspeed.frokca.sbcglobal.net> has quit IRC (Ping timeout: 276 seconds)
2012-02-08T13:46:05  *** AlliedEnvy <AlliedEnvy!~AlliedEnv@adsl-68-89-173-181.dsl.hstntx.swbell.net> has joined #aichallenge
2012-02-08T13:46:06  *** ikaros <ikaros!~ikaros@dslb-094-219-214-087.pools.arcor-ip.net> has joined #aichallenge
2012-02-08T13:57:29  *** Harpyon <Harpyon!~Harpyon@ti0031a380-0621.bb.online.no> has quit IRC (Quit: Computer has gone to sleep.)
2012-02-08T13:57:56  *** Israfel <Israfel!~jeff@99-0-14-82.lightspeed.frokca.sbcglobal.net> has joined #aichallenge
2012-02-08T14:15:35  *** dvladim <dvladim!~dvladim@85.113.131.65> has joined #aichallenge
2012-02-08T14:19:50  *** amstan <amstan!~alex@aichallenge/admin/amstan> has quit IRC (Quit: Konversation terminated!)
2012-02-08T14:20:04  *** dvladim <dvladim!~dvladim@85.113.131.65> has quit IRC (Ping timeout: 246 seconds)
2012-02-08T14:34:42  *** AlliedEnvy <AlliedEnvy!~AlliedEnv@adsl-68-89-173-181.dsl.hstntx.swbell.net> has quit IRC (Read error: Connection timed out)
2012-02-08T14:35:14  *** AlliedEnvy <AlliedEnvy!~AlliedEnv@adsl-68-89-173-181.dsl.hstntx.swbell.net> has joined #aichallenge
2012-02-08T14:43:21  *** Garf <Garf!~Garf@78-22-80-252.access.telenet.be> has quit IRC (Quit: Make a new plan, Stan!)
2012-02-08T14:45:11  *** Accoun <Accoun!~1@static-213-88-39-97.chebnet.ru> has quit IRC ()
2012-02-08T15:04:37  *** AlliedEnvy <AlliedEnvy!~AlliedEnv@adsl-68-89-173-181.dsl.hstntx.swbell.net> has quit IRC (Read error: Connection timed out)
2012-02-08T15:05:15  *** AlliedEnvy <AlliedEnvy!~AlliedEnv@adsl-68-89-173-181.dsl.hstntx.swbell.net> has joined #aichallenge
2012-02-08T15:11:43  *** welterde <welterde!welterde@thinkbase.srv.welterde.de> has joined #aichallenge
2012-02-08T15:21:51  *** amstan <amstan!~alex@aichallenge/admin/amstan> has joined #aichallenge
2012-02-08T15:21:52  *** ChanServ sets mode: +o amstan
2012-02-08T15:25:29  *** smjms <smjms!~janne@dyn2-212-50-133-158.psoas.suomi.net> has quit IRC (Quit: Konversation terminated!)
2012-02-08T15:28:38  *** UncleVasya <UncleVasya!kvirc@178-133-243-219.dialup.umc.net.ua> has quit IRC (Read error: Connection reset by peer)
2012-02-08T15:32:57  *** Accoun <Accoun!~1@static-213-88-39-97.chebnet.ru> has joined #aichallenge
2012-02-08T15:33:29  *** antimatroidl <antimatroidl!~Adium@89.246-26-211.dynamic.dsl.mel.iprimus.net.au> has joined #aichallenge
2012-02-08T15:58:18  *** TheLinker <TheLinker!~TheLinker@host248.190-137-168.telecom.net.ar> has joined #aichallenge
2012-02-08T15:59:07  *** mcstar <mcstar!~mcstar@adsl-89-135-202-165.monradsl.monornet.hu> has quit IRC (Quit: mcstar)
2012-02-08T16:05:44  *** smiley1983 <smiley1983!~smiley@115-64-6-216.static.tpgi.com.au> has quit IRC (Ping timeout: 276 seconds)
2012-02-08T16:06:19  *** smiley1983 <smiley1983!~smiley@115-64-6-216.static.tpgi.com.au> has joined #aichallenge
2012-02-08T16:40:31  *** delt0r_ <delt0r_!~bob@178-191-191-211.adsl.highway.telekom.at> has quit IRC (Ping timeout: 240 seconds)
2012-02-08T16:46:02  *** AlliedEnvy <AlliedEnvy!~AlliedEnv@adsl-68-89-173-181.dsl.hstntx.swbell.net> has quit IRC (Read error: Connection timed out)
2012-02-08T16:46:33  *** AlliedEnvy <AlliedEnvy!~AlliedEnv@adsl-68-89-173-181.dsl.hstntx.swbell.net> has joined #aichallenge
2012-02-08T16:54:22  *** delt0r_ <delt0r_!~bob@194-166-30-202.adsl.highway.telekom.at> has joined #aichallenge
2012-02-08T17:07:05  *** choas <choas!~lars@p4FDC531E.dip.t-dialin.net> has joined #aichallenge
2012-02-08T17:09:22  *** mceier <mceier!~mceier@89-77-140-105.dynamic.chello.pl> has quit IRC (Quit: leaving)
2012-02-08T17:12:00  *** smiley1983 <smiley1983!~smiley@115-64-6-216.static.tpgi.com.au> has quit IRC (Ping timeout: 272 seconds)
2012-02-08T17:12:33  *** smiley1983 <smiley1983!~smiley@115-64-6-216.static.tpgi.com.au> has joined #aichallenge
2012-02-08T17:12:35  *** choas <choas!~lars@p4FDC531E.dip.t-dialin.net> has quit IRC (Ping timeout: 245 seconds)
2012-02-08T17:14:25  *** mceier <mceier!~mceier@89-77-140-105.dynamic.chello.pl> has joined #aichallenge
2012-02-08T17:27:08  *** coeus <coeus!~coeus@dslb-084-061-004-227.pools.arcor-ip.net> has joined #aichallenge
2012-02-08T17:27:27  *** thestinger <thestinger!~strcat@CPE98fc1165cb6f-CM00159a09b2d0.cpe.net.cable.rogers.com> has quit IRC (Quit: WeeChat 0.3.6)
2012-02-08T17:42:22  *** McLeopold <McLeopold!~Scott@c-67-168-84-172.hsd1.wa.comcast.net> has joined #aichallenge
2012-02-08T17:52:58  *** ikaros <ikaros!~ikaros@dslb-094-219-214-087.pools.arcor-ip.net> has quit IRC (Quit: Ex-Chat)
2012-02-08T17:56:12  *** ikaros <ikaros!~ikaros@dslb-094-219-214-087.pools.arcor-ip.net> has joined #aichallenge
2012-02-08T17:59:32  *** ikaros <ikaros!~ikaros@dslb-094-219-214-087.pools.arcor-ip.net> has quit IRC (Client Quit)
2012-02-08T18:00:32  *** ikaros <ikaros!~ikaros@dslb-094-219-214-087.pools.arcor-ip.net> has joined #aichallenge
2012-02-08T18:06:14  *** HaraKiri <HaraKiri!~hara@g224180013.adsl.alicedsl.de> has quit IRC ()
2012-02-08T18:13:00  *** foRei <foRei!~ViT@0x4dd7b24d.adsl.cybercity.dk> has quit IRC (Read error: Connection reset by peer)
2012-02-08T18:17:18  *** mceier <mceier!~mceier@89-77-140-105.dynamic.chello.pl> has quit IRC (Quit: leaving)
2012-02-08T18:28:17  *** delt0r_ <delt0r_!~bob@194-166-30-202.adsl.highway.telekom.at> has quit IRC (Ping timeout: 244 seconds)
2012-02-08T18:33:10  *** antimatroidl <antimatroidl!~Adium@89.246-26-211.dynamic.dsl.mel.iprimus.net.au> has quit IRC (Quit: Leaving.)
2012-02-08T18:41:51  *** Palmik <Palmik!~palmik@man-208-106.pks.muni.cz> has quit IRC ()
2012-02-08T18:42:17  *** Harpyon <Harpyon!~Harpyon@ti0031a380-0621.bb.online.no> has joined #aichallenge
2012-02-08T18:52:13  *** ikaros <ikaros!~ikaros@dslb-094-219-214-087.pools.arcor-ip.net> has quit IRC (Ping timeout: 260 seconds)
2012-02-08T19:03:11  *** ruser <ruser!~nomad@23.19.120.250> has quit IRC (Ping timeout: 265 seconds)
2012-02-08T19:03:48  *** ruser <ruser!~nomad@23.19.120.250> has joined #aichallenge
2012-02-08T19:04:31  *** TheLinker <TheLinker!~TheLinker@host248.190-137-168.telecom.net.ar> has quit IRC (Remote host closed the connection)
2012-02-08T19:09:45  *** Harpyon <Harpyon!~Harpyon@ti0031a380-0621.bb.online.no> has quit IRC (Quit: Computer has gone to sleep.)
2012-02-08T19:30:02  *** smiley1983 <smiley1983!~smiley@115-64-6-216.static.tpgi.com.au> has quit IRC (Ping timeout: 240 seconds)
2012-02-08T19:32:04  *** smiley1983 <smiley1983!~smiley@115-64-6-216.static.tpgi.com.au> has joined #aichallenge
2012-02-08T19:32:07  *** pairofdice <pairofdice!~pod@dsl-hkibrasgw2-ff67c300-50.dhcp.inet.fi> has quit IRC (Quit: When cryptography is outlawed, bayl bhgynjf jvyy unir cevinpl.)
2012-02-08T19:47:54  *** antimatroidl <antimatroidl!~Adium@student-nat-209.uconnect.utas.edu.au> has joined #aichallenge
2012-02-08T19:50:40  *** AlliedEnvy <AlliedEnvy!~AlliedEnv@adsl-68-89-173-181.dsl.hstntx.swbell.net> has quit IRC (Ping timeout: 276 seconds)
2012-02-08T19:57:13  *** antimatroidl <antimatroidl!~Adium@student-nat-209.uconnect.utas.edu.au> has quit IRC (Read error: Connection reset by peer)
2012-02-08T19:57:13  *** antimatroidl1 <antimatroidl1!~Adium@student-nat-209.uconnect.utas.edu.au> has joined #aichallenge
2012-02-08T19:59:42  *** BadQuanta <BadQuanta!~BadQuanta@pool-173-64-77-211.bltmmd.fios.verizon.net> has joined #aichallenge
2012-02-08T20:15:15  *** smiley1983 <smiley1983!~smiley@115-64-6-216.static.tpgi.com.au> has quit IRC (Ping timeout: 248 seconds)
2012-02-08T20:17:03  *** smiley1983 <smiley1983!~smiley@115-64-6-216.static.tpgi.com.au> has joined #aichallenge
2012-02-08T20:17:32  *** antimatroidl1 <antimatroidl1!~Adium@student-nat-209.uconnect.utas.edu.au> has quit IRC (Read error: Connection reset by peer)
2012-02-08T20:17:33  *** antimatroidl <antimatroidl!~Adium@student-nat-209.uconnect.utas.edu.au> has joined #aichallenge
2012-02-08T20:24:27  *** smiley1983 <smiley1983!~smiley@115-64-6-216.static.tpgi.com.au> has quit IRC (Ping timeout: 246 seconds)
2012-02-08T20:25:24  *** smiley1983 <smiley1983!~smiley@115-64-6-216.static.tpgi.com.au> has joined #aichallenge
2012-02-08T20:31:30  *** smiley1983 <smiley1983!~smiley@115-64-6-216.static.tpgi.com.au> has quit IRC (Remote host closed the connection)
2012-02-08T20:31:45  *** smiley1983 <smiley1983!~smiley@115-64-6-216.static.tpgi.com.au> has joined #aichallenge
2012-02-08T20:33:12  *** BadQuanta <BadQuanta!~BadQuanta@pool-173-64-77-211.bltmmd.fios.verizon.net> has quit IRC (Quit: Leaving)
2012-02-08T20:54:00  *** antimatroidl <antimatroidl!~Adium@student-nat-209.uconnect.utas.edu.au> has quit IRC (Quit: Leaving.)
2012-02-08T21:08:52  *** replore <replore!~replore@ntkngw298122.kngw.nt.ftth.ppp.infoweb.ne.jp> has joined #aichallenge
2012-02-08T21:19:22  *** Accoun <Accoun!~1@static-213-88-39-97.chebnet.ru> has quit IRC ()
2012-02-08T21:20:48  *** Accoun <Accoun!~1@static-213-88-39-97.chebnet.ru> has joined #aichallenge
2012-02-08T21:25:07  *** smiley1983 <smiley1983!~smiley@115-64-6-216.static.tpgi.com.au> has quit IRC (Ping timeout: 248 seconds)
2012-02-08T21:31:08  *** smiley1983 <smiley1983!~smiley@115-64-6-216.static.tpgi.com.au> has joined #aichallenge
2012-02-08T21:38:18  *** smiley1983 <smiley1983!~smiley@115-64-6-216.static.tpgi.com.au> has quit IRC (Ping timeout: 246 seconds)
2012-02-08T21:45:44  *** smiley1983 <smiley1983!~smiley@115-64-6-216.static.tpgi.com.au> has joined #aichallenge
2012-02-08T21:49:02  *** AlliedEnvy <AlliedEnvy!~AlliedEnv@adsl-68-89-173-181.dsl.hstntx.swbell.net> has joined #aichallenge
2012-02-08T21:54:40  *** antimatroidl <antimatroidl!~Adium@student-nat-209.uconnect.utas.edu.au> has joined #aichallenge
2012-02-08T22:02:50  *** dapplegate <dapplegate!~dan@206.217.79.178> has quit IRC (Quit: Ex-Chat)
2012-02-08T22:13:14  *** antimatroidl <antimatroidl!~Adium@student-nat-209.uconnect.utas.edu.au> has quit IRC (Read error: Connection reset by peer)
2012-02-08T22:13:24  *** antimatroidl <antimatroidl!~Adium@student-nat-209.uconnect.utas.edu.au> has joined #aichallenge
2012-02-08T22:28:33  *** smiley1983 <smiley1983!~smiley@115-64-6-216.static.tpgi.com.au> has quit IRC (Ping timeout: 240 seconds)
2012-02-08T22:30:37  *** smiley1983 <smiley1983!~smiley@115-64-6-216.static.tpgi.com.au> has joined #aichallenge
2012-02-08T22:32:06  *** AlliedEnvy <AlliedEnvy!~AlliedEnv@adsl-68-89-173-181.dsl.hstntx.swbell.net> has quit IRC (Read error: Connection timed out)
2012-02-08T22:32:39  *** antimatroidl <antimatroidl!~Adium@student-nat-209.uconnect.utas.edu.au> has quit IRC (Ping timeout: 248 seconds)
2012-02-08T22:32:44  *** AlliedEnvy <AlliedEnvy!~AlliedEnv@adsl-68-89-173-181.dsl.hstntx.swbell.net> has joined #aichallenge
2012-02-08T22:33:55  *** antimatroidl <antimatroidl!~Adium@student-nat-209.uconnect.utas.edu.au> has joined #aichallenge
2012-02-08T22:38:31  *** antimatroidl <antimatroidl!~Adium@student-nat-209.uconnect.utas.edu.au> has quit IRC (Ping timeout: 248 seconds)
2012-02-08T22:42:20  *** McLeopold <McLeopold!~Scott@c-67-168-84-172.hsd1.wa.comcast.net> has left #aichallenge
2012-02-08T22:54:36  *** AlliedEnvy <AlliedEnvy!~AlliedEnv@adsl-68-89-173-181.dsl.hstntx.swbell.net> has quit IRC (Read error: Connection timed out)
2012-02-08T22:55:05  *** AlliedEnvy <AlliedEnvy!~AlliedEnv@adsl-68-89-173-181.dsl.hstntx.swbell.net> has joined #aichallenge
2012-02-08T23:07:23  *** dvladim <dvladim!~dvladim@85.113.131.65> has joined #aichallenge
2012-02-08T23:22:45  *** dvladim <dvladim!~dvladim@85.113.131.65> has quit IRC (Ping timeout: 265 seconds)
2012-02-08T23:29:13  *** AlliedEnvy <AlliedEnvy!~AlliedEnv@adsl-68-89-173-181.dsl.hstntx.swbell.net> has quit IRC (Read error: Connection timed out)
2012-02-08T23:29:46  *** AlliedEnvy <AlliedEnvy!~AlliedEnv@adsl-68-89-173-181.dsl.hstntx.swbell.net> has joined #aichallenge
2012-02-08T23:39:03  *** antimatroidl <antimatroidl!~Adium@89.246-26-211.dynamic.dsl.mel.iprimus.net.au> has joined #aichallenge
