2012-08-08T00:26:41  *** mleise <mleise!~marco@dslb-178-011-044-234.pools.arcor-ip.net> has joined #aichallenge
2012-08-08T00:56:33  *** mceier <mceier!~mceier@89-77-239-61.dynamic.chello.pl> has quit IRC (Quit: leaving)
2012-08-08T01:04:48  *** foRei <foRei!~ViT@0x4dd7b24d.adsl.cybercity.dk> has quit IRC (Quit: Bye)
2012-08-08T01:40:01  *** amstan <amstan!~alex@aichallenge/admin/amstan> has quit IRC (Quit: Konversation terminated!)
2012-08-08T02:37:13  *** kilae <kilae!~chatzilla@catv-161-018.tbwil.ch> has joined #aichallenge
2012-08-08T02:52:28  *** mceier <mceier!~mceier@62.61.58.19> has joined #aichallenge
2012-08-08T03:13:24  *** epicmonkey <epicmonkey!~epicmonke@188.134.41.211> has joined #aichallenge
2012-08-08T03:31:54  *** UncleVasya <UncleVasya!~Miranda@128-124-203-203.dialup.umc.net.ua> has joined #aichallenge
2012-08-08T03:32:35  *** epicmonkey <epicmonkey!~epicmonke@188.134.41.211> has quit IRC (Ping timeout: 246 seconds)
2012-08-08T04:36:37  *** epicmonkey <epicmonkey!~epicmonke@host-224-60.dataart.net> has joined #aichallenge
2012-08-08T04:37:01  *** dici <dici!~Dici@ip3100.saw.rwth-aachen.de> has joined #aichallenge
2012-08-08T04:39:27  *** nsh <nsh!~Smedley@wikipedia/nsh> has quit IRC (Ping timeout: 246 seconds)
2012-08-08T04:42:11  *** nsh <nsh!~Smedley@host86-137-208-249.range86-137.btcentralplus.com> has joined #aichallenge
2012-08-08T04:42:47  *** nsh <nsh!~Smedley@wikipedia/nsh> has joined #aichallenge
2012-08-08T05:31:24  *** epicmonkey <epicmonkey!~epicmonke@host-224-60.dataart.net> has quit IRC (Remote host closed the connection)
2012-08-08T05:31:34  *** epicmonkey <epicmonkey!~epicmonke@host-224-60.dataart.net> has joined #aichallenge
2012-08-08T06:57:31  *** mleise <mleise!~marco@dslb-178-011-044-234.pools.arcor-ip.net> has quit IRC (Ping timeout: 276 seconds)
2012-08-08T07:10:12  *** pairofdice <pairofdice!~pod@dsl-hkibrasgw2-fed3df00-232.dhcp.inet.fi> has joined #aichallenge
2012-08-08T07:14:55  *** pairofdice <pairofdice!~pod@dsl-hkibrasgw2-fed3df00-232.dhcp.inet.fi> has quit IRC (Ping timeout: 265 seconds)
2012-08-08T07:20:12  *** antimatroid <antimatroid!~nick@115.109-27-211.dynamic.dsl.mel.iprimus.net.au> has quit IRC (Read error: No route to host)
2012-08-08T07:20:24  *** antimatroid <antimatroid!~nick@115.109-27-211.dynamic.dsl.mel.iprimus.net.au> has joined #aichallenge
2012-08-08T07:20:48  *** pairofdice <pairofdice!~pod@dsl-hkibrasgw2-fed3df00-232.dhcp.inet.fi> has joined #aichallenge
2012-08-08T07:34:21  *** loglog <loglog!~loglog@ec2-23-21-19-58.compute-1.amazonaws.com> has quit IRC (Remote host closed the connection)
2012-08-08T07:34:38  *** loglog <loglog!~loglog@ec2-23-21-19-58.compute-1.amazonaws.com> has joined #aichallenge
2012-08-08T08:08:47  *** Scooper <Scooper!~Scooper@213.157.251.212.customer.cdi.no> has joined #aichallenge
2012-08-08T08:15:01  *** mcstar <mcstar!~mcstar@adsl-89-135-200-18.monradsl.monornet.hu> has joined #aichallenge
2012-08-08T08:21:15  *** amstan <amstan!~alex@aichallenge/admin/amstan> has joined #aichallenge
2012-08-08T08:21:15  *** ChanServ sets mode: +o amstan
2012-08-08T08:22:18  *** amstan <amstan!~alex@aichallenge/admin/amstan> has quit IRC (Client Quit)
2012-08-08T09:11:56  *** alehorst <alehorst!~alehorst@177.40.44.248> has quit IRC (Ping timeout: 256 seconds)
2012-08-08T09:22:01  *** alehorst <alehorst!~alehorst@177.40.44.248> has joined #aichallenge
2012-08-08T10:31:56  *** foRei <foRei!~ViT@0x4dd7b24d.adsl.cybercity.dk> has joined #aichallenge
2012-08-08T10:44:55  *** loglog <loglog!~loglog@ec2-23-21-19-58.compute-1.amazonaws.com> has quit IRC (Remote host closed the connection)
2012-08-08T10:45:12  *** loglog <loglog!~loglog@ec2-23-21-19-58.compute-1.amazonaws.com> has joined #aichallenge
2012-08-08T10:45:31  *** loglog <loglog!~loglog@ec2-23-21-19-58.compute-1.amazonaws.com> has joined #aichallenge
2012-08-08T10:46:29  *** loglog <loglog!~loglog@ec2-23-21-19-58.compute-1.amazonaws.com> has joined #aichallenge
2012-08-08T10:46:35  *** loglog <loglog!~loglog@ec2-23-21-19-58.compute-1.amazonaws.com> has quit IRC (Remote host closed the connection)
2012-08-08T10:46:52  *** loglog <loglog!~loglog@ec2-23-21-19-58.compute-1.amazonaws.com> has joined #aichallenge
2012-08-08T10:47:30  *** loglog <loglog!~loglog@ec2-23-21-19-58.compute-1.amazonaws.com> has joined #aichallenge
2012-08-08T10:49:06  *** loglog <loglog!~loglog@ec2-23-21-19-58.compute-1.amazonaws.com> has quit IRC (Remote host closed the connection)
2012-08-08T10:49:19  *** loglog <loglog!~loglog@ec2-23-21-19-58.compute-1.amazonaws.com> has joined #aichallenge
2012-08-08T10:49:41  *** loglog <loglog!~loglog@ec2-23-21-19-58.compute-1.amazonaws.com> has joined #aichallenge
2012-08-08T10:51:45  *** loglog <loglog!~loglog@ec2-23-21-19-58.compute-1.amazonaws.com> has quit IRC (Remote host closed the connection)
2012-08-08T10:52:01  *** loglog <loglog!~loglog@ec2-23-21-19-58.compute-1.amazonaws.com> has joined #aichallenge
2012-08-08T10:52:42  *** loglog <loglog!~loglog@ec2-23-21-19-58.compute-1.amazonaws.com> has quit IRC (Remote host closed the connection)
2012-08-08T10:52:59  *** loglog <loglog!~loglog@ec2-23-21-19-58.compute-1.amazonaws.com> has joined #aichallenge
2012-08-08T10:54:12  *** loglog <loglog!~loglog@ec2-23-21-19-58.compute-1.amazonaws.com> has joined #aichallenge
2012-08-08T10:54:37  *** loglog <loglog!~loglog@ec2-23-21-19-58.compute-1.amazonaws.com> has quit IRC (Remote host closed the connection)
2012-08-08T10:54:54  *** loglog <loglog!~loglog@ec2-23-21-19-58.compute-1.amazonaws.com> has joined #aichallenge
2012-08-08T10:55:43  *** loglog <loglog!~loglog@ec2-23-21-19-58.compute-1.amazonaws.com> has joined #aichallenge
2012-08-08T10:56:06  *** loglog <loglog!~loglog@ec2-23-21-19-58.compute-1.amazonaws.com> has joined #aichallenge
2012-08-08T10:56:40  *** loglog <loglog!~loglog@ec2-23-21-19-58.compute-1.amazonaws.com> has quit IRC (Remote host closed the connection)
2012-08-08T10:56:56  *** loglog <loglog!~loglog@ec2-23-21-19-58.compute-1.amazonaws.com> has joined #aichallenge
2012-08-08T10:58:20  *** loglog <loglog!~loglog@ec2-23-21-19-58.compute-1.amazonaws.com> has joined #aichallenge
2012-08-08T10:58:38  *** loglog <loglog!~loglog@ec2-23-21-19-58.compute-1.amazonaws.com> has quit IRC (Remote host closed the connection)
2012-08-08T10:58:56  *** loglog <loglog!~loglog@ec2-23-21-19-58.compute-1.amazonaws.com> has joined #aichallenge
2012-08-08T11:05:32  *** mceier <mceier!~mceier@62.61.58.19> has quit IRC (Quit: leaving)
2012-08-08T11:24:32  *** smj <smj!~janne@cable-roi-fffadd00-198.dhcp.inet.fi> has joined #aichallenge
2012-08-08T11:24:33  *** smj <smj!~janne@pdpc/supporter/student/kosiini> has joined #aichallenge
2012-08-08T12:14:34  *** mcstar <mcstar!~mcstar@adsl-89-135-200-18.monradsl.monornet.hu> has quit IRC (Quit: mcstar)
2012-08-08T12:17:23  *** smj <smj!~janne@pdpc/supporter/student/kosiini> has quit IRC (Quit: Konversation terminated!)
2012-08-08T12:20:27  *** mceier <mceier!~mceier@89-77-239-61.dynamic.chello.pl> has joined #aichallenge
2012-08-08T12:32:56  *** epicmonkey <epicmonkey!~epicmonke@host-224-60.dataart.net> has quit IRC (Ping timeout: 276 seconds)
2012-08-08T12:33:55  *** jbroman <jbroman!~jbroman@taurine.csclub.uwaterloo.ca> has quit IRC (*.net *.split)
2012-08-08T12:35:01  *** jbroman <jbroman!~jbroman@taurine.csclub.uwaterloo.ca> has joined #aichallenge
2012-08-08T12:45:29  *** jbroman <jbroman!~jbroman@taurine.csclub.uwaterloo.ca> has quit IRC (*.net *.split)
2012-08-08T12:45:38  *** jbroman <jbroman!~jbroman@taurine.csclub.uwaterloo.ca> has joined #aichallenge
2012-08-08T12:51:21  *** janzert <janzert!~janzert@97-83-125-49.dhcp.trcy.mi.charter.com> has left #aichallenge
2012-08-08T12:55:42  *** kilae <kilae!~chatzilla@catv-161-018.tbwil.ch> has quit IRC (Quit: ChatZilla 0.9.88.2 [Firefox 14.0.1/20120713134347])
2012-08-08T13:01:22  *** mleise <mleise!~marco@dslb-178-011-044-234.pools.arcor-ip.net> has joined #aichallenge
2012-08-08T13:25:41  *** smj <smj!~janne@cable-roi-fffadd00-198.dhcp.inet.fi> has joined #aichallenge
2012-08-08T13:25:42  *** smj <smj!~janne@pdpc/supporter/student/kosiini> has joined #aichallenge
2012-08-08T13:33:25  *** Alexer <Alexer!alexer@alexer.net> has quit IRC (Ping timeout: 246 seconds)
2012-08-08T13:37:54  *** epicmonkey <epicmonkey!~epicmonke@188.134.41.211> has joined #aichallenge
2012-08-08T13:38:26  *** Redgis <Redgis!~redgis@odysseus.pantoufle.pl> has quit IRC (Ping timeout: 252 seconds)
2012-08-08T13:39:35  *** Alexer <Alexer!alexer@alexer.net> has joined #aichallenge
2012-08-08T13:41:21  *** alehorst1 <alehorst1!~alehorst@177.40.44.248> has joined #aichallenge
2012-08-08T13:42:39  *** alehorst <alehorst!~alehorst@177.40.44.248> has quit IRC (Ping timeout: 246 seconds)
2012-08-08T13:43:28  *** Redgis <Redgis!~redgis@odysseus.pantoufle.pl> has joined #aichallenge
2012-08-08T13:53:53  *** UncleVasya <UncleVasya!~Miranda@128-124-203-203.dialup.umc.net.ua> has quit IRC (Ping timeout: 248 seconds)
2012-08-08T13:55:36  *** alehorst1 <alehorst1!~alehorst@177.40.44.248> has quit IRC (*.net *.split)
2012-08-08T13:55:36  *** mleise <mleise!~marco@dslb-178-011-044-234.pools.arcor-ip.net> has quit IRC (*.net *.split)
2012-08-08T13:55:36  *** mceier <mceier!~mceier@89-77-239-61.dynamic.chello.pl> has quit IRC (*.net *.split)
2012-08-08T13:55:37  *** Scooper <Scooper!~Scooper@213.157.251.212.customer.cdi.no> has quit IRC (*.net *.split)
2012-08-08T13:55:37  *** pairofdice <pairofdice!~pod@dsl-hkibrasgw2-fed3df00-232.dhcp.inet.fi> has quit IRC (*.net *.split)
2012-08-08T13:55:37  *** dici <dici!~Dici@ip3100.saw.rwth-aachen.de> has quit IRC (*.net *.split)
2012-08-08T13:55:37  *** ejls <ejls!~Epsilon01@mszy.domu.7un.net> has quit IRC (*.net *.split)
2012-08-08T13:58:31  *** alehorst1 <alehorst1!~alehorst@177.40.44.248> has joined #aichallenge
2012-08-08T13:58:31  *** mleise <mleise!~marco@dslb-178-011-044-234.pools.arcor-ip.net> has joined #aichallenge
2012-08-08T13:58:31  *** mceier <mceier!~mceier@89-77-239-61.dynamic.chello.pl> has joined #aichallenge
2012-08-08T13:58:31  *** Scooper <Scooper!~Scooper@213.157.251.212.customer.cdi.no> has joined #aichallenge
2012-08-08T13:58:31  *** pairofdice <pairofdice!~pod@dsl-hkibrasgw2-fed3df00-232.dhcp.inet.fi> has joined #aichallenge
2012-08-08T13:58:31  *** dici <dici!~Dici@ip3100.saw.rwth-aachen.de> has joined #aichallenge
2012-08-08T13:58:31  *** ejls <ejls!~Epsilon01@mszy.domu.7un.net> has joined #aichallenge
2012-08-08T14:12:31  *** alehorst1 <alehorst1!~alehorst@177.40.44.248> has quit IRC (Read error: Connection reset by peer)
2012-08-08T14:14:24  *** alehorst <alehorst!~alehorst@177.40.44.248> has joined #aichallenge
2012-08-08T15:06:09  *** Accoun <Accoun!~1@static-213-88-39-97.chebnet.ru> has quit IRC ()
2012-08-08T15:36:48  *** Accoun <Accoun!~1@static-213-88-39-97.chebnet.ru> has joined #aichallenge
2012-08-08T16:16:50  *** alehorst <alehorst!~alehorst@177.40.44.248> has quit IRC (Read error: Connection reset by peer)
2012-08-08T16:19:02  *** alehorst <alehorst!~alehorst@177.40.44.248> has joined #aichallenge
2012-08-08T16:45:16  *** lszz <lszz!5da3be36@gateway/web/freenode/ip.93.163.190.54> has joined #aichallenge
2012-08-08T16:45:33  *** epicmonkey <epicmonkey!~epicmonke@188.134.41.211> has quit IRC (Ping timeout: 246 seconds)
2012-08-08T16:47:39  *** bhasker <bhasker!~bhasker@64.125.175.146> has joined #aichallenge
2012-08-08T16:56:59  *** lszz <lszz!5da3be36@gateway/web/freenode/ip.93.163.190.54> has quit IRC (Quit: Page closed)
2012-08-08T17:09:30  *** nsh <nsh!~Smedley@wikipedia/nsh> has quit IRC (Ping timeout: 246 seconds)
2012-08-08T17:11:01  *** yoden1 <yoden1!~horstman@cpe-76-190-245-7.neo.res.rr.com> has quit IRC (Read error: Connection reset by peer)
2012-08-08T17:11:31  *** yoden <yoden!~horstman@cpe-76-190-245-7.neo.res.rr.com> has joined #aichallenge
2012-08-08T17:22:05  *** smj <smj!~janne@pdpc/supporter/student/kosiini> has quit IRC (Quit: Konversation terminated!)
2012-08-08T17:49:11  *** amstan_ <amstan_!~alex@aichallenge/admin/amstan> has joined #aichallenge
2012-08-08T17:49:11  *** ChanServ sets mode: +o amstan_
2012-08-08T18:23:04  *** pairofdice <pairofdice!~pod@dsl-hkibrasgw2-fed3df00-232.dhcp.inet.fi> has quit IRC (Quit: In girum imus nocte et consumimur igni.)
2012-08-08T19:09:56  *** Scooper <Scooper!~Scooper@213.157.251.212.customer.cdi.no> has quit IRC (Quit: Leaving)
2012-08-08T19:43:27  *** dici <dici!~Dici@ip3100.saw.rwth-aachen.de> has quit IRC (Read error: Connection reset by peer)
2012-08-08T21:22:01  *** bhasker <bhasker!~bhasker@64.125.175.146> has quit IRC (Ping timeout: 246 seconds)
2012-08-08T22:41:09  *** foRei <foRei!~ViT@0x4dd7b24d.adsl.cybercity.dk> has quit IRC (Read error: Connection reset by peer)
2012-08-08T23:52:17  *** antimatroid <antimatroid!~nick@115.109-27-211.dynamic.dsl.mel.iprimus.net.au> has quit IRC (Ping timeout: 245 seconds)
