2012-01-28T00:38:26  *** mindeavor <mindeavor!~mindeavor@rrcs-67-78-81-218.sw.biz.rr.com> has quit IRC (Quit: mindeavor)
2012-01-28T01:09:35  *** amstan <amstan!~alex@aichallenge/admin/amstan> has quit IRC (Quit: Konversation terminated!)
2012-01-28T01:21:18  *** treeform <treeform!~treeform@c-69-181-52-73.hsd1.ca.comcast.net> has quit IRC (Remote host closed the connection)
2012-01-28T01:24:16  *** Jak_o_Shadows <Jak_o_Shadows!~Fake@CPE-144-136-214-52.sa.bigpond.net.au> has joined #aichallenge
2012-01-28T01:25:11  *** wtpayne <wtpayne!~textual@pool-108-14-209-60.nycmny.east.verizon.net> has quit IRC ()
2012-01-28T01:38:14  *** yoden <yoden!~horstman@cpe-76-190-245-7.neo.res.rr.com> has quit IRC (Quit: Leaving.)
2012-01-28T01:39:55  *** yoden <yoden!~horstman@cpe-76-190-245-7.neo.res.rr.com> has joined #aichallenge
2012-01-28T01:42:46  *** treeform <treeform!~treeform@c-69-181-52-73.hsd1.ca.comcast.net> has joined #aichallenge
2012-01-28T01:46:15  *** Fandekasp <Fandekasp!~Fandekasp@KD182249001244.au-net.ne.jp> has joined #aichallenge
2012-01-28T01:49:27  *** dorisabayon <dorisabayon!~Fandekasp@KD182249015159.au-net.ne.jp> has quit IRC (Ping timeout: 272 seconds)
2012-01-28T02:42:07  *** Palmik <Palmik!~palmik@man-208-200.pks.muni.cz> has joined #aichallenge
2012-01-28T02:46:59  *** treeform <treeform!~treeform@c-69-181-52-73.hsd1.ca.comcast.net> has quit IRC (Remote host closed the connection)
2012-01-28T03:34:58  *** antimatroidl <antimatroidl!~Adium@217.106-27-211.dynamic.dsl.mel.iprimus.net.au> has quit IRC (Quit: Leaving.)
2012-01-28T04:05:55  *** antimatroidl <antimatroidl!~Adium@217.106-27-211.dynamic.dsl.mel.iprimus.net.au> has joined #aichallenge
2012-01-28T04:31:21  *** Kurnevsky <Kurnevsky!~Errins@178.163.249.87> has joined #aichallenge
2012-01-28T04:46:34  *** dorisabayon <dorisabayon!~Fandekasp@KD182249019113.au-net.ne.jp> has joined #aichallenge
2012-01-28T04:49:36  *** Fandekasp <Fandekasp!~Fandekasp@KD182249001244.au-net.ne.jp> has quit IRC (Ping timeout: 248 seconds)
2012-01-28T05:11:39  *** AlliedEnvy <AlliedEnvy!~AlliedEnv@adsl-68-89-173-181.dsl.hstntx.swbell.net> has quit IRC (Read error: Connection timed out)
2012-01-28T05:12:05  *** AlliedEnvy <AlliedEnvy!~AlliedEnv@adsl-68-89-173-181.dsl.hstntx.swbell.net> has joined #aichallenge
2012-01-28T05:26:31  *** coeus <coeus!~coeus@dslb-084-061-060-194.pools.arcor-ip.net> has joined #aichallenge
2012-01-28T05:29:11  *** kire <kire!~kire@78-21-37-101.access.telenet.be> has joined #aichallenge
2012-01-28T05:58:01  *** AlliedEnvy <AlliedEnvy!~AlliedEnv@adsl-68-89-173-181.dsl.hstntx.swbell.net> has quit IRC (Read error: Connection timed out)
2012-01-28T05:58:41  *** AlliedEnvy <AlliedEnvy!~AlliedEnv@adsl-68-89-173-181.dsl.hstntx.swbell.net> has joined #aichallenge
2012-01-28T05:58:50  *** Jak_o_Shadows1 <Jak_o_Shadows1!~Fake@CPE-144-136-214-52.sa.bigpond.net.au> has joined #aichallenge
2012-01-28T05:59:05  *** Jak_o_Shadows <Jak_o_Shadows!~Fake@CPE-144-136-214-52.sa.bigpond.net.au> has quit IRC (Disconnected by services)
2012-01-28T06:03:49  *** pairofdice <pairofdice!~pod@dsl-hkibrasgw2-ff67c300-50.dhcp.inet.fi> has joined #aichallenge
2012-01-28T06:09:10  *** Jak_o_Shadows1 <Jak_o_Shadows1!~Fake@CPE-144-136-214-52.sa.bigpond.net.au> has quit IRC (Remote host closed the connection)
2012-01-28T06:22:32  *** ikaros <ikaros!~ikaros@dslb-094-219-214-087.pools.arcor-ip.net> has joined #aichallenge
2012-01-28T06:28:47  *** X-Scale <X-Scale!email@sgi-ultra64.broker.freenet6.net> has quit IRC (Ping timeout: 272 seconds)
2012-01-28T06:29:52  *** X-Scale <X-Scale!email@sgi-ultra64.broker.freenet6.net> has joined #aichallenge
2012-01-28T06:34:52  *** mindeavor <mindeavor!~mindeavor@rrcs-67-78-81-218.sw.biz.rr.com> has joined #aichallenge
2012-01-28T06:40:40  *** AlliedEnvy <AlliedEnvy!~AlliedEnv@adsl-68-89-173-181.dsl.hstntx.swbell.net> has quit IRC (Read error: Connection timed out)
2012-01-28T06:41:17  *** AlliedEnvy <AlliedEnvy!~AlliedEnv@adsl-68-89-173-181.dsl.hstntx.swbell.net> has joined #aichallenge
2012-01-28T06:50:17  *** coeus <coeus!~coeus@dslb-084-061-060-194.pools.arcor-ip.net> has quit IRC (Ping timeout: 252 seconds)
2012-01-28T07:15:50  *** kilae <kilae!~chatzilla@catv-161-018.tbwil.ch> has joined #aichallenge
2012-01-28T07:26:29  *** AlliedEnvy <AlliedEnvy!~AlliedEnv@adsl-68-89-173-181.dsl.hstntx.swbell.net> has quit IRC (Ping timeout: 276 seconds)
2012-01-28T07:32:52  *** AlliedEnvy <AlliedEnvy!~AlliedEnv@adsl-68-89-173-181.dsl.hstntx.swbell.net> has joined #aichallenge
2012-01-28T07:47:03  *** Fandekasp <Fandekasp!~Fandekasp@KD182249012192.au-net.ne.jp> has joined #aichallenge
2012-01-28T07:50:19  *** dorisabayon <dorisabayon!~Fandekasp@KD182249019113.au-net.ne.jp> has quit IRC (Ping timeout: 260 seconds)
2012-01-28T08:10:12  *** ikaros <ikaros!~ikaros@dslb-094-219-214-087.pools.arcor-ip.net> has quit IRC (Quit: Ex-Chat)
2012-01-28T08:16:02  *** antimatroidl <antimatroidl!~Adium@217.106-27-211.dynamic.dsl.mel.iprimus.net.au> has quit IRC (Quit: Leaving.)
2012-01-28T08:42:30  *** mceier <mceier!~mceier@89-77-140-105.dynamic.chello.pl> has joined #aichallenge
2012-01-28T09:08:45  *** mleise <mleise!~marco@dslb-088-070-139-144.pools.arcor-ip.net> has quit IRC (Quit: Leaving.)
2012-01-28T09:23:53  *** kire__ <kire__!~kire@78-21-37-101.access.telenet.be> has joined #aichallenge
2012-01-28T09:23:57  *** kire <kire!~kire@78-21-37-101.access.telenet.be> has quit IRC (Read error: Connection reset by peer)
2012-01-28T09:25:37  *** TheLinker <TheLinker!~TheLinker@host80.190-226-80.telecom.net.ar> has joined #aichallenge
2012-01-28T09:27:17  *** choas <choas!~lars@p4FDC54E8.dip.t-dialin.net> has joined #aichallenge
2012-01-28T09:38:44  *** wtpayne <wtpayne!~textual@pool-108-14-209-60.nycmny.east.verizon.net> has joined #aichallenge
2012-01-28T09:39:07  *** Fandekasp <Fandekasp!~Fandekasp@KD182249012192.au-net.ne.jp> has quit IRC (Ping timeout: 255 seconds)
2012-01-28T10:09:05  *** kire__ <kire__!~kire@78-21-37-101.access.telenet.be> has quit IRC (Remote host closed the connection)
2012-01-28T10:10:51  *** Fandekasp <Fandekasp!~Fandekasp@KD182249014166.au-net.ne.jp> has joined #aichallenge
2012-01-28T10:26:18  *** Fandekasp <Fandekasp!~Fandekasp@KD182249014166.au-net.ne.jp> has quit IRC (Ping timeout: 248 seconds)
2012-01-28T10:33:21  *** thestinger <thestinger!~strcat@CPE98fc1165cb6f-CM00159a09b2d0.cpe.net.cable.rogers.com> has joined #aichallenge
2012-01-28T10:33:39  *** Fandekasp <Fandekasp!~Fandekasp@KD182249014166.au-net.ne.jp> has joined #aichallenge
2012-01-28T10:34:04  *** thestinger <thestinger!~strcat@CPE98fc1165cb6f-CM00159a09b2d0.cpe.net.cable.rogers.com> has quit IRC (Quit: WeeChat 0.3.6)
2012-01-28T10:34:07  *** mleise <mleise!~marco@dslb-088-070-139-144.pools.arcor-ip.net> has joined #aichallenge
2012-01-28T10:37:56  *** thestinger <thestinger!~strcat@CPE98fc1165cb6f-CM00159a09b2d0.cpe.net.cable.rogers.com> has joined #aichallenge
2012-01-28T10:43:28  *** mleise <mleise!~marco@dslb-088-070-139-144.pools.arcor-ip.net> has quit IRC (Ping timeout: 255 seconds)
2012-01-28T10:49:49  *** mindeavor <mindeavor!~mindeavor@rrcs-67-78-81-218.sw.biz.rr.com> has quit IRC (Quit: mindeavor)
2012-01-28T10:52:46  *** treeform <treeform!~treeform@c-69-181-52-73.hsd1.ca.comcast.net> has joined #aichallenge
2012-01-28T10:54:26  *** Fandekasp <Fandekasp!~Fandekasp@KD182249014166.au-net.ne.jp> has quit IRC (Ping timeout: 248 seconds)
2012-01-28T10:58:18  *** treeform <treeform!~treeform@c-69-181-52-73.hsd1.ca.comcast.net> has quit IRC (Remote host closed the connection)
2012-01-28T10:58:43  *** treeform <treeform!~treeform@c-69-181-52-73.hsd1.ca.comcast.net> has joined #aichallenge
2012-01-28T11:22:30  *** Frib <Frib!~Frib@a83-163-30-224.adsl.xs4all.nl> has joined #aichallenge
2012-01-28T11:47:43  *** mindeavor <mindeavor!~mindeavor@rrcs-71-41-203-91.sw.biz.rr.com> has joined #aichallenge
2012-01-28T11:48:03  *** mindeavor <mindeavor!~mindeavor@rrcs-71-41-203-91.sw.biz.rr.com> has quit IRC (Client Quit)
2012-01-28T11:49:54  *** X-Scale <X-Scale!email@sgi-ultra64.broker.freenet6.net> has quit IRC (Ping timeout: 272 seconds)
2012-01-28T11:57:08  *** X-Scale <X-Scale!email@89.180.172.116> has joined #aichallenge
2012-01-28T11:57:31  *** X-Scale is now known as Guest6064
2012-01-28T12:40:28  *** _flag <_flag!~flag@69-165-173-172.dsl.teksavvy.com> has joined #aichallenge
2012-01-28T12:58:36  *** amstan <amstan!~alex@aichallenge/admin/amstan> has joined #aichallenge
2012-01-28T12:58:36  *** ChanServ sets mode: +o amstan
2012-01-28T13:12:35  *** Chris_0076 <Chris_0076!~Chris_007@adsl-74-190-54-22.asm.bellsouth.net> has quit IRC (Quit: Leaving)
2012-01-28T13:14:33  *** chris_0076 <chris_0076!~chris_007@adsl-74-190-54-22.asm.bellsouth.net> has joined #aichallenge
2012-01-28T13:17:32  *** Guest6064 <Guest6064!email@89.180.172.116> has quit IRC (Remote host closed the connection)
2012-01-28T13:18:02  *** X-Scale <X-Scale!email@sgi-ultra64.broker.freenet6.net> has joined #aichallenge
2012-01-28T13:18:30  *** X-Scale is now known as Guest66416
2012-01-28T13:20:23  *** Guest66416 is now known as X-Scale
2012-01-28T13:28:52  *** wtpayne <wtpayne!~textual@pool-108-14-209-60.nycmny.east.verizon.net> has quit IRC ()
2012-01-28T13:30:39  *** amstan <amstan!~alex@aichallenge/admin/amstan> has quit IRC (Quit: Konversation terminated!)
2012-01-28T14:05:37  *** ikaros <ikaros!~ikaros@dslb-094-219-214-087.pools.arcor-ip.net> has joined #aichallenge
2012-01-28T14:10:30  *** ikaros <ikaros!~ikaros@dslb-094-219-214-087.pools.arcor-ip.net> has quit IRC (Client Quit)
2012-01-28T14:12:52  *** ikaros <ikaros!~ikaros@dslb-094-219-214-087.pools.arcor-ip.net> has joined #aichallenge
2012-01-28T14:51:33  *** Accoun <Accoun!~1@static-213-88-39-97.chebnet.ru> has quit IRC ()
2012-01-28T15:11:37  *** Accoun <Accoun!~1@static-213-88-39-97.chebnet.ru> has joined #aichallenge
2012-01-28T15:32:59  *** wtpayne <wtpayne!~textual@pool-108-14-209-60.nycmny.east.verizon.net> has joined #aichallenge
2012-01-28T15:55:10  *** Kurnevsky <Kurnevsky!~Errins@178.163.249.87> has left #aichallenge
2012-01-28T16:08:27  *** Akranis <Akranis!~Mattias@u193-11-163-114.studentnatet.se> has joined #aichallenge
2012-01-28T16:10:41  *** Akranis <Akranis!~Mattias@u193-11-163-114.studentnatet.se> has left #aichallenge
2012-01-28T16:21:22  *** chris_0076 <chris_0076!~chris_007@adsl-74-190-54-22.asm.bellsouth.net> has quit IRC (Quit: Leaving)
2012-01-28T16:24:10  *** Chris_0076 <Chris_0076!~Chris_007@adsl-74-190-54-22.asm.bellsouth.net> has joined #aichallenge
2012-01-28T16:24:45  *** treeform_ <treeform_!~treeform@c-69-181-52-73.hsd1.ca.comcast.net> has joined #aichallenge
2012-01-28T16:28:19  *** treeform <treeform!~treeform@c-69-181-52-73.hsd1.ca.comcast.net> has quit IRC (Ping timeout: 248 seconds)
2012-01-28T16:47:27  *** kilae <kilae!~chatzilla@catv-161-018.tbwil.ch> has quit IRC (Quit: ChatZilla 0.9.88 [Firefox 9.0.1/20111220165912])
2012-01-28T16:56:53  *** ikaros <ikaros!~ikaros@dslb-094-219-214-087.pools.arcor-ip.net> has quit IRC (Remote host closed the connection)
2012-01-28T17:03:56  *** choas <choas!~lars@p4FDC54E8.dip.t-dialin.net> has quit IRC (Ping timeout: 260 seconds)
2012-01-28T17:19:17  *** mindeavor <mindeavor!~mindeavor@rrcs-67-78-81-218.sw.biz.rr.com> has joined #aichallenge
2012-01-28T17:31:44  *** treeform_ <treeform_!~treeform@c-69-181-52-73.hsd1.ca.comcast.net> has quit IRC (Remote host closed the connection)
2012-01-28T17:33:45  *** antimatroidl <antimatroidl!~Adium@217.106-27-211.dynamic.dsl.mel.iprimus.net.au> has joined #aichallenge
2012-01-28T17:43:18  *** mindeavor <mindeavor!~mindeavor@rrcs-67-78-81-218.sw.biz.rr.com> has quit IRC (Quit: mindeavor)
2012-01-28T17:46:11  *** dimqv <dimqv!598938eb@gateway/web/freenode/ip.89.137.56.235> has joined #aichallenge
2012-01-28T17:47:19  *** foRei <foRei!~ViT@0x4dd7b24d.adsl.cybercity.dk> has joined #aichallenge
2012-01-28T17:51:06  *** Redgis <Redgis!~Nex@mic92-15-78-228-234-140.fbx.proxad.net> has joined #aichallenge
2012-01-28T17:54:06  *** X-Scale <X-Scale!email@sgi-ultra64.broker.freenet6.net> has quit IRC (Ping timeout: 272 seconds)
2012-01-28T17:55:28  *** X-Scale <X-Scale!email@sgi-ultra64.broker.freenet6.net> has joined #aichallenge
2012-01-28T17:55:50  *** X-Scale is now known as Guest23083
2012-01-28T18:01:50  *** pairofdice <pairofdice!~pod@dsl-hkibrasgw2-ff67c300-50.dhcp.inet.fi> has quit IRC (Quit: When cryptography is outlawed, bayl bhgynjf jvyy unir cevinpl.)
2012-01-28T18:03:06  *** Guest23083 is now known as X-Scale
2012-01-28T18:03:55  *** Jak_o_Shadows <Jak_o_Shadows!~Fake@CPE-144-136-214-52.sa.bigpond.net.au> has joined #aichallenge
2012-01-28T18:21:47  *** wtpayne <wtpayne!~textual@pool-108-14-209-60.nycmny.east.verizon.net> has quit IRC ()
2012-01-28T18:25:47  *** mceier <mceier!~mceier@89-77-140-105.dynamic.chello.pl> has quit IRC (Quit: leaving)
2012-01-28T18:54:29  *** Palmik <Palmik!~palmik@man-208-200.pks.muni.cz> has quit IRC ()
2012-01-28T19:02:16  *** antimatroidl <antimatroidl!~Adium@217.106-27-211.dynamic.dsl.mel.iprimus.net.au> has quit IRC (Quit: Leaving.)
2012-01-28T19:05:42  *** Redgis <Redgis!~Nex@mic92-15-78-228-234-140.fbx.proxad.net> has quit IRC (Read error: Connection reset by peer)
2012-01-28T19:06:29  *** TheLinker <TheLinker!~TheLinker@host80.190-226-80.telecom.net.ar> has quit IRC (Quit: Bye)
2012-01-28T19:43:31  *** heinrich5991 <heinrich5991!~hein5991@unaffiliated/heinrich5991> has quit IRC (Ping timeout: 255 seconds)
2012-01-28T19:56:03  *** heinrich5 <heinrich5!~hein5991@unaffiliated/heinrich5991> has joined #aichallenge
2012-01-28T20:16:43  *** wtpayne <wtpayne!~textual@pool-108-14-209-60.nycmny.east.verizon.net> has joined #aichallenge
2012-01-28T20:54:28  *** treeform <treeform!~treeform@c-69-181-52-73.hsd1.ca.comcast.net> has joined #aichallenge
2012-01-28T21:19:27  *** amstan <amstan!~alex@aichallenge/admin/amstan> has joined #aichallenge
2012-01-28T21:19:27  *** ChanServ sets mode: +o amstan
2012-01-28T21:44:36  *** KP13 <KP13!~Kingpin13@Wikipedia/Kingpin13> has joined #aichallenge
2012-01-28T21:46:13  *** Jak_o_Shadows is now known as Jak_o_Away
2012-01-28T21:46:17  *** Kingpin13 <Kingpin13!~Kingpin13@Wikipedia/Kingpin13> has quit IRC (Ping timeout: 260 seconds)
2012-01-28T21:47:44  *** KP13 <KP13!~Kingpin13@Wikipedia/Kingpin13> has quit IRC (Max SendQ exceeded)
2012-01-28T21:49:37  *** KP13 <KP13!~Kingpin13@Wikipedia/Kingpin13> has joined #aichallenge
2012-01-28T21:54:29  *** KP13 <KP13!~Kingpin13@Wikipedia/Kingpin13> has quit IRC (Ping timeout: 255 seconds)
2012-01-28T21:54:29  *** Kingpin13 <Kingpin13!~Kingpin13@cpc25-aztw23-2-0-cust226.aztw.cable.virginmedia.com> has joined #aichallenge
2012-01-28T21:54:30  *** Kingpin13 <Kingpin13!~Kingpin13@Wikipedia/Kingpin13> has joined #aichallenge
2012-01-28T21:59:43  *** Cyndre_ <Cyndre_!~Cyndre@DOCSIS-182-133.cable-lynx.net> has joined #aichallenge
2012-01-28T21:59:55  *** Cyndre <Cyndre!~Cyndre@DOCSIS-182-133.cable-lynx.net> has quit IRC (Read error: Connection reset by peer)
2012-01-28T22:04:22  *** srk <srk!~sorki@fedora/sorki> has quit IRC (Ping timeout: 260 seconds)
2012-01-28T22:05:08  *** srk <srk!~sorki@fedora/sorki> has joined #aichallenge
2012-01-28T22:05:32  *** CIA-41 <CIA-41!~CIA@cia.atheme.org> has quit IRC (Ping timeout: 260 seconds)
2012-01-28T22:07:22  *** CIA-41 <CIA-41!~CIA@cia.atheme.org> has joined #aichallenge
2012-01-28T22:13:30  *** Kingpin13 <Kingpin13!~Kingpin13@Wikipedia/Kingpin13> has quit IRC (Ping timeout: 248 seconds)
2012-01-28T22:19:52  *** Kingpin13 <Kingpin13!~Kingpin13@Wikipedia/Kingpin13> has joined #aichallenge
2012-01-28T22:22:27  *** ruser <ruser!~nomad@23.19.120.250> has quit IRC (Ping timeout: 260 seconds)
2012-01-28T22:23:05  *** foRei <foRei!~ViT@0x4dd7b24d.adsl.cybercity.dk> has quit IRC (Quit: Bye)
2012-01-28T22:25:37  *** ruser <ruser!~nomad@23.19.120.250> has joined #aichallenge
2012-01-28T22:27:18  *** mindeavor <mindeavor!~mindeavor@rrcs-67-78-81-218.sw.biz.rr.com> has joined #aichallenge
2012-01-28T22:32:45  *** KP13 <KP13!~Kingpin13@Wikipedia/Kingpin13> has joined #aichallenge
2012-01-28T22:34:32  *** Kingpin13 <Kingpin13!~Kingpin13@Wikipedia/Kingpin13> has quit IRC (Ping timeout: 255 seconds)
2012-01-28T22:37:27  *** Kingpin13 <Kingpin13!~Kingpin13@Wikipedia/Kingpin13> has joined #aichallenge
2012-01-28T22:38:14  *** KP13 <KP13!~Kingpin13@Wikipedia/Kingpin13> has quit IRC (Ping timeout: 252 seconds)
2012-01-28T22:45:56  *** Kingpin13 <Kingpin13!~Kingpin13@Wikipedia/Kingpin13> has quit IRC (Ping timeout: 252 seconds)
2012-01-28T23:01:05  *** Kingpin13 <Kingpin13!~Kingpin13@Wikipedia/Kingpin13> has joined #aichallenge
2012-01-28T23:21:22  *** Kingpin13 <Kingpin13!~Kingpin13@Wikipedia/Kingpin13> has quit IRC (Ping timeout: 260 seconds)
2012-01-28T23:28:39  *** Kingpin13 <Kingpin13!~Kingpin13@Wikipedia/Kingpin13> has joined #aichallenge
2012-01-28T23:51:00  *** mindeavor <mindeavor!~mindeavor@rrcs-67-78-81-218.sw.biz.rr.com> has quit IRC (Quit: mindeavor)
2012-01-28T23:55:16  *** mindeavor <mindeavor!~mindeavor@rrcs-67-78-81-218.sw.biz.rr.com> has joined #aichallenge
2012-01-28T23:55:22  *** TheLinker <TheLinker!~TheLinker@host80.190-226-80.telecom.net.ar> has joined #aichallenge
2012-01-28T23:55:38  *** mindeavor <mindeavor!~mindeavor@rrcs-67-78-81-218.sw.biz.rr.com> has quit IRC (Client Quit)
