2012-06-17T02:23:32  *** pairofdice <pairofdice!~pod@dsl-hkibrasgw2-fed3df00-232.dhcp.inet.fi> has joined #aichallenge
2012-06-17T02:35:22  *** UncleVasya <UncleVasya!kvirc@46-133-134-35.dialup.umc.net.ua> has joined #aichallenge
2012-06-17T02:36:10  *** thestinger <thestinger!~strcat@CPE98fc1165cb6f-CM00159a09b2d0.cpe.net.cable.rogers.com> has quit IRC (Quit: WeeChat 0.3.8)
2012-06-17T02:36:29  *** thestinger <thestinger!~strcat@CPE98fc1165cb6f-CM00159a09b2d0.cpe.net.cable.rogers.com> has joined #aichallenge
2012-06-17T02:38:42  *** thestinger <thestinger!~strcat@CPE98fc1165cb6f-CM00159a09b2d0.cpe.net.cable.rogers.com> has quit IRC (Client Quit)
2012-06-17T02:38:56  *** thestinger <thestinger!~strcat@CPE98fc1165cb6f-CM00159a09b2d0.cpe.net.cable.rogers.com> has joined #aichallenge
2012-06-17T02:41:09  *** thestinger <thestinger!~strcat@CPE98fc1165cb6f-CM00159a09b2d0.cpe.net.cable.rogers.com> has quit IRC (Client Quit)
2012-06-17T02:41:26  *** thestinger <thestinger!~strcat@CPE98fc1165cb6f-CM00159a09b2d0.cpe.net.cable.rogers.com> has joined #aichallenge
2012-06-17T03:05:59  *** UncleVasya <UncleVasya!kvirc@46-133-134-35.dialup.umc.net.ua> has quit IRC ()
2012-06-17T03:22:41  *** thestinger <thestinger!~strcat@CPE98fc1165cb6f-CM00159a09b2d0.cpe.net.cable.rogers.com> has quit IRC (Quit: WeeChat 0.3.8)
2012-06-17T03:23:02  *** thestinger <thestinger!~strcat@CPE98fc1165cb6f-CM00159a09b2d0.cpe.net.cable.rogers.com> has joined #aichallenge
2012-06-17T03:28:06  *** thestinger <thestinger!~strcat@CPE98fc1165cb6f-CM00159a09b2d0.cpe.net.cable.rogers.com> has quit IRC (Quit: WeeChat 0.3.8)
2012-06-17T03:32:52  *** epicmonkey <epicmonkey!~epicmonke@188.134.41.211> has joined #aichallenge
2012-06-17T03:32:56  *** thestinger <thestinger!~strcat@CPE98fc1165cb6f-CM00159a09b2d0.cpe.net.cable.rogers.com> has joined #aichallenge
2012-06-17T03:39:10  *** amstan <amstan!~alex@aichallenge/admin/amstan> has quit IRC (Quit: Konversation terminated!)
2012-06-17T04:10:00  *** coeus <coeus!~coeus@dslb-084-061-056-077.pools.arcor-ip.net> has joined #aichallenge
2012-06-17T04:46:35  *** thestinger <thestinger!~strcat@CPE98fc1165cb6f-CM00159a09b2d0.cpe.net.cable.rogers.com> has quit IRC (Quit: WeeChat 0.3.8)
2012-06-17T04:58:49  *** choas <choas!~lars@p5795C6DE.dip.t-dialin.net> has joined #aichallenge
2012-06-17T05:27:32  *** foRei <foRei!~ViT@0x4dd7b24d.adsl.cybercity.dk> has joined #aichallenge
2012-06-17T05:40:59  *** UncleVasya <UncleVasya!kvirc@46-133-134-35.dialup.umc.net.ua> has joined #aichallenge
2012-06-17T05:49:45  *** pairofdice <pairofdice!~pod@dsl-hkibrasgw2-fed3df00-232.dhcp.inet.fi> has quit IRC (Quit: in girum imus nocte et consumimur igni)
2012-06-17T05:58:47  *** archdori_ <archdori_!~Fandekasp@sannin29240.nirai.ne.jp> has quit IRC (Read error: Connection reset by peer)
2012-06-17T06:42:53  *** mceier <mceier!~mceier@89-77-239-61.dynamic.chello.pl> has joined #aichallenge
2012-06-17T06:49:54  *** UncleVasya <UncleVasya!kvirc@46-133-134-35.dialup.umc.net.ua> has quit IRC (Read error: Connection reset by peer)
2012-06-17T07:30:37  *** HaraKiri <HaraKiri!~hara@e182033020.adsl.alicedsl.de> has joined #aichallenge
2012-06-17T07:32:03  *** mleise <mleise!~marco@dslb-088-071-253-025.pools.arcor-ip.net> has joined #aichallenge
2012-06-17T07:42:09  *** mcstar <mcstar!~mcstar@adsl-89-132-45-130.monradsl.monornet.hu> has joined #aichallenge
2012-06-17T07:48:18  *** choas <choas!~lars@p5795C6DE.dip.t-dialin.net> has quit IRC (Ping timeout: 244 seconds)
2012-06-17T07:59:52  *** Kingpin13 <Kingpin13!~Kingpin13@Wikipedia/Kingpin13> has joined #aichallenge
2012-06-17T08:04:06  *** Palmik <Palmik!~palmik@120-49-80-78.tmcz.cz> has joined #aichallenge
2012-06-17T08:46:24  *** IgorPetruk <IgorPetruk!5d4ba17f@gateway/web/freenode/ip.93.75.161.127> has joined #aichallenge
2012-06-17T08:47:42  *** IgorPetruk <IgorPetruk!5d4ba17f@gateway/web/freenode/ip.93.75.161.127> has quit IRC (Client Quit)
2012-06-17T09:03:23  *** epicmonkey <epicmonkey!~epicmonke@188.134.41.211> has quit IRC (Remote host closed the connection)
2012-06-17T09:05:13  *** Kingpin13 <Kingpin13!~Kingpin13@Wikipedia/Kingpin13> has quit IRC (Ping timeout: 248 seconds)
2012-06-17T09:05:14  *** epicmonkey <epicmonkey!~epicmonke@188.134.41.211> has joined #aichallenge
2012-06-17T09:09:00  *** Kingpin13 <Kingpin13!~Kingpin13@Wikipedia/Kingpin13> has joined #aichallenge
2012-06-17T09:36:51  *** kurnevsky <kurnevsky!~kurnevsky@37.17.113.213> has joined #aichallenge
2012-06-17T09:48:42  *** Masxmasx{AFK} <Masxmasx{AFK}!~IetsVulga@u134.baconseed.org> has left #aichallenge
2012-06-17T09:56:39  *** Kingpin13 <Kingpin13!~Kingpin13@Wikipedia/Kingpin13> has quit IRC (Ping timeout: 252 seconds)
2012-06-17T10:54:11  *** meduza <meduza!c326175e@gateway/web/freenode/ip.195.38.23.94> has quit IRC (Quit: Page closed)
2012-06-17T11:10:53  *** GuiKa <GuiKa!c351e489@gateway/web/freenode/ip.195.81.228.137> has joined #aichallenge
2012-06-17T11:21:42  *** NoxiaZ^ <NoxiaZ^!~noxi@87-104-29-39-dynamic-customer.profibernet.dk> has joined #aichallenge
2012-06-17T11:27:21  *** _flag <_flag!~flag@69-165-173-172.dsl.teksavvy.com> has joined #aichallenge
2012-06-17T11:28:10  *** sigh <sigh!~sigh@ppp114-153.static.internode.on.net> has quit IRC (Remote host closed the connection)
2012-06-17T11:38:56  *** bluegaspodw <bluegaspodw!59cc826f@gateway/web/freenode/ip.89.204.130.111> has joined #aichallenge
2012-06-17T11:57:52  *** HaraKiri <HaraKiri!~hara@e182033020.adsl.alicedsl.de> has quit IRC ()
2012-06-17T11:59:56  *** bluegaspodw <bluegaspodw!59cc826f@gateway/web/freenode/ip.89.204.130.111> has quit IRC (Ping timeout: 245 seconds)
2012-06-17T12:04:33  *** Kingpin13 <Kingpin13!~Kingpin13@Wikipedia/Kingpin13> has joined #aichallenge
2012-06-17T12:36:28  *** Kingpin13 <Kingpin13!~Kingpin13@Wikipedia/Kingpin13> has quit IRC (Ping timeout: 245 seconds)
2012-06-17T12:51:29  *** choas <choas!~lars@p5795C6DE.dip.t-dialin.net> has joined #aichallenge
2012-06-17T12:51:53  *** ChanServ <ChanServ!ChanServ@services.> has quit IRC (*.net *.split)
2012-06-17T12:57:01  *** GuiKa <GuiKa!c351e489@gateway/web/freenode/ip.195.81.228.137> has quit IRC (Ping timeout: 245 seconds)
2012-06-17T13:14:17  *** mleise <mleise!~marco@dslb-088-071-253-025.pools.arcor-ip.net> has quit IRC (Ping timeout: 252 seconds)
2012-06-17T13:14:47  *** ChanServ <ChanServ!ChanServ@services.> has joined #aichallenge
2012-06-17T13:14:47  *** hitchcock.freenode.net sets mode: +o ChanServ
2012-06-17T13:22:10  *** amstan <amstan!~alex@aichallenge/admin/amstan> has joined #aichallenge
2012-06-17T13:22:10  *** ChanServ sets mode: +o amstan
2012-06-17T13:26:04  *** mceier <mceier!~mceier@89-77-239-61.dynamic.chello.pl> has quit IRC (Ping timeout: 265 seconds)
2012-06-17T13:26:22  *** mceier <mceier!~mceier@89-77-239-61.dynamic.chello.pl> has joined #aichallenge
2012-06-17T14:02:26  *** GuiKa <GuiKa!c351e489@gateway/web/freenode/ip.195.81.228.137> has joined #aichallenge
2012-06-17T14:16:33  <GuiKa> @rainbow rainbow
2012-06-17T14:16:33  <contestbot> GuiKa: rainbow
2012-06-17T14:47:18  *** loglog <loglog!~loglog@ec2-184-72-205-117.compute-1.amazonaws.com> has quit IRC (Remote host closed the connection)
2012-06-17T14:47:36  *** loglog <loglog!~loglog@ec2-184-72-205-117.compute-1.amazonaws.com> has joined #aichallenge
2012-06-17T14:53:20  *** xoposhiy <xoposhiy!d5bf077b@gateway/web/freenode/ip.213.191.7.123> has joined #aichallenge
2012-06-17T15:02:43  *** kurnevsky <kurnevsky!~kurnevsky@37.17.113.213> has quit IRC (Read error: Connection reset by peer)
2012-06-17T15:03:27  *** kurnevsky <kurnevsky!~kurnevsky@37.17.113.213> has joined #aichallenge
2012-06-17T15:14:18  *** Accoun <Accoun!~1@static-213-88-39-97.chebnet.ru> has quit IRC ()
2012-06-17T15:34:45  *** amstan <amstan!~alex@aichallenge/admin/amstan> has quit IRC (Read error: Connection reset by peer)
2012-06-17T15:36:19  *** amstan <amstan!~alex@aichallenge/admin/amstan> has joined #aichallenge
2012-06-17T15:36:19  *** ChanServ sets mode: +o amstan
2012-06-17T15:38:09  *** Accoun <Accoun!~1@static-213-88-39-97.chebnet.ru> has joined #aichallenge
2012-06-17T15:40:00  *** thestinger <thestinger!~strcat@CPE98fc1165cb6f-CM00159a09b2d0.cpe.net.cable.rogers.com> has joined #aichallenge
2012-06-17T15:41:13  *** xoposhiy <xoposhiy!d5bf077b@gateway/web/freenode/ip.213.191.7.123> has quit IRC (Quit: Page closed)
2012-06-17T16:13:28  *** kurnevsky <kurnevsky!~kurnevsky@37.17.113.213> has quit IRC (Quit: Leaving.)
2012-06-17T16:44:48  *** amstan <amstan!~alex@aichallenge/admin/amstan> has quit IRC (Quit: Konversation terminated!)
2012-06-17T16:49:31  *** HaraKiri <HaraKiri!~hara@g224176216.adsl.alicedsl.de> has joined #aichallenge
2012-06-17T17:05:47  *** Palmik <Palmik!~palmik@120-49-80-78.tmcz.cz> has quit IRC ()
2012-06-17T17:18:29  *** HaraKiri <HaraKiri!~hara@g224176216.adsl.alicedsl.de> has quit IRC ()
2012-06-17T17:18:38  *** mceier <mceier!~mceier@89-77-239-61.dynamic.chello.pl> has quit IRC (Quit: leaving)
2012-06-17T17:19:33  *** foRei <foRei!~ViT@0x4dd7b24d.adsl.cybercity.dk> has quit IRC (Read error: Connection reset by peer)
2012-06-17T17:29:31  *** GuiKa <GuiKa!c351e489@gateway/web/freenode/ip.195.81.228.137> has quit IRC (Quit: Page closed)
2012-06-17T17:31:28  *** epicmonkey <epicmonkey!~epicmonke@188.134.41.211> has quit IRC (Ping timeout: 240 seconds)
2012-06-17T17:47:44  *** choas <choas!~lars@p5795C6DE.dip.t-dialin.net> has quit IRC (Ping timeout: 245 seconds)
2012-06-17T18:16:37  *** Accoun <Accoun!~1@static-213-88-39-97.chebnet.ru> has quit IRC (*.net *.split)
2012-06-17T18:16:37  *** loglog <loglog!~loglog@ec2-184-72-205-117.compute-1.amazonaws.com> has quit IRC (*.net *.split)
2012-06-17T18:16:37  *** mcstar <mcstar!~mcstar@adsl-89-132-45-130.monradsl.monornet.hu> has quit IRC (*.net *.split)
2012-06-17T18:17:34  *** Accoun <Accoun!~1@static-213-88-39-97.chebnet.ru> has joined #aichallenge
2012-06-17T18:23:11  *** mcstar <mcstar!~mcstar@adsl-89-132-45-130.monradsl.monornet.hu> has joined #aichallenge
2012-06-17T18:27:16  *** Ender_ <Ender_!4de3a6b9@gateway/web/freenode/ip.77.227.166.185> has joined #aichallenge
2012-06-17T18:35:23  *** Ender_ <Ender_!4de3a6b9@gateway/web/freenode/ip.77.227.166.185> has quit IRC (Quit: Page closed)
2012-06-17T18:36:15  *** thestinger <thestinger!~strcat@CPE98fc1165cb6f-CM00159a09b2d0.cpe.net.cable.rogers.com> has quit IRC (Quit: WeeChat 0.3.8)
2012-06-17T18:43:23  *** thestinger <thestinger!~strcat@CPE98fc1165cb6f-CM00159a09b2d0.cpe.net.cable.rogers.com> has joined #aichallenge
2012-06-17T18:43:53  *** mcstar <mcstar!~mcstar@adsl-89-132-45-130.monradsl.monornet.hu> has quit IRC (Quit: mcstar)
2012-06-17T18:44:59  *** foRei <foRei!~ViT@0x4dd7b24d.adsl.cybercity.dk> has joined #aichallenge
2012-06-17T19:17:55  *** NoxiaZ^ <NoxiaZ^!~noxi@87-104-29-39-dynamic-customer.profibernet.dk> has quit IRC (Ping timeout: 260 seconds)
2012-06-17T19:21:20  *** mleise <mleise!~marco@dslb-088-071-191-198.pools.arcor-ip.net> has joined #aichallenge
2012-06-17T19:23:55  *** foRei <foRei!~ViT@0x4dd7b24d.adsl.cybercity.dk> has quit IRC (Quit: Bye)
2012-06-17T20:05:52  *** welterde <welterde!welterde@thinkbase.srv.welterde.de> has quit IRC (Ping timeout: 264 seconds)
2012-06-17T20:15:04  *** mleise <mleise!~marco@dslb-088-071-191-198.pools.arcor-ip.net> has quit IRC (Ping timeout: 246 seconds)
2012-06-17T20:15:21  *** Apophis_ <Apophis_!~apophis@80-218-68-103.dclient.hispeed.ch> has quit IRC (Read error: Connection reset by peer)
2012-06-17T20:17:57  *** Apophis <Apophis!~apophis@80-218-68-103.dclient.hispeed.ch> has joined #aichallenge
2012-06-17T20:18:57  *** welterde <welterde!welterde@thinkbase.srv.welterde.de> has joined #aichallenge
2012-06-17T20:22:57  *** amstan <amstan!~alex@aichallenge/admin/amstan> has joined #aichallenge
2012-06-17T20:22:58  *** ChanServ sets mode: +o amstan
2012-06-17T22:51:52  *** _flag <_flag!~flag@69-165-173-172.dsl.teksavvy.com> has quit IRC (Quit: Lost terminal)
