2012-07-11T01:18:29  *** Areks <Areks!~Areks@rs.gridnine.com> has joined #aichallenge
2012-07-11T02:13:44  *** coeus <coeus!~coeus@dslb-084-061-007-020.pools.arcor-ip.net> has quit IRC (Read error: Operation timed out)
2012-07-11T02:29:45  *** mceier <mceier!~mceier@77-252-246-25.ip.netia.com.pl> has joined #aichallenge
2012-07-11T02:34:18  *** kurnevsky <kurnevsky!~kurnevsky@178.127.142.138> has joined #aichallenge
2012-07-11T03:00:31  *** epicmonkey <epicmonkey!~epicmonke@188.134.41.211> has joined #aichallenge
2012-07-11T03:12:44  *** NoxiaZ^ <NoxiaZ^!~noxi@87-104-29-39-dynamic-customer.profibernet.dk> has joined #aichallenge
2012-07-11T03:33:49  *** epicmonkey <epicmonkey!~epicmonke@188.134.41.211> has quit IRC (Ping timeout: 240 seconds)
2012-07-11T03:45:56  *** mviel <mviel!~mviel@pla93-2-82-226-6-229.fbx.proxad.net> has joined #aichallenge
2012-07-11T04:22:29  *** thestinger <thestinger!~strcat@CPE98fc1165cb6f-CM00159a09b2d0.cpe.net.cable.rogers.com> has quit IRC (Quit: WeeChat 0.3.8)
2012-07-11T04:52:01  *** epicmonkey <epicmonkey!~epicmonke@host-224-60.dataart.net> has joined #aichallenge
2012-07-11T04:59:17  *** amstan <amstan!~alex@aichallenge/admin/amstan> has quit IRC (Quit: Konversation terminated!)
2012-07-11T05:17:30  *** HaraKiri <HaraKiri!~hara@e182043128.adsl.alicedsl.de> has joined #aichallenge
2012-07-11T05:22:29  *** FireFly <FireFly!~firefly@firefly.xen.prgmr.com> has quit IRC (Changing host)
2012-07-11T05:22:29  *** FireFly <FireFly!~firefly@oftn/member/FireFly> has joined #aichallenge
2012-07-11T05:23:10  *** kurnevsky <kurnevsky!~kurnevsky@178.127.142.138> has quit IRC (Quit: Leaving.)
2012-07-11T05:30:54  *** foRei <foRei!~ViT@0x4dd7b24d.adsl.cybercity.dk> has joined #aichallenge
2012-07-11T05:37:54  *** sigh <sigh!~sigh@ppp114-153.static.internode.on.net> has joined #aichallenge
2012-07-11T05:53:13  *** pairofdice <pairofdice!~pod@dsl-hkibrasgw2-fed3df00-232.dhcp.inet.fi> has joined #aichallenge
2012-07-11T06:30:52  *** Blkt <Blkt!~user@82.84.189.92> has joined #aichallenge
2012-07-11T07:06:19  *** mleise <mleise!~marco@dslb-178-011-044-234.pools.arcor-ip.net> has joined #aichallenge
2012-07-11T07:20:26  *** antimatroid <antimatroid!~nick@223.346.dsl.mel.iprimus.net.au> has quit IRC (Ping timeout: 255 seconds)
2012-07-11T07:41:22  *** HaraKiri <HaraKiri!~hara@e182043128.adsl.alicedsl.de> has quit IRC ()
2012-07-11T07:43:18  *** antimatroid <antimatroid!~nick@223.346.dsl.mel.iprimus.net.au> has joined #aichallenge
2012-07-11T08:05:55  *** Surya <Surya!5a2ebd9b@gateway/web/freenode/ip.90.46.189.155> has joined #aichallenge
2012-07-11T08:06:19  *** Surya is now known as Guest17533
2012-07-11T08:06:31  <Guest17533> o/
2012-07-11T08:06:46  <Guest17533> Can't wait for the next AI challenge!
2012-07-11T08:10:38  <ronchamon> Alas, I fear it might be a long wait.
2012-07-11T08:14:03  <mleise> O:-)
2012-07-11T08:18:49  *** Guest17533 <Guest17533!5a2ebd9b@gateway/web/freenode/ip.90.46.189.155> has quit IRC (Quit: Page closed)
2012-07-11T10:00:24  <Flandere> How long a wait is long?
2012-07-11T10:00:32  *** thestinger <thestinger!~strcat@CPE98fc1165cb6f-CM00159a09b2d0.cpe.net.cable.rogers.com> has joined #aichallenge
2012-07-11T10:05:46  *** HaraKiri <HaraKiri!~hara@e182043128.adsl.alicedsl.de> has joined #aichallenge
2012-07-11T10:05:54  *** mceier <mceier!~mceier@77-252-246-25.ip.netia.com.pl> has quit IRC (Quit: leaving)
2012-07-11T10:24:43  *** ejls <ejls!~Epsilon01@88.190.209.93> has joined #aichallenge
2012-07-11T10:36:56  *** Blkt` <Blkt`!~Blkt@82.84.189.92> has joined #aichallenge
2012-07-11T10:38:10  *** Blkt <Blkt!~user@82.84.189.92> has quit IRC (Ping timeout: 250 seconds)
2012-07-11T10:45:17  *** Garf <Garf!~Garf@78-22-80-252.access.telenet.be> has quit IRC (Quit: Make a new plan, Stan!)
2012-07-11T10:46:17  *** mcstar <mcstar!~mcstar@adsl-89-135-199-85.monradsl.monornet.hu> has joined #aichallenge
2012-07-11T10:49:18  *** Garf <Garf!~Garf@78-22-80-252.access.telenet.be> has joined #aichallenge
2012-07-11T10:58:55  *** Areks <Areks!~Areks@rs.gridnine.com> has quit IRC (Read error: Connection reset by peer)
2012-07-11T10:59:50  *** Areks <Areks!~Areks@rs.gridnine.com> has joined #aichallenge
2012-07-11T11:02:58  *** mceier <mceier!~mceier@89-77-239-61.dynamic.chello.pl> has joined #aichallenge
2012-07-11T11:08:54  *** sigh <sigh!~sigh@ppp114-153.static.internode.on.net> has quit IRC (Remote host closed the connection)
2012-07-11T11:10:19  *** Areks <Areks!~Areks@rs.gridnine.com> has quit IRC (Ping timeout: 272 seconds)
2012-07-11T11:50:00  *** cyphase <cyphase!~cyphase@unaffiliated/cyphase> has quit IRC (Ping timeout: 264 seconds)
2012-07-11T11:50:41  *** thestinger <thestinger!~strcat@CPE98fc1165cb6f-CM00159a09b2d0.cpe.net.cable.rogers.com> has quit IRC (Quit: WeeChat 0.3.8)
2012-07-11T11:51:06  *** thestinger <thestinger!~strcat@CPE98fc1165cb6f-CM00159a09b2d0.cpe.net.cable.rogers.com> has joined #aichallenge
2012-07-11T12:04:49  *** cyphase <cyphase!~cyphase@unaffiliated/cyphase> has joined #aichallenge
2012-07-11T12:15:10  *** HaraKir <HaraKir!~hara@g224188153.adsl.alicedsl.de> has joined #aichallenge
2012-07-11T12:17:14  *** HaraKiri <HaraKiri!~hara@e182043128.adsl.alicedsl.de> has quit IRC (Ping timeout: 252 seconds)
2012-07-11T12:17:25  *** HaraKir is now known as HaraKiri
2012-07-11T12:28:34  *** kurnevsky <kurnevsky!~kurnevsky@178.127.201.51> has joined #aichallenge
2012-07-11T12:49:15  *** namrus <namrus!~namrus@c-76-97-74-7.hsd1.ga.comcast.net> has quit IRC (Quit: ["Textual IRC Client: www.textualapp.com"])
2012-07-11T13:09:17  *** SJRvanSchaik <SJRvanSchaik!~SJRvanSch@ip73-230-174-82.adsl2.static.versatel.nl> has quit IRC (Ping timeout: 265 seconds)
2012-07-11T13:15:35  <mleise> How long, how long must we sing this soooong...
2012-07-11T13:27:54  *** thestinger <thestinger!~strcat@CPE98fc1165cb6f-CM00159a09b2d0.cpe.net.cable.rogers.com> has quit IRC (Read error: Connection reset by peer)
2012-07-11T13:27:55  *** epicmonkey <epicmonkey!~epicmonke@host-224-60.dataart.net> has quit IRC (Ping timeout: 245 seconds)
2012-07-11T13:27:58  *** thestinger1 <thestinger1!~strcat@CPE98fc1165cb6f-CM00159a09b2d0.cpe.net.cable.rogers.com> has joined #aichallenge
2012-07-11T13:35:16  *** thestinger1 is now known as thestinger
2012-07-11T13:35:47  <mcstar> song
2012-07-11T13:35:58  <mcstar> soooong is entirely different
2012-07-11T13:36:17  <mleise> wait let me google it
2012-07-11T13:36:58  *** thestinger <thestinger!~strcat@CPE98fc1165cb6f-CM00159a09b2d0.cpe.net.cable.rogers.com> has quit IRC (Read error: Connection reset by peer)
2012-07-11T13:37:15  <mcstar> noonian soong
2012-07-11T13:37:16  *** thestinger <thestinger!~strcat@CPE98fc1165cb6f-CM00159a09b2d0.cpe.net.cable.rogers.com> has joined #aichallenge
2012-07-11T13:38:10  <mleise> http://de.memory-alpha.org/wiki/Noonien_Soong ???
2012-07-11T13:38:39  <mcstar> http://en.memory-alpha.org/wiki/Noonian_Soong
2012-07-11T13:46:41  <mleise> copy cat
2012-07-11T13:47:08  <mleise> anyway you are right, they are singing "song" not "soooong"
2012-07-11T13:47:30  <mleise> but then: "How lohohooohooooooong"
2012-07-11T14:31:13  *** iglo <iglo!~xy@xdsl-188-118-140-29.dip.osnanet.de> has joined #aichallenge
2012-07-11T14:35:19  *** epicmonkey <epicmonkey!~epicmonke@188.134.41.211> has joined #aichallenge
2012-07-11T15:06:36  *** Accoun <Accoun!~1@static-213-88-39-97.chebnet.ru> has quit IRC ()
2012-07-11T15:07:25  *** coeus <coeus!~coeus@dslb-084-061-007-020.pools.arcor-ip.net> has joined #aichallenge
2012-07-11T15:18:50  *** Accoun <Accoun!~1@static-213-88-39-97.chebnet.ru> has joined #aichallenge
2012-07-11T15:22:49  *** CowZow <CowZow!477fd4fd@gateway/web/freenode/ip.71.127.212.253> has joined #aichallenge
2012-07-11T15:24:48  *** CowZow <CowZow!477fd4fd@gateway/web/freenode/ip.71.127.212.253> has quit IRC (Client Quit)
2012-07-11T15:27:02  *** coeus <coeus!~coeus@dslb-084-061-007-020.pools.arcor-ip.net> has quit IRC (Ping timeout: 265 seconds)
2012-07-11T16:18:33  *** NoxiaZ^ <NoxiaZ^!~noxi@87-104-29-39-dynamic-customer.profibernet.dk> has quit IRC (Ping timeout: 244 seconds)
2012-07-11T16:31:41  *** kurnevsky <kurnevsky!~kurnevsky@178.127.201.51> has quit IRC (Quit: Leaving.)
2012-07-11T16:47:55  *** mcstar <mcstar!~mcstar@adsl-89-135-199-85.monradsl.monornet.hu> has left #aichallenge
2012-07-11T16:50:05  *** coeus <coeus!~coeus@dslb-084-061-007-020.pools.arcor-ip.net> has joined #aichallenge
2012-07-11T17:22:48  *** amstan <amstan!~alex@aichallenge/admin/amstan> has joined #aichallenge
2012-07-11T17:22:48  *** ChanServ sets mode: +o amstan
2012-07-11T17:25:26  *** iglo <iglo!~xy@xdsl-188-118-140-29.dip.osnanet.de> has quit IRC (Remote host closed the connection)
2012-07-11T17:30:01  *** pairofdice <pairofdice!~pod@dsl-hkibrasgw2-fed3df00-232.dhcp.inet.fi> has quit IRC (Ping timeout: 245 seconds)
2012-07-11T17:31:54  *** pairofdice <pairofdice!~pod@dsl-hkibrasgw2-fed3df00-232.dhcp.inet.fi> has joined #aichallenge
2012-07-11T17:48:19  *** HaraKiri <HaraKiri!~hara@g224188153.adsl.alicedsl.de> has quit IRC ()
2012-07-11T17:56:10  *** NoxiaZ^ <NoxiaZ^!~noxi@87-104-29-39-dynamic-customer.profibernet.dk> has joined #aichallenge
2012-07-11T18:06:17  *** pairofdice <pairofdice!~pod@dsl-hkibrasgw2-fed3df00-232.dhcp.inet.fi> has quit IRC (Quit: in girum imus nocte et consumimur igni)
2012-07-11T18:11:51  *** NoxiaZ^ <NoxiaZ^!~noxi@87-104-29-39-dynamic-customer.profibernet.dk> has quit IRC (Ping timeout: 255 seconds)
2012-07-11T18:25:52  *** coeus <coeus!~coeus@dslb-084-061-007-020.pools.arcor-ip.net> has quit IRC (Ping timeout: 265 seconds)
2012-07-11T18:44:15  *** mceier <mceier!~mceier@89-77-239-61.dynamic.chello.pl> has quit IRC (Quit: leaving)
2012-07-11T18:45:13  *** cyphase <cyphase!~cyphase@unaffiliated/cyphase> has quit IRC (Ping timeout: 264 seconds)
2012-07-11T19:00:20  *** cyphase <cyphase!~cyphase@unaffiliated/cyphase> has joined #aichallenge
2012-07-11T19:01:12  *** Apophis <Apophis!~apophis@80.218.68.103> has quit IRC (Read error: Connection reset by peer)
2012-07-11T19:10:10  *** Apophis <Apophis!~apophis@80-218-68-103.dclient.hispeed.ch> has joined #aichallenge
2012-07-11T19:12:55  *** AlbireoX <AlbireoX!~simplyian@99-136-83-34.lightspeed.rcsntx.sbcglobal.net> has quit IRC (Write error: Connection reset by peer)
2012-07-11T19:13:21  *** AlbireoX <AlbireoX!~simplyian@99-136-83-34.lightspeed.rcsntx.sbcglobal.net> has joined #aichallenge
2012-07-11T20:11:10  *** Blkt` <Blkt`!~Blkt@82.84.189.92> has quit IRC (Remote host closed the connection)
2012-07-11T20:15:36  *** epicmonkey <epicmonkey!~epicmonke@188.134.41.211> has quit IRC (Ping timeout: 246 seconds)
2012-07-11T20:47:21  *** scribble <scribble!scribble@74-134-52-176.dhcp.insightbb.com> has joined #aichallenge
2012-07-11T21:02:47  *** foRei <foRei!~ViT@0x4dd7b24d.adsl.cybercity.dk> has quit IRC (Read error: Connection reset by peer)
2012-07-11T23:39:59  *** janzert <janzert!~janzert@24-247-64-243.dhcp.trcy.mi.charter.com> has quit IRC (Read error: Connection reset by peer)
2012-07-11T23:42:18  *** janzert <janzert!~janzert@24-247-64-243.dhcp.trcy.mi.charter.com> has joined #aichallenge
