2012-05-23T00:28:02  *** pairofdice <pairofdice!~pod@dsl-hkibrasgw2-fed3df00-232.dhcp.inet.fi> has joined #aichallenge
2012-05-23T00:43:22  *** coeus <coeus!~coeus@dslb-084-061-056-077.pools.arcor-ip.net> has quit IRC (Read error: Operation timed out)
2012-05-23T02:09:23  *** amstan <amstan!~alex@aichallenge/admin/amstan> has quit IRC (Quit: Konversation terminated!)
2012-05-23T02:17:17  *** Palmik <Palmik!~palmik@man-208-66.pks.muni.cz> has joined #aichallenge
2012-05-23T02:33:15  *** Garf <Garf!~Garf@78-22-80-252.access.telenet.be> has joined #aichallenge
2012-05-23T02:45:52  *** Garf <Garf!~Garf@78-22-80-252.access.telenet.be> has quit IRC (Quit: Make a new plan, Stan!)
2012-05-23T02:49:17  *** Garf <Garf!~Garf@78-22-80-252.access.telenet.be> has joined #aichallenge
2012-05-23T03:13:06  *** archdori <archdori!~Fandekasp@p19204-ipngn100201yosemiya.okinawa.ocn.ne.jp> has joined #aichallenge
2012-05-23T03:16:32  *** Fandekasp <Fandekasp!~Fandekasp@p19204-ipngn100201yosemiya.okinawa.ocn.ne.jp> has quit IRC (Read error: Operation timed out)
2012-05-23T03:23:03  *** epicmonkey <epicmonkey!~epicmonke@188.134.41.211> has joined #aichallenge
2012-05-23T03:46:29  *** pairofdice <pairofdice!~pod@dsl-hkibrasgw2-fed3df00-232.dhcp.inet.fi> has quit IRC (Ping timeout: 260 seconds)
2012-05-23T03:49:05  *** thestinger <thestinger!~strcat@CPE98fc1165cb6f-CM00159a09b2d0.cpe.net.cable.rogers.com> has joined #aichallenge
2012-05-23T03:52:46  *** pairofdice <pairofdice!~pod@dsl-hkibrasgw2-fed3df00-232.dhcp.inet.fi> has joined #aichallenge
2012-05-23T03:53:15  *** kurnevsky <kurnevsky!~kurnevsky@217.21.41.207> has joined #aichallenge
2012-05-23T04:04:15  *** AlliedEnvy <AlliedEnvy!~AlliedEnv@adsl-68-90-44-72.dsl.hstntx.swbell.net> has quit IRC (Ping timeout: 265 seconds)
2012-05-23T04:06:25  *** AlliedEnvy <AlliedEnvy!~AlliedEnv@adsl-68-88-232-174.dsl.hstntx.swbell.net> has joined #aichallenge
2012-05-23T04:35:39  *** Fandekasp <Fandekasp!~Fandekasp@p19204-ipngn100201yosemiya.okinawa.ocn.ne.jp> has joined #aichallenge
2012-05-23T04:38:59  *** archdori <archdori!~Fandekasp@p19204-ipngn100201yosemiya.okinawa.ocn.ne.jp> has quit IRC (Ping timeout: 260 seconds)
2012-05-23T04:48:41  *** kurnevsky <kurnevsky!~kurnevsky@217.21.41.207> has quit IRC (Read error: Connection reset by peer)
2012-05-23T05:37:55  *** cyphase <cyphase!~cyphase@unaffiliated/cyphase> has quit IRC (Quit: http://www.cyphase.com/)
2012-05-23T05:38:10  *** cyphase <cyphase!~cyphase@unaffiliated/cyphase> has joined #aichallenge
2012-05-23T05:39:25  *** Fandekasp <Fandekasp!~Fandekasp@p19204-ipngn100201yosemiya.okinawa.ocn.ne.jp> has quit IRC (Ping timeout: 244 seconds)
2012-05-23T07:49:42  *** Fandekasp <Fandekasp!~Fandekasp@sannin29240.nirai.ne.jp> has joined #aichallenge
2012-05-23T08:09:03  *** coeus <coeus!~coeus@dslb-084-061-056-077.pools.arcor-ip.net> has joined #aichallenge
2012-05-23T08:22:06  *** sigh <sigh!~sigh@ppp114-153.static.internode.on.net> has joined #aichallenge
2012-05-23T08:33:47  *** kurnevsky <kurnevsky!~kurnevsky@217.21.41.207> has joined #aichallenge
2012-05-23T09:20:00  *** epicmonkey <epicmonkey!~epicmonke@188.134.41.211> has quit IRC (Remote host closed the connection)
2012-05-23T09:20:16  *** epicmonkey <epicmonkey!~epicmonke@188.134.41.211> has joined #aichallenge
2012-05-23T09:21:55  *** epicmonkey <epicmonkey!~epicmonke@188.134.41.211> has joined #aichallenge
2012-05-23T09:46:09  *** mleise <mleise!~marco@dslb-088-071-250-214.pools.arcor-ip.net> has quit IRC (Ping timeout: 252 seconds)
2012-05-23T09:52:17  *** foRei <foRei!~ViT@0x4dd7b24d.adsl.cybercity.dk> has joined #aichallenge
2012-05-23T09:53:48  *** mceier <mceier!~mceier@89-77-239-61.dynamic.chello.pl> has joined #aichallenge
2012-05-23T10:07:49  *** kurnevsky1 <kurnevsky1!~kurnevsky@217.21.41.207> has joined #aichallenge
2012-05-23T10:08:14  *** kurnevsky <kurnevsky!~kurnevsky@217.21.41.207> has quit IRC (Read error: Connection reset by peer)
2012-05-23T10:12:00  *** kurnevsky1 <kurnevsky1!~kurnevsky@217.21.41.207> has quit IRC (Read error: Connection reset by peer)
2012-05-23T10:13:22  *** sigh <sigh!~sigh@ppp114-153.static.internode.on.net> has quit IRC (Remote host closed the connection)
2012-05-23T10:50:28  *** epicmonkey <epicmonkey!~epicmonke@188.134.41.211> has quit IRC (Ping timeout: 244 seconds)
2012-05-23T11:27:06  *** arscan <arscan!~arscan@c-76-24-29-27.hsd1.ma.comcast.net> has quit IRC (Ping timeout: 245 seconds)
2012-05-23T11:29:27  *** amstan <amstan!~alex@aichallenge/admin/amstan> has joined #aichallenge
2012-05-23T11:29:27  *** ChanServ sets mode: +o amstan
2012-05-23T11:44:12  *** arscan <arscan!~arscan@c-76-24-29-27.hsd1.ma.comcast.net> has joined #aichallenge
2012-05-23T11:59:28  *** kurnevsky <kurnevsky!~kurnevsky@217.21.41.207> has joined #aichallenge
2012-05-23T12:57:56  *** ermau <ermau!u472@about/csharp/regular/ermau> has joined #aichallenge
2012-05-23T13:22:40  *** thestinger <thestinger!~strcat@CPE98fc1165cb6f-CM00159a09b2d0.cpe.net.cable.rogers.com> has quit IRC (Quit: WeeChat 0.3.7)
2012-05-23T13:22:58  *** thestinger <thestinger!~strcat@CPE98fc1165cb6f-CM00159a09b2d0.cpe.net.cable.rogers.com> has joined #aichallenge
2012-05-23T13:24:04  *** NoxiaZ^ <NoxiaZ^!~noxi@87-104-29-39-dynamic-customer.profibernet.dk> has quit IRC (Ping timeout: 252 seconds)
2012-05-23T13:53:16  *** thestinger <thestinger!~strcat@CPE98fc1165cb6f-CM00159a09b2d0.cpe.net.cable.rogers.com> has quit IRC (Quit: WeeChat 0.3.7)
2012-05-23T13:53:31  *** thestinger <thestinger!~strcat@CPE98fc1165cb6f-CM00159a09b2d0.cpe.net.cable.rogers.com> has joined #aichallenge
2012-05-23T14:03:09  *** NoxiaZ^ <NoxiaZ^!~noxi@87-104-29-39-dynamic-customer.profibernet.dk> has joined #aichallenge
2012-05-23T14:10:41  *** amstan <amstan!~alex@aichallenge/admin/amstan> has quit IRC (Quit: Konversation terminated!)
2012-05-23T14:13:26  *** amstan <amstan!~alex@aichallenge/admin/amstan> has joined #aichallenge
2012-05-23T14:13:26  *** ChanServ sets mode: +o amstan
2012-05-23T14:23:41  *** AlbireoX`Away is now known as AlbireoX
2012-05-23T14:31:58  *** pairofdice <pairofdice!~pod@dsl-hkibrasgw2-fed3df00-232.dhcp.inet.fi> has quit IRC (Quit: in girum imus nocte et consumimur igni)
2012-05-23T14:36:56  *** antimatroid <antimatroid!~nick@244.109-67-202.dynamic.dsl.mel.iprimus.net.au> has joined #aichallenge
2012-05-23T14:37:24  *** antimatroid1 <antimatroid1!~nick@173.103-67-202.dynamic.dsl.mel.iprimus.net.au> has quit IRC (Ping timeout: 252 seconds)
2012-05-23T14:48:26  *** Palmik <Palmik!~palmik@man-208-66.pks.muni.cz> has quit IRC ()
2012-05-23T15:03:49  *** NoxiaZ^ <NoxiaZ^!~noxi@87-104-29-39-dynamic-customer.profibernet.dk> has quit IRC (Ping timeout: 250 seconds)
2012-05-23T15:13:57  *** iglo <iglo!~xy@xdsl-92-252-105-0.dip.osnanet.de> has joined #aichallenge
2012-05-23T15:31:52  *** Accoun <Accoun!~1@static-213-88-39-97.chebnet.ru> has quit IRC ()
2012-05-23T15:53:22  *** Palmik <Palmik!~palmik@man-208-66.pks.muni.cz> has joined #aichallenge
2012-05-23T15:58:17  *** Accoun <Accoun!~1@static-213-88-39-97.chebnet.ru> has joined #aichallenge
2012-05-23T16:30:44  *** Palmik <Palmik!~palmik@man-208-66.pks.muni.cz> has quit IRC ()
2012-05-23T16:59:01  *** epicmonkey <epicmonkey!~epicmonke@188.134.41.211> has joined #aichallenge
2012-05-23T17:31:34  *** iglo <iglo!~xy@xdsl-92-252-105-0.dip.osnanet.de> has quit IRC (Remote host closed the connection)
2012-05-23T18:10:16  *** welterde <welterde!welterde@thinkbase.srv.welterde.de> has quit IRC (Ping timeout: 264 seconds)
2012-05-23T18:22:17  *** welterde <welterde!welterde@thinkbase.srv.welterde.de> has joined #aichallenge
2012-05-23T18:26:41  *** amstan <amstan!~alex@aichallenge/admin/amstan> has quit IRC (Ping timeout: 244 seconds)
2012-05-23T18:45:58  *** antimatroid1 <antimatroid1!~nick@103.198.dsl.mel.iprimus.net.au> has joined #aichallenge
2012-05-23T18:47:06  *** antimatroid <antimatroid!~nick@244.109-67-202.dynamic.dsl.mel.iprimus.net.au> has quit IRC (Ping timeout: 245 seconds)
2012-05-23T19:05:56  *** foRei <foRei!~ViT@0x4dd7b24d.adsl.cybercity.dk> has quit IRC (Read error: Connection reset by peer)
2012-05-23T19:12:25  *** Garf <Garf!~Garf@78-22-80-252.access.telenet.be> has quit IRC (Quit: Make a new plan, Stan!)
2012-05-23T19:31:01  *** janzert <janzert!~janzert@97-83-32-127.dhcp.trcy.mi.charter.com> has joined #aichallenge
2012-05-23T19:35:46  *** mceier <mceier!~mceier@89-77-239-61.dynamic.chello.pl> has quit IRC (Quit: leaving)
2012-05-23T19:42:32  *** ivan`` <ivan``!~ivan@unaffiliated/ivan/x-000001> has quit IRC (Ping timeout: 245 seconds)
2012-05-23T19:53:06  *** thestinger <thestinger!~strcat@CPE98fc1165cb6f-CM00159a09b2d0.cpe.net.cable.rogers.com> has quit IRC (Quit: WeeChat 0.3.7)
2012-05-23T20:08:07  *** epicmonkey <epicmonkey!~epicmonke@188.134.41.211> has quit IRC (Ping timeout: 248 seconds)
2012-05-23T20:09:40  *** ivan`` <ivan``!~ivan@unaffiliated/ivan/x-000001> has joined #aichallenge
2012-05-23T20:11:08  *** thestinger <thestinger!~strcat@CPE98fc1165cb6f-CM00159a09b2d0.cpe.net.cable.rogers.com> has joined #aichallenge
2012-05-23T20:59:36  *** mleise <mleise!~marco@dslb-088-071-250-214.pools.arcor-ip.net> has joined #aichallenge
2012-05-23T21:11:31  *** AlliedEnvy <AlliedEnvy!~AlliedEnv@adsl-68-88-232-174.dsl.hstntx.swbell.net> has quit IRC (Remote host closed the connection)
2012-05-23T21:16:34  *** AlliedEnvy <AlliedEnvy!~AlliedEnv@adsl-68-88-232-174.dsl.hstntx.swbell.net> has joined #aichallenge
2012-05-23T22:03:04  *** thestinger <thestinger!~strcat@CPE98fc1165cb6f-CM00159a09b2d0.cpe.net.cable.rogers.com> has quit IRC (Quit: WeeChat 0.3.7)
2012-05-23T22:06:27  *** amstan <amstan!~alex@aichallenge/admin/amstan> has joined #aichallenge
2012-05-23T22:06:27  *** ChanServ sets mode: +o amstan
2012-05-23T22:06:40  *** Fandekasp <Fandekasp!~Fandekasp@sannin29240.nirai.ne.jp> has quit IRC (Remote host closed the connection)
2012-05-23T22:22:12  *** Fandekasp <Fandekasp!~Fandekasp@sannin29240.nirai.ne.jp> has joined #aichallenge
2012-05-23T22:34:41  *** coeus <coeus!~coeus@dslb-084-061-056-077.pools.arcor-ip.net> has quit IRC (Ping timeout: 244 seconds)
2012-05-23T22:45:39  *** arscan <arscan!~arscan@c-76-24-29-27.hsd1.ma.comcast.net> has quit IRC (Remote host closed the connection)
2012-05-23T22:50:09  *** thestinger <thestinger!~strcat@CPE98fc1165cb6f-CM00159a09b2d0.cpe.net.cable.rogers.com> has joined #aichallenge
2012-05-23T23:06:41  *** thestinger <thestinger!~strcat@CPE98fc1165cb6f-CM00159a09b2d0.cpe.net.cable.rogers.com> has quit IRC (Quit: someonekillme)
2012-05-23T23:16:02  *** mleise <mleise!~marco@dslb-088-071-250-214.pools.arcor-ip.net> has quit IRC (Ping timeout: 244 seconds)
2012-05-23T23:18:53  *** thestinger <thestinger!~strcat@CPE98fc1165cb6f-CM00159a09b2d0.cpe.net.cable.rogers.com> has joined #aichallenge
2012-05-23T23:26:26  *** Aoi <Aoi!~Aoi@c-71-235-13-76.hsd1.nh.comcast.net> has joined #aichallenge
2012-05-23T23:29:40  *** mleise <mleise!~marco@dslb-088-071-250-214.pools.arcor-ip.net> has joined #aichallenge
2012-05-23T23:47:25  *** thestinger <thestinger!~strcat@CPE98fc1165cb6f-CM00159a09b2d0.cpe.net.cable.rogers.com> has quit IRC (Quit: WeeChat 0.3.7)
2012-05-23T23:47:40  *** thestinger <thestinger!~strcat@CPE98fc1165cb6f-CM00159a09b2d0.cpe.net.cable.rogers.com> has joined #aichallenge
2012-05-23T23:59:33  *** Aoi <Aoi!~Aoi@c-71-235-13-76.hsd1.nh.comcast.net> has quit IRC (Ping timeout: 265 seconds)
