2012-05-01T00:03:24  *** alehorst1 <alehorst1!~Alexandre@177.40.37.133> has joined #aichallenge
2012-05-01T00:04:10  *** alehorst <alehorst!~Alexandre@177.40.54.127> has quit IRC (Ping timeout: 246 seconds)
2012-05-01T00:14:49  *** alehorst1 <alehorst1!~Alexandre@177.40.37.133> has quit IRC (Read error: Connection reset by peer)
2012-05-01T00:41:17  *** foRei <foRei!~ViT@0x4dd7b24d.adsl.cybercity.dk> has joined #aichallenge
2012-05-01T01:27:30  *** dvladim <dvladim!~dvladim@85.113.131.65> has joined #aichallenge
2012-05-01T01:27:50  *** Fandekasp <Fandekasp!~Fandekasp@KD182249014109.au-net.ne.jp> has joined #aichallenge
2012-05-01T01:31:30  *** archdori <archdori!~Fandekasp@KD182249004247.au-net.ne.jp> has quit IRC (Ping timeout: 276 seconds)
2012-05-01T01:51:35  *** epicmonkey <epicmonkey!~epicmonke@188.134.41.211> has joined #aichallenge
2012-05-01T01:54:26  *** jmcarthur <jmcarthur!~jake@pool-72-89-247-53.nycmny.fios.verizon.net> has quit IRC (Ping timeout: 246 seconds)
2012-05-01T01:55:49  *** epicmonkey <epicmonkey!~epicmonke@188.134.41.211> has quit IRC (Ping timeout: 240 seconds)
2012-05-01T02:02:27  *** NoxiaZ^ <NoxiaZ^!~noxi@87-104-29-39-dynamic-customer.profibernet.dk> has joined #aichallenge
2012-05-01T02:04:41  *** Garf <Garf!~Garf@78-22-80-252.access.telenet.be> has joined #aichallenge
2012-05-01T02:08:39  *** jmcarthur <jmcarthur!~jake@pool-72-89-247-53.nycmny.fios.verizon.net> has joined #aichallenge
2012-05-01T02:27:33  *** dvladim <dvladim!~dvladim@85.113.131.65> has quit IRC (Ping timeout: 272 seconds)
2012-05-01T02:34:07  *** aerique <aerique!310225@xs8.xs4all.nl> has joined #aichallenge
2012-05-01T02:38:28  *** GarfTop <GarfTop!~Garf@78-22-80-252.access.telenet.be> has joined #aichallenge
2012-05-01T02:41:34  *** Garf <Garf!~Garf@78-22-80-252.access.telenet.be> has quit IRC (Ping timeout: 260 seconds)
2012-05-01T02:42:24  *** GarfTop <GarfTop!~Garf@78-22-80-252.access.telenet.be> has quit IRC (Client Quit)
2012-05-01T02:43:01  *** Garf <Garf!~Garf@78-22-80-252.access.telenet.be> has joined #aichallenge
2012-05-01T02:46:35  *** amstan <amstan!~alex@aichallenge/admin/amstan> has quit IRC (Ping timeout: 246 seconds)
2012-05-01T02:51:13  *** Garf <Garf!~Garf@78-22-80-252.access.telenet.be> has joined #aichallenge
2012-05-01T03:19:03  *** dvladim <dvladim!~dvladim@85.113.131.65> has joined #aichallenge
2012-05-01T03:26:37  *** kurnevsky <kurnevsky!~kurnevsky@37.17.114.186> has joined #aichallenge
2012-05-01T03:29:38  *** Chris_0076 <Chris_0076!~Chris_007@adsl-74-190-125-239.asm.bellsouth.net> has joined #aichallenge
2012-05-01T03:32:10  *** HaraKiri <HaraKiri!~hara@g224186060.adsl.alicedsl.de> has joined #aichallenge
2012-05-01T03:36:14  *** Chris_0076 <Chris_0076!~Chris_007@adsl-74-190-125-239.asm.bellsouth.net> has quit IRC (Remote host closed the connection)
2012-05-01T03:36:47  *** kilae <kilae!~chatzilla@catv-161-018.tbwil.ch> has joined #aichallenge
2012-05-01T03:41:44  *** Chris_0076 <Chris_0076!~Chris_007@adsl-74-190-125-239.asm.bellsouth.net> has joined #aichallenge
2012-05-01T03:52:35  *** iglo <iglo!~xy@xdsl-188-118-148-61.dip.osnanet.de> has joined #aichallenge
2012-05-01T04:01:23  *** janzert1 is now known as janzert
2012-05-01T04:03:06  *** pairofdice <pairofdice!~pod@dsl-hkibrasgw2-fed3df00-232.dhcp.inet.fi> has joined #aichallenge
2012-05-01T04:05:36  *** Palmik <Palmik!~palmik@man-208-66.pks.muni.cz> has joined #aichallenge
2012-05-01T04:26:44  *** mleise <mleise!~marco@dslb-178-011-222-198.pools.arcor-ip.net> has quit IRC (Quit: Leaving.)
2012-05-01T04:28:11  *** archdori <archdori!~Fandekasp@KD182249000056.au-net.ne.jp> has joined #aichallenge
2012-05-01T04:31:31  *** Fandekasp <Fandekasp!~Fandekasp@KD182249014109.au-net.ne.jp> has quit IRC (Ping timeout: 260 seconds)
2012-05-01T05:07:29  *** KP13 is now known as Kingpin13
2012-05-01T05:19:05  *** dici <dici!~Dici@port-92-204-34-66.dynamic.qsc.de> has joined #aichallenge
2012-05-01T05:23:30  *** archdori <archdori!~Fandekasp@KD182249000056.au-net.ne.jp> has quit IRC (Quit: leaving)
2012-05-01T06:16:52  *** foRei <foRei!~ViT@0x4dd7b24d.adsl.cybercity.dk> has quit IRC (Read error: Connection reset by peer)
2012-05-01T06:22:05  *** smiley1983 <smiley1983!~smiley@115-64-6-216.static.tpgi.com.au> has quit IRC (Ping timeout: 252 seconds)
2012-05-01T06:24:00  *** smiley1983 <smiley1983!~smiley@115-64-6-216.static.tpgi.com.au> has joined #aichallenge
2012-05-01T06:30:03  *** kurnevsky <kurnevsky!~kurnevsky@37.17.114.186> has quit IRC (Read error: Connection reset by peer)
2012-05-01T06:31:15  *** dvladim <dvladim!~dvladim@85.113.131.65> has quit IRC (Ping timeout: 252 seconds)
2012-05-01T06:35:59  *** mcstar <mcstar!~mcstar@adsl-89-134-12-173.monradsl.monornet.hu> has joined #aichallenge
2012-05-01T06:44:57  *** Jak_o_Shadows <Jak_o_Shadows!~Fake@unaffiliated/jak-o-shadows/x-0479135> has joined #aichallenge
2012-05-01T06:48:41  *** iglo <iglo!~xy@xdsl-188-118-148-61.dip.osnanet.de> has quit IRC (Remote host closed the connection)
2012-05-01T06:54:29  *** delt0r_ <delt0r_!~bob@178-191-60-209.adsl.highway.telekom.at> has quit IRC (Ping timeout: 245 seconds)
2012-05-01T07:07:18  *** delt0r_ <delt0r_!~bob@178-191-252-12.adsl.highway.telekom.at> has joined #aichallenge
2012-05-01T07:09:59  *** kurnevsky <kurnevsky!~kurnevsky@37.17.112.164> has joined #aichallenge
2012-05-01T07:29:07  *** mcstar <mcstar!~mcstar@adsl-89-134-12-173.monradsl.monornet.hu> has quit IRC (Quit: mcstar)
2012-05-01T08:14:19  *** UncleVasya <UncleVasya!kvirc@178-133-174-123.dialup.umc.net.ua> has joined #aichallenge
2012-05-01T08:17:40  *** sigh <sigh!~sigh@ppp114-153.static.internode.on.net> has joined #aichallenge
2012-05-01T08:26:03  *** Garf <Garf!~Garf@78-22-80-252.access.telenet.be> has quit IRC (Quit: Make a new plan, Stan!)
2012-05-01T08:28:47  *** mcstar <mcstar!~mcstar@adsl-89-134-12-173.monradsl.monornet.hu> has joined #aichallenge
2012-05-01T08:29:08  <mcstar> UncleVasya: i knew you were a haskell guru! http://haskell.spreadshirt.com/oleg-already-did-it-A6499531
2012-05-01T08:29:28  <UncleVasya> :D
2012-05-01T08:30:49  <UncleVasya> I found an angel in my town.
2012-05-01T08:31:16  <mcstar> angel?
2012-05-01T08:31:52  <UncleVasya> several minutes
2012-05-01T08:32:24  <mcstar> angle you mean?
2012-05-01T08:33:00  *** amstan <amstan!~alex@aichallenge/admin/amstan> has joined #aichallenge
2012-05-01T08:33:00  *** ChanServ sets mode: +o amstan
2012-05-01T08:35:54  <UncleVasya> mcstar: https://www.dropbox.com/gallery/76663155/1/Rekyse?h=18f01c
2012-05-01T08:36:50  <mcstar> lucky you
2012-05-01T08:37:29  *** Jak_o_Shadows <Jak_o_Shadows!~Fake@unaffiliated/jak-o-shadows/x-0479135> has quit IRC (Remote host closed the connection)
2012-05-01T08:38:21  *** dici <dici!~Dici@port-92-204-34-66.dynamic.qsc.de> has quit IRC (Read error: Connection reset by peer)
2012-05-01T08:38:42  <pairofdice> what is that
2012-05-01T08:39:05  <UncleVasya> just found her xistence, nothing more.
2012-05-01T08:39:16  <UncleVasya> *existence
2012-05-01T08:40:20  <mcstar> oh
2012-05-01T08:40:31  <mcstar> i thought you two were together...
2012-05-01T08:41:00  <pairofdice> No, he's just stalking her
2012-05-01T08:41:09  <mcstar> yeah, i see that now
2012-05-01T08:41:13  <mcstar> XD
2012-05-01T08:42:02  <UncleVasya> :-[
2012-05-01T08:43:18  <UncleVasya> Does refreshing blog, russian facebook analog, twitter etc counts for stalking?
2012-05-01T08:43:35  <pairofdice> Yep
2012-05-01T08:43:38  <mcstar> cyber stalking
2012-05-01T08:43:47  <pairofdice> And taking photos
2012-05-01T08:43:50  <UncleVasya> ok
2012-05-01T08:43:59  <pairofdice> Bad, bad man
2012-05-01T08:44:27  <mcstar> i had friends who browsed iwiw all day looking at girls
2012-05-01T08:44:41  <mcstar> iwiw is another facebook derivative
2012-05-01T08:44:55  <UncleVasya> I thought stalking is something with interference in life.
2012-05-01T08:45:07  <UncleVasya> iwiw?
2012-05-01T08:45:12  <mcstar> iwiw.hu
2012-05-01T08:45:14  <UncleVasya> ok,you told
2012-05-01T08:45:31  <mcstar> international who is who
2012-05-01T08:45:40  <mcstar> but i dont know if it is really international
2012-05-01T08:46:10  <UncleVasya> 'had' -- what happened to them? :D
2012-05-01T08:46:30  <mcstar> i dont know
2012-05-01T08:46:44  <mcstar> we lived in a student hostel at that time
2012-05-01T08:46:47  <mcstar> it was long ago
2012-05-01T08:50:09  <pairofdice> Definition of STALK 3 : to pursue obsessively and to the point of harassment
2012-05-01T08:50:15  <pairofdice> You can do that online
2012-05-01T08:53:06  <mcstar> as long as the harassee is not aware of any harrassment i wouldnt consider it a harassment at all
2012-05-01T08:53:50  *** Garf <Garf!~Garf@78-22-80-252.access.telenet.be> has joined #aichallenge
2012-05-01T08:54:07  <mcstar> its like old guys listening to airplane control chatter
2012-05-01T08:54:41  <mcstar> but some of them go too far, and mess with the pilots with laser pointers
2012-05-01T08:54:49  <mcstar> or giant mirrors
2012-05-01T09:04:15  *** choas <choas!~lars@p5795C3C6.dip.t-dialin.net> has joined #aichallenge
2012-05-01T09:11:13  <mcstar> a distributed engine would be great, cause users would have to contribute CPU time to keep the contest going
2012-05-01T09:11:32  <mcstar> but i dont see how could you make it language agnostic
2012-05-01T09:24:15  <mcstar> oops, Ng misparenthesized a sum
2012-05-01T09:30:38  *** mleise <mleise!~marco@dslb-178-011-222-198.pools.arcor-ip.net> has joined #aichallenge
2012-05-01T09:31:18  *** thestinger <thestinger!~strcat@CPE98fc1165cb6f-CM00159a09b2d0.cpe.net.cable.rogers.com> has joined #aichallenge
2012-05-01T09:41:11  *** mceier <mceier!~mceier@89-77-239-61.dynamic.chello.pl> has joined #aichallenge
2012-05-01T09:44:52  <antimatroid> http://shii.org/knows/American_Dream
2012-05-01T09:44:54  <antimatroid> wow
2012-05-01T09:48:07  <pairofdice> Do people really work 70 hour weeks
2012-05-01T09:48:29  <pairofdice> Atleast here the legal limit is 48 hours or something
2012-05-01T09:49:10  <mcstar> antimatroid: it is a bit long dont you think?
2012-05-01T09:49:18  <antimatroid> it's worth it
2012-05-01T09:49:30  <antimatroid> start reading and i promise you wont stop
2012-05-01T09:49:35  <antimatroid> i'm up to part 4
2012-05-01T09:49:42  <mcstar> my cartridge is empty
2012-05-01T09:50:01  <mcstar> ill print it tomorrow, and read it outside
2012-05-01T09:50:07  <mcstar> is that ok?
2012-05-01T09:50:32  <pairofdice> murderer!
2012-05-01T09:57:55  *** |UncleVasya| <|UncleVasya|!kvirc@178-133-225-56.dialup.umc.net.ua> has joined #aichallenge
2012-05-01T09:57:57  *** UncleVasya <UncleVasya!kvirc@178-133-174-123.dialup.umc.net.ua> has quit IRC (Read error: Connection reset by peer)
2012-05-01T10:05:46  *** KP13 <KP13!~Kingpin13@Wikipedia/Kingpin13> has joined #aichallenge
2012-05-01T10:07:50  *** Kingpin13 <Kingpin13!~Kingpin13@Wikipedia/Kingpin13> has quit IRC (Ping timeout: 240 seconds)
2012-05-01T10:08:12  *** choas <choas!~lars@p5795C3C6.dip.t-dialin.net> has quit IRC (Ping timeout: 252 seconds)
2012-05-01T10:10:10  <antimatroid> finished, that was amazing
2012-05-01T10:12:01  *** smiley1983 <smiley1983!~smiley@115-64-6-216.static.tpgi.com.au> has quit IRC (Ping timeout: 256 seconds)
2012-05-01T10:12:29  *** KP13 <KP13!~Kingpin13@Wikipedia/Kingpin13> has quit IRC (Ping timeout: 260 seconds)
2012-05-01T10:12:53  *** KP13 <KP13!~Kingpin13@Wikipedia/Kingpin13> has joined #aichallenge
2012-05-01T10:12:57  *** smiley1983 <smiley1983!~smiley@115-64-6-216.static.tpgi.com.au> has joined #aichallenge
2012-05-01T10:18:07  *** Kingpin13 <Kingpin13!~Kingpin13@Wikipedia/Kingpin13> has joined #aichallenge
2012-05-01T10:18:37  *** dvladim <dvladim!~dvladim@85.113.131.65> has joined #aichallenge
2012-05-01T10:21:17  *** KP13 <KP13!~Kingpin13@Wikipedia/Kingpin13> has quit IRC (Ping timeout: 272 seconds)
2012-05-01T10:24:19  *** KP13 <KP13!~Kingpin13@Wikipedia/Kingpin13> has joined #aichallenge
2012-05-01T10:24:21  *** |UncleVasya| <|UncleVasya|!kvirc@178-133-225-56.dialup.umc.net.ua> has quit IRC ()
2012-05-01T10:27:46  *** Kingpin13 <Kingpin13!~Kingpin13@Wikipedia/Kingpin13> has quit IRC (Ping timeout: 276 seconds)
2012-05-01T10:31:56  *** Garf <Garf!~Garf@78-22-80-252.access.telenet.be> has quit IRC (Read error: Connection reset by peer)
2012-05-01T10:39:27  *** Garf <Garf!~Garf@78-22-80-252.access.telenet.be> has joined #aichallenge
2012-05-01T10:48:28  *** Kingpin13 <Kingpin13!~Kingpin13@Wikipedia/Kingpin13> has joined #aichallenge
2012-05-01T10:51:07  *** KP13 <KP13!~Kingpin13@Wikipedia/Kingpin13> has quit IRC (Ping timeout: 256 seconds)
2012-05-01T10:51:25  *** KP13 <KP13!~Kingpin13@Wikipedia/Kingpin13> has joined #aichallenge
2012-05-01T10:53:57  *** Kingpin13 <Kingpin13!~Kingpin13@Wikipedia/Kingpin13> has quit IRC (Ping timeout: 256 seconds)
2012-05-01T10:58:27  *** Garf <Garf!~Garf@78-22-80-252.access.telenet.be> has quit IRC (Quit: Make a new plan, Stan!)
2012-05-01T11:00:17  *** Garf <Garf!~Garf@78-22-80-252.access.telenet.be> has joined #aichallenge
2012-05-01T11:01:34  *** Kingpin13 <Kingpin13!~Kingpin13@Wikipedia/Kingpin13> has joined #aichallenge
2012-05-01T11:04:04  *** KP13 <KP13!~Kingpin13@Wikipedia/Kingpin13> has quit IRC (Ping timeout: 245 seconds)
2012-05-01T11:05:31  *** KP13 <KP13!~Kingpin13@Wikipedia/Kingpin13> has joined #aichallenge
2012-05-01T11:07:20  *** dapplegate <dapplegate!~dan@206.217.79.178> has joined #aichallenge
2012-05-01T11:08:47  *** Kingpin13 <Kingpin13!~Kingpin13@Wikipedia/Kingpin13> has quit IRC (Ping timeout: 260 seconds)
2012-05-01T11:09:24  *** sigh <sigh!~sigh@ppp114-153.static.internode.on.net> has quit IRC (Remote host closed the connection)
2012-05-01T11:13:13  *** pairofdice <pairofdice!~pod@dsl-hkibrasgw2-fed3df00-232.dhcp.inet.fi> has quit IRC (Ping timeout: 246 seconds)
2012-05-01T11:15:53  *** pairofdice <pairofdice!~pod@dsl-hkibrasgw2-fed3df00-232.dhcp.inet.fi> has joined #aichallenge
2012-05-01T11:19:48  *** Kingpin13 <Kingpin13!~Kingpin13@Wikipedia/Kingpin13> has joined #aichallenge
2012-05-01T11:21:50  *** KP13 <KP13!~Kingpin13@Wikipedia/Kingpin13> has quit IRC (Ping timeout: 240 seconds)
2012-05-01T11:27:04  *** kilae <kilae!~chatzilla@catv-161-018.tbwil.ch> has quit IRC (Quit: ChatZilla 0.9.88.2 [Firefox 12.0/20120420145725])
2012-05-01T11:29:18  *** kilae <kilae!~chatzilla@catv-161-018.tbwil.ch> has joined #aichallenge
2012-05-01T11:34:29  *** NoxiaZ^ <NoxiaZ^!~noxi@87-104-29-39-dynamic-customer.profibernet.dk> has quit IRC (Ping timeout: 252 seconds)
2012-05-01T11:46:30  *** epicmonkey <epicmonkey!~epicmonke@188.134.41.211> has joined #aichallenge
2012-05-01T11:58:48  <thestinger> mcstar: hi
2012-05-01T12:05:06  *** dvladim <dvladim!~dvladim@85.113.131.65> has quit IRC (Read error: Operation timed out)
2012-05-01T12:12:49  *** alehorst <alehorst!~Alexandre@177.40.37.133> has joined #aichallenge
2012-05-01T12:16:02  *** alehorst <alehorst!~Alexandre@177.40.37.133> has quit IRC (Read error: Connection reset by peer)
2012-05-01T12:17:30  *** alehorst <alehorst!~Alexandre@177.40.37.133> has joined #aichallenge
2012-05-01T12:33:43  *** TheLinker <TheLinker!~TheLinker@200.117.87.108> has joined #aichallenge
2012-05-01T12:42:20  *** Garf <Garf!~Garf@78-22-80-252.access.telenet.be> has quit IRC (Read error: Connection reset by peer)
2012-05-01T12:51:32  *** Garf <Garf!~Garf@78-22-80-252.access.telenet.be> has joined #aichallenge
2012-05-01T13:15:37  <mcstar> thestinger: hi
2012-05-01T13:15:52  <mcstar> The Amazing Finished
2012-05-01T13:16:02  <mcstar> best magician in the west
2012-05-01T13:24:41  *** foRei <foRei!~ViT@0x4dd7b24d.adsl.cybercity.dk> has joined #aichallenge
2012-05-01T13:59:28  *** dvladim <dvladim!~dvladim@85.113.131.65> has joined #aichallenge
2012-05-01T14:07:16  *** kaydorck <kaydorck!~kvirc@ip212-109-7-90.sampo.ru> has joined #aichallenge
2012-05-01T14:07:19  *** Garf <Garf!~Garf@78-22-80-252.access.telenet.be> has quit IRC (Read error: Connection reset by peer)
2012-05-01T14:07:53  *** kaydorck <kaydorck!~kvirc@ip212-109-7-90.sampo.ru> has quit IRC (Client Quit)
2012-05-01T14:11:14  *** Garf <Garf!~Garf@78-22-80-252.access.telenet.be> has joined #aichallenge
2012-05-01T14:18:04  <mcstar> antimatroid: ok, i read it, funny fiction
2012-05-01T14:18:14  <mcstar> damn took an hour
2012-05-01T14:52:09  *** cyphase <cyphase!~cyphase@unaffiliated/cyphase> has quit IRC (Ping timeout: 246 seconds)
2012-05-01T14:54:36  *** delt0r_ <delt0r_!~bob@178-191-252-12.adsl.highway.telekom.at> has quit IRC (Ping timeout: 245 seconds)
2012-05-01T15:01:02  *** smiley1983 <smiley1983!~smiley@115-64-6-216.static.tpgi.com.au> has quit IRC (Ping timeout: 256 seconds)
2012-05-01T15:02:03  *** TheLinker <TheLinker!~TheLinker@200.117.87.108> has quit IRC (Quit: Bye)
2012-05-01T15:06:37  *** smiley1983 <smiley1983!~smiley@115-64-6-216.static.tpgi.com.au> has joined #aichallenge
2012-05-01T15:07:55  *** delt0r_ <delt0r_!~bob@93-82-85-31.adsl.highway.telekom.at> has joined #aichallenge
2012-05-01T15:08:15  *** dvladim <dvladim!~dvladim@85.113.131.65> has quit IRC (Ping timeout: 260 seconds)
2012-05-01T15:09:34  *** cyphase <cyphase!~cyphase@unaffiliated/cyphase> has joined #aichallenge
2012-05-01T15:18:06  *** NoxiaZ^ <NoxiaZ^!~noxi@87-104-29-39-dynamic-customer.profibernet.dk> has joined #aichallenge
2012-05-01T15:20:37  *** dvladim <dvladim!~dvladim@85.113.131.65> has joined #aichallenge
2012-05-01T15:22:40  *** TheLinker <TheLinker!~TheLinker@host234.190-137-167.telecom.net.ar> has joined #aichallenge
2012-05-01T15:23:14  *** Accoun <Accoun!~1@static-213-88-39-97.chebnet.ru> has quit IRC ()
2012-05-01T15:26:41  *** kurnevsky <kurnevsky!~kurnevsky@37.17.112.164> has quit IRC (Ping timeout: 245 seconds)
2012-05-01T15:30:58  *** xeba <xeba!~xeba@189.27.81.125.dynamic.adsl.gvt.net.br> has joined #aichallenge
2012-05-01T15:32:19  *** dvladim <dvladim!~dvladim@85.113.131.65> has quit IRC (Read error: Operation timed out)
2012-05-01T15:32:44  *** kurnevsky <kurnevsky!~kurnevsky@37.17.113.143> has joined #aichallenge
2012-05-01T15:35:22  *** Accoun <Accoun!~1@static-213-88-39-97.chebnet.ru> has joined #aichallenge
2012-05-01T16:13:42  *** kilae <kilae!~chatzilla@catv-161-018.tbwil.ch> has quit IRC (Remote host closed the connection)
2012-05-01T16:15:05  *** amstan <amstan!~alex@aichallenge/admin/amstan> has quit IRC (Quit: Konversation terminated!)
2012-05-01T16:26:02  *** choas <choas!~lars@p5795C3C6.dip.t-dialin.net> has joined #aichallenge
2012-05-01T16:30:02  *** choas <choas!~lars@p5795C3C6.dip.t-dialin.net> has quit IRC (Client Quit)
2012-05-01T16:38:57  *** kurnevsky <kurnevsky!~kurnevsky@37.17.113.143> has quit IRC (Read error: Connection reset by peer)
2012-05-01T16:44:56  *** epicmonkey <epicmonkey!~epicmonke@188.134.41.211> has quit IRC (Ping timeout: 252 seconds)
2012-05-01T16:47:40  *** TheLinker <TheLinker!~TheLinker@host234.190-137-167.telecom.net.ar> has quit IRC (Remote host closed the connection)
2012-05-01T16:56:15  *** meem1029 <meem1029!~josh@x-128-101-184-229.reshalls.umn.edu> has joined #aichallenge
2012-05-01T16:59:32  *** meem1029 <meem1029!~josh@x-128-101-184-229.reshalls.umn.edu> has left #aichallenge
2012-05-01T17:00:01  *** mcstar <mcstar!~mcstar@adsl-89-134-12-173.monradsl.monornet.hu> has quit IRC (Quit: mcstar)
2012-05-01T17:17:37  *** thestinger <thestinger!~strcat@CPE98fc1165cb6f-CM00159a09b2d0.cpe.net.cable.rogers.com> has quit IRC (Quit: WeeChat 0.3.7)
2012-05-01T17:34:30  *** heinrich5991 <heinrich5991!~hein5991@unaffiliated/heinrich5991> has quit IRC (Ping timeout: 245 seconds)
2012-05-01T17:34:47  *** Palmik <Palmik!~palmik@man-208-66.pks.muni.cz> has quit IRC ()
2012-05-01T17:35:40  *** HaraKiri <HaraKiri!~hara@g224186060.adsl.alicedsl.de> has quit IRC ()
2012-05-01T17:45:46  *** heinrich5991 <heinrich5991!~hein5991@unaffiliated/heinrich5991> has joined #aichallenge
2012-05-01T18:04:22  *** amstan <amstan!~alex@aichallenge/admin/amstan> has joined #aichallenge
2012-05-01T18:04:23  *** ChanServ sets mode: +o amstan
2012-05-01T18:08:21  *** KP13 <KP13!~Kingpin13@Wikipedia/Kingpin13> has joined #aichallenge
2012-05-01T18:10:45  *** KP13 <KP13!~Kingpin13@Wikipedia/Kingpin13> has quit IRC (Max SendQ exceeded)
2012-05-01T18:11:16  *** Kingpin13 <Kingpin13!~Kingpin13@Wikipedia/Kingpin13> has quit IRC (Ping timeout: 245 seconds)
2012-05-01T18:11:59  *** KP13 <KP13!~Kingpin13@Wikipedia/Kingpin13> has joined #aichallenge
2012-05-01T18:27:10  *** smiley1983 <smiley1983!~smiley@115-64-6-216.static.tpgi.com.au> has quit IRC (Read error: Operation timed out)
2012-05-01T18:28:11  *** smiley1983 <smiley1983!~smiley@115-64-6-216.static.tpgi.com.au> has joined #aichallenge
2012-05-01T18:34:42  *** Garf <Garf!~Garf@78-22-80-252.access.telenet.be> has quit IRC (Read error: Connection reset by peer)
2012-05-01T18:38:20  *** pairofdice <pairofdice!~pod@dsl-hkibrasgw2-fed3df00-232.dhcp.inet.fi> has quit IRC (Quit: in girum imus nocte et consumimur igni)
2012-05-01T18:43:08  *** smiley1993 <smiley1993!~smiley@115-64-6-216.static.tpgi.com.au> has joined #aichallenge
2012-05-01T18:45:46  *** nann <nann!~apophis@80-218-68-103.dclient.hispeed.ch> has joined #aichallenge
2012-05-01T18:46:00  *** smiley1983 <smiley1983!~smiley@115-64-6-216.static.tpgi.com.au> has quit IRC (Ping timeout: 245 seconds)
2012-05-01T18:51:43  *** antimatroid1 <antimatroid1!~nick@184.154.dsl.mel.iprimus.net.au> has joined #aichallenge
2012-05-01T18:53:45  *** dapplegate_ <dapplegate_!~dan@206.217.79.178> has joined #aichallenge
2012-05-01T18:54:20  *** antimatroid <antimatroid!~nick@125.133.dsl.mel.iprimus.net.au> has quit IRC (Ping timeout: 260 seconds)
2012-05-01T18:56:28  *** JamesMG_ <JamesMG_!jamesg@milkshakes.org> has joined #aichallenge
2012-05-01T18:57:02  *** aerique_ <aerique_!310225@xs8.xs4all.nl> has joined #aichallenge
2012-05-01T18:57:21  *** dapplegate <dapplegate!~dan@206.217.79.178> has quit IRC (*.net *.split)
2012-05-01T18:57:21  *** aerique <aerique!310225@xs8.xs4all.nl> has quit IRC (*.net *.split)
2012-05-01T18:57:21  *** Apophis_ <Apophis_!~apophis@80-218-68-103.dclient.hispeed.ch> has quit IRC (*.net *.split)
2012-05-01T18:57:21  *** JamesMG <JamesMG!jamesg@milkshakes.org> has quit IRC (*.net *.split)
2012-05-01T18:57:23  *** delt0r_ <delt0r_!~bob@93-82-85-31.adsl.highway.telekom.at> has quit IRC (*.net *.split)
2012-05-01T18:57:23  *** loglog <loglog!~loglog@ec2-174-129-91-248.compute-1.amazonaws.com> has quit IRC (*.net *.split)
2012-05-01T18:57:23  *** mattswe <mattswe!u4809@gateway/web/irccloud.com/x-erswcguuyrgmmlcj> has quit IRC (*.net *.split)
2012-05-01T18:57:23  *** ramn <ramn!~ramn@84-55-94-37.customers.ownit.se> has quit IRC (*.net *.split)
2012-05-01T18:57:23  *** Redgis <Redgis!~redgis@88-191-147-49.rev.dedibox.fr> has quit IRC (*.net *.split)
2012-05-01T18:57:23  *** janzert <janzert!~janzert@97-83-32-127.dhcp.trcy.mi.charter.com> has quit IRC (*.net *.split)
2012-05-01T18:57:23  *** mawif <mawif!~mawif@li268-7.members.linode.com> has quit IRC (*.net *.split)
2012-05-01T18:57:23  *** mceier <mceier!~mceier@89-77-239-61.dynamic.chello.pl> has quit IRC (*.net *.split)
2012-05-01T18:57:23  *** mleise <mleise!~marco@dslb-178-011-222-198.pools.arcor-ip.net> has quit IRC (*.net *.split)
2012-05-01T18:57:23  *** Alexer- <Alexer-!alexer@alexer.net> has quit IRC (*.net *.split)
2012-05-01T18:57:24  *** ChanServ <ChanServ!ChanServ@services.> has quit IRC (*.net *.split)
2012-05-01T18:57:24  *** jbroman <jbroman!~jbroman@taurine.csclub.uwaterloo.ca> has quit IRC (*.net *.split)
2012-05-01T18:57:25  *** KP13 <KP13!~Kingpin13@Wikipedia/Kingpin13> has quit IRC (*.net *.split)
2012-05-01T18:57:25  *** cyphase <cyphase!~cyphase@unaffiliated/cyphase> has quit IRC (*.net *.split)
2012-05-01T18:57:25  *** jmcarthur <jmcarthur!~jake@pool-72-89-247-53.nycmny.fios.verizon.net> has quit IRC (*.net *.split)
2012-05-01T18:57:25  *** Cyndre <Cyndre!~Cyndre@DOCSIS-182-133.cable-lynx.net> has quit IRC (*.net *.split)
2012-05-01T18:57:25  *** Elderwolf <Elderwolf!~elderwolf@totoro.bloodmagic.com> has quit IRC (*.net *.split)
2012-05-01T18:57:25  *** Zannick <Zannick!~mick@aichallenge/admin/zannick> has quit IRC (*.net *.split)
2012-05-01T18:57:25  *** lahwran <lahwran!lahwran@unaffiliated/lahwran> has quit IRC (*.net *.split)
2012-05-01T18:57:25  *** a1k0n <a1k0n!~andy@hep.cat> has quit IRC (*.net *.split)
2012-05-01T19:01:22  *** delt0r_ <delt0r_!~bob@93-82-85-31.adsl.highway.telekom.at> has joined #aichallenge
2012-05-01T19:01:23  *** mleise <mleise!~marco@dslb-178-011-222-198.pools.arcor-ip.net> has joined #aichallenge
2012-05-01T19:01:23  *** loglog <loglog!~loglog@ec2-174-129-91-248.compute-1.amazonaws.com> has joined #aichallenge
2012-05-01T19:01:23  *** mattswe <mattswe!u4809@gateway/web/irccloud.com/x-erswcguuyrgmmlcj> has joined #aichallenge
2012-05-01T19:01:23  *** Alexer- <Alexer-!alexer@alexer.net> has joined #aichallenge
2012-05-01T19:01:23  *** ramn <ramn!~ramn@84-55-94-37.customers.ownit.se> has joined #aichallenge
2012-05-01T19:01:23  *** Redgis <Redgis!~redgis@88-191-147-49.rev.dedibox.fr> has joined #aichallenge
2012-05-01T19:01:23  *** janzert <janzert!~janzert@97-83-32-127.dhcp.trcy.mi.charter.com> has joined #aichallenge
2012-05-01T19:01:23  *** ChanServ <ChanServ!ChanServ@services.> has joined #aichallenge
2012-05-01T19:01:23  *** mawif <mawif!~mawif@li268-7.members.linode.com> has joined #aichallenge
2012-05-01T19:01:23  *** barjavel.freenode.net sets mode: +o ChanServ
2012-05-01T19:02:09  *** jbroman <jbroman!~jbroman@taurine.csclub.uwaterloo.ca> has joined #aichallenge
2012-05-01T19:02:44  *** KP13 <KP13!~Kingpin13@Wikipedia/Kingpin13> has joined #aichallenge
2012-05-01T19:02:44  *** cyphase <cyphase!~cyphase@unaffiliated/cyphase> has joined #aichallenge
2012-05-01T19:02:44  *** jmcarthur <jmcarthur!~jake@pool-72-89-247-53.nycmny.fios.verizon.net> has joined #aichallenge
2012-05-01T19:02:44  *** Cyndre <Cyndre!~Cyndre@DOCSIS-182-133.cable-lynx.net> has joined #aichallenge
2012-05-01T19:02:44  *** Elderwolf <Elderwolf!~elderwolf@totoro.bloodmagic.com> has joined #aichallenge
2012-05-01T19:02:44  *** Zannick <Zannick!~mick@aichallenge/admin/zannick> has joined #aichallenge
2012-05-01T19:02:44  *** a1k0n <a1k0n!~andy@hep.cat> has joined #aichallenge
2012-05-01T19:02:44  *** lahwran <lahwran!lahwran@unaffiliated/lahwran> has joined #aichallenge
2012-05-01T19:03:27  *** cyphase <cyphase!~cyphase@unaffiliated/cyphase> has quit IRC (Max SendQ exceeded)
2012-05-01T19:07:49  *** cyphase <cyphase!~cyphase@unaffiliated/cyphase> has joined #aichallenge
2012-05-01T19:10:20  *** lahwran <lahwran!lahwran@unaffiliated/lahwran> has joined #aichallenge
2012-05-01T19:26:35  *** NoxiaZ^ <NoxiaZ^!~noxi@87-104-29-39-dynamic-customer.profibernet.dk> has quit IRC (Ping timeout: 245 seconds)
2012-05-01T19:33:21  *** jbroman <jbroman!~jbroman@taurine.csclub.uwaterloo.ca> has quit IRC (*.net *.split)
2012-05-01T19:33:40  *** jbroman <jbroman!~jbroman@taurine.csclub.uwaterloo.ca> has joined #aichallenge
2012-05-01T19:45:16  *** Apophis_ <Apophis_!~apophis@80-218-68-103.dclient.hispeed.ch> has joined #aichallenge
2012-05-01T19:45:45  *** hkraal_ <hkraal_!~hkraal@85.158.251.215> has joined #aichallenge
2012-05-01T19:45:53  *** rowfur <rowfur!javagamer@ip-69-162-134-31.static.chi2.systeminplace.net> has joined #aichallenge
2012-05-01T19:47:17  *** AndrewBC_ <AndrewBC_!~andrewbc@scarlet.andrewbc.net> has joined #aichallenge
2012-05-01T19:51:39  *** rofer <rofer!javagamer@ip-69-162-134-31.static.chi2.systeminplace.net> has quit IRC (Ping timeout: 272 seconds)
2012-05-01T19:51:39  *** hkraal <hkraal!~hkraal@85.158.251.215> has quit IRC (Ping timeout: 272 seconds)
2012-05-01T19:51:40  *** AndrewBC <AndrewBC!~andrewbc@scarlet.andrewbc.net> has quit IRC (Ping timeout: 272 seconds)
2012-05-01T19:51:40  *** nann <nann!~apophis@80-218-68-103.dclient.hispeed.ch> has quit IRC (Ping timeout: 272 seconds)
2012-05-01T20:00:47  *** antimatroid <antimatroid!~nick@8.148.dsl.mel.iprimus.net.au> has joined #aichallenge
2012-05-01T20:02:25  *** antimatroid1 <antimatroid1!~nick@184.154.dsl.mel.iprimus.net.au> has quit IRC (Ping timeout: 245 seconds)
2012-05-01T20:17:06  *** Fandekasp <Fandekasp!~Fandekasp@KD182249006173.au-net.ne.jp> has joined #aichallenge
2012-05-01T20:40:43  *** rowfur is now known as rofer
2012-05-01T21:36:52  *** dapplegate_ <dapplegate_!~dan@206.217.79.178> has quit IRC (Read error: Connection reset by peer)
2012-05-01T22:54:31  *** thestinger <thestinger!~strcat@CPE98fc1165cb6f-CM00159a09b2d0.cpe.net.cable.rogers.com> has joined #aichallenge
2012-05-01T22:54:42  *** delt0r_ <delt0r_!~bob@93-82-85-31.adsl.highway.telekom.at> has quit IRC (Ping timeout: 244 seconds)
2012-05-01T23:00:00  *** archdori <archdori!~Fandekasp@KD182249009225.au-net.ne.jp> has joined #aichallenge
2012-05-01T23:02:58  *** Fandekasp <Fandekasp!~Fandekasp@KD182249006173.au-net.ne.jp> has quit IRC (Ping timeout: 244 seconds)
2012-05-01T23:08:35  *** delt0r_ <delt0r_!~bob@178-190-70-45.adsl.highway.telekom.at> has joined #aichallenge
2012-05-01T23:47:25  *** dvladim <dvladim!~dvladim@85.113.131.65> has joined #aichallenge
