2012-04-02T00:04:44  *** smiley1983 <smiley1983!~smiley@115-64-6-216.static.tpgi.com.au> has joined #aichallenge
2012-04-02T00:12:35  *** dvladim <dvladim!~dvladim@85.113.131.65> has quit IRC (Read error: Operation timed out)
2012-04-02T00:30:57  *** smiley1983 <smiley1983!~smiley@115-64-6-216.static.tpgi.com.au> has quit IRC (Ping timeout: 245 seconds)
2012-04-02T00:39:31  *** delt0r_ <delt0r_!~bob@91-113-94-255.adsl.highway.telekom.at> has quit IRC (Ping timeout: 244 seconds)
2012-04-02T00:43:10  *** smiley1983 <smiley1983!~smiley@115-64-6-216.static.tpgi.com.au> has joined #aichallenge
2012-04-02T00:51:12  *** smiley1983 <smiley1983!~smiley@115-64-6-216.static.tpgi.com.au> has quit IRC (Ping timeout: 272 seconds)
2012-04-02T00:52:46  *** delt0r_ <delt0r_!~bob@178-190-73-138.adsl.highway.telekom.at> has joined #aichallenge
2012-04-02T00:56:38  *** Jak_o_Shadows1 <Jak_o_Shadows1!~Fake@CPE-144-136-211-241.sa.bigpond.net.au> has joined #aichallenge
2012-04-02T00:56:42  *** Jak_o_Shadows1 <Jak_o_Shadows1!~Fake@unaffiliated/jak-o-shadows/x-0479135> has joined #aichallenge
2012-04-02T00:56:43  *** Jak_o_Shadows <Jak_o_Shadows!~Fake@unaffiliated/jak-o-shadows/x-0479135> has quit IRC (Disconnected by services)
2012-04-02T00:57:30  *** smiley1983 <smiley1983!~smiley@115-64-6-216.static.tpgi.com.au> has joined #aichallenge
2012-04-02T01:04:26  *** smiley1983 <smiley1983!~smiley@115-64-6-216.static.tpgi.com.au> has quit IRC (Ping timeout: 260 seconds)
2012-04-02T01:20:48  *** smiley1983 <smiley1983!~smiley@115-64-6-216.static.tpgi.com.au> has joined #aichallenge
2012-04-02T01:23:45  *** Garf <Garf!~Garf@78-22-80-252.access.telenet.be> has joined #aichallenge
2012-04-02T01:24:10  *** _flag <_flag!~flag@69-165-173-172.dsl.teksavvy.com> has quit IRC (Quit: Lost terminal)
2012-04-02T01:25:45  *** scribble <scribble!scribble@74-132-73-182.dhcp.insightbb.com> has quit IRC ()
2012-04-02T01:27:12  *** Areks <Areks!~Areks@rs.gridnine.com> has joined #aichallenge
2012-04-02T01:40:07  *** smiley1983 <smiley1983!~smiley@115-64-6-216.static.tpgi.com.au> has quit IRC (Ping timeout: 250 seconds)
2012-04-02T02:05:15  *** smiley1983 <smiley1983!~smiley@115-64-6-216.static.tpgi.com.au> has joined #aichallenge
2012-04-02T02:36:16  *** amstan <amstan!~alex@aichallenge/admin/amstan> has quit IRC (Ping timeout: 246 seconds)
2012-04-02T03:09:33  *** smly- <smly-!~smly-@sage.naist.jp> has quit IRC (Ping timeout: 252 seconds)
2012-04-02T03:13:42  *** smiley1983 <smiley1983!~smiley@115-64-6-216.static.tpgi.com.au> has quit IRC (Ping timeout: 272 seconds)
2012-04-02T03:24:01  *** mviel <mviel!~mviel@92.132.202.127> has joined #aichallenge
2012-04-02T03:34:15  *** smly- <smly-!~smly-@sage.naist.jp> has joined #aichallenge
2012-04-02T03:34:57  *** smiley1983 <smiley1983!~smiley@115-64-6-216.static.tpgi.com.au> has joined #aichallenge
2012-04-02T03:49:50  *** smiley1983 <smiley1983!~smiley@115-64-6-216.static.tpgi.com.au> has quit IRC (Ping timeout: 260 seconds)
2012-04-02T03:50:07  *** Jak_o_Shadows1 <Jak_o_Shadows1!~Fake@unaffiliated/jak-o-shadows/x-0479135> has quit IRC (Remote host closed the connection)
2012-04-02T03:55:41  *** smiley1983 <smiley1983!~smiley@115-64-6-216.static.tpgi.com.au> has joined #aichallenge
2012-04-02T04:00:53  *** dici <dici!~Dici@port-92-204-103-26.dynamic.qsc.de> has joined #aichallenge
2012-04-02T04:02:13  *** smiley1983 <smiley1983!~smiley@115-64-6-216.static.tpgi.com.au> has quit IRC (Ping timeout: 240 seconds)
2012-04-02T04:04:02  *** smiley1983 <smiley1983!~smiley@115-64-6-216.static.tpgi.com.au> has joined #aichallenge
2012-04-02T04:04:39  *** Jak_o_Shadows <Jak_o_Shadows!~Fake@unaffiliated/jak-o-shadows/x-0479135> has joined #aichallenge
2012-04-02T04:20:53  *** iglo <iglo!~xy@xdsl-92-252-76-50.dip.osnanet.de> has joined #aichallenge
2012-04-02T04:35:37  *** smiley1983 <smiley1983!~smiley@115-64-6-216.static.tpgi.com.au> has quit IRC (Ping timeout: 252 seconds)
2012-04-02T04:36:36  *** smiley1983 <smiley1983!~smiley@115-64-6-216.static.tpgi.com.au> has joined #aichallenge
2012-04-02T05:02:03  *** coeus <coeus!~coeus@dslb-084-061-056-177.pools.arcor-ip.net> has joined #aichallenge
2012-04-02T05:02:53  *** epicmonkey <epicmonkey!~epicmonke@91.234.37.54> has joined #aichallenge
2012-04-02T05:04:14  *** antimatroid1 <antimatroid1!~nick@59.129-134-203.dynamic.dsl.mel.iprimus.net.au> has joined #aichallenge
2012-04-02T05:05:06  *** antimatroid <antimatroid!~nick@105.107.dsl.mel.iprimus.net.au> has quit IRC (Ping timeout: 244 seconds)
2012-04-02T05:11:21  *** kurnevsky <kurnevsky!~kurnevsky@217.21.41.201> has joined #aichallenge
2012-04-02T05:16:58  *** smiley1983 <smiley1983!~smiley@115-64-6-216.static.tpgi.com.au> has quit IRC (Ping timeout: 265 seconds)
2012-04-02T05:17:39  *** smiley1983 <smiley1983!~smiley@115-64-6-216.static.tpgi.com.au> has joined #aichallenge
2012-04-02T05:27:48  *** antimatroid <antimatroid!~nick@253.120-27-211.dynamic.dsl.mel.iprimus.net.au> has joined #aichallenge
2012-04-02T05:29:20  *** antimatroid1 <antimatroid1!~nick@59.129-134-203.dynamic.dsl.mel.iprimus.net.au> has quit IRC (Ping timeout: 250 seconds)
2012-04-02T05:42:49  *** thestinger <thestinger!~strcat@CPE98fc1165cb6f-CM00159a09b2d0.cpe.net.cable.rogers.com> has quit IRC (Quit: WeeChat 0.3.7)
2012-04-02T05:47:56  *** smiley1983 <smiley1983!~smiley@115-64-6-216.static.tpgi.com.au> has quit IRC (Ping timeout: 260 seconds)
2012-04-02T05:49:42  *** smiley1983 <smiley1983!~smiley@115-64-6-216.static.tpgi.com.au> has joined #aichallenge
2012-04-02T05:58:53  *** Jak_o_Shadows1 <Jak_o_Shadows1!~Fake@CPE-144-136-211-241.sa.bigpond.net.au> has joined #aichallenge
2012-04-02T05:58:58  *** Jak_o_Shadows1 <Jak_o_Shadows1!~Fake@unaffiliated/jak-o-shadows/x-0479135> has joined #aichallenge
2012-04-02T05:58:59  *** Jak_o_Shadows <Jak_o_Shadows!~Fake@unaffiliated/jak-o-shadows/x-0479135> has quit IRC (Disconnected by services)
2012-04-02T06:45:33  *** epicmonkey_ <epicmonkey_!~epicmonke@91.234.37.50> has joined #aichallenge
2012-04-02T06:45:49  *** epicmonkey <epicmonkey!~epicmonke@91.234.37.54> has quit IRC (Read error: Connection reset by peer)
2012-04-02T06:55:34  *** sigh <sigh!~sigh@ppp114-153.static.internode.on.net> has joined #aichallenge
2012-04-02T07:09:35  *** epicmonkey_ <epicmonkey_!~epicmonke@91.234.37.50> has quit IRC (Ping timeout: 265 seconds)
2012-04-02T07:19:37  *** alehorst <alehorst!~alehorst@177.42.17.163> has joined #aichallenge
2012-04-02T07:34:52  *** mleise <mleise!~marco@dslb-088-071-176-044.pools.arcor-ip.net> has joined #aichallenge
2012-04-02T07:45:52  *** epicmonkey <epicmonkey!~epicmonke@91.234.37.50> has joined #aichallenge
2012-04-02T07:46:03  *** iglo <iglo!~xy@xdsl-92-252-76-50.dip.osnanet.de> has quit IRC (Ping timeout: 272 seconds)
2012-04-02T07:49:03  *** kilae <kilae!~chatzilla@cust.static.84-253-11-90.cybernet.ch> has joined #aichallenge
2012-04-02T08:10:03  *** epicmonkey <epicmonkey!~epicmonke@91.234.37.50> has quit IRC (Ping timeout: 248 seconds)
2012-04-02T08:24:37  *** epicmonkey <epicmonkey!~epicmonke@91.234.37.51> has joined #aichallenge
2012-04-02T08:40:36  *** delt0r_ <delt0r_!~bob@178-190-73-138.adsl.highway.telekom.at> has quit IRC (Ping timeout: 260 seconds)
2012-04-02T08:49:20  *** Jak_o_Shadows1 <Jak_o_Shadows1!~Fake@unaffiliated/jak-o-shadows/x-0479135> has quit IRC (Remote host closed the connection)
2012-04-02T08:52:40  *** delt0r_ <delt0r_!~bob@178-190-73-83.adsl.highway.telekom.at> has joined #aichallenge
2012-04-02T09:02:15  *** kurnevsky <kurnevsky!~kurnevsky@217.21.41.201> has quit IRC (Read error: Connection reset by peer)
2012-04-02T09:08:01  *** amstan <amstan!~alex@aichallenge/admin/amstan> has joined #aichallenge
2012-04-02T09:08:01  *** ChanServ sets mode: +o amstan
2012-04-02T09:10:24  *** Accoun <Accoun!~1@static-213-88-39-97.chebnet.ru> has quit IRC ()
2012-04-02T09:26:35  *** kilae <kilae!~chatzilla@cust.static.84-253-11-90.cybernet.ch> has quit IRC (Quit: ChatZilla 0.9.88.1 [Firefox 8.0/20111104165243])
2012-04-02T10:12:42  *** Accoun <Accoun!~1@static-213-88-39-97.chebnet.ru> has joined #aichallenge
2012-04-02T10:20:40  *** mleise <mleise!~marco@dslb-088-071-176-044.pools.arcor-ip.net> has quit IRC (Ping timeout: 260 seconds)
2012-04-02T10:23:15  *** sigh <sigh!~sigh@ppp114-153.static.internode.on.net> has quit IRC (Remote host closed the connection)
2012-04-02T10:32:04  *** mceier <mceier!~mceier@89-77-239-61.dynamic.chello.pl> has joined #aichallenge
2012-04-02T10:36:19  *** ramn <ramn!~ramn@84-55-94-37.customers.ownit.se> has joined #aichallenge
2012-04-02T10:45:17  *** Areks <Areks!~Areks@rs.gridnine.com> has quit IRC (Ping timeout: 272 seconds)
2012-04-02T11:25:22  *** Bluedgis is now known as Redgis
2012-04-02T11:27:48  *** coeus <coeus!~coeus@dslb-084-061-056-177.pools.arcor-ip.net> has quit IRC (Ping timeout: 264 seconds)
2012-04-02T11:28:03  *** archdori <archdori!~Fandekasp@KD182249001236.au-net.ne.jp> has joined #aichallenge
2012-04-02T11:34:07  *** smiley1983 <smiley1983!~smiley@115-64-6-216.static.tpgi.com.au> has quit IRC (Quit: leaving)
2012-04-02T11:53:02  *** kilae <kilae!~chatzilla@catv-161-018.tbwil.ch> has joined #aichallenge
2012-04-02T12:02:18  *** smiley1983 <smiley1983!~smiley@115-64-6-216.static.tpgi.com.au> has joined #aichallenge
2012-04-02T12:04:30  *** archdori <archdori!~Fandekasp@KD182249001236.au-net.ne.jp> has quit IRC (Ping timeout: 246 seconds)
2012-04-02T12:06:31  *** Palmik <Palmik!~palmik@man-208-66.pks.muni.cz> has joined #aichallenge
2012-04-02T12:07:11  *** coeus <coeus!~coeus@dslb-084-061-056-177.pools.arcor-ip.net> has joined #aichallenge
2012-04-02T12:14:42  *** kurnevsky <kurnevsky!~kurnevsky@217.21.41.201> has joined #aichallenge
2012-04-02T12:38:08  *** foRei <foRei!~ViT@0x4dd7b24d.adsl.cybercity.dk> has joined #aichallenge
2012-04-02T12:39:31  *** Dici_ <Dici_!~Dici@port-92-204-46-60.dynamic.qsc.de> has joined #aichallenge
2012-04-02T12:39:32  *** dici <dici!~Dici@port-92-204-103-26.dynamic.qsc.de> has quit IRC (Disconnected by services)
2012-04-02T12:39:35  *** Dici_ is now known as dici
2012-04-02T13:09:37  *** coeus <coeus!~coeus@dslb-084-061-056-177.pools.arcor-ip.net> has quit IRC (Ping timeout: 244 seconds)
2012-04-02T13:13:44  *** epicmonkey <epicmonkey!~epicmonke@91.234.37.51> has quit IRC (Ping timeout: 240 seconds)
2012-04-02T13:35:03  *** iglo <iglo!~xy@xdsl-92-252-76-50.dip.osnanet.de> has joined #aichallenge
2012-04-02T13:35:32  *** kurnevsky <kurnevsky!~kurnevsky@217.21.41.201> has quit IRC (Read error: Connection reset by peer)
2012-04-02T13:41:03  *** kurnevsky <kurnevsky!~kurnevsky@217.21.41.201> has joined #aichallenge
2012-04-02T13:55:09  *** kurnevsky <kurnevsky!~kurnevsky@217.21.41.201> has quit IRC (Read error: Connection reset by peer)
2012-04-02T14:11:00  *** coeus <coeus!~coeus@dslb-084-061-056-177.pools.arcor-ip.net> has joined #aichallenge
2012-04-02T14:18:44  *** smiley1983 <smiley1983!~smiley@115-64-6-216.static.tpgi.com.au> has quit IRC (Ping timeout: 240 seconds)
2012-04-02T14:19:42  *** smiley1983 <smiley1983!~smiley@115-64-6-216.static.tpgi.com.au> has joined #aichallenge
2012-04-02T14:41:25  *** kurnevsky <kurnevsky!~kurnevsky@217.21.41.201> has joined #aichallenge
2012-04-02T14:49:07  *** smiley1983 <smiley1983!~smiley@115-64-6-216.static.tpgi.com.au> has quit IRC (Ping timeout: 272 seconds)
2012-04-02T14:49:22  *** smiley1983 <smiley1983!~smiley@115-64-6-216.static.tpgi.com.au> has joined #aichallenge
2012-04-02T14:56:13  *** dlila <dlila!~dlila@72.53.70.164> has joined #aichallenge
2012-04-02T15:29:57  *** sigh <sigh!~sigh@ppp114-153.static.internode.on.net> has joined #aichallenge
2012-04-02T15:52:42  *** kurnevsky1 <kurnevsky1!~kurnevsky@195.50.23.193> has joined #aichallenge
2012-04-02T15:53:01  *** kurnevsky <kurnevsky!~kurnevsky@217.21.41.201> has quit IRC (Read error: Connection reset by peer)
2012-04-02T15:54:42  *** epicmonkey <epicmonkey!~epicmonke@following.utterance.volia.net> has joined #aichallenge
2012-04-02T15:56:30  <epicmonkey> gvk.com
2012-04-02T15:56:52  *** epicmonkey <epicmonkey!~epicmonke@following.utterance.volia.net> has quit IRC (Client Quit)
2012-04-02T15:57:08  *** epicmonkey <epicmonkey!~epicmonke@following.utterance.volia.net> has joined #aichallenge
2012-04-02T16:00:15  *** Accoun <Accoun!~1@static-213-88-39-97.chebnet.ru> has quit IRC ()
2012-04-02T16:01:30  *** sigh <sigh!~sigh@ppp114-153.static.internode.on.net> has quit IRC (Read error: Connection reset by peer)
2012-04-02T16:11:09  *** smiley1983 <smiley1983!~smiley@115-64-6-216.static.tpgi.com.au> has quit IRC (Ping timeout: 265 seconds)
2012-04-02T16:11:51  *** smiley1983 <smiley1983!~smiley@115-64-6-216.static.tpgi.com.au> has joined #aichallenge
2012-04-02T16:14:04  *** amstan <amstan!~alex@aichallenge/admin/amstan> has quit IRC (Quit: Konversation terminated!)
2012-04-02T16:16:15  *** Accoun <Accoun!~1@static-213-88-39-97.chebnet.ru> has joined #aichallenge
2012-04-02T16:18:50  *** kilae <kilae!~chatzilla@catv-161-018.tbwil.ch> has quit IRC (Quit: ChatZilla 0.9.88.1 [Firefox 11.0/20120312181643])
2012-04-02T16:26:06  *** Palmik_ <Palmik_!~palmik@man-208-66.pks.muni.cz> has joined #aichallenge
2012-04-02T16:31:06  *** coeus <coeus!~coeus@dslb-084-061-056-177.pools.arcor-ip.net> has quit IRC (Ping timeout: 260 seconds)
2012-04-02T16:31:06  *** iglo <iglo!~xy@xdsl-92-252-76-50.dip.osnanet.de> has quit IRC (Ping timeout: 260 seconds)
2012-04-02T16:31:06  *** Palmik <Palmik!~palmik@man-208-66.pks.muni.cz> has quit IRC (Ping timeout: 260 seconds)
2012-04-02T16:31:06  *** welterde <welterde!welterde@thinkbase.srv.welterde.de> has quit IRC (Ping timeout: 260 seconds)
2012-04-02T16:31:12  *** coeus_ <coeus_!~coeus@dslb-084-061-056-177.pools.arcor-ip.net> has joined #aichallenge
2012-04-02T16:31:23  *** iglo <iglo!~xy@xdsl-92-252-76-50.dip.osnanet.de> has joined #aichallenge
2012-04-02T16:40:53  *** delt0r_ <delt0r_!~bob@178-190-73-83.adsl.highway.telekom.at> has quit IRC (Ping timeout: 265 seconds)
2012-04-02T16:43:44  *** welterde <welterde!welterde@thinkbase.srv.welterde.de> has joined #aichallenge
2012-04-02T16:46:33  *** epicmonkey <epicmonkey!~epicmonke@following.utterance.volia.net> has quit IRC (Read error: Operation timed out)
2012-04-02T16:52:47  *** delt0r_ <delt0r_!~bob@88-117-39-132.adsl.highway.telekom.at> has joined #aichallenge
2012-04-02T16:58:20  *** kurnevsky1 <kurnevsky1!~kurnevsky@195.50.23.193> has quit IRC (Ping timeout: 246 seconds)
2012-04-02T17:00:27  *** Palmik_ <Palmik_!~palmik@man-208-66.pks.muni.cz> has quit IRC ()
2012-04-02T17:05:14  *** iglo <iglo!~xy@xdsl-92-252-76-50.dip.osnanet.de> has quit IRC (Quit: .)
2012-04-02T17:10:59  *** smiley1983 <smiley1983!~smiley@115-64-6-216.static.tpgi.com.au> has quit IRC (Ping timeout: 252 seconds)
2012-04-02T17:13:00  *** smiley1983 <smiley1983!~smiley@115-64-6-216.static.tpgi.com.au> has joined #aichallenge
2012-04-02T17:17:00  *** amstan <amstan!~alex@aichallenge/admin/amstan> has joined #aichallenge
2012-04-02T17:17:01  *** ChanServ sets mode: +o amstan
2012-04-02T17:29:07  *** coeus_ <coeus_!~coeus@dslb-084-061-056-177.pools.arcor-ip.net> has quit IRC (Ping timeout: 276 seconds)
2012-04-02T17:47:18  *** Garf <Garf!~Garf@78-22-80-252.access.telenet.be> has quit IRC (Quit: Make a new plan, Stan!)
2012-04-02T17:54:36  *** foRei <foRei!~ViT@0x4dd7b24d.adsl.cybercity.dk> has quit IRC (Quit: Bye)
2012-04-02T18:00:50  *** coeus_ <coeus_!~coeus@dslb-084-061-056-177.pools.arcor-ip.net> has joined #aichallenge
2012-04-02T18:04:46  *** coeus_ <coeus_!~coeus@dslb-084-061-056-177.pools.arcor-ip.net> has quit IRC (Read error: Operation timed out)
2012-04-02T18:12:26  *** dici <dici!~Dici@port-92-204-46-60.dynamic.qsc.de> has quit IRC (Read error: Connection reset by peer)
2012-04-02T18:35:43  *** mceier <mceier!~mceier@89-77-239-61.dynamic.chello.pl> has quit IRC (Quit: leaving)
2012-04-02T18:39:04  *** sigh <sigh!~sigh@ppp114-153.static.internode.on.net> has joined #aichallenge
2012-04-02T18:47:45  *** sigh <sigh!~sigh@ppp114-153.static.internode.on.net> has quit IRC (Remote host closed the connection)
2012-04-02T19:11:43  *** archdori <archdori!~Fandekasp@KD182249004214.au-net.ne.jp> has joined #aichallenge
2012-04-02T19:26:15  *** Jak_o_Shadows <Jak_o_Shadows!~Fake@unaffiliated/jak-o-shadows/x-0479135> has joined #aichallenge
2012-04-02T19:34:37  *** archdori_ <archdori_!~Fandekasp@KD182249001037.au-net.ne.jp> has joined #aichallenge
2012-04-02T19:38:02  *** archdori <archdori!~Fandekasp@KD182249004214.au-net.ne.jp> has quit IRC (Ping timeout: 252 seconds)
2012-04-02T20:33:19  *** dlila <dlila!~dlila@72.53.70.164> has quit IRC (Quit: Leaving)
2012-04-02T20:34:18  *** jmcarthur <jmcarthur!~jake@pool-72-89-247-53.nycmny.fios.verizon.net> has quit IRC (Ping timeout: 246 seconds)
2012-04-02T21:01:46  *** jmcarthur <jmcarthur!~jake@pool-72-89-247-53.nycmny.fios.verizon.net> has joined #aichallenge
2012-04-02T21:20:33  *** pairofdice <pairofdice!~pod@dsl-hkibrasgw2-ff72c300-101.dhcp.inet.fi> has joined #aichallenge
2012-04-02T21:32:05  *** archdori_ <archdori_!~Fandekasp@KD182249001037.au-net.ne.jp> has quit IRC (Ping timeout: 265 seconds)
2012-04-02T21:54:28  *** archdori <archdori!~Fandekasp@p19102-ipngn100202yosemiya.okinawa.ocn.ne.jp> has joined #aichallenge
2012-04-02T21:55:02  *** pairofdice <pairofdice!~pod@dsl-hkibrasgw2-ff72c300-101.dhcp.inet.fi> has quit IRC (Quit: It is time for you to leave)
2012-04-02T22:00:46  *** pairofdice <pairofdice!~pod@dsl-hkibrasgw2-ff72c300-101.dhcp.inet.fi> has joined #aichallenge
2012-04-02T22:58:04  *** Chris_0076 <Chris_0076!~Chris_007@adsl-74-190-52-95.asm.bellsouth.net> has quit IRC (Ping timeout: 252 seconds)
2012-04-02T22:58:43  *** Chris_0076 <Chris_0076!~Chris_007@adsl-74-190-52-95.asm.bellsouth.net> has joined #aichallenge
2012-04-02T23:54:43  *** dvladim <dvladim!~dvladim@85.113.131.65> has joined #aichallenge
