2012-05-31T01:35:50  *** Areks <Areks!~Areks@rs.gridnine.com> has joined #aichallenge
2012-05-31T01:41:46  *** Cyndre <Cyndre!~Cyndre@DOCSIS-182-133.cable-lynx.net> has quit IRC (Quit: Leaving)
2012-05-31T01:47:47  *** grc48 <grc48!~grc48@CPE-58-172-41-80.wqcz1.ken.bigpond.net.au> has joined #aichallenge
2012-05-31T02:01:25  *** Garf <Garf!~Garf@78-22-80-252.access.telenet.be> has joined #aichallenge
2012-05-31T02:02:37  *** Cyndre <Cyndre!~Cyndre@DOCSIS-182-133.cable-lynx.net> has joined #aichallenge
2012-05-31T02:02:42  *** NoxiaZ^ <NoxiaZ^!~noxi@87-104-29-39-dynamic-customer.profibernet.dk> has joined #aichallenge
2012-05-31T02:36:17  *** epicmonkey <epicmonkey!~epicmonke@188.134.41.211> has joined #aichallenge
2012-05-31T02:39:25  *** iglo <iglo!~xy@xdsl-92-252-124-41.dip.osnanet.de> has joined #aichallenge
2012-05-31T02:49:50  *** amstan <amstan!~alex@aichallenge/admin/amstan> has quit IRC (Quit: Konversation terminated!)
2012-05-31T02:52:54  *** Cyndre <Cyndre!~Cyndre@DOCSIS-182-133.cable-lynx.net> has quit IRC (Read error: Connection reset by peer)
2012-05-31T02:53:09  *** Cyndre <Cyndre!~Cyndre@DOCSIS-182-133.cable-lynx.net> has joined #aichallenge
2012-05-31T03:06:09  *** epicmonkey <epicmonkey!~epicmonke@188.134.41.211> has quit IRC (Ping timeout: 246 seconds)
2012-05-31T03:08:17  *** iglo <iglo!~xy@xdsl-92-252-124-41.dip.osnanet.de> has quit IRC (Remote host closed the connection)
2012-05-31T03:12:52  *** cyphase <cyphase!~cyphase@unaffiliated/cyphase> has quit IRC (Ping timeout: 248 seconds)
2012-05-31T03:16:05  *** cyphase <cyphase!~cyphase@unaffiliated/cyphase> has joined #aichallenge
2012-05-31T03:22:20  *** kurnevsky <kurnevsky!~kurnevsky@217.21.41.207> has joined #aichallenge
2012-05-31T03:29:11  *** foRei <foRei!~ViT@0x4dd7b24d.adsl.cybercity.dk> has joined #aichallenge
2012-05-31T03:35:31  *** sigh <sigh!~sigh@ppp114-153.static.internode.on.net> has joined #aichallenge
2012-05-31T03:35:47  *** GarfTop <GarfTop!~Garf@78-22-80-252.access.telenet.be> has joined #aichallenge
2012-05-31T03:36:19  *** grc48_ <grc48_!~grc48@CPE-58-172-41-80.wqcz1.ken.bigpond.net.au> has joined #aichallenge
2012-05-31T03:37:02  *** grc48 <grc48!~grc48@CPE-58-172-41-80.wqcz1.ken.bigpond.net.au> has quit IRC (Read error: Connection reset by peer)
2012-05-31T03:39:17  *** Garf <Garf!~Garf@78-22-80-252.access.telenet.be> has quit IRC (Ping timeout: 252 seconds)
2012-05-31T03:48:02  *** sigh <sigh!~sigh@ppp114-153.static.internode.on.net> has quit IRC (Remote host closed the connection)
2012-05-31T03:51:44  *** kurnevsky <kurnevsky!~kurnevsky@217.21.41.207> has quit IRC (Quit: Leaving.)
2012-05-31T03:56:58  *** pairofdice <pairofdice!~pod@dsl-hkibrasgw2-fed3df00-232.dhcp.inet.fi> has joined #aichallenge
2012-05-31T04:09:00  *** epicmonkey <epicmonkey!~epicmonke@host-224-60.dataart.net> has joined #aichallenge
2012-05-31T04:15:08  *** thestinger <thestinger!~strcat@CPE98fc1165cb6f-CM00159a09b2d0.cpe.net.cable.rogers.com> has joined #aichallenge
2012-05-31T04:24:50  *** grc48_ <grc48_!~grc48@CPE-58-172-41-80.wqcz1.ken.bigpond.net.au> has quit IRC (Quit: Leaving)
2012-05-31T04:55:13  *** thestinger <thestinger!~strcat@CPE98fc1165cb6f-CM00159a09b2d0.cpe.net.cable.rogers.com> has quit IRC (Quit: brb)
2012-05-31T04:59:20  *** thestinger <thestinger!~strcat@CPE98fc1165cb6f-CM00159a09b2d0.cpe.net.cable.rogers.com> has joined #aichallenge
2012-05-31T04:59:27  *** Palmik <Palmik!~palmik@man-208-66.pks.muni.cz> has joined #aichallenge
2012-05-31T04:59:46  *** thestinger is now known as Guest68886
2012-05-31T05:01:05  *** Guest68886 is now known as thestinger
2012-05-31T05:33:47  *** ahow_984 <ahow_984!~pqaw9ijh2@86-46-35-21-dynamic.b-ras3.mvw.galway.eircom.net> has joined #aichallenge
2012-05-31T06:09:51  *** mceier <mceier!~mceier@89-77-239-61.dynamic.chello.pl> has joined #aichallenge
2012-05-31T06:40:19  *** sigh <sigh!~sigh@ppp114-153.static.internode.on.net> has joined #aichallenge
2012-05-31T06:42:14  *** sigh <sigh!~sigh@ppp114-153.static.internode.on.net> has quit IRC (Remote host closed the connection)
2012-05-31T06:50:01  *** sigh <sigh!~sigh@ppp114-153.static.internode.on.net> has joined #aichallenge
2012-05-31T06:53:59  *** Palmik <Palmik!~palmik@man-208-66.pks.muni.cz> has quit IRC (Ping timeout: 252 seconds)
2012-05-31T06:55:19  *** Palmik <Palmik!~palmik@man-208-66.pks.muni.cz> has joined #aichallenge
2012-05-31T07:14:04  *** kurnevsky <kurnevsky!~kurnevsky@217.21.41.207> has joined #aichallenge
2012-05-31T07:39:43  *** ahow_984 <ahow_984!~pqaw9ijh2@86-46-35-21-dynamic.b-ras3.mvw.galway.eircom.net> has quit IRC (Ping timeout: 245 seconds)
2012-05-31T07:53:01  *** ahow_984 <ahow_984!~pqaw9ijh2@86-46-35-21-dynamic.b-ras3.mvw.galway.eircom.net> has joined #aichallenge
2012-05-31T07:58:08  *** ahow_984 <ahow_984!~pqaw9ijh2@86-46-35-21-dynamic.b-ras3.mvw.galway.eircom.net> has quit IRC (Ping timeout: 244 seconds)
2012-05-31T08:26:49  *** Palmik <Palmik!~palmik@man-208-66.pks.muni.cz> has quit IRC (Ping timeout: 245 seconds)
2012-05-31T08:43:23  *** amstan <amstan!~alex@aichallenge/admin/amstan> has joined #aichallenge
2012-05-31T08:43:24  *** ChanServ sets mode: +o amstan
2012-05-31T08:43:27  *** amstan <amstan!~alex@aichallenge/admin/amstan> has quit IRC (Client Quit)
2012-05-31T08:56:53  *** mleise <mleise!~marco@dslb-088-071-250-214.pools.arcor-ip.net> has joined #aichallenge
2012-05-31T09:03:45  *** Palmik <Palmik!~palmik@man-208-66.pks.muni.cz> has joined #aichallenge
2012-05-31T09:14:30  *** ahow_984 <ahow_984!~pqaw9ijh2@86-46-35-21-dynamic.b-ras3.mvw.galway.eircom.net> has joined #aichallenge
2012-05-31T09:45:09  *** amstan <amstan!~alex@aichallenge/admin/amstan> has joined #aichallenge
2012-05-31T09:45:09  *** ChanServ sets mode: +o amstan
2012-05-31T10:00:31  <ahow_984> anyone want to give me an update on the status of aichallenge?
2012-05-31T10:00:44  <ahow_984> I just finished my exams last week and am back now :)
2012-05-31T10:10:57  *** HaraKiri <HaraKiri!~hara@d117095.adsl.hansenet.de> has joined #aichallenge
2012-05-31T10:15:16  *** ahow_984 <ahow_984!~pqaw9ijh2@86-46-35-21-dynamic.b-ras3.mvw.galway.eircom.net> has quit IRC (Ping timeout: 248 seconds)
2012-05-31T10:29:15  *** amstan <amstan!~alex@aichallenge/admin/amstan> has quit IRC (Quit: Konversation terminated!)
2012-05-31T10:31:40  *** amstan <amstan!~alex@aichallenge/admin/amstan> has joined #aichallenge
2012-05-31T10:31:40  *** ChanServ sets mode: +o amstan
2012-05-31T10:40:25  *** Areks <Areks!~Areks@rs.gridnine.com> has quit IRC (Ping timeout: 272 seconds)
2012-05-31T10:47:38  *** ahow_984 <ahow_984!~pqaw9ijh2@86-46-35-21-dynamic.b-ras3.mvw.galway.eircom.net> has joined #aichallenge
2012-05-31T11:00:04  *** ahow_984 <ahow_984!~pqaw9ijh2@86-46-35-21-dynamic.b-ras3.mvw.galway.eircom.net> has quit IRC (Quit: leaving)
2012-05-31T11:01:41  *** ivan`` <ivan``!~ivan@unaffiliated/ivan/x-000001> has quit IRC (Ping timeout: 248 seconds)
2012-05-31T11:04:17  *** ivan`` <ivan``!~ivan@unaffiliated/ivan/x-000001> has joined #aichallenge
2012-05-31T11:49:50  *** epicmonkey <epicmonkey!~epicmonke@host-224-60.dataart.net> has quit IRC (Ping timeout: 245 seconds)
2012-05-31T12:02:52  *** sigh <sigh!~sigh@ppp114-153.static.internode.on.net> has quit IRC (Read error: Connection reset by peer)
2012-05-31T12:03:37  *** epicmonkey <epicmonkey!~epicmonke@host-224-59.dataart.net> has joined #aichallenge
2012-05-31T12:45:19  *** amstan <amstan!~alex@aichallenge/admin/amstan> has quit IRC (Read error: Connection reset by peer)
2012-05-31T12:45:41  *** amstan <amstan!~alex@aichallenge/admin/amstan> has joined #aichallenge
2012-05-31T12:45:41  *** ChanServ sets mode: +o amstan
2012-05-31T13:06:02  *** kilae <kilae!~chatzilla@catv-161-018.tbwil.ch> has joined #aichallenge
2012-05-31T13:06:30  *** epicmonkey <epicmonkey!~epicmonke@host-224-59.dataart.net> has quit IRC (Ping timeout: 245 seconds)
2012-05-31T13:16:05  *** Fandekasp <Fandekasp!~Fandekasp@sannin29240.nirai.ne.jp> has quit IRC (Ping timeout: 248 seconds)
2012-05-31T14:07:14  *** iglo <iglo!~xy@xdsl-92-252-124-41.dip.osnanet.de> has joined #aichallenge
2012-05-31T14:26:40  *** amstan <amstan!~alex@aichallenge/admin/amstan> has quit IRC (Ping timeout: 260 seconds)
2012-05-31T14:33:54  *** antimatroid1 <antimatroid1!~nick@4.125-27-211.dynamic.dsl.mel.iprimus.net.au> has quit IRC (Ping timeout: 245 seconds)
2012-05-31T14:34:29  *** antimatroid <antimatroid!~nick@176.153.dsl.mel.iprimus.net.au> has joined #aichallenge
2012-05-31T15:01:31  *** Accoun <Accoun!~1@static-213-88-39-97.chebnet.ru> has quit IRC ()
2012-05-31T15:12:44  *** Accoun <Accoun!~1@static-213-88-39-97.chebnet.ru> has joined #aichallenge
2012-05-31T15:30:51  *** HaraKiri <HaraKiri!~hara@d117095.adsl.hansenet.de> has quit IRC (Ping timeout: 244 seconds)
2012-05-31T15:31:15  *** HaraKiri <HaraKiri!~hara@g224191183.adsl.alicedsl.de> has joined #aichallenge
2012-05-31T15:32:08  *** amstan <amstan!~alex@aichallenge/admin/amstan> has joined #aichallenge
2012-05-31T15:32:08  *** ChanServ sets mode: +o amstan
2012-05-31T15:58:50  *** kilae <kilae!~chatzilla@catv-161-018.tbwil.ch> has quit IRC (Quit: ChatZilla 0.9.88.2 [Firefox 12.0/20120420145725])
2012-05-31T16:22:59  *** amstan_ <amstan_!~alex@aichallenge/admin/amstan> has joined #aichallenge
2012-05-31T16:22:59  *** ChanServ sets mode: +o amstan_
2012-05-31T16:35:44  *** amstan_ <amstan_!~alex@aichallenge/admin/amstan> has quit IRC (Quit: Konversation terminated!)
2012-05-31T16:37:48  *** amstan_ <amstan_!~alex@aichallenge/admin/amstan> has joined #aichallenge
2012-05-31T16:37:49  *** ChanServ sets mode: +o amstan_
2012-05-31T16:37:59  *** smjms <smjms!~janne@dyn2-212-50-133-221.psoas.suomi.net> has joined #aichallenge
2012-05-31T16:38:00  *** smjms <smjms!~janne@pdpc/supporter/student/kosiini> has joined #aichallenge
2012-05-31T16:38:36  *** kurnevsky <kurnevsky!~kurnevsky@217.21.41.207> has quit IRC (Quit: Leaving.)
2012-05-31T16:46:31  *** Palmik <Palmik!~palmik@man-208-66.pks.muni.cz> has quit IRC ()
2012-05-31T17:10:17  *** thestinger <thestinger!~strcat@CPE98fc1165cb6f-CM00159a09b2d0.cpe.net.cable.rogers.com> has quit IRC (Quit: WeeChat 0.3.7)
2012-05-31T17:22:39  *** mleise <mleise!~marco@dslb-088-071-250-214.pools.arcor-ip.net> has quit IRC (Ping timeout: 245 seconds)
2012-05-31T17:31:07  *** epicmonkey <epicmonkey!~epicmonke@188.134.41.211> has joined #aichallenge
2012-05-31T17:36:30  *** iglo <iglo!~xy@xdsl-92-252-124-41.dip.osnanet.de> has quit IRC (Remote host closed the connection)
2012-05-31T17:47:31  *** NoxiaZ^ <NoxiaZ^!~noxi@87-104-29-39-dynamic-customer.profibernet.dk> has quit IRC (Ping timeout: 250 seconds)
2012-05-31T17:48:07  *** mceier <mceier!~mceier@89-77-239-61.dynamic.chello.pl> has quit IRC (Quit: leaving)
2012-05-31T17:49:20  *** epicmonkey <epicmonkey!~epicmonke@188.134.41.211> has quit IRC (Ping timeout: 244 seconds)
2012-05-31T18:23:01  *** amstan__ <amstan__!~alex@aichallenge/admin/amstan> has joined #aichallenge
2012-05-31T18:23:02  *** ChanServ sets mode: +o amstan__
2012-05-31T18:23:53  *** amstan_ <amstan_!~alex@aichallenge/admin/amstan> has quit IRC (Read error: Connection reset by peer)
2012-05-31T18:24:26  *** srgpqt <srgpqt!~srgpqt@69-165-173-227.dsl.teksavvy.com> has joined #aichallenge
2012-05-31T18:24:27  *** amstan__ is now known as amstan_
2012-05-31T18:28:06  *** HaraKiri <HaraKiri!~hara@g224191183.adsl.alicedsl.de> has quit IRC ()
2012-05-31T18:52:04  *** Xscribble <Xscribble!scribble@74-132-73-182.dhcp.insightbb.com> has joined #aichallenge
2012-05-31T18:55:46  *** contestbot <contestbot!~supybot@aichallenge/bot/contestbot> has joined #aichallenge
2012-05-31T18:55:46  *** ChanServ sets mode: +o contestbot
2012-05-31T18:56:25  *** amstan_ <amstan_!~alex@aichallenge/admin/amstan> has quit IRC (Ping timeout: 246 seconds)
2012-05-31T18:56:46  *** amstan <amstan!~alex@aichallenge/admin/amstan> has quit IRC (Ping timeout: 246 seconds)
2012-05-31T19:03:47  *** amstan__ is now known as amstan
2012-05-31T19:18:29  *** antimatroid1 <antimatroid1!~nick@48.106.dsl.mel.iprimus.net.au> has joined #aichallenge
2012-05-31T19:20:49  *** antimatroid <antimatroid!~nick@176.153.dsl.mel.iprimus.net.au> has quit IRC (Read error: Operation timed out)
2012-05-31T19:23:08  *** sigh <sigh!~sigh@ppp114-153.static.internode.on.net> has joined #aichallenge
2012-05-31T19:30:42  *** sigh <sigh!~sigh@ppp114-153.static.internode.on.net> has quit IRC (Remote host closed the connection)
2012-05-31T19:34:41  *** Fandekasp <Fandekasp!~Fandekasp@sannin29240.nirai.ne.jp> has joined #aichallenge
2012-05-31T19:43:12  *** amstan_ <amstan_!~alex@aichallenge/admin/amstan> has joined #aichallenge
2012-05-31T19:43:12  *** ChanServ sets mode: +o amstan_
2012-05-31T19:45:46  *** amstan <amstan!~alex@aichallenge/admin/amstan> has quit IRC (Ping timeout: 246 seconds)
2012-05-31T19:52:34  *** Xscribble <Xscribble!scribble@74-132-73-182.dhcp.insightbb.com> has quit IRC (Ping timeout: 265 seconds)
2012-05-31T19:56:22  *** pairofdice <pairofdice!~pod@dsl-hkibrasgw2-fed3df00-232.dhcp.inet.fi> has quit IRC (Quit: in girum imus nocte et consumimur igni)
2012-05-31T19:57:28  *** foRei <foRei!~ViT@0x4dd7b24d.adsl.cybercity.dk> has quit IRC (Quit: Bye)
2012-05-31T20:06:31  *** cyphase <cyphase!~cyphase@unaffiliated/cyphase> has quit IRC (Ping timeout: 245 seconds)
2012-05-31T20:46:49  *** cyphase <cyphase!~cyphase@unaffiliated/cyphase> has joined #aichallenge
2012-05-31T21:59:24  *** Xscribble <Xscribble!scribble@74-132-73-182.dhcp.insightbb.com> has joined #aichallenge
2012-05-31T22:01:57  *** smjms <smjms!~janne@pdpc/supporter/student/kosiini> has quit IRC (Quit: Konversation terminated!)
2012-05-31T23:51:20  *** Xscribble <Xscribble!scribble@74-132-73-182.dhcp.insightbb.com> has quit IRC (Ping timeout: 260 seconds)
