2012-05-13T00:28:30  *** thestinger <thestinger!~strcat@CPE98fc1165cb6f-CM00159a09b2d0.cpe.net.cable.rogers.com> has joined #aichallenge
2012-05-13T00:57:41  *** dvladim <dvladim!~dvladim@85.113.131.65> has joined #aichallenge
2012-05-13T01:02:17  *** delt0r <delt0r!~bob@178-190-200-23.adsl.highway.telekom.at> has quit IRC (Ping timeout: 260 seconds)
2012-05-13T01:14:41  *** delt0r <delt0r!~bob@178-191-183-28.adsl.highway.telekom.at> has joined #aichallenge
2012-05-13T01:24:50  *** sigh <sigh!~sigh@ppp114-153.static.internode.on.net> has joined #aichallenge
2012-05-13T02:14:34  *** Kingpin13 <Kingpin13!~Kingpin13@Wikipedia/Kingpin13> has joined #aichallenge
2012-05-13T02:19:52  *** Kingpin13 <Kingpin13!~Kingpin13@Wikipedia/Kingpin13> has quit IRC (Ping timeout: 260 seconds)
2012-05-13T02:40:47  *** Palmik <Palmik!~palmik@man-208-66.pks.muni.cz> has joined #aichallenge
2012-05-13T02:42:40  *** yoden <yoden!~horstman@cpe-76-190-245-7.neo.res.rr.com> has quit IRC (*.net *.split)
2012-05-13T02:42:40  *** Redgis <Redgis!~redgis@88-191-147-49.rev.dedibox.fr> has quit IRC (*.net *.split)
2012-05-13T02:42:40  *** ivan`` <ivan``!~ivan@unaffiliated/ivan/x-000001> has quit IRC (*.net *.split)
2012-05-13T02:42:40  *** Alexer <Alexer!alexer@alexer.net> has quit IRC (*.net *.split)
2012-05-13T02:42:49  *** ivan`` <ivan``!~ivan@unaffiliated/ivan/x-000001> has joined #aichallenge
2012-05-13T02:53:19  *** coeus <coeus!~coeus@dslb-084-061-056-077.pools.arcor-ip.net> has joined #aichallenge
2012-05-13T03:00:42  *** amstan <amstan!~alex@aichallenge/admin/amstan> has quit IRC (Quit: Konversation terminated!)
2012-05-13T03:02:04  *** thestinger <thestinger!~strcat@CPE98fc1165cb6f-CM00159a09b2d0.cpe.net.cable.rogers.com> has quit IRC (Quit: sleep)
2012-05-13T03:15:31  *** dvladim <dvladim!~dvladim@85.113.131.65> has quit IRC (Ping timeout: 244 seconds)
2012-05-13T03:35:09  *** coeus <coeus!~coeus@dslb-084-061-056-077.pools.arcor-ip.net> has quit IRC (Ping timeout: 244 seconds)
2012-05-13T03:50:20  *** epicmonkey <epicmonkey!~epicmonke@188.134.41.211> has joined #aichallenge
2012-05-13T04:02:58  *** dici <dici!~Dici@port-92-204-23-237.dynamic.qsc.de> has joined #aichallenge
2012-05-13T04:12:38  *** yoden <yoden!~horstman@cpe-76-190-245-7.neo.res.rr.com> has joined #aichallenge
2012-05-13T04:12:38  *** Redgis <Redgis!~redgis@88-191-147-49.rev.dedibox.fr> has joined #aichallenge
2012-05-13T04:12:38  *** Alexer <Alexer!alexer@alexer.net> has joined #aichallenge
2012-05-13T04:19:47  *** iglo <iglo!~xy@xdslan165.osnanet.de> has joined #aichallenge
2012-05-13T04:27:14  *** coeus <coeus!~coeus@dslb-084-061-056-077.pools.arcor-ip.net> has joined #aichallenge
2012-05-13T04:37:22  *** kurnevsky <kurnevsky!~kurnevsky@217.21.41.207> has joined #aichallenge
2012-05-13T04:40:48  *** dvladim <dvladim!~dvladim@85.113.131.65> has joined #aichallenge
2012-05-13T04:46:30  *** mleise <mleise!~marco@dslb-178-011-222-198.pools.arcor-ip.net> has joined #aichallenge
2012-05-13T04:56:50  *** mceier <mceier!~mceier@89-77-239-61.dynamic.chello.pl> has joined #aichallenge
2012-05-13T05:02:17  *** coeus <coeus!~coeus@dslb-084-061-056-077.pools.arcor-ip.net> has quit IRC (Quit: Verlassend)
2012-05-13T05:03:37  *** foRei <foRei!~ViT@0x4dd7b24d.adsl.cybercity.dk> has joined #aichallenge
2012-05-13T05:04:13  *** epicmonkey <epicmonkey!~epicmonke@188.134.41.211> has quit IRC (Ping timeout: 272 seconds)
2012-05-13T06:18:27  *** dvladim <dvladim!~dvladim@85.113.131.65> has quit IRC (Ping timeout: 260 seconds)
2012-05-13T07:02:05  *** epicmonkey <epicmonkey!~epicmonke@188.134.41.211> has joined #aichallenge
2012-05-13T07:10:51  *** Kingpin13 <Kingpin13!~Kingpin13@Wikipedia/Kingpin13> has joined #aichallenge
2012-05-13T07:52:00  *** antimatroid1 <antimatroid1!~nick@31.205.dsl.mel.iprimus.net.au> has joined #aichallenge
2012-05-13T07:54:31  *** antimatroid <antimatroid!~nick@251.198.dsl.mel.iprimus.net.au> has quit IRC (Ping timeout: 250 seconds)
2012-05-13T08:41:20  *** antimatroid1 <antimatroid1!~nick@31.205.dsl.mel.iprimus.net.au> has quit IRC (Read error: No route to host)
2012-05-13T08:41:30  *** antimatroid <antimatroid!~nick@31.205.dsl.mel.iprimus.net.au> has joined #aichallenge
2012-05-13T09:02:20  *** delt0r <delt0r!~bob@178-191-183-28.adsl.highway.telekom.at> has quit IRC (Ping timeout: 256 seconds)
2012-05-13T09:13:48  *** kurnevsky <kurnevsky!~kurnevsky@217.21.41.207> has quit IRC (Read error: Connection reset by peer)
2012-05-13T09:14:56  *** delt0r <delt0r!~bob@88-117-38-132.adsl.highway.telekom.at> has joined #aichallenge
2012-05-13T09:15:50  *** iglo <iglo!~xy@xdslan165.osnanet.de> has quit IRC (Remote host closed the connection)
2012-05-13T10:04:46  *** pairofdice <pairofdice!~pod@dsl-hkibrasgw2-fed3df00-232.dhcp.inet.fi> has joined #aichallenge
2012-05-13T10:22:31  *** Kingpin13 <Kingpin13!~Kingpin13@Wikipedia/Kingpin13> has quit IRC (Ping timeout: 252 seconds)
2012-05-13T10:31:03  *** dvladim <dvladim!~dvladim@85.113.131.65> has joined #aichallenge
2012-05-13T11:02:31  *** choas <choas!~lars@p4FDC48BE.dip.t-dialin.net> has joined #aichallenge
2012-05-13T11:04:37  *** iglo <iglo!~xy@xdslan165.osnanet.de> has joined #aichallenge
2012-05-13T11:08:40  *** dvladim <dvladim!~dvladim@85.113.131.65> has quit IRC (Ping timeout: 244 seconds)
2012-05-13T11:11:33  *** amstan <amstan!~alex@aichallenge/admin/amstan> has joined #aichallenge
2012-05-13T11:11:33  *** ChanServ sets mode: +o amstan
2012-05-13T11:56:09  *** sigh <sigh!~sigh@ppp114-153.static.internode.on.net> has quit IRC (Remote host closed the connection)
2012-05-13T12:00:08  *** kilae <kilae!~chatzilla@catv-161-018.tbwil.ch> has joined #aichallenge
2012-05-13T12:05:59  *** choas <choas!~lars@p4FDC48BE.dip.t-dialin.net> has quit IRC (Read error: Operation timed out)
2012-05-13T12:06:29  *** amstan <amstan!~alex@aichallenge/admin/amstan> has quit IRC (Quit: Konversation terminated!)
2012-05-13T12:19:57  *** thestinger <thestinger!~strcat@CPE98fc1165cb6f-CM00159a09b2d0.cpe.net.cable.rogers.com> has joined #aichallenge
2012-05-13T12:29:35  *** mcstar <mcstar!~mcstar@adsl-89-134-12-173.monradsl.monornet.hu> has joined #aichallenge
2012-05-13T12:31:20  *** OxOFFF <OxOFFF!~OxOFFF@ip-46-73-14-160.bb.netbynet.ru> has joined #aichallenge
2012-05-13T12:57:36  *** choas <choas!~lars@p4FDC48BE.dip.t-dialin.net> has joined #aichallenge
2012-05-13T14:46:52  *** dvladim <dvladim!~dvladim@85.113.131.65> has joined #aichallenge
2012-05-13T14:51:23  *** OxOFFF <OxOFFF!~OxOFFF@ip-46-73-14-160.bb.netbynet.ru> has quit IRC (Quit: Bye)
2012-05-13T15:22:31  *** mcstar <mcstar!~mcstar@adsl-89-134-12-173.monradsl.monornet.hu> has quit IRC (Quit: mcstar)
2012-05-13T15:29:57  *** epicmonkey <epicmonkey!~epicmonke@188.134.41.211> has quit IRC (Ping timeout: 248 seconds)
2012-05-13T15:32:30  *** dvladim <dvladim!~dvladim@85.113.131.65> has quit IRC (Ping timeout: 272 seconds)
2012-05-13T16:03:00  *** iglo <iglo!~xy@xdslan165.osnanet.de> has quit IRC (Remote host closed the connection)
2012-05-13T16:03:33  *** Accoun <Accoun!~1@static-213-88-39-97.chebnet.ru> has quit IRC ()
2012-05-13T16:22:29  *** Accoun <Accoun!~1@static-213-88-39-97.chebnet.ru> has joined #aichallenge
2012-05-13T16:30:53  *** GeorgeH <GeorgeH!~George@c-69-141-105-145.hsd1.nj.comcast.net> has joined #aichallenge
2012-05-13T16:47:13  *** coeus <coeus!~coeus@dslb-084-061-056-077.pools.arcor-ip.net> has joined #aichallenge
2012-05-13T16:56:50  *** amstan <amstan!~alex@aichallenge/admin/amstan> has joined #aichallenge
2012-05-13T16:56:50  *** ChanServ sets mode: +o amstan
2012-05-13T17:03:02  *** delt0r <delt0r!~bob@88-117-38-132.adsl.highway.telekom.at> has quit IRC (Ping timeout: 260 seconds)
2012-05-13T17:15:23  *** delt0r <delt0r!~bob@213-33-10-133.adsl.highway.telekom.at> has joined #aichallenge
2012-05-13T17:26:19  *** Dici_ <Dici_!~Dici@port-92-204-24-48.dynamic.qsc.de> has joined #aichallenge
2012-05-13T17:26:19  *** dici <dici!~Dici@port-92-204-23-237.dynamic.qsc.de> has quit IRC (Disconnected by services)
2012-05-13T17:26:21  *** Dici_ is now known as dici
2012-05-13T17:28:27  *** kilae <kilae!~chatzilla@catv-161-018.tbwil.ch> has quit IRC (Quit: ChatZilla 0.9.88.2 [Firefox 12.0/20120420145725])
2012-05-13T17:54:15  *** choas <choas!~lars@p4FDC48BE.dip.t-dialin.net> has quit IRC (Ping timeout: 252 seconds)
2012-05-13T17:58:15  *** amstan <amstan!~alex@aichallenge/admin/amstan> has quit IRC (Quit: Konversation terminated!)
2012-05-13T18:03:20  *** amstan <amstan!~alex@aichallenge/admin/amstan> has joined #aichallenge
2012-05-13T18:03:20  *** ChanServ sets mode: +o amstan
2012-05-13T18:27:11  *** mceier <mceier!~mceier@89-77-239-61.dynamic.chello.pl> has quit IRC (Quit: leaving)
2012-05-13T18:28:34  *** Palmik <Palmik!~palmik@man-208-66.pks.muni.cz> has quit IRC ()
2012-05-13T18:33:49  *** dici <dici!~Dici@port-92-204-24-48.dynamic.qsc.de> has quit IRC (Quit: ( www.nnscript.com :: NoNameScript 4.22 :: www.esnation.com ))
2012-05-13T18:38:47  *** sigh <sigh!~sigh@ppp114-153.static.internode.on.net> has joined #aichallenge
2012-05-13T18:40:31  *** sigh <sigh!~sigh@ppp114-153.static.internode.on.net> has quit IRC (Remote host closed the connection)
2012-05-13T19:06:34  *** Chris_0076 <Chris_0076!~Chris_007@adsl-98-66-251-249.asm.bellsouth.net> has quit IRC (Quit: Leaving)
2012-05-13T19:11:51  *** sigh <sigh!~sigh@ppp114-153.static.internode.on.net> has joined #aichallenge
2012-05-13T19:12:45  *** sigh <sigh!~sigh@ppp114-153.static.internode.on.net> has quit IRC (Read error: Connection reset by peer)
2012-05-13T19:15:01  *** sigh <sigh!~sigh@ppp114-153.static.internode.on.net> has joined #aichallenge
2012-05-13T19:28:39  *** antimatroid <antimatroid!~nick@31.205.dsl.mel.iprimus.net.au> has quit IRC (Quit: Leaving.)
2012-05-13T19:28:50  *** antimatroid <antimatroid!~nick@31.205.dsl.mel.iprimus.net.au> has joined #aichallenge
2012-05-13T19:29:27  *** mleise <mleise!~marco@dslb-178-011-222-198.pools.arcor-ip.net> has quit IRC (Ping timeout: 260 seconds)
2012-05-13T19:35:44  *** thestinger <thestinger!~strcat@CPE98fc1165cb6f-CM00159a09b2d0.cpe.net.cable.rogers.com> has quit IRC (Quit: brb)
2012-05-13T19:38:02  *** Garf <Garf!~Garf@78-22-80-252.access.telenet.be> has quit IRC (Quit: Make a new plan, Stan!)
2012-05-13T19:51:53  *** thestinger <thestinger!~strcat@CPE98fc1165cb6f-CM00159a09b2d0.cpe.net.cable.rogers.com> has joined #aichallenge
2012-05-13T19:57:02  *** Fandekasp <Fandekasp!~Fandekasp@KD182249003220.au-net.ne.jp> has joined #aichallenge
2012-05-13T19:59:21  *** foRei <foRei!~ViT@0x4dd7b24d.adsl.cybercity.dk> has quit IRC (Quit: Bye)
2012-05-13T20:49:29  *** thestinger <thestinger!~strcat@CPE98fc1165cb6f-CM00159a09b2d0.cpe.net.cable.rogers.com> has quit IRC (Quit: WeeChat 0.3.7)
2012-05-13T20:54:52  *** amstan <amstan!~alex@aichallenge/admin/amstan> has quit IRC (Ping timeout: 272 seconds)
2012-05-13T21:24:20  *** amstan <amstan!~alex@69-165-134-112.dsl.teksavvy.com> has joined #aichallenge
2012-05-13T21:24:27  *** amstan <amstan!~alex@69-165-134-112.dsl.teksavvy.com> has quit IRC (Changing host)
2012-05-13T21:24:27  *** amstan <amstan!~alex@aichallenge/admin/amstan> has joined #aichallenge
2012-05-13T21:24:27  *** ChanServ sets mode: +o amstan
2012-05-13T21:26:52  *** Chris_0076 <Chris_0076!~Chris_007@adsl-98-66-251-249.asm.bellsouth.net> has joined #aichallenge
2012-05-13T21:27:23  *** yoden <yoden!~horstman@cpe-76-190-245-7.neo.res.rr.com> has quit IRC (Quit: Leaving.)
2012-05-13T22:48:48  *** archdori <archdori!~Fandekasp@KD182249007032.au-net.ne.jp> has joined #aichallenge
2012-05-13T22:52:40  *** Fandekasp <Fandekasp!~Fandekasp@KD182249003220.au-net.ne.jp> has quit IRC (Ping timeout: 272 seconds)
2012-05-13T23:28:02  *** coeus <coeus!~coeus@dslb-084-061-056-077.pools.arcor-ip.net> has quit IRC (Ping timeout: 260 seconds)
2012-05-13T23:46:50  *** pairofdice <pairofdice!~pod@dsl-hkibrasgw2-fed3df00-232.dhcp.inet.fi> has quit IRC (Quit: in girum imus nocte et consumimur igni)
2012-05-13T23:47:20  *** thestinger <thestinger!~strcat@CPE98fc1165cb6f-CM00159a09b2d0.cpe.net.cable.rogers.com> has joined #aichallenge
