2012-03-06T00:18:22  *** quailbot <quailbot!6245b209@gateway/web/freenode/ip.98.69.178.9> has joined #aichallenge
2012-03-06T00:20:18  *** Areks|2 <Areks|2!~Areks@rs.gridnine.com> has joined #aichallenge
2012-03-06T00:45:13  *** alc <alc!~nek@61.135.165.166> has joined #aichallenge
2012-03-06T00:59:51  *** yoden1 <yoden1!~horstman@cpe-76-190-245-7.neo.res.rr.com> has quit IRC (Quit: Leaving.)
2012-03-06T01:03:34  *** chris__0076 <chris__0076!~Chris_007@adsl-98-66-189-97.asm.bellsouth.net> has joined #aichallenge
2012-03-06T01:06:54  *** chris_0076 <chris_0076!~Chris_007@adsl-98-66-250-58.asm.bellsouth.net> has quit IRC (Ping timeout: 244 seconds)
2012-03-06T01:20:50  *** Garf <Garf!~Garf@78-22-80-252.access.telenet.be> has joined #aichallenge
2012-03-06T01:22:04  *** TheLinker <TheLinker!~TheLinker@host164.200-117-104.telecom.net.ar> has quit IRC (Quit: Bye)
2012-03-06T01:34:22  *** Sicktalik is now known as Tiktalik
2012-03-06T02:04:07  *** X-Scale <X-Scale!email@2001:470:1f14:135b::2> has quit IRC (Ping timeout: 272 seconds)
2012-03-06T02:04:18  *** amstan <amstan!~alex@aichallenge/admin/amstan> has quit IRC (Ping timeout: 276 seconds)
2012-03-06T02:16:25  *** Jak_o_Shadows <Jak_o_Shadows!~Fake@unaffiliated/jak-o-shadows/x-0479135> has joined #aichallenge
2012-03-06T02:20:43  *** Qwerty <Qwerty!~palmik@man-208-106.pks.muni.cz> has joined #aichallenge
2012-03-06T02:20:54  *** Qwerty <Qwerty!~palmik@man-208-106.pks.muni.cz> has quit IRC (Client Quit)
2012-03-06T02:24:48  *** chris__0076 is now known as chris_0076
2012-03-06T02:34:12  *** Harpyon <Harpyon!~Harpyon@241.213-167-126.customer.lyse.net> has joined #aichallenge
2012-03-06T02:38:05  *** epicmonkey <epicmonkey!~epicmonke@188.134.41.211> has joined #aichallenge
2012-03-06T02:42:20  *** Palmik <Palmik!~palmik@man-208-106.pks.muni.cz> has joined #aichallenge
2012-03-06T02:55:37  *** amriedle <amriedle!~amriedle@CPE602ad0736abb-CM602ad0736ab8.cpe.net.cable.rogers.com> has joined #aichallenge
2012-03-06T03:12:32  *** amriedle <amriedle!~amriedle@CPE602ad0736abb-CM602ad0736ab8.cpe.net.cable.rogers.com> has quit IRC (Ping timeout: 265 seconds)
2012-03-06T03:16:47  *** amriedle <amriedle!~amriedle@CPE602ad0736abb-CM602ad0736ab8.cpe.net.cable.rogers.com> has joined #aichallenge
2012-03-06T03:29:06  *** epicmonkey <epicmonkey!~epicmonke@188.134.41.211> has quit IRC (Ping timeout: 245 seconds)
2012-03-06T03:41:58  *** mviel_ <mviel_!~mviel@213.163.164.204> has joined #aichallenge
2012-03-06T03:42:51  *** delt0r_ <delt0r_!~bob@194-166-25-67.adsl.highway.telekom.at> has quit IRC (Ping timeout: 245 seconds)
2012-03-06T03:46:02  *** mviel__ <mviel__!~mviel@213.163.164.204> has quit IRC (Ping timeout: 260 seconds)
2012-03-06T03:53:31  *** Harpyon <Harpyon!~Harpyon@241.213-167-126.customer.lyse.net> has quit IRC (Quit: Computer has gone to sleep.)
2012-03-06T03:56:09  *** delt0r_ <delt0r_!~bob@178-190-195-232.adsl.highway.telekom.at> has joined #aichallenge
2012-03-06T04:04:42  *** Harpyon <Harpyon!~Harpyon@241.213-167-126.customer.lyse.net> has joined #aichallenge
2012-03-06T04:29:40  *** amriedle <amriedle!~amriedle@CPE602ad0736abb-CM602ad0736ab8.cpe.net.cable.rogers.com> has quit IRC (Quit: Lost terminal)
2012-03-06T04:36:54  *** sigh <sigh!~sigh@ppp114-153.static.internode.on.net> has joined #aichallenge
2012-03-06T04:45:52  *** epicmonkey <epicmonkey!~epicmonke@host-224-60.dataart.net> has joined #aichallenge
2012-03-06T05:10:03  *** Harpyon <Harpyon!~Harpyon@241.213-167-126.customer.lyse.net> has quit IRC (Ping timeout: 260 seconds)
2012-03-06T05:17:05  *** ikaros <ikaros!~ikaros@dslb-094-219-211-015.pools.arcor-ip.net> has joined #aichallenge
2012-03-06T05:44:07  *** alc <alc!~nek@61.135.165.166> has quit IRC (Ping timeout: 245 seconds)
2012-03-06T06:56:21  *** Jak_o_Shadows <Jak_o_Shadows!~Fake@unaffiliated/jak-o-shadows/x-0479135> has quit IRC (Read error: Connection reset by peer)
2012-03-06T07:15:06  *** mviel__ <mviel__!~mviel@45.227.73.86.rev.sfr.net> has joined #aichallenge
2012-03-06T07:19:34  *** mviel_ <mviel_!~mviel@213.163.164.204> has quit IRC (Ping timeout: 276 seconds)
2012-03-06T07:26:56  *** Accoun <Accoun!~1@static-213-88-39-97.chebnet.ru> has quit IRC (*.net *.split)
2012-03-06T07:26:56  *** Apophis <Apophis!~apophis@80-218-68-103.dclient.hispeed.ch> has quit IRC (*.net *.split)
2012-03-06T07:26:57  *** mawif_ <mawif_!~mawif@li268-7.members.linode.com> has quit IRC (*.net *.split)
2012-03-06T07:29:51  *** Accoun <Accoun!~1@static-213-88-39-97.chebnet.ru> has joined #aichallenge
2012-03-06T07:29:51  *** Apophis <Apophis!~apophis@80-218-68-103.dclient.hispeed.ch> has joined #aichallenge
2012-03-06T07:29:51  *** mawif_ <mawif_!~mawif@li268-7.members.linode.com> has joined #aichallenge
2012-03-06T07:40:03  *** Harpyon <Harpyon!~Harpyon@241.213-167-126.customer.lyse.net> has joined #aichallenge
2012-03-06T07:48:27  *** Harpyon <Harpyon!~Harpyon@241.213-167-126.customer.lyse.net> has left #aichallenge ("Textual IRC Client: http://www.textualapp.com/")
2012-03-06T07:54:30  *** mceier <mceier!~mceier@89-77-239-61.dynamic.chello.pl> has joined #aichallenge
2012-03-06T07:59:11  *** iglo <iglo!~xy@xdsl-188-118-129-64.dip.osnanet.de> has joined #aichallenge
2012-03-06T08:11:16  *** pairofdice <pairofdice!~pod@dsl-hkibrasgw2-ff67c300-50.dhcp.inet.fi> has joined #aichallenge
2012-03-06T08:16:07  *** iglo <iglo!~xy@xdsl-188-118-129-64.dip.osnanet.de> has quit IRC (Remote host closed the connection)
2012-03-06T08:35:56  *** coeus <coeus!~coeus@dslb-084-061-102-046.pools.arcor-ip.net> has joined #aichallenge
2012-03-06T08:53:55  *** yoden <yoden!~horstman@cpe-76-190-245-7.neo.res.rr.com> has joined #aichallenge
2012-03-06T08:54:30  *** sigh <sigh!~sigh@ppp114-153.static.internode.on.net> has quit IRC (Remote host closed the connection)
2012-03-06T09:34:49  *** sigh <sigh!~sigh@ppp114-153.static.internode.on.net> has joined #aichallenge
2012-03-06T09:57:02  *** X-Scale <X-Scale!email@2001:470:1f14:135b::2> has joined #aichallenge
2012-03-06T10:07:00  *** ikaros <ikaros!~ikaros@dslb-094-219-211-015.pools.arcor-ip.net> has quit IRC (Quit: Ex-Chat)
2012-03-06T10:07:26  *** kurnevsky <kurnevsky!~kurnevsky@79.170.111.182> has joined #aichallenge
2012-03-06T10:08:10  *** sigh <sigh!~sigh@ppp114-153.static.internode.on.net> has quit IRC (Remote host closed the connection)
2012-03-06T10:12:44  *** kurnevsky <kurnevsky!~kurnevsky@79.170.111.182> has quit IRC (Read error: Connection reset by peer)
2012-03-06T10:13:42  *** TheLinker <TheLinker!~TheLinker@host164.200-117-104.telecom.net.ar> has joined #aichallenge
2012-03-06T10:13:49  *** kurnevsky <kurnevsky!~kurnevsky@79.170.111.182> has joined #aichallenge
2012-03-06T10:20:42  *** Areks|2 <Areks|2!~Areks@rs.gridnine.com> has quit IRC (Ping timeout: 272 seconds)
2012-03-06T10:21:29  *** Accoun <Accoun!~1@static-213-88-39-97.chebnet.ru> has quit IRC (Ping timeout: 255 seconds)
2012-03-06T10:25:43  *** Accoun <Accoun!~1@static-213-88-39-97.chebnet.ru> has joined #aichallenge
2012-03-06T10:34:10  *** sigh <sigh!~sigh@ppp114-153.static.internode.on.net> has joined #aichallenge
2012-03-06T10:44:09  *** mcstar <mcstar!~mcstar@adsl-89-135-195-50.monradsl.monornet.hu> has joined #aichallenge
2012-03-06T10:44:56  *** mcstar <mcstar!~mcstar@adsl-89-135-195-50.monradsl.monornet.hu> has quit IRC (Client Quit)
2012-03-06T10:46:38  *** mviel__ is now known as mviel
2012-03-06T10:51:37  *** sigh <sigh!~sigh@ppp114-153.static.internode.on.net> has quit IRC (Remote host closed the connection)
2012-03-06T11:05:23  *** epicmonkey <epicmonkey!~epicmonke@host-224-60.dataart.net> has quit IRC (Ping timeout: 245 seconds)
2012-03-06T11:08:11  *** iglo <iglo!~xy@xdsl-188-118-129-64.dip.osnanet.de> has joined #aichallenge
2012-03-06T11:18:14  *** kurnevsky1 <kurnevsky1!~kurnevsky@79.170.111.182> has joined #aichallenge
2012-03-06T11:19:49  *** kurnevsky <kurnevsky!~kurnevsky@79.170.111.182> has quit IRC (Ping timeout: 252 seconds)
2012-03-06T11:40:17  *** thestinger <thestinger!~strcat@CPE98fc1165cb6f-CM00159a09b2d0.cpe.net.cable.rogers.com> has joined #aichallenge
2012-03-06T11:42:57  *** delt0r_ <delt0r_!~bob@178-190-195-232.adsl.highway.telekom.at> has quit IRC (Ping timeout: 246 seconds)
2012-03-06T11:47:04  *** Accoun <Accoun!~1@static-213-88-39-97.chebnet.ru> has quit IRC (Ping timeout: 252 seconds)
2012-03-06T11:50:43  *** contestbot <contestbot!~supybot@aichallenge/bot/contestbot> has joined #aichallenge
2012-03-06T11:50:43  *** ChanServ sets mode: +o contestbot
2012-03-06T11:54:00  *** Accoun <Accoun!~1@static-213-88-39-97.chebnet.ru> has joined #aichallenge
2012-03-06T11:56:42  *** delt0r_ <delt0r_!~bob@178-191-248-66.adsl.highway.telekom.at> has joined #aichallenge
2012-03-06T12:06:27  *** foRei <foRei!~ViT@0x4dd7b24d.adsl.cybercity.dk> has joined #aichallenge
2012-03-06T12:19:42  *** kilae <kilae!~chatzilla@catv-161-018.tbwil.ch> has joined #aichallenge
2012-03-06T12:20:38  *** mikewintermute <mikewintermute!~mikewinte@188-223-213-21.zone14.bethere.co.uk> has joined #aichallenge
2012-03-06T12:38:09  *** epicmonkey <epicmonkey!~epicmonke@188.134.41.249> has joined #aichallenge
2012-03-06T12:38:14  *** kire <kire!~kire@78-22-123-227.access.telenet.be> has joined #aichallenge
2012-03-06T12:39:00  *** mcstar <mcstar!~mcstar@adsl-89-135-195-50.monradsl.monornet.hu> has joined #aichallenge
2012-03-06T12:45:08  *** scribble <scribble!scribble@74-132-73-182.dhcp.insightbb.com> has quit IRC ()
2012-03-06T12:45:08  *** kire <kire!~kire@78-22-123-227.access.telenet.be> has quit IRC (Remote host closed the connection)
2012-03-06T12:46:04  *** amstan <amstan!~alex@aichallenge/admin/amstan> has joined #aichallenge
2012-03-06T12:46:04  *** ChanServ sets mode: +o amstan
2012-03-06T12:56:04  *** treeform_ <treeform_!~treeform@108.60.121.46> has joined #aichallenge
2012-03-06T13:28:12  *** mikewintermute <mikewintermute!~mikewinte@188-223-213-21.zone14.bethere.co.uk> has quit IRC (Quit: mikewintermute)
2012-03-06T13:35:34  *** kilae <kilae!~chatzilla@catv-161-018.tbwil.ch> has quit IRC (Quit: ChatZilla 0.9.88 [Firefox 10.0.2/20120215223356])
2012-03-06T13:36:41  *** TheLinker <TheLinker!~TheLinker@host164.200-117-104.telecom.net.ar> has quit IRC (Quit: Bye)
2012-03-06T13:39:09  *** Israfel <Israfel!~jeff@99-0-14-82.lightspeed.frokca.sbcglobal.net> has quit IRC (Ping timeout: 252 seconds)
2012-03-06T13:47:36  *** amstan <amstan!~alex@aichallenge/admin/amstan> has quit IRC (Quit: Konversation terminated!)
2012-03-06T13:53:11  *** Israfel <Israfel!~jeff@99-0-14-82.lightspeed.frokca.sbcglobal.net> has joined #aichallenge
2012-03-06T14:13:32  *** heinrich5991 <heinrich5991!~hein5991@unaffiliated/heinrich5991> has quit IRC (Excess Flood)
2012-03-06T14:19:41  *** heinrich5991 <heinrich5991!~hein5991@unaffiliated/heinrich5991> has joined #aichallenge
2012-03-06T14:54:36  *** mcstar <mcstar!~mcstar@adsl-89-135-195-50.monradsl.monornet.hu> has quit IRC (Quit: mcstar)
2012-03-06T15:02:20  *** Cyndre_ <Cyndre_!~Cyndre@DOCSIS-182-133.cable-lynx.net> has joined #aichallenge
2012-03-06T15:06:28  *** Cyndre <Cyndre!~Cyndre@DOCSIS-182-133.cable-lynx.net> has quit IRC (Ping timeout: 265 seconds)
2012-03-06T15:24:47  *** contestbot <contestbot!~supybot@206-248-131-27.dsl.teksavvy.com> has joined #aichallenge
2012-03-06T15:24:47  *** ChanServ sets mode: +o contestbot
2012-03-06T15:37:33  *** Accoun <Accoun!~1@static-213-88-39-97.chebnet.ru> has quit IRC ()
2012-03-06T16:04:19  *** scribble <scribble!scribble@74-132-73-182.dhcp.insightbb.com> has joined #aichallenge
2012-03-06T16:04:44  *** Accoun <Accoun!~1@static-213-88-39-97.chebnet.ru> has joined #aichallenge
2012-03-06T16:10:25  *** kurnevsky1 <kurnevsky1!~kurnevsky@79.170.111.182> has quit IRC (Quit: Leaving.)
2012-03-06T16:13:16  *** thestinger <thestinger!~strcat@CPE98fc1165cb6f-CM00159a09b2d0.cpe.net.cable.rogers.com> has quit IRC (Quit: WeeChat 0.3.7)
2012-03-06T16:49:40  *** thestinger <thestinger!~strcat@CPE98fc1165cb6f-CM00159a09b2d0.cpe.net.cable.rogers.com> has joined #aichallenge
2012-03-06T16:50:16  *** iglo <iglo!~xy@xdsl-188-118-129-64.dip.osnanet.de> has quit IRC (Remote host closed the connection)
2012-03-06T16:53:41  *** kilae <kilae!~chatzilla@catv-161-018.tbwil.ch> has joined #aichallenge
2012-03-06T16:58:07  *** epicmonkey <epicmonkey!~epicmonke@188.134.41.249> has quit IRC (Ping timeout: 276 seconds)
2012-03-06T17:00:17  *** kilae <kilae!~chatzilla@catv-161-018.tbwil.ch> has quit IRC (Quit: ChatZilla 0.9.88 [Firefox 10.0.2/20120215223356])
2012-03-06T17:02:23  *** Pavel1 <Pavel1!~chatzilla@178.143.41.23> has joined #aichallenge
2012-03-06T17:11:05  *** raemde <raemde!~raemde@dslb-088-073-213-133.pools.arcor-ip.net> has joined #aichallenge
2012-03-06T17:14:30  *** Palmik <Palmik!~palmik@man-208-106.pks.muni.cz> has quit IRC ()
2012-03-06T17:33:15  *** Pavel1 <Pavel1!~chatzilla@178.143.41.23> has quit IRC (Quit: ChatZilla 0.9.88 [Firefox 10.0.2/20120215223356])
2012-03-06T17:41:12  *** flowenol <flowenol!LW@bl10-194-252.dsl.telepac.pt> has joined #aichallenge
2012-03-06T17:43:43  *** delt0r_ <delt0r_!~bob@178-191-248-66.adsl.highway.telekom.at> has quit IRC (Remote host closed the connection)
2012-03-06T17:45:02  *** raemde <raemde!~raemde@dslb-088-073-213-133.pools.arcor-ip.net> has joined #aichallenge
2012-03-06T17:45:17  *** raemde <raemde!~raemde@dslb-088-073-213-133.pools.arcor-ip.net> has quit IRC (Read error: Connection reset by peer)
2012-03-06T17:45:32  *** raemde <raemde!~raemde@dslb-088-073-213-133.pools.arcor-ip.net> has joined #aichallenge
2012-03-06T18:04:10  *** amstan <amstan!~alex@aichallenge/admin/amstan> has joined #aichallenge
2012-03-06T18:04:10  *** ChanServ sets mode: +o amstan
2012-03-06T18:12:35  *** foRei <foRei!~ViT@0x4dd7b24d.adsl.cybercity.dk> has quit IRC (Read error: Connection reset by peer)
2012-03-06T18:25:55  *** Apophis <Apophis!~apophis@80-218-68-103.dclient.hispeed.ch> has quit IRC (Ping timeout: 255 seconds)
2012-03-06T18:50:06  *** antimatroid <antimatroid!~nick@241.130-134-203.dynamic.dsl.mel.iprimus.net.au> has quit IRC (Read error: No route to host)
2012-03-06T18:50:18  *** antimatroid <antimatroid!~nick@241.130-134-203.dynamic.dsl.mel.iprimus.net.au> has joined #aichallenge
2012-03-06T19:11:22  *** antimatroid <antimatroid!~nick@241.130-134-203.dynamic.dsl.mel.iprimus.net.au> has quit IRC (Ping timeout: 244 seconds)
2012-03-06T19:11:30  *** amstan <amstan!~alex@aichallenge/admin/amstan> has quit IRC (Quit: Konversation terminated!)
2012-03-06T19:13:54  *** amstan <amstan!~alex@aichallenge/admin/amstan> has joined #aichallenge
2012-03-06T19:13:54  *** ChanServ sets mode: +o amstan
2012-03-06T19:15:00  *** flowenol <flowenol!LW@bl10-194-252.dsl.telepac.pt> has quit IRC (Ping timeout: 248 seconds)
2012-03-06T20:40:16  *** alehorst <alehorst!~Alexandre@177.40.43.195> has joined #aichallenge
2012-03-06T20:41:34  *** alehorst <alehorst!~Alexandre@177.40.43.195> has quit IRC (Read error: Connection reset by peer)
2012-03-06T20:52:56  *** alc <alc!~nek@61.135.165.166> has joined #aichallenge
2012-03-06T20:56:40  *** mceier <mceier!~mceier@89-77-239-61.dynamic.chello.pl> has quit IRC (Quit: leaving)
2012-03-06T21:15:38  *** alc <alc!~nek@61.135.165.166> has quit IRC (Ping timeout: 255 seconds)
2012-03-06T21:20:12  *** Fandekasp <Fandekasp!~Fandekasp@p19102-ipngn100202yosemiya.okinawa.ocn.ne.jp> has quit IRC (Remote host closed the connection)
2012-03-06T21:29:38  *** alc <alc!~nek@61.135.165.166> has joined #aichallenge
2012-03-06T22:53:16  *** alc <alc!~nek@61.135.165.166> has quit IRC (Ping timeout: 245 seconds)
2012-03-06T22:56:20  *** pairofdice <pairofdice!~pod@dsl-hkibrasgw2-ff67c300-50.dhcp.inet.fi> has quit IRC (Quit: When cryptography is outlawed, bayl bhgynjf jvyy unir cevinpl.)
2012-03-06T23:13:46  *** coeus <coeus!~coeus@dslb-084-061-102-046.pools.arcor-ip.net> has quit IRC (Quit: Verlassend)
2012-03-06T23:15:58  *** amstan <amstan!~alex@aichallenge/admin/amstan> has quit IRC (Quit: Konversation terminated!)
2012-03-06T23:17:59  *** amstan <amstan!~alex@aichallenge/admin/amstan> has joined #aichallenge
2012-03-06T23:17:59  *** ChanServ sets mode: +o amstan
