2012-05-18T00:15:55  *** dvladim <dvladim!~dvladim@85.113.131.65> has quit IRC (Read error: Operation timed out)
2012-05-18T00:16:04  *** NoxiaZ^ <NoxiaZ^!~noxi@87-104-29-39-dynamic-customer.profibernet.dk> has quit IRC (Ping timeout: 252 seconds)
2012-05-18T01:05:22  *** Fandekasp <Fandekasp!~Fandekasp@sannin29240.nirai.ne.jp> has quit IRC (Quit: leaving)
2012-05-18T01:05:35  *** Fandekasp <Fandekasp!~Fandekasp@sannin29240.nirai.ne.jp> has joined #aichallenge
2012-05-18T01:11:19  *** Areks <Areks!~Areks@rs.gridnine.com> has joined #aichallenge
2012-05-18T01:32:50  *** sevikkk <sevikkk!~sevikkk@82.193.102.250.ipnet.kiev.ua> has quit IRC (Read error: Operation timed out)
2012-05-18T01:44:45  *** sevikkk <sevikkk!~sevikkk@82.193.102.250.ipnet.kiev.ua> has joined #aichallenge
2012-05-18T01:47:57  *** AlliedEnvy <AlliedEnvy!~AlliedEnv@adsl-68-90-44-72.dsl.hstntx.swbell.net> has quit IRC (Read error: Connection timed out)
2012-05-18T01:52:46  *** coeus <coeus!~coeus@dslb-084-061-056-077.pools.arcor-ip.net> has quit IRC (Ping timeout: 245 seconds)
2012-05-18T02:19:37  *** corburn <corburn!~corburn@24-121-174-145.npg.sta.suddenlink.net> has joined #aichallenge
2012-05-18T02:30:56  *** corburn <corburn!~corburn@24-121-174-145.npg.sta.suddenlink.net> has quit IRC (Quit: Leaving)
2012-05-18T02:54:39  *** Palmik <Palmik!~palmik@man-208-66.pks.muni.cz> has joined #aichallenge
2012-05-18T03:24:05  *** epicmonkey <epicmonkey!~epicmonke@188.134.41.211> has joined #aichallenge
2012-05-18T03:33:54  *** thestinger <thestinger!~strcat@CPE98fc1165cb6f-CM00159a09b2d0.cpe.net.cable.rogers.com> has quit IRC (Quit: sleep)
2012-05-18T03:43:25  *** epicmonkey <epicmonkey!~epicmonke@188.134.41.211> has quit IRC (Ping timeout: 248 seconds)
2012-05-18T03:44:15  *** epicmonkey <epicmonkey!~epicmonke@188.134.41.211> has joined #aichallenge
2012-05-18T03:49:19  *** AlliedEnvy <AlliedEnvy!~AlliedEnv@adsl-68-90-44-72.dsl.hstntx.swbell.net> has joined #aichallenge
2012-05-18T03:52:17  *** epicmonkey <epicmonkey!~epicmonke@188.134.41.211> has quit IRC (Ping timeout: 252 seconds)
2012-05-18T04:12:57  *** chris__0076 <chris__0076!~Chris_007@adsl-74-176-224-86.asm.bellsouth.net> has joined #aichallenge
2012-05-18T04:13:26  *** chris_0076 <chris_0076!~Chris_007@adsl-98-66-255-45.asm.bellsouth.net> has quit IRC (Read error: Operation timed out)
2012-05-18T04:16:10  *** amstan <amstan!~alex@aichallenge/admin/amstan> has quit IRC (Quit: Konversation terminated!)
2012-05-18T04:26:16  *** mceier <mceier!~mceier@89-77-239-61.dynamic.chello.pl> has joined #aichallenge
2012-05-18T04:32:39  *** iglo <iglo!~xy@dyndsl-091-096-170-122.ewe-ip-backbone.de> has joined #aichallenge
2012-05-18T04:32:53  *** moriarty <moriarty!~art@unaffiliated/moriarty> has joined #aichallenge
2012-05-18T04:56:01  *** epicmonkey <epicmonkey!~epicmonke@host-224-60.dataart.net> has joined #aichallenge
2012-05-18T04:59:54  *** sigh <sigh!~sigh@ppp114-153.static.internode.on.net> has joined #aichallenge
2012-05-18T05:35:24  *** pairofdice <pairofdice!~pod@dsl-hkibrasgw2-fed3df00-232.dhcp.inet.fi> has quit IRC (Quit: in girum imus nocte et consumimur igni)
2012-05-18T05:42:46  *** kurnevsky <kurnevsky!~kurnevsky@217.21.41.207> has joined #aichallenge
2012-05-18T05:59:49  *** coeus <coeus!~coeus@dslb-084-061-056-077.pools.arcor-ip.net> has joined #aichallenge
2012-05-18T06:06:50  *** NoxiaZ^ <NoxiaZ^!~noxi@87-104-29-39-dynamic-customer.profibernet.dk> has joined #aichallenge
2012-05-18T06:47:30  *** Fandekasp <Fandekasp!~Fandekasp@sannin29240.nirai.ne.jp> has quit IRC (Quit: leaving)
2012-05-18T06:52:34  *** foRei <foRei!~ViT@0x4dd7b24d.adsl.cybercity.dk> has joined #aichallenge
2012-05-18T07:32:39  *** kurnevsky <kurnevsky!~kurnevsky@217.21.41.207> has quit IRC (Quit: Leaving.)
2012-05-18T07:42:20  *** ivan`` <ivan``!~ivan@unaffiliated/ivan/x-000001> has quit IRC (Quit: ERC Version 5.3 (IRC client for Emacs))
2012-05-18T07:46:26  *** ivan`` <ivan``!~ivan@unaffiliated/ivan/x-000001> has joined #aichallenge
2012-05-18T08:25:35  *** coeus <coeus!~coeus@dslb-084-061-056-077.pools.arcor-ip.net> has quit IRC (Ping timeout: 245 seconds)
2012-05-18T08:31:38  *** moriarty <moriarty!~art@unaffiliated/moriarty> has quit IRC (Excess Flood)
2012-05-18T08:38:02  *** ivan`` <ivan``!~ivan@unaffiliated/ivan/x-000001> has quit IRC (Quit: ERC Version 5.3 (IRC client for Emacs))
2012-05-18T08:40:23  *** ivan`` <ivan``!~ivan@unaffiliated/ivan/x-000001> has joined #aichallenge
2012-05-18T09:01:48  *** Palmik <Palmik!~palmik@man-208-66.pks.muni.cz> has quit IRC ()
2012-05-18T09:23:58  *** amstan <amstan!~alex@aichallenge/admin/amstan> has joined #aichallenge
2012-05-18T09:23:58  *** ChanServ sets mode: +o amstan
2012-05-18T09:45:11  *** JamesMG_ <JamesMG_!jamesg@milkshakes.org> has joined #aichallenge
2012-05-18T09:46:55  *** Masxmasx <Masxmasx!~IetsVulga@unaffiliated/masxmasx> has quit IRC (*.net *.split)
2012-05-18T09:46:55  *** JamesMG <JamesMG!jamesg@milkshakes.org> has quit IRC (*.net *.split)
2012-05-18T09:47:55  *** Masxmasx{AFK} <Masxmasx{AFK}!~IetsVulga@theov.baconseed.org> has joined #aichallenge
2012-05-18T10:01:47  *** coeus <coeus!~coeus@dslb-084-061-056-077.pools.arcor-ip.net> has joined #aichallenge
2012-05-18T10:37:26  *** Areks <Areks!~Areks@rs.gridnine.com> has quit IRC (Ping timeout: 272 seconds)
2012-05-18T10:44:23  *** iglo <iglo!~xy@dyndsl-091-096-170-122.ewe-ip-backbone.de> has quit IRC (Remote host closed the connection)
2012-05-18T10:48:43  *** yoden <yoden!~horstman@cpe-76-190-245-7.neo.res.rr.com> has quit IRC (Read error: Connection reset by peer)
2012-05-18T10:49:12  *** yoden <yoden!~horstman@cpe-76-190-245-7.neo.res.rr.com> has joined #aichallenge
2012-05-18T11:16:08  *** yoden <yoden!~horstman@cpe-76-190-245-7.neo.res.rr.com> has quit IRC (*.net *.split)
2012-05-18T11:16:08  *** coeus <coeus!~coeus@dslb-084-061-056-077.pools.arcor-ip.net> has quit IRC (*.net *.split)
2012-05-18T11:16:09  *** NoxiaZ^ <NoxiaZ^!~noxi@87-104-29-39-dynamic-customer.profibernet.dk> has quit IRC (*.net *.split)
2012-05-18T11:16:10  *** aerique <aerique!310225@xs8.xs4all.nl> has quit IRC (*.net *.split)
2012-05-18T11:16:31  *** yoden <yoden!~horstman@cpe-76-190-245-7.neo.res.rr.com> has joined #aichallenge
2012-05-18T11:16:31  *** coeus <coeus!~coeus@dslb-084-061-056-077.pools.arcor-ip.net> has joined #aichallenge
2012-05-18T11:16:31  *** NoxiaZ^ <NoxiaZ^!~noxi@87-104-29-39-dynamic-customer.profibernet.dk> has joined #aichallenge
2012-05-18T11:16:31  *** aerique <aerique!310225@xs8.xs4all.nl> has joined #aichallenge
2012-05-18T11:33:49  *** dvladim <dvladim!~dvladim@85.113.131.65> has joined #aichallenge
2012-05-18T11:56:20  *** sigh <sigh!~sigh@ppp114-153.static.internode.on.net> has quit IRC (Remote host closed the connection)
2012-05-18T12:07:23  *** iglo <iglo!~xy@dyndsl-091-096-170-122.ewe-ip-backbone.de> has joined #aichallenge
2012-05-18T12:12:10  *** HaraKiri <HaraKiri!~hara@f053190229.adsl.alicedsl.de> has joined #aichallenge
2012-05-18T12:18:17  *** dvladim <dvladim!~dvladim@85.113.131.65> has quit IRC (Ping timeout: 244 seconds)
2012-05-18T12:40:24  *** kilae <kilae!~chatzilla@catv-161-018.tbwil.ch> has joined #aichallenge
2012-05-18T12:42:16  *** coeus <coeus!~coeus@dslb-084-061-056-077.pools.arcor-ip.net> has quit IRC (Ping timeout: 240 seconds)
2012-05-18T12:50:42  *** epicmonkey <epicmonkey!~epicmonke@host-224-60.dataart.net> has quit IRC (Ping timeout: 245 seconds)
2012-05-18T12:50:57  *** cyphase <cyphase!~cyphase@unaffiliated/cyphase> has quit IRC (Ping timeout: 244 seconds)
2012-05-18T13:06:31  *** cyphase <cyphase!~cyphase@unaffiliated/cyphase> has joined #aichallenge
2012-05-18T13:15:29  *** kurnevsky <kurnevsky!~kurnevsky@37.17.112.215> has joined #aichallenge
2012-05-18T14:06:01  *** ronchamon <ronchamon!~jarironk@tuomi.oulu.fi> has quit IRC (Ping timeout: 245 seconds)
2012-05-18T14:07:34  *** epicmonkey <epicmonkey!~epicmonke@188.134.41.211> has joined #aichallenge
2012-05-18T14:19:09  *** coeus <coeus!~coeus@dslb-084-061-056-077.pools.arcor-ip.net> has joined #aichallenge
2012-05-18T14:27:38  *** Garf <Garf!~Garf@78-22-80-252.access.telenet.be> has joined #aichallenge
2012-05-18T14:46:48  *** TheLinker <TheLinker!~TheLinker@host48.200-117-112.telecom.net.ar> has joined #aichallenge
2012-05-18T15:09:19  *** pairofdice <pairofdice!~pod@dsl-hkibrasgw2-fed3df00-232.dhcp.inet.fi> has joined #aichallenge
2012-05-18T15:29:38  *** Garf <Garf!~Garf@78-22-80-252.access.telenet.be> has quit IRC (Quit: Make a new plan, Stan!)
2012-05-18T15:31:57  *** mleise <mleise!~marco@dslb-178-011-222-198.pools.arcor-ip.net> has quit IRC (Ping timeout: 245 seconds)
2012-05-18T15:39:09  *** Garf <Garf!~Garf@78-22-80-252.access.telenet.be> has joined #aichallenge
2012-05-18T15:52:29  *** chris__0076 is now known as chris_0076
2012-05-18T15:52:40  *** chris_0076 is now known as Chris_0076
2012-05-18T15:53:40  *** thestinger <thestinger!~strcat@CPE98fc1165cb6f-CM00159a09b2d0.cpe.net.cable.rogers.com> has joined #aichallenge
2012-05-18T15:57:14  *** mcstar <mcstar!~mcstar@adsl-89-134-12-173.monradsl.monornet.hu> has joined #aichallenge
2012-05-18T15:58:15  *** Accoun <Accoun!~1@static-213-88-39-97.chebnet.ru> has quit IRC ()
2012-05-18T16:12:36  *** Accoun <Accoun!~1@static-213-88-39-97.chebnet.ru> has joined #aichallenge
2012-05-18T16:19:58  *** kurnevsky <kurnevsky!~kurnevsky@37.17.112.215> has quit IRC (Read error: Connection reset by peer)
2012-05-18T16:22:27  *** TheLinker <TheLinker!~TheLinker@host48.200-117-112.telecom.net.ar> has quit IRC (Remote host closed the connection)
2012-05-18T16:23:31  *** iglo <iglo!~xy@dyndsl-091-096-170-122.ewe-ip-backbone.de> has quit IRC (Remote host closed the connection)
2012-05-18T16:34:28  *** TheLinker <TheLinker!~TheLinker@host48.200-117-112.telecom.net.ar> has joined #aichallenge
2012-05-18T16:38:48  *** amstan <amstan!~alex@aichallenge/admin/amstan> has quit IRC (Ping timeout: 244 seconds)
2012-05-18T16:46:27  *** kilae <kilae!~chatzilla@catv-161-018.tbwil.ch> has quit IRC (Quit: ChatZilla 0.9.88.2 [Firefox 12.0/20120420145725])
2012-05-18T17:04:19  *** TheLinker <TheLinker!~TheLinker@host48.200-117-112.telecom.net.ar> has quit IRC (Remote host closed the connection)
2012-05-18T17:11:30  *** mcstar <mcstar!~mcstar@adsl-89-134-12-173.monradsl.monornet.hu> has quit IRC (Quit: mcstar)
2012-05-18T17:18:50  *** HaraKiri <HaraKiri!~hara@f053190229.adsl.alicedsl.de> has quit IRC ()
2012-05-18T17:39:52  *** amstan <amstan!~alex@aichallenge/admin/amstan> has joined #aichallenge
2012-05-18T17:39:53  *** ChanServ sets mode: +o amstan
2012-05-18T17:45:17  *** epicmonkey <epicmonkey!~epicmonke@188.134.41.211> has quit IRC (Ping timeout: 245 seconds)
2012-05-18T18:14:17  *** amstan <amstan!~alex@aichallenge/admin/amstan> has quit IRC (Ping timeout: 246 seconds)
2012-05-18T18:15:36  *** coeus <coeus!~coeus@dslb-084-061-056-077.pools.arcor-ip.net> has quit IRC (Ping timeout: 245 seconds)
2012-05-18T18:16:29  *** amstan <amstan!~alex@aichallenge/admin/amstan> has joined #aichallenge
2012-05-18T18:16:30  *** ChanServ sets mode: +o amstan
2012-05-18T18:57:48  *** mceier <mceier!~mceier@89-77-239-61.dynamic.chello.pl> has quit IRC (Quit: leaving)
2012-05-18T20:09:42  *** creation <creation!b8a10451@gateway/web/freenode/ip.184.161.4.81> has joined #aichallenge
2012-05-18T20:11:05  *** creation <creation!b8a10451@gateway/web/freenode/ip.184.161.4.81> has quit IRC (Client Quit)
2012-05-18T20:24:52  *** sigh <sigh!~sigh@ppp114-153.static.internode.on.net> has joined #aichallenge
2012-05-18T21:10:22  *** foRei <foRei!~ViT@0x4dd7b24d.adsl.cybercity.dk> has quit IRC (Quit: Bye)
2012-05-18T21:31:09  *** dapplegate <dapplegate!~dan@206.217.79.178> has joined #aichallenge
2012-05-18T22:10:25  *** Fandekasp <Fandekasp!~Fandekasp@sannin29240.nirai.ne.jp> has joined #aichallenge
2012-05-18T22:52:05  *** secret <secret!6e20c55e@gateway/web/freenode/ip.110.32.197.94> has joined #aichallenge
