2011-05-31T00:00:53  <Frontier> no, don't bother. it is the crazy loops I use.
2011-05-31T00:01:57  <McLeopold> which bot outputs "food bfs with X seeds"?
2011-05-31T00:16:23  <CIA-48> aichallenge: Marco Leise epsilon * r2f73244 / (2 files in 2 dirs): visualier: another attempt at fixing the java visualizer (was it a compiler bug?) - http://bit.ly/ixk469
2011-05-31T00:20:26  *** olexs <olexs!~Leviathan@drms-590c5cc5.pool.mediaWays.net> has quit IRC (Quit: Leaving.)
2011-05-31T00:34:29  *** Cyndre__ <Cyndre__!~Cyndre@DOCSIS-181-75.cable-lynx.net> has quit IRC (Quit: Leaving)
2011-05-31T00:36:13  <McLeopold> janzert: my coffeescript install fails because it needs user input :(
2011-05-31T00:36:30  <xQuasar> Is there an ants server yet
2011-05-31T00:36:45  <McLeopold> @betatest
2011-05-31T00:36:46  <contestbot> McLeopold: Run as fast as you can and don't look back.
2011-05-31T00:36:54  <McLeopold> @beta
2011-05-31T00:36:55  <contestbot> McLeopold: beta could be http://aichallenge.hypertriangle.com/.
2011-05-31T00:37:02  <amstan> that's wrong
2011-05-31T00:37:05  <amstan> just see topic
2011-05-31T00:37:11  <amstan> contestbot: forget beta
2011-05-31T00:37:11  <contestbot> amstan: Yep.
2011-05-31T00:40:00  *** _flag <_flag!~flag@69-165-173-172.dsl.teksavvy.com> has quit IRC (Quit: Lost terminal)
2011-05-31T00:50:36  <McLeopold> janzert: a fresh worker install has permission issues on using jails
2011-05-31T01:06:47  <McLeopold> amstan: didn't haskell get fixed?  it looks commented out in the worker_setup
2011-05-31T01:15:50  *** Palmik <Palmik!~palmik@palmikpc.sks6.muni.cz> has joined #aichallenge
2011-05-31T01:17:01  *** mcstar <mcstar!mcstar@adsl-89-132-22-183.monradsl.monornet.hu> has joined #aichallenge
2011-05-31T01:19:53  *** Bhaskerh <Bhaskerh!~androirc@99-162-151-97.lightspeed.sntcca.sbcglobal.net> has quit IRC (Ping timeout: 244 seconds)
2011-05-31T01:20:33  *** BtbN_ <BtbN_!btbn@btbn.de> has quit IRC (Remote host closed the connection)
2011-05-31T01:22:04  *** yasith <yasith!~yasith@124.43.56.59> has quit IRC (Ping timeout: 258 seconds)
2011-05-31T01:32:03  <CIA-48> aichallenge: Marco Leise epsilon * rbaa2e43 / ants/visualizer/java/com/aicontest/visualizer/js/dom/XMLHttpRequest.java : visualizer: added gzip decompression to the Java visualizer's XmlHttpRequest wrapper - http://bit.ly/iRbys4
2011-05-31T01:34:17  *** yasith <yasith!~yasith@124.43.58.80> has joined #aichallenge
2011-05-31T01:35:32  <Frontier> Now that was a fun process: edit Java, goto console and compile jar, copy jar over to contest server via ssh, move jar in place as root on the contest server, go back to ide to start listening remote debugger, reload browser window, go back to ide and debug, repeat
2011-05-31T01:36:07  <Frontier> curse you for using gzip that compresses the files to a few tiny %.
2011-05-31T01:38:56  <Frontier> just to verify it works: http://aichallengebeta.hypertriangle.com/visualizer.php?game=7629&java=true&config={%22cpu%22:1}
2011-05-31T01:44:52  *** Bhaskerh <Bhaskerh!~androirc@99-162-151-97.lightspeed.sntcca.sbcglobal.net> has joined #aichallenge
2011-05-31T01:45:22  *** Bhaskerh <Bhaskerh!~androirc@99-162-151-97.lightspeed.sntcca.sbcglobal.net> has joined #aichallenge
2011-05-31T01:48:39  <Frontier> I think Cellular2 == McLeopold, what do you think?
2011-05-31T01:48:50  <McLeopold> ?
2011-05-31T01:49:12  <Frontier> Is Cellular2 your bot? I have a replay where they behave almost identical
2011-05-31T01:49:34  <McLeopold> I submitted GreedyBot, bhasker made it
2011-05-31T01:50:55  <Frontier> took some time, but you finally got out of south america, look at the ant count spike at the end *g*: http://aichallengebeta.hypertriangle.com/visualizer.php?game=7665
2011-05-31T01:58:12  *** UncleVasya <UncleVasya!kvirc@46.133.38.93> has joined #aichallenge
2011-05-31T02:08:19  *** Ice_Harley <Ice_Harley!4d7921fb@gateway/web/freenode/ip.77.121.33.251> has joined #aichallenge
2011-05-31T02:08:58  *** pvarga <pvarga!~pvarga@pool-71-172-108-117.nwrknj.east.verizon.net> has joined #aichallenge
2011-05-31T02:09:49  *** aeter <aeter!~adr@93-152-185-81.ddns.onlinedirect.bg> has joined #aichallenge
2011-05-31T02:41:02  *** amstan <amstan!~amstan@206-248-186-147.dsl.teksavvy.com> has quit IRC (Remote host closed the connection)
2011-05-31T02:46:39  <CIA-48> aichallenge: McLeopold epsilon * r2813ae8 / (setup/worker_setup.py worker/sandbox.py worker/worker.py): reporting bot process errors to matchup - http://bit.ly/lvyUaz
2011-05-31T02:49:55  *** aeter <aeter!~adr@93-152-185-81.ddns.onlinedirect.bg> has left #aichallenge
2011-05-31T02:50:13  <mcstar> wth
2011-05-31T02:50:21  <mcstar> why do i need java plugin?
2011-05-31T02:50:41  <McLeopold> did you run the ant build for the visualizer?
2011-05-31T02:51:59  <mcstar> Frontier, why do i need a java plugin when i try to view the front page?
2011-05-31T02:52:12  <mcstar> i thought the visualizer was written in javascript
2011-05-31T02:52:58  <mcstar> oh i see
2011-05-31T02:53:03  <mcstar> java=true
2011-05-31T02:53:09  <mcstar> so whats that?
2011-05-31T03:16:20  *** ltriant <ltriant!~ltriant@lithium.mailguard.com.au> has quit IRC (Quit: Computer has gone to sleep)
2011-05-31T03:21:45  *** sir_macelon <sir_macelon!c06482ee@gateway/web/freenode/ip.192.100.130.238> has joined #aichallenge
2011-05-31T03:22:00  <sir_macelon> hi
2011-05-31T03:22:19  <sir_macelon> i see the web page is back again
2011-05-31T03:31:42  *** needsch <needsch!~Robert@ip-81-210-159-12.unitymediagroup.de> has joined #aichallenge
2011-05-31T03:37:10  <Frontier> what's up?
2011-05-31T03:37:41  <Frontier> McLeopold: yes i did run the ant build
2011-05-31T03:38:01  <McLeopold> Frontier: I was talking to mcstart with that comment
2011-05-31T03:39:06  <McLeopold> Frontier: http://aichallengebeta.hypertriangle.com/visualizer.php?game=7770
2011-05-31T03:39:29  <McLeopold> so, a bot timeout causes the ant data to be short?
2011-05-31T03:40:18  <McLeopold> why the 2 allowable lengths in the first place?
2011-05-31T03:40:21  <Frontier> yes, in case you want the game to run that turn anyway even if a bot timed out, and you said you want it that way
2011-05-31T03:40:52  <Frontier> because otherwise the ants would have a dying animation in the last turn
2011-05-31T03:41:38  <Frontier> I could not distinguish a surviving ant from a dying ant.
2011-05-31T03:41:59  *** UncleVasya <UncleVasya!kvirc@46.133.38.93> has quit IRC (Ping timeout: 260 seconds)
2011-05-31T03:44:24  <Frontier> maybe I wrote the idea behind it down in the wiki
2011-05-31T03:44:32  <McLeopold> Frontier: if a bot times out, then there are no moves for that turn
2011-05-31T03:44:51  *** qacek <qacek!~jacques@c-98-207-37-2.hsd1.ca.comcast.net> has quit IRC (Quit: WeeChat 0.3.5)
2011-05-31T03:45:28  <sir_macelon> well, i think i have found another bug in the game engine
2011-05-31T03:45:40  <McLeopold> do tell
2011-05-31T03:46:03  <Frontier> McLeopold: If you want that bot's ants to be displayed for that turn they need a '-' as their move.
2011-05-31T03:46:39  <sir_macelon> if a newly spawned ant gets a vision over a new tile where an enemy ant has died this turn then the engine sends something like 'd row col None'
2011-05-31T03:47:21  <sir_macelon> it crashed my bot and probably every bot would crash in such situation where it expects player id to parse integer value
2011-05-31T03:48:13  <Frontier> yeah my bot would throw an exception there, too
2011-05-31T03:48:36  <Frontier> only JavaScript would think this is 'None' == 0
2011-05-31T03:49:07  <sir_macelon> generally ant wasn't supposed to see this battle resolution as it has spawned after it
2011-05-31T03:49:08  <Frontier> but! I don't parse death lines, hehe.
2011-05-31T03:49:12  *** yasith <yasith!~yasith@124.43.58.80> has quit IRC (Ping timeout: 244 seconds)
2011-05-31T03:49:23  <sir_macelon> but the game engine doesn't take it into account
2011-05-31T03:49:45  <sir_macelon> every starter bot does that
2011-05-31T03:50:01  <McLeopold> Frontier: php might survive it too...
2011-05-31T03:50:46  <sir_macelon> it appeared during my local testing
2011-05-31T03:51:22  <sir_macelon> after the sigh change to report own dead ants over the squares where the vision was lost
2011-05-31T03:52:07  <McLeopold> post that on github for us
2011-05-31T03:52:21  <sir_macelon> ok, i'll do
2011-05-31T03:54:12  *** aerique <aerique!310225@xs3.xs4all.nl> has joined #aichallenge
2011-05-31T03:56:36  <antimatroid1> McLeopold: I thought of something yesterday...
2011-05-31T03:56:44  <McLeopold> good for you
2011-05-31T03:56:53  <antimatroid1> the engine the tcp server uses should NOT have bots select their moves sequentially
2011-05-31T03:56:54  <McLeopold> you must not have been reading reddit :[
2011-05-31T03:57:00  <antimatroid1> games will take n times longer than necessary pretty much
2011-05-31T03:57:16  <antimatroid1> you guys might have already thought of that, just making sure :)
2011-05-31T03:57:22  <McLeopold> yeah, we did
2011-05-31T03:57:25  <antimatroid1> :)
2011-05-31T03:57:46  <antimatroid1> ignore me then
2011-05-31T03:58:10  <McLeopold> so, is food spawning on symmetric maps symmetric even for the starting food?
2011-05-31T03:58:26  <antimatroid1> yes
2011-05-31T03:58:33  <antimatroid1> with symmetric spawning turned on
2011-05-31T03:58:45  <antimatroid1> it wont be symmetric depending on where ants are located
2011-05-31T03:58:52  <McLeopold> what if I have 5 bots and request 71 starting food squares?
2011-05-31T03:58:57  <antimatroid1> but if a deterministic bot played itself, the result would be a draw
2011-05-31T03:59:01  <aerique> compile error messages look sweet now on the submission page, thanks
2011-05-31T03:59:13  <McLeopold> aerique: glad you like it
2011-05-31T03:59:15  <antimatroid1> i think that's 71 starting food squares per bot
2011-05-31T03:59:23  <McLeopold> oh
2011-05-31T03:59:38  <antimatroid1> i could be wrong, but i vaguely remember playing around with what I think you're talking about myself
2011-05-31T03:59:42  <McLeopold> no, it still uses a percentage of land_area
2011-05-31T03:59:49  <antimatroid1> hmm okay
2011-05-31T03:59:59  <McLeopold> we need to get that fixed...
2011-05-31T04:00:06  <antimatroid1> sigh implemented that stuff, so he's the best person to ask
2011-05-31T04:01:53  <McLeopold> antimatroid1: you're right, which explains why so much food is at the start
2011-05-31T04:02:25  *** yasith <yasith!~yasith@124.43.59.18> has joined #aichallenge
2011-05-31T04:03:26  <McLeopold> aerique: did you notice this? http://aichallengebeta.hypertriangle.com/visualizer.php?game=7779
2011-05-31T04:04:04  <aerique> McLeopold: no, i haven't really checked any games.  will take a look at it
2011-05-31T04:05:58  <antimatroid1> McLeopold: you want to reduce the amount of food?
2011-05-31T04:06:02  <antimatroid1> atm i think there's way too many ants
2011-05-31T04:06:03  *** berak <berak!~chatzilla@89.204.153.163> has joined #aichallenge
2011-05-31T04:06:20  <antimatroid1> i would consider starting with way less and maybe upping the spawn rate
2011-05-31T04:06:21  <McLeopold> antimatroid1: yes, I already implemented random food spawn rates
2011-05-31T04:06:26  <antimatroid1> :D
2011-05-31T04:06:29  <McLeopold> which are lower
2011-05-31T04:06:37  <antimatroid1> yep
2011-05-31T04:06:45  <McLeopold> I think far less ants will be better
2011-05-31T04:06:58  <antimatroid1> yeah, more interesting strategies
2011-05-31T04:07:04  <antimatroid1> and more interesting to watch
2011-05-31T04:07:07  <McLeopold> I'm going to add a "starting_food_per_X_land_area" and start it at 200
2011-05-31T04:07:16  <aerique> what does an (x) mean after someone's name in the visualizer?
2011-05-31T04:07:22  <McLeopold> then round down to the nearest multiple of # of bots
2011-05-31T04:07:36  <McLeopold> aerique: they were eliminated from the game
2011-05-31T04:07:37  <antimatroid1> @topic
2011-05-31T04:07:37  <contestbot> antimatroid1: Official Google AI Challenge: http://ai-contest.com/ || Channel Logs: http://contestbot.hypertriangle.com/ || Code Repo: http://github.com/aichallenge/aichallenge || Beta Test: http://aichallengebeta.hypertriangle.com/ (amstan)
2011-05-31T04:08:55  <aerique> yeah, that crashed output is going to be really helpful to people
2011-05-31T04:09:38  <aerique> should really cut down the complaints on the forums :)
2011-05-31T04:10:40  *** Meatkat <Meatkat!~bovard@217.113.66.228> has joined #aichallenge
2011-05-31T04:11:19  <aerique> McLeopold: have you managed to convince the missus that you should participate in this challenge?
2011-05-31T04:11:31  <sir_macelon> less food will promote better fighting bots, which is good in my opinion
2011-05-31T04:11:42  <McLeopold> aerique: I'm not planning to. :)
2011-05-31T04:11:44  <sir_macelon> food collecting algorithms aren't that fancy
2011-05-31T04:12:01  *** Naktibalda <Naktibalda!~chatzilla@host-81-20-37-12.eckoh.com> has joined #aichallenge
2011-05-31T04:12:06  <McLeopold> She's more important than this is.
2011-05-31T04:12:47  <aerique> McLeopold: well, thanks in advance for all the time you've put into it so far then
2011-05-31T04:13:06  <McLeopold> sir_macelon: I'm glad you agree.  I also want to prevent the massive explosion of dumb bots when the trod over a "minefield" of food.
2011-05-31T04:13:51  <McLeopold> I might still try to write a bot in haskell, but I'm not going to try to win or keep up.
2011-05-31T04:15:12  <antimatroid1> sir_macelon: how are you collecting food out of interest?
2011-05-31T04:15:29  <antimatroid1> i agree though, food collection is fairly simply, the real game is going to be with battles and macro strategies
2011-05-31T04:15:33  <aerique> will the starter bots come with extra tools for playing and visualizing locally?
2011-05-31T04:15:48  <McLeopold> amstan put together a tools pack today
2011-05-31T04:15:55  <McLeopold> it's a separate download
2011-05-31T04:15:57  <antimatroid1> not sure, it would be best to release a separate general tools package i think
2011-05-31T04:16:12  <antimatroid1> that way people know they don't need to submit everything and we don't need to package it with every starter bot
2011-05-31T04:16:13  <McLeopold> I'm still excepting to put up language specific packs as well.
2011-05-31T04:16:44  <sir_macelon> animatroid: it is rather complicated now after so many upgrades, but i could try to explain :)
2011-05-31T04:16:56  <aerique> ok, it's just so i know what to put in my starter packs readme.
2011-05-31T04:17:06  <sir_macelon> *antimatroid1* sorry for spelling ;)
2011-05-31T04:17:12  <antimatroid1> i have refined the explanation of mine pretty well, i'll start first if you like, then you can explain yours if it's different :P
2011-05-31T04:17:39  <McLeopold> antimatroid1: are you even on the beta server?
2011-05-31T04:17:41  <aerique> fine with me :)
2011-05-31T04:18:39  <sir_macelon> basically i take every food tile and assign every my ant to it
2011-05-31T04:19:02  <McLeopold> sir_macelon: did you use the java starter or re-write?
2011-05-31T04:19:07  <sir_macelon> then sort it depending on the distance
2011-05-31T04:19:31  <sir_macelon> McLeopold: i nearly rewritten the whole starter package
2011-05-31T04:19:46  <sir_macelon> i didn't like it's architecture
2011-05-31T04:19:54  <antimatroid1> i start with every location containing an ant as available in 0 turns, everything else as not available, then i iteratively do a bfs from all food squares simultaneously until i find the ant that can get within the spawnradius of a food square in the smallest number of turns (based on available data, you need to search till like currentDist < bestDist + bestLocAvailability or something) then move that ant towards the f
2011-05-31T04:19:59  <sir_macelon> i also write some junit tests to test it
2011-05-31T04:20:22  <McLeopold> sir_macelon: could you make the starter better then?
2011-05-31T04:20:54  <antimatroid1> the availability information gives you a pretty big boost on food collection ability
2011-05-31T04:20:54  <sir_macelon> i could, but i need to update some javadocs so it will be better understandeble for noobs
2011-05-31T04:21:21  <McLeopold> I'm not the best a java, so a re-write would be okay with me.
2011-05-31T04:21:29  <sir_macelon> antimatroid1: you do to much calculation for the food
2011-05-31T04:21:44  <antimatroid1> no, it's not much more expensive, and well worth it
2011-05-31T04:22:07  <antimatroid1> consider
2011-05-31T04:22:08  <antimatroid1> *..a...*
2011-05-31T04:22:08  <antimatroid1> *..a...*
2011-05-31T04:22:11  <sir_macelon> i don't make the search path until it is really necessary
2011-05-31T04:22:15  <antimatroid1> would you send both a's left? i would send one of them right
2011-05-31T04:22:20  <sir_macelon> i call it lazy path finding
2011-05-31T04:22:40  <antimatroid1> i am basically using future ant locations and future spawned ants in my calculations for collecting foo
2011-05-31T04:22:53  <antimatroid1> so i can better make use of my current ants moves
2011-05-31T04:22:57  <sir_macelon> i also use it implcitily
2011-05-31T04:23:10  <aerique> i'm not sure whether i should update to CL starter bot for the problem with game 7779, since it seems to be a game engine bug and there's an issue for it anyway (and the error message is pretty clear)
2011-05-31T04:23:24  <McLeopold> it is a bug
2011-05-31T04:23:37  <McLeopold> even if we didn't want to tell you the owner, it should still be an int
2011-05-31T04:24:02  <McLeopold> I just like the lovely error message that tells you exactly what is happening
2011-05-31T04:24:33  <aerique> me too :)
2011-05-31T04:24:46  <sir_macelon> antimatroid1: in your situation there will be four targets and for every target i assign my two ants
2011-05-31T04:25:05  <sir_macelon> then i sort the targets in the asc order
2011-05-31T04:25:18  <sir_macelon> two on the left will be on top
2011-05-31T04:25:20  *** Meatkat <Meatkat!~bovard@217.113.66.228> has quit IRC (Ping timeout: 240 seconds)
2011-05-31T04:25:29  <sir_macelon> then i take one of them
2011-05-31T04:25:44  <sir_macelon> and reserve my closest ant to it
2011-05-31T04:25:57  <sir_macelon> then for every other target i add two new ants
2011-05-31T04:26:08  <McLeopold> it's a traveling salesman that spawns new salesmen
2011-05-31T04:26:14  <aerique> McLeopold: would you still be interested in a little video showing you my CL workflow with using a proxy-bot?  (I'd have to make it)
2011-05-31T04:26:24  <McLeopold> very much yes !
2011-05-31T04:26:25  <sir_macelon> but with the overhead of the distance to the food
2011-05-31T04:26:42  <sir_macelon> one will be the old ant and the second one will be the new, spawned ant
2011-05-31T04:27:09  <aerique> McLeopold: okey, not sure when i will do it.  maybe when the challenge has officially started
2011-05-31T04:27:14  <sir_macelon> then againg i sort the assigned ants to targets and it turns the newly spawned ant will get that food
2011-05-31T04:27:14  <McLeopold> aerique: it would bring others into making cl bots, especially since mega1 won.
2011-05-31T04:27:37  <antimatroid1> do you track when these future targets will be available?
2011-05-31T04:27:46  <antimatroid1> otherwise your calculations might not work as effectively
2011-05-31T04:27:54  <sir_macelon> i just add a delay in turns
2011-05-31T04:28:27  <sir_macelon> in your example i assume spawnradius2=1
2011-05-31T04:28:51  <sir_macelon> then after first iteration i add to the three remaining tagets two ants
2011-05-31T04:29:11  <antimatroid1> has anyone had any ideas for battles?
2011-05-31T04:29:11  <sir_macelon> with turn delay 2
2011-05-31T04:29:25  <antimatroid1> i have pretty much worked out my food collection, i have almost no idea for battles
2011-05-31T04:30:00  <sir_macelon> then it is just a matter of sorting with pereference to the ants with higher delay
2011-05-31T04:30:14  <antimatroid1> i've pretty much given up on the idea of game trees for battles, too many ants
2011-05-31T04:30:18  <antimatroid1> too many branches
2011-05-31T04:30:25  <McLeopold> antimatroid1: I have a great idea for battles that involves learning...
2011-05-31T04:30:32  <sir_macelon> i think i already developed a quite strong battle mechanism, that is quick and effective
2011-05-31T04:30:51  <sir_macelon> but i will keep it secret :)
2011-05-31T04:30:56  <antimatroid1> :P
2011-05-31T04:30:59  *** McLeopold <McLeopold!~scott@c-98-247-248-39.hsd1.wa.comcast.net> has left #aichallenge
2011-05-31T04:32:09  <sir_macelon> i may only upload game replay, but not sure if there's an online viewer for replays?
2011-05-31T04:33:04  <sir_macelon> i tested it against Stocha's food hunter bot and it manages too win even in worst starting positions
2011-05-31T04:39:17  *** Meatkat <Meatkat!~bovard@217.113.66.228> has joined #aichallenge
2011-05-31T04:46:35  *** janzert <janzert!~janzert@24-247-70-35.dhcp.trcy.mi.charter.com> has quit IRC (Ping timeout: 260 seconds)
2011-05-31T04:49:02  <sir_macelon> here's one replay where you can examine some neat battle moves :)
2011-05-31T04:49:03  <sir_macelon> http://pastebin.com/RPbeqdC1
2011-05-31T04:55:23  *** Meatkat <Meatkat!~bovard@217.113.66.228> has quit IRC (Ping timeout: 276 seconds)
2011-05-31T04:57:01  <berak> http://aichallengebeta.hypertriangle.com/visualizer.php?game=7805 // is it trying to talk ?  look at the end.
2011-05-31T05:03:02  <sir_macelon> funny :)
2011-05-31T05:03:13  <sir_macelon> but a waste of development effort IMO
2011-05-31T05:08:20  *** Meatkat <Meatkat!~bovard@217.113.66.228> has joined #aichallenge
2011-05-31T05:21:27  *** Accoun <Accoun!~1@static-213-88-39-97.chebnet.ru> has quit IRC ()
2011-05-31T05:27:21  <antimatroid1> i heart induction
2011-05-31T05:27:40  <antimatroid1> sir_macelon: no such thing as wasted development effort
2011-05-31T05:27:43  <antimatroid1> novelty bots are awesome
2011-05-31T05:28:10  *** Meatkat <Meatkat!~bovard@217.113.66.228> has quit IRC (Ping timeout: 258 seconds)
2011-05-31T05:34:39  <sir_macelon> there were similar situations in previous challenge where some bots performed some weird activites just before the game end, when they were sure of win
2011-05-31T05:35:45  <sir_macelon> but i must admit it looks cool :)
2011-05-31T05:40:30  *** Meatkat <Meatkat!~bovard@217.113.66.228> has joined #aichallenge
2011-05-31T05:40:49  <antimatroid1> yeah, one doesn't submit a novelty bot
2011-05-31T05:40:52  <antimatroid1> they're best for tcp imo
2011-05-31T05:48:39  *** Meatkat <Meatkat!~bovard@217.113.66.228> has quit IRC (Ping timeout: 255 seconds)
2011-05-31T05:58:59  <antimatroid1> derp, nevermind
2011-05-31T05:59:30  <Frontier> i think i'll have 3 castes of ants
2011-05-31T06:03:42  *** Ice_Harley <Ice_Harley!4d7921fb@gateway/web/freenode/ip.77.121.33.251> has quit IRC (Ping timeout: 252 seconds)
2011-05-31T06:06:04  *** smiley1983 <smiley1983!~smiley@115-64-7-182.static.tpgi.com.au> has joined #aichallenge
2011-05-31T06:12:10  *** Ice_Harley <Ice_Harley!4d7921fb@gateway/web/freenode/ip.77.121.33.251> has joined #aichallenge
2011-05-31T06:12:15  *** xQuasar <xQuasar!~xQuasar@123-243-2-159.static.tpgi.com.au> has quit IRC (Ping timeout: 258 seconds)
2011-05-31T06:18:09  *** xQuasar <xQuasar!~xQuasar@123-243-2-159.static.tpgi.com.au> has joined #aichallenge
2011-05-31T06:23:45  *** Accoun <Accoun!~1@static-213-88-39-97.chebnet.ru> has joined #aichallenge
2011-05-31T06:33:49  *** Quasar <Quasar!~xQuasar@123-243-2-159.static.tpgi.com.au> has joined #aichallenge
2011-05-31T06:34:15  *** Quasar is now known as Guest90176
2011-05-31T06:35:14  *** smiley1983 <smiley1983!~smiley@115-64-7-182.static.tpgi.com.au> has quit IRC (Read error: Operation timed out)
2011-05-31T06:35:52  *** xQuasar <xQuasar!~xQuasar@123-243-2-159.static.tpgi.com.au> has quit IRC (Ping timeout: 252 seconds)
2011-05-31T06:36:18  *** smiley1983 <smiley1983!~smiley@115-64-7-182.static.tpgi.com.au> has joined #aichallenge
2011-05-31T06:46:20  *** delt0r___ <delt0r___!~delt0r@188-22-160-148.adsl.highway.telekom.at> has joined #aichallenge
2011-05-31T06:47:42  *** delt0r_ <delt0r_!~delt0r@188-22-175-213.adsl.highway.telekom.at> has quit IRC (Ping timeout: 250 seconds)
2011-05-31T06:51:19  *** Eruonen <Eruonen!~Its@e198153.upc-e.chello.nl> has joined #aichallenge
2011-05-31T06:55:15  *** berak <berak!~chatzilla@89.204.153.163> has quit IRC (Ping timeout: 255 seconds)
2011-05-31T07:15:27  *** smiley1983 <smiley1983!~smiley@115-64-7-182.static.tpgi.com.au> has quit IRC (Ping timeout: 252 seconds)
2011-05-31T07:17:56  *** olexs <olexs!~Leviathan@drms-590c5cc5.pool.mediaWays.net> has joined #aichallenge
2011-05-31T07:57:17  *** smiley1983 <smiley1983!~smiley@115-64-7-182.static.tpgi.com.au> has joined #aichallenge
2011-05-31T08:12:52  <smiley1983> regarding the conversation earlier about languages which cope with "d row col None" - OCaml's pattern matching handles this correctly for the starter pack.
2011-05-31T08:14:10  *** jmpespxoreax <jmpespxoreax!~nosuchuse@unaffiliated/jmpespxoreax> has quit IRC (Ping timeout: 246 seconds)
2011-05-31T08:18:12  <aerique> yeah, perhaps i should've used that as well
2011-05-31T08:19:11  <aerique> then again, we wouldn't have know about the bug :)
2011-05-31T08:19:16  <aerique> known*
2011-05-31T08:21:39  *** Guest90176 <Guest90176!~xQuasar@123-243-2-159.static.tpgi.com.au> has quit IRC (Ping timeout: 255 seconds)
2011-05-31T08:28:00  *** smiley1983 <smiley1983!~smiley@115-64-7-182.static.tpgi.com.au> has quit IRC (Ping timeout: 240 seconds)
2011-05-31T08:29:04  *** smiley1983 <smiley1983!~smiley@115-64-7-182.static.tpgi.com.au> has joined #aichallenge
2011-05-31T08:30:33  <sir_macelon> ok, i've just cretead a pull request for the rewritten java starter package
2011-05-31T08:30:57  <sir_macelon> it also handles the 'None' bug
2011-05-31T08:43:29  *** smiley1983 <smiley1983!~smiley@115-64-7-182.static.tpgi.com.au> has quit IRC (Ping timeout: 252 seconds)
2011-05-31T08:45:34  *** smiley1983 <smiley1983!~smiley@115-64-7-182.static.tpgi.com.au> has joined #aichallenge
2011-05-31T08:47:58  *** mcstar <mcstar!mcstar@adsl-89-132-22-183.monradsl.monornet.hu> has quit IRC (Quit: Leaving)
2011-05-31T09:01:30  *** sigh <sigh!~sigh@210.18.207.102> has joined #aichallenge
2011-05-31T09:13:14  *** BtbN <BtbN!btbn@btbn.de> has joined #aichallenge
2011-05-31T09:16:12  *** amstan_ <amstan_!~alex@142.222.1.17> has joined #aichallenge
2011-05-31T09:16:12  *** ChanServ sets mode: +o amstan_
2011-05-31T09:21:30  *** berak <berak!~chatzilla@89.204.153.193> has joined #aichallenge
2011-05-31T09:26:57  *** tomh <tomh!~tomh@unaffiliated/tomh> has joined #aichallenge
2011-05-31T09:30:36  *** arakyd <arakyd!ad57daf1@gateway/web/freenode/ip.173.87.218.241> has joined #aichallenge
2011-05-31T09:31:28  <Frontier> I know we talked a lot about the battle resolution, but I have my concerns now.
2011-05-31T09:33:20  *** amstan_ <amstan_!~alex@142.222.1.17> has quit IRC (Ping timeout: 240 seconds)
2011-05-31T09:35:10  <Frontier> antimatroid1: are you there?
2011-05-31T09:35:22  *** mcstar <mcstar!~mcstar@adsl-89-134-8-99.monradsl.monornet.hu> has joined #aichallenge
2011-05-31T09:40:38  <Frontier> sigh: or maybe you?
2011-05-31T09:40:49  <sigh> I am there
2011-05-31T09:41:21  <Frontier> did you follow the discussion about battle resolution?
2011-05-31T09:41:28  <sigh> I'm pretty out of touch with everything atm
2011-05-31T09:41:42  *** pvarga <pvarga!~pvarga@pool-71-172-108-117.nwrknj.east.verizon.net> has quit IRC (Quit: pvarga)
2011-05-31T09:41:58  <sigh> I know a bit about the battle resolution discussions since I implemented them
2011-05-31T09:42:27  <Frontier> ok, let's not talk this in public chat
2011-05-31T09:52:15  *** sigh <sigh!~sigh@210.18.207.102> has quit IRC (Remote host closed the connection)
2011-05-31T09:57:25  *** mceier <mceier!~mceier@89-77-208-118.dynamic.chello.pl> has joined #aichallenge
2011-05-31T10:02:27  *** berak <berak!~chatzilla@89.204.153.193> has quit IRC (Ping timeout: 255 seconds)
2011-05-31T10:06:19  *** amstan_ <amstan_!~alex@142.222.1.17> has joined #aichallenge
2011-05-31T10:06:20  *** ChanServ sets mode: +o amstan_
2011-05-31T10:08:00  *** janzert <janzert!~janzert@24-247-70-35.dhcp.trcy.mi.charter.com> has joined #aichallenge
2011-05-31T10:33:58  *** aerique <aerique!310225@xs3.xs4all.nl> has quit IRC (Quit: ...)
2011-05-31T10:44:00  *** aerique <aerique!310225@xs3.xs4all.nl> has joined #aichallenge
2011-05-31T10:54:42  *** amstan_ <amstan_!~alex@142.222.1.17> has quit IRC (Ping timeout: 250 seconds)
2011-05-31T10:57:24  *** amstan_ <amstan_!~alex@142.222.14.37> has joined #aichallenge
2011-05-31T10:57:24  *** ChanServ sets mode: +o amstan_
2011-05-31T10:58:08  *** Ice_Harley <Ice_Harley!4d7921fb@gateway/web/freenode/ip.77.121.33.251> has quit IRC (Ping timeout: 252 seconds)
2011-05-31T10:58:19  <amstan_> hello
2011-05-31T10:58:21  *** amstan_ is now known as amstan
2011-05-31T11:04:17  *** berak <berak!~chatzilla@89.204.137.131> has joined #aichallenge
2011-05-31T11:05:00  *** amstan <amstan!~alex@142.222.14.37> has quit IRC (Ping timeout: 255 seconds)
2011-05-31T11:06:24  *** McLeopold <McLeopold!~scott@c-98-247-248-39.hsd1.wa.comcast.net> has joined #aichallenge
2011-05-31T11:06:30  *** bhasker <bhasker!~bhasker@99-162-151-97.lightspeed.sntcca.sbcglobal.net> has quit IRC (Quit: bhasker)
2011-05-31T11:09:59  <smiley1983> contestbot: seen UncleVasya
2011-05-31T11:09:59  <contestbot> smiley1983: UncleVasya was last seen in #aichallenge 20 hours, 15 minutes, and 8 seconds ago: <UncleVasya> So he's going to wake up soon and will come here :)
2011-05-31T11:13:59  <smiley1983> contestbot: later tell UncleVasya I've made a small update to the OCaml starter, you can get the important part of the change just by replacing this file: https://github.com/smiley1983/aichallenge/blob/epsilon/ants/dist/starter_bots/ocaml/Ants.ml
2011-05-31T11:13:59  <contestbot> smiley1983: I come to serve.
2011-05-31T11:18:32  <CIA-48> aichallenge: Maciej Rucinski epsilon * ref042f9 / (9 files): java starter package rewritten - http://bit.ly/l3ZnXx
2011-05-31T11:23:11  *** smiley1983 <smiley1983!~smiley@115-64-7-182.static.tpgi.com.au> has quit IRC (Ping timeout: 240 seconds)
2011-05-31T11:24:28  *** smiley1983 <smiley1983!~smiley@115-64-7-182.static.tpgi.com.au> has joined #aichallenge
2011-05-31T11:33:21  *** berak <berak!~chatzilla@89.204.137.131> has quit IRC (Ping timeout: 255 seconds)
2011-05-31T11:34:38  *** amstan <amstan!~alex@142.222.14.37> has joined #aichallenge
2011-05-31T11:34:38  *** ChanServ sets mode: +o amstan
2011-05-31T11:36:38  <amstan> contestbot: later tell hjax are you still working on testing the starter packages? Do you mind making an issue about it to track your progress?
2011-05-31T11:36:38  <contestbot> amstan: I think that worked...
2011-05-31T11:40:29  *** berak <berak!~chatzilla@89.204.153.195> has joined #aichallenge
2011-05-31T11:40:43  *** sir_macelon <sir_macelon!c06482ee@gateway/web/freenode/ip.192.100.130.238> has quit IRC (Quit: Page closed)
2011-05-31T11:43:06  *** smiley1983 <smiley1983!~smiley@115-64-7-182.static.tpgi.com.au> has quit IRC (Ping timeout: 248 seconds)
2011-05-31T11:44:01  *** smiley1983 <smiley1983!~smiley@115-64-7-182.static.tpgi.com.au> has joined #aichallenge
2011-05-31T11:47:10  *** Bhaskerh <Bhaskerh!~androirc@99-162-151-97.lightspeed.sntcca.sbcglobal.net> has quit IRC (Ping timeout: 260 seconds)
2011-05-31T12:10:53  *** smiley1983 <smiley1983!~smiley@115-64-7-182.static.tpgi.com.au> has quit IRC (Ping timeout: 276 seconds)
2011-05-31T12:11:33  *** smiley1983 <smiley1983!~smiley@115-64-7-182.static.tpgi.com.au> has joined #aichallenge
2011-05-31T12:15:17  <CIA-48> aichallenge: Alexandru Stan epsilon * r47af707 / (6 files in 2 dirs): deleted old images - http://bit.ly/ll741N
2011-05-31T12:15:17  <CIA-48> aichallenge: Alexandru Stan epsilon * r5040abe / website/using_the_tools.php : redone using the tools, it's now in the wiki - http://bit.ly/l5CzMu
2011-05-31T12:23:06  <CIA-48> aichallenge: Alexandru Stan epsilon * rb6ca500 / website/using_the_tools.php : redone using the tools, it's now in the wiki - http://bit.ly/kQDQ1a
2011-05-31T12:24:21  <amstan> can someone review this: http://aichallengebeta.hypertriangle.com/using_the_tools.php ?
2011-05-31T12:24:22  *** UncleVasya <UncleVasya!kvirc@46.133.102.161> has joined #aichallenge
2011-05-31T12:27:16  *** amstan <amstan!~alex@142.222.14.37> has quit IRC (Quit: lunch)
2011-05-31T12:32:39  <jbroman> @later tell amstan With Java, it is not better to specify the class name rather than filename?
2011-05-31T12:32:39  <contestbot> jbroman: I think that worked...
2011-05-31T12:37:05  *** Naktibalda <Naktibalda!~chatzilla@host-81-20-37-12.eckoh.com> has quit IRC (Quit: ChatZilla 0.9.86.1 [Firefox 4.0.1/20110413222027])
2011-05-31T12:40:17  *** anagri <anagri!d972a80a@gateway/web/freenode/ip.217.114.168.10> has joined #aichallenge
2011-05-31T12:40:23  <anagri> hello all
2011-05-31T12:40:38  <anagri> \help
2011-05-31T12:40:58  <anagri> anybody active ? UK tz ?
2011-05-31T12:44:27  *** _0x47 <_0x47!~slash@p57B3EAC0.dip.t-dialin.net> has quit IRC (Ping timeout: 255 seconds)
2011-05-31T12:45:41  <UncleVasya> anagri: What is your problem?
2011-05-31T12:48:00  <CIA-48> aichallenge: Scott Hamilton epsilon * r511c988 / ants/dist/starter_bots/java/MyBot.java :
2011-05-31T12:48:00  <CIA-48> aichallenge: Merge pull request #135 from sir-macelon/patch-1
2011-05-31T12:48:00  <CIA-48> aichallenge: Small fixes - http://bit.ly/lEth87
2011-05-31T12:56:34  *** anagri <anagri!d972a80a@gateway/web/freenode/ip.217.114.168.10> has quit IRC (Ping timeout: 252 seconds)
2011-05-31T12:57:36  <smiley1983> anagri: hello and welcome :)
2011-05-31T12:57:45  <smiley1983> oops
2011-05-31T12:59:45  *** _0x47 <_0x47!~slash@p5B12E0E0.dip.t-dialin.net> has joined #aichallenge
2011-05-31T13:00:56  *** aeter <aeter!~adr@93-152-185-81.ddns.onlinedirect.bg> has joined #aichallenge
2011-05-31T13:04:22  <smiley1983> UncleVasya: contestbot probably told you, but I've updated the OCaml starter
2011-05-31T13:05:01  <UncleVasya> No, he didn't. I
2011-05-31T13:05:21  <UncleVasya> I'm going to download it now, thanx/
2011-05-31T13:05:41  <smiley1983> it hasn't been merged into the main repo yet
2011-05-31T13:06:30  <smiley1983> here's the link to my fork: https://github.com/smiley1983/aichallenge/tree/epsilon/ants/dist/starter_bots/ocaml
2011-05-31T13:06:45  <smiley1983> the only important update is in Ants.ml
2011-05-31T13:07:51  <smiley1983> I'm hoping this should be the last change to that starter, but you never know :)
2011-05-31T13:08:32  <UncleVasya> btw, I was pawned by OCaml totally :( I can't even do the first easest thing i want to.
2011-05-31T13:09:04  <CIA-48> aichallenge: McLeopold epsilon * r7307cd9 / ants/ants.py : fix for dead ant line with 'None'. Closes #132 - http://bit.ly/iuIKdG
2011-05-31T13:09:04  <CIA-48> aichallenge: McLeopold epsilon * r0651c0f / ants/dist/starter_bots/java/MyBot.java : Merge branch 'epsilon' of https://github.com/aichallenge/aichallenge into epsilon - http://bit.ly/jQBEet
2011-05-31T13:10:00  <smiley1983> it's a bit unfamiliar at first, the way it expresses some things
2011-05-31T13:10:00  <smiley1983> I may be able to offer advice if you're stuck
2011-05-31T13:12:06  <UncleVasya> I improved tile type a little:   type tile = [ `Water | `Land | `Food | `Ant | `Dead | `Unseen |`Busy];;  As you see, added `Busy
2011-05-31T13:13:17  <UncleVasya> Busy means that someone of my ants already going there.
2011-05-31T13:14:01  <UncleVasya> I added it to tile_of_int and int_of_tile functions (by number 500)
2011-05-31T13:14:10  <smiley1983> yes
2011-05-31T13:14:35  <UncleVasya> I can't write function set_tile_busy
2011-05-31T13:14:54  <UncleVasya> Or I can't call it properly.
2011-05-31T13:15:32  <UncleVasya> Here is it:
2011-05-31T13:15:51  <UncleVasya> let set_tile_busy row col =
2011-05-31T13:15:51  <UncleVasya>    gstate.tmap.(row).(col) <-
2011-05-31T13:15:52  <UncleVasya>       {gstate.tmap.(row).(col) with content = (int_of_tile `Busy)};
2011-05-31T13:15:52  <UncleVasya> ;;
2011-05-31T13:16:58  <UncleVasya> I'm not sure I can past code directly here, maybe it's agains rules. Can I use private mesages for that?
2011-05-31T13:17:34  *** smiley1983 <smiley1983!~smiley@115-64-7-182.static.tpgi.com.au> has quit IRC (Remote host closed the connection)
2011-05-31T13:17:50  <mcstar> it is considered a good thing to use pastebin.com(for example) instead of pasting source code directly here
2011-05-31T13:17:54  *** smiley1983 <smiley1983!~smiley@115-64-7-182.static.tpgi.com.au> has joined #aichallenge
2011-05-31T13:19:12  <UncleVasya> smiley1983: So can I talk to you in private?
2011-05-31T13:22:39  <UncleVasya> mcstar: I need only past 4-5 strings few times.
2011-05-31T13:23:14  *** smiley1983 <smiley1983!~smiley@115-64-7-182.static.tpgi.com.au> has quit IRC (Ping timeout: 240 seconds)
2011-05-31T13:23:30  <mcstar> im not an authority, and i really dont mind, im just saying its customary to do so in irc channels
2011-05-31T13:24:46  <UncleVasya> mcstar: But I can merge them and show few parts of my code in one page. Didn't thought about that until read your message. It can be even better.
2011-05-31T13:25:35  <mcstar> + its gives you syntax highlighting(for popular languages at least)
2011-05-31T13:25:41  <mcstar> -s
2011-05-31T13:27:37  <mcstar> im going offline
2011-05-31T13:27:46  <UncleVasya> bye
2011-05-31T13:27:59  <mcstar> thunderbolts are sooo loud it makes me deaf
2011-05-31T13:28:05  *** mcstar <mcstar!~mcstar@adsl-89-134-8-99.monradsl.monornet.hu> has quit IRC (Quit: WeeChat 0.3.5)
2011-05-31T13:32:41  *** Bhaskerh <Bhaskerh!~androirc@nat/yahoo/x-uirpzrlnjevznbvh> has joined #aichallenge
2011-05-31T13:37:18  *** Bhaskerh <Bhaskerh!~androirc@nat/yahoo/x-uirpzrlnjevznbvh> has quit IRC (Ping timeout: 258 seconds)
2011-05-31T13:41:54  *** bhasker <bhasker!~bhasker@nat/yahoo/x-oydsdvtkanugpztk> has joined #aichallenge
2011-05-31T13:42:07  <bhasker> morning folks
2011-05-31T13:43:48  <UncleVasya> hi
2011-05-31T13:44:33  *** olexs1 <olexs1!~Leviathan@drms-590ede88.pool.mediaWays.net> has joined #aichallenge
2011-05-31T13:45:39  *** olexs <olexs!~Leviathan@drms-590c5cc5.pool.mediaWays.net> has quit IRC (Ping timeout: 255 seconds)
2011-05-31T13:46:25  <olexs1> games per minute has risen on the beta server, but skill calculation seems broken? something with the workers?
2011-05-31T13:50:17  *** smiley1983 <smiley1983!~smiley@115-64-7-182.static.tpgi.com.au> has joined #aichallenge
2011-05-31T13:51:04  *** yasith <yasith!~yasith@124.43.59.18> has quit IRC (Ping timeout: 250 seconds)
2011-05-31T13:53:47  <CIA-48> aichallenge: McLeopold epsilon * r8614bd3 / (5 files in 4 dirs): pull game options from server in api_get_task.php - http://bit.ly/jEAx2d
2011-05-31T13:58:40  *** needsch <needsch!~Robert@ip-81-210-159-12.unitymediagroup.de> has quit IRC (Quit: Leaving.)
2011-05-31T13:58:43  <bhasker> lots of people testing out the bots on beta server now, should be interesting on the day the challenge actually goes live
2011-05-31T14:00:45  <olexs1> beta server skill calculation seems broken
2011-05-31T14:02:55  <CIA-48> aichallenge: McLeopold epsilon * r29dded8 / (3 files in 2 dirs): implented random starting food amount >:) - http://bit.ly/lD44qh
2011-05-31T14:04:15  *** smiley1983 <smiley1983!~smiley@115-64-7-182.static.tpgi.com.au> has quit IRC (Ping timeout: 260 seconds)
2011-05-31T14:04:36  *** yasith <yasith!~yasith@124.43.61.224> has joined #aichallenge
2011-05-31T14:06:48  <CIA-48> aichallenge: McLeopold epsilon * rbf6efe3 / ants/ants.py : fixed food rate option bugs - http://bit.ly/kK9Z94
2011-05-31T14:06:58  <bhasker> uploaded a new version with slightly smarter combat
2011-05-31T14:07:01  <bhasker> lets see how it does
2011-05-31T14:07:19  *** UncleVasya <UncleVasya!kvirc@46.133.102.161> has quit IRC (Ping timeout: 260 seconds)
2011-05-31T14:13:22  <bhasker> hah a lot of bots oscillate in place when food is scarce including mine
2011-05-31T14:13:41  <bhasker> shows that most people are restricting searches to nearby visible food and exploring code isn't well written
2011-05-31T14:14:01  <bhasker> mcleopold trueskill broken?
2011-05-31T14:14:03  *** mcstar <mcstar!~mcstar@adsl-89-134-31-81.monradsl.monornet.hu> has joined #aichallenge
2011-05-31T14:14:08  <bhasker> all skill updates showing 0
2011-05-31T14:14:48  *** smiley1983 <smiley1983!~smiley@115-64-7-182.static.tpgi.com.au> has joined #aichallenge
2011-05-31T14:15:23  *** UncleVasya <UncleVasya!kvirc@178-133-137-144.dialup.umc.net.ua> has joined #aichallenge
2011-05-31T14:15:51  <antimatroid1> rage
2011-05-31T14:16:40  <UncleVasya> smiley1983: http://pastebin.com/LV5BwKrP
2011-05-31T14:17:03  <mcstar> McLeopold: looping over 10000 elements of the map(100x100) and accessing the visible squares takes 0.33 seconds
2011-05-31T14:17:13  <mcstar> does that sound reasonable?
2011-05-31T14:17:36  <mcstar> i wonder where is this in relation to python
2011-05-31T14:19:18  <mcstar> thats 292 acces per square
2011-05-31T14:19:21  <mcstar> s
2011-05-31T14:19:36  <mcstar> accesses?
2011-05-31T14:27:14  <bhasker> antimatroid whats with the rankings/skill updates being broken?
2011-05-31T14:27:31  <berak> there's not that much food any more in the latest games
2011-05-31T14:28:14  *** bhasker <bhasker!~bhasker@nat/yahoo/x-oydsdvtkanugpztk> has quit IRC (Quit: bhasker)
2011-05-31T14:28:29  <smiley1983> UncleVasya: have you deleted or hidden Ants.mli?
2011-05-31T14:28:46  <smiley1983> If not, try doing that
2011-05-31T14:33:03  <smiley1983> UncleVasya: if that doesn't work, pastebin the compile error and I'll look at it tomorrow - I'm off to sleep now. Best of luck
2011-05-31T14:33:34  <UncleVasya> bye
2011-05-31T14:34:09  <smiley1983> Oh, last thing before I go: correct syntax for the method would be:
2011-05-31T14:35:15  <smiley1983> method set_tile_busy row col = set_tile_busy state row col
2011-05-31T14:35:18  <smiley1983> I think
2011-05-31T14:35:52  *** smiley1983 <smiley1983!~smiley@115-64-7-182.static.tpgi.com.au> has quit IRC (Quit: leaving)
2011-05-31T14:36:16  <UncleVasya> I hope we'll see my second submission tomorrow :)
2011-05-31T14:38:36  *** InsaneMalkavian <InsaneMalkavian!5eb5c1df@gateway/web/freenode/ip.94.181.193.223> has joined #aichallenge
2011-05-31T14:41:23  <CIA-48> aichallenge: McLeopold epsilon * r78d1cc1 / manager/manager.py : fixed bug where manager doesn't update trueskill if log file can't be written to - http://bit.ly/kSSJal
2011-05-31T14:46:23  *** delt0r_ <delt0r_!~delt0r@188-22-174-58.adsl.highway.telekom.at> has joined #aichallenge
2011-05-31T14:47:50  *** delt0r___ <delt0r___!~delt0r@188-22-160-148.adsl.highway.telekom.at> has quit IRC (Ping timeout: 258 seconds)
2011-05-31T14:52:20  <mcstar> McLeopold: are you there?
2011-05-31T14:53:56  *** InsaneMalkavian_ <InsaneMalkavian_!5eb5c1df@gateway/web/freenode/ip.94.181.193.223> has joined #aichallenge
2011-05-31T14:57:34  *** InsaneMalkavian <InsaneMalkavian!5eb5c1df@gateway/web/freenode/ip.94.181.193.223> has quit IRC (Ping timeout: 252 seconds)
2011-05-31T15:00:19  <McLeopold> mcstar: what's up?
2011-05-31T15:00:30  <mcstar> hey
2011-05-31T15:00:35  <mcstar> have u read my question?
2011-05-31T15:00:44  <mcstar> couple of lines above
2011-05-31T15:01:19  <mcstar> remember, some time ago i asked how did you implement the distance-checks
2011-05-31T15:01:19  <McLeopold> I think I'd have to see the code
2011-05-31T15:01:35  *** needsch <needsch!~Robert@ip-81-210-159-12.unitymediagroup.de> has joined #aichallenge
2011-05-31T15:01:56  <mcstar> its in cl, and its for me :)
2011-05-31T15:02:40  <mcstar> do you access all indices of the board/map for a given ant that it can see?
2011-05-31T15:02:45  <mcstar> sry
2011-05-31T15:02:49  <mcstar> all at once
2011-05-31T15:03:11  *** yasith <yasith!~yasith@124.43.61.224> has quit IRC (Ping timeout: 240 seconds)
2011-05-31T15:03:12  <mcstar> how fast is that part, can you tell me?
2011-05-31T15:03:42  <mcstar> i have a better estimate(the prev. value i gave doesnt include the real array accesses)
2011-05-31T15:04:24  <mcstar> for a 9072 sized map it takes 0.43 seconds
2011-05-31T15:05:41  <McLeopold> I haven't been in the bot code for awhile, sry.
2011-05-31T15:05:53  <mcstar> and do you precompute the indices to be accessed, or by an inequality on-the-fly?
2011-05-31T15:05:57  <mcstar> oh
2011-05-31T15:06:06  <mcstar> so you dont have an estimate?:
2011-05-31T15:06:08  <McLeopold> I actually haven't tried to write a real bot yet.
2011-05-31T15:06:14  <McLeopold> No, not really.
2011-05-31T15:06:21  <mcstar> im asking about the engine
2011-05-31T15:06:31  <mcstar> the bot doesnt need to do this
2011-05-31T15:06:36  <McLeopold> sigh did the benchmarks on that
2011-05-31T15:06:52  <McLeopold> and wrote the faster code
2011-05-31T15:07:06  <mcstar> ok ill try him
2011-05-31T15:07:58  <janzert> mcstar: don't know if it will help you find what you want, but there is a script in the util directory under ants that compares various vision methods
2011-05-31T15:08:01  <mcstar> but does the engine occupy the full cpu btw?
2011-05-31T15:08:26  <McLeopold> mcstar: not while the bots are doing moves
2011-05-31T15:08:51  <McLeopold> the timing doesn't start until the engine waits for bot input, and we do a sleep to ensure we don't take time away from bots
2011-05-31T15:09:07  <mcstar> janzert: i wasnt going to look at the code, its easier to ask, and i wouldnt really benefit from seeing that code, its more like curiosity
2011-05-31T15:09:35  *** FireFly <FireFly!~firefly@unaffiliated/firefly> has joined #aichallenge
2011-05-31T15:09:49  <McLeopold> mcstar: you're going to need every trick you can think of to speed up vision code if you need it
2011-05-31T15:10:08  <McLeopold> This whole game is going to be too much to process in 500ms
2011-05-31T15:10:55  <mcstar> well, i was a bit concerned, and thats why i asked too, how does mine compare to Your production code :)
2011-05-31T15:11:32  <mcstar> for the moment this seems fast to me
2011-05-31T15:11:58  <mcstar> and you want to learn cl right?
2011-05-31T15:12:10  <mcstar> maybe when my engine is ready ill show it to you
2011-05-31T15:12:32  <mcstar> (maybe as in if youre interested)
2011-05-31T15:13:45  *** _flag <_flag!~flag@69-165-173-172.dsl.teksavvy.com> has joined #aichallenge
2011-05-31T15:16:40  *** bhasker <bhasker!~bhasker@nat/yahoo/x-ovtcdiohagzpeddi> has joined #aichallenge
2011-05-31T15:20:28  <janzert> the fastest python method for vision using a  block of 10 x 10 ants spaced in a grid with 10 spaces in between each ant and a squared visionradius of 96 takes 5.63 milliseconds, but the engine doesn't calculate vision from scratch it uses incremental updates
2011-05-31T15:26:22  <mcstar> ok, i look up 272 coordinates for a 108x84(9072) map in 0.43 seconds
2011-05-31T15:26:53  <mcstar> that means 272 lookups for every square of the map
2011-05-31T15:28:03  *** bhasker <bhasker!~bhasker@nat/yahoo/x-ovtcdiohagzpeddi> has quit IRC (Quit: bhasker)
2011-05-31T15:29:21  *** Redgis <Redgis!~Nex@2a01:e34:ee3b:aa40:214:22ff:feec:c2> has joined #aichallenge
2011-05-31T15:29:47  <mcstar> roughly 4.7 ms vs. 5.63 if i understand correctly
2011-05-31T15:30:53  <mcstar> janzert: did you run this?
2011-05-31T15:31:05  <mcstar> i guess your pc is faster than mine though
2011-05-31T15:34:04  <janzert> run "vision_compare.py 10 10" in the util directory to get the timing youself
2011-05-31T15:34:20  <McLeopold> janzert: did you see my issue with coffeescript?
2011-05-31T15:34:48  <janzert> McLeopold: not that I recall offhand
2011-05-31T15:35:13  <McLeopold> the first command to curl an install script fails because the script excepts user input
2011-05-31T15:36:04  <janzert> so we can't use that script?
2011-05-31T15:36:28  <McLeopold> I thought maybe redirecting 'yes' to the script would work, but it didn't
2011-05-31T15:36:32  <McLeopold> I'm not sure
2011-05-31T15:38:52  <CIA-48> aichallenge: janzert epsilon * r41edecc / (worker/compiler.py worker/sandbox.py): Have submission compilation use a sandbox - http://bit.ly/ive60E
2011-05-31T15:40:02  *** Accoun <Accoun!~1@static-213-88-39-97.chebnet.ru> has quit IRC ()
2011-05-31T15:40:07  <CIA-48> aichallenge: McLeopold epsilon * r9c7d843 / ants/ants.py : fixed kill_player mistake - http://bit.ly/jamLcT
2011-05-31T15:41:10  <CIA-48> aichallenge: McLeopold epsilon * r84301d5 / ants/ants.py : fixed print - http://bit.ly/kEyPGW
2011-05-31T15:42:31  *** bhasker <bhasker!~bhasker@nat/yahoo/x-kqwkjfnibyimrcpe> has joined #aichallenge
2011-05-31T15:42:47  <McLeopold> janzert: also, didn't amstan say haskell got fixed?
2011-05-31T15:43:23  <janzert> he did say that, but then when I went to try it I don't see it being fixed and he couldn't find it as fixed eitehr
2011-05-31T15:43:25  <janzert> either
2011-05-31T15:43:38  <janzert> so not sure how it worked for him the one time
2011-05-31T15:44:32  <janzert> oh, I do remember now what happened
2011-05-31T15:44:44  <janzert> he only installed GHC not the full haskell-platform
2011-05-31T15:45:00  <janzert> and it's the platform package that is broken
2011-05-31T15:45:29  *** hjax <hjax!1802fa8a@gateway/web/freenode/ip.24.2.250.138> has joined #aichallenge
2011-05-31T15:45:39  <janzert> there was some debate whether just having ghc and not the platform would be good enough for the contest
2011-05-31T15:45:53  <janzert> I never heard whether that was true or not
2011-05-31T15:47:07  <hjax> contestbot: later tell amstan I had school today, im starting testing now, ill make an issue for easier testing
2011-05-31T15:47:07  <contestbot> hjax: Ready to serve.
2011-05-31T15:47:12  <mcstar> 11.29 ms for me the fastest
2011-05-31T15:47:35  <McLeopold> janzert: can we get by with just ghc?
2011-05-31T15:48:29  <janzert> that's what I don't know
2011-05-31T15:48:49  <McLeopold> jmcarthur: ping
2011-05-31T15:48:50  <janzert> I assume jmcarthur is best to answer that
2011-05-31T15:48:56  <janzert> :)
2011-05-31T15:50:26  <mcstar> janzert: what kind of cpu u got?
2011-05-31T15:51:26  <janzert> i5 750
2011-05-31T15:51:46  <berak> http://aichallengebeta.hypertriangle.com/visualizer.php?game=8468 // what happened to the food spawning ?
2011-05-31T15:51:57  <janzert> although those timings above were also run inside a vm so maybe slower than expected from the cpu I have
2011-05-31T15:52:11  <mcstar> ok, nice one, i ride an old amd x2
2011-05-31T15:53:46  <mcstar> berak: for one it became symmetric it seems which isnt half bad
2011-05-31T15:56:25  <berak> i'd even agree on sym vs asym, but most of the time, there's neither food, or opponents visible to each player in this game
2011-05-31T15:57:40  <mcstar> there was talk that the option specified for spawing food controlled the initial amount by ANTs, it was misunderstood before, and now its correctly lower, also, migh be too low, nevertheless correct me if im wrong
2011-05-31T15:58:25  <jmcarthur> McLeopold, janzert: if you can get ghc and cabal-install to work, then you can use cabal-install to install the rest of the platform. it requires building the libraries from source, though. most of them don't take too long, as long as you avoid the opengl stuff
2011-05-31T15:58:42  <jmcarthur> cabal-install handles the downloading and building. it's like a package manager for haskell stuff
2011-05-31T16:01:03  <hjax> McLeopold you here?
2011-05-31T16:05:13  *** Accoun <Accoun!~1@static-213-88-39-97.chebnet.ru> has joined #aichallenge
2011-05-31T16:08:33  *** hjax <hjax!1802fa8a@gateway/web/freenode/ip.24.2.250.138> has quit IRC (Quit: Page closed)
2011-05-31T16:13:34  <berak> well, since there's less food, increase the viewradius ?
2011-05-31T16:15:52  *** _0x47 <_0x47!~slash@p5B12E0E0.dip.t-dialin.net> has quit IRC (Remote host closed the connection)
2011-05-31T16:16:04  <McLeopold> berak: try exploring
2011-05-31T16:16:14  *** McLeopold <McLeopold!~scott@c-98-247-248-39.hsd1.wa.comcast.net> has left #aichallenge
2011-05-31T16:16:14  *** _0x47 <_0x47!~slash@p5B12E0E0.dip.t-dialin.net> has joined #aichallenge
2011-05-31T16:16:18  <berak> tia, ok.
2011-05-31T16:17:15  *** McLeopold <McLeopold!~Scott@c-98-247-248-39.hsd1.wa.comcast.net> has joined #aichallenge
2011-05-31T16:27:31  *** berak <berak!~chatzilla@89.204.153.195> has quit IRC (Quit: ChatZilla 0.9.84 [SeaMonkey 2.0a3/20090223135443])
2011-05-31T16:28:03  *** aeter <aeter!~adr@93-152-185-81.ddns.onlinedirect.bg> has left #aichallenge
2011-05-31T16:30:22  <CIA-48> aichallenge: janzert epsilon * r17f9db8 / setup/worker_setup.py : Fix coffeescript install - http://bit.ly/mBaDFu
2011-05-31T16:31:54  *** UncleVasya <UncleVasya!kvirc@178-133-137-144.dialup.umc.net.ua> has quit IRC ()
2011-05-31T16:40:50  *** Apophis_ <Apophis_!~apophis@217-162-217-10.dynamic.hispeed.ch> has joined #aichallenge
2011-05-31T16:49:56  <CIA-48> aichallenge: Scott Hamilton epsilon * rd3e2a31 / (2 files):
2011-05-31T16:49:56  <CIA-48> aichallenge: Merge pull request #134 from smiley1983/epsilon
2011-05-31T16:49:56  <CIA-48> aichallenge: OCaml starter: fixed warnings, fixed bad input processing, updated comments - http://bit.ly/lvCp5D
2011-05-31T16:54:04  *** UncleVasya <UncleVasya!kvirc@46.133.40.111> has joined #aichallenge
2011-05-31T16:54:43  *** _flag <_flag!~flag@69-165-173-172.dsl.teksavvy.com> has quit IRC (Quit: Lost terminal)
2011-05-31T16:58:35  *** hjax <hjax!1802fa8a@gateway/web/freenode/ip.24.2.250.138> has joined #aichallenge
2011-05-31T16:59:15  *** mceier <mceier!~mceier@89-77-208-118.dynamic.chello.pl> has quit IRC (Quit: leaving)
2011-05-31T16:59:21  <hjax> whoa i just booted into ubuntu and playgame wont run at all
2011-05-31T16:59:42  <McLeopold> hjax: have a pastebin?
2011-05-31T17:00:48  <hjax> here http://pastebin.com/BP8WhuF7
2011-05-31T17:02:31  <McLeopold> hjax: that looks pretty bad, probably my fault
2011-05-31T17:02:58  *** InsaneMalkavian_ <InsaneMalkavian_!5eb5c1df@gateway/web/freenode/ip.94.181.193.223> has quit IRC (Ping timeout: 252 seconds)
2011-05-31T17:03:13  <McLeopold> hjax: pull the latest repo and see if it still happens
2011-05-31T17:03:20  <hjax> i downloaded that a few days ago though, im going to get a fresh copy
2011-05-31T17:04:05  <hjax> but it was running on windows just fine :/, i copied it onto my flash drive and brought it to ubuntu
2011-05-31T17:08:12  <mcstar> hjax didnt u have this problem a couple of days ago with python 2.6, and 2.7 solved it?
2011-05-31T17:09:19  *** UncleVasya <UncleVasya!kvirc@46.133.40.111> has quit IRC (Ping timeout: 260 seconds)
2011-05-31T17:10:28  *** Palmik <Palmik!~palmik@palmikpc.sks6.muni.cz> has quit IRC (Read error: Connection reset by peer)
2011-05-31T17:12:25  <hjax> i had this problem with 2.5
2011-05-31T17:12:36  <hjax> this code should work on 2.6 and 2.7
2011-05-31T17:14:14  <mcstar> oh yes that was 2.65
2011-05-31T17:14:16  <mcstar> shat
2011-05-31T17:14:18  <mcstar> 2.5
2011-05-31T17:14:31  <hjax> contestbot: later tell amstan couldnt start testing, running games is broken for python 2.6, which is version for ubuntu, i cant run games
2011-05-31T17:14:31  <contestbot> hjax: Ready to serve.
2011-05-31T17:14:52  *** hjax <hjax!1802fa8a@gateway/web/freenode/ip.24.2.250.138> has quit IRC (Quit: Page closed)
2011-05-31T17:16:19  *** InsaneMalkavian <InsaneMalkavian!5cffe08b@gateway/web/freenode/ip.92.255.224.139> has joined #aichallenge
2011-05-31T17:18:06  *** jmpespxoreax <jmpespxoreax!~nosuchuse@unaffiliated/jmpespxoreax> has joined #aichallenge
2011-05-31T17:20:43  *** UncleVasya <UncleVasya!kvirc@46.133.133.47> has joined #aichallenge
2011-05-31T17:21:03  <McLeopold> hjax: play_one_game.cmd works with python 2.6.6 on windows
2011-05-31T17:21:10  *** UncleVasya <UncleVasya!kvirc@46.133.133.47> has joined #aichallenge
2011-05-31T17:22:31  *** bhasker_ <bhasker_!~bhasker@nat/yahoo/x-wmsppjnahumwhwdp> has joined #aichallenge
2011-05-31T17:22:33  *** bhasker <bhasker!~bhasker@nat/yahoo/x-kqwkjfnibyimrcpe> has quit IRC (Ping timeout: 255 seconds)
2011-05-31T17:32:44  <CIA-48> aichallenge: janzert epsilon * r48de724 / setup/worker_setup.py : Use PPAs where we can - http://bit.ly/is2Eoe
2011-05-31T17:36:11  <CIA-48> aichallenge: janzert epsilon * r31faac7 / setup/worker_setup.py : Correct function docstring - http://bit.ly/ji0TQd
2011-05-31T17:50:41  *** UncleVasya <UncleVasya!kvirc@46.133.133.47> has quit IRC (Read error: Connection reset by peer)
2011-05-31T17:58:57  *** amstan <amstan!~alex@174-138-219-67.cpe.distributel.net> has joined #aichallenge
2011-05-31T17:58:57  *** ChanServ sets mode: +o amstan
2011-05-31T17:59:53  <amstan> contestbot: later tell hjax submit them to the site instead, we should only need to test locally if they don't work there
2011-05-31T17:59:53  <contestbot> amstan: Ready to serve, my lord.
2011-05-31T18:06:58  *** ltriant <ltriant!~ltriant@lithium.mailguard.com.au> has joined #aichallenge
2011-05-31T18:10:05  *** hjax <hjax!1802fa8a@gateway/web/freenode/ip.24.2.250.138> has joined #aichallenge
2011-05-31T18:10:26  <hjax> ok im here
2011-05-31T18:10:31  <hjax> amstan, you here?
2011-05-31T18:13:45  *** bhasker_ <bhasker_!~bhasker@nat/yahoo/x-wmsppjnahumwhwdp> has quit IRC (Quit: bhasker_)
2011-05-31T18:14:46  *** bhasker <bhasker!~bhasker@nat/yahoo/x-vcapoaovozemepyq> has joined #aichallenge
2011-05-31T18:23:02  *** Redgis <Redgis!~Nex@2a01:e34:ee3b:aa40:214:22ff:feec:c2> has quit IRC (Quit: ... mains libres)
2011-05-31T18:23:57  <bhasker> afternoon
2011-05-31T18:25:57  <olexs1> evening
2011-05-31T18:27:26  <bhasker> how goes it
2011-05-31T18:27:34  <bhasker> looks like skill updates are broken again
2011-05-31T18:27:48  <olexs1> those are weird, it's like they lag behind the games
2011-05-31T18:27:58  <McLeopold> by 2 minutes
2011-05-31T18:28:01  <bhasker> ah
2011-05-31T18:28:02  <olexs1> after a while finished games get skill points
2011-05-31T18:28:08  <olexs1> ah, ok :)
2011-05-31T18:28:45  <olexs1> however, I now have some games much older than 2 minutes, where I still have 0 skill entered
2011-05-31T18:29:24  *** hjax <hjax!1802fa8a@gateway/web/freenode/ip.24.2.250.138> has quit IRC (Quit: Page closed)
2011-05-31T18:32:03  <bhasker> yup
2011-05-31T18:32:05  <bhasker> same here
2011-05-31T18:32:30  <bhasker> last 1 hr
2011-05-31T18:32:32  <bhasker> no updates
2011-05-31T18:32:40  <bhasker> have like 20 + games with 0.00
2011-05-31T18:33:14  <bhasker> now it will be nice if my bot would just beat sir_macelon consistently
2011-05-31T18:33:26  <bhasker> though it seems to be doing quite well otherwise
2011-05-31T18:41:53  *** hjax <hjax!1802fa8a@gateway/web/freenode/ip.24.2.250.138> has joined #aichallenge
2011-05-31T18:42:02  <hjax> amstan?
2011-05-31T18:42:17  <amstan> hjax: yes?
2011-05-31T18:42:41  <hjax> you you want me to make a separate account for every starter package?
2011-05-31T18:46:34  <bhasker> mcleopold any ideas why skill updates are not happening?
2011-05-31T18:47:05  <McLeopold> yeah, the workers are throwing errors
2011-05-31T18:47:18  <bhasker> oh k
2011-05-31T18:47:46  <hjax> i wonder if all the starter package bots will score exactly the same :/
2011-05-31T18:49:16  <bhasker> some may time out:p
2011-05-31T18:50:44  <hjax> exactly lets see what language is truly the fastest
2011-05-31T18:50:57  <McLeopold> assemly
2011-05-31T18:51:05  <McLeopold> with a b in there somewhere
2011-05-31T18:52:17  <hjax> assembly? lol
2011-05-31T18:52:38  <hjax> sure, i dare you to make an assembly starter pack
2011-05-31T18:57:29  <McLeopold> bhasker: ready for a major skill update?
2011-05-31T18:58:34  <bhasker> sure
2011-05-31T18:58:51  <bhasker> dammit still rank 2:p
2011-05-31T18:59:07  <bhasker> and greentea's ghost is higher :(
2011-05-31T18:59:25  <bhasker> hmm his ghost and mine have same trueskill but ghost is higher in list:(
2011-05-31T18:59:53  <McLeopold> that's cause his was submitted first
2011-05-31T18:59:58  <bhasker> ah
2011-05-31T19:00:17  <hjax> any reason for no C or haskell bots in git?
2011-05-31T19:00:23  <McLeopold> hmm, actually, yours should be higher
2011-05-31T19:01:21  <janzert> hjax: they're git submodules, you have to pull them in using "git submodule" commands
2011-05-31T19:01:30  <hjax> ?
2011-05-31T19:01:44  <hjax> the folders are empty on github,
2011-05-31T19:01:46  <janzert> e.g git submodule init; git submodule update
2011-05-31T19:02:24  <janzert> they show fine in the web interface for me
2011-05-31T19:02:41  <janzert> not sure how you would get to an empty directory for them from the website
2011-05-31T19:03:33  *** FireFly <FireFly!~firefly@unaffiliated/firefly> has quit IRC (Quit: swatted to death)
2011-05-31T19:03:34  <bhasker> hmm weird my skill dropped on ranking page but nothing changed on my profile page
2011-05-31T19:03:35  <bhasker> weird
2011-05-31T19:03:43  <hjax> i downloaded the whole thing as a zip files, no C or haskell
2011-05-31T19:03:57  <amstan> hjax: sure
2011-05-31T19:04:02  <janzert> yeah, they aren't in the base repo
2011-05-31T19:04:05  <janzert> they are submodules
2011-05-31T19:04:22  <amstan> hjax: yes, you'll have to use git
2011-05-31T19:07:07  <McLeopold> bhasker: you were seeing the numbers rounded, his skill was 0.0017 higher
2011-05-31T19:07:22  <bhasker> ah k
2011-05-31T19:08:00  *** hjax <hjax!1802fa8a@gateway/web/freenode/ip.24.2.250.138> has quit IRC (Ping timeout: 252 seconds)
2011-05-31T19:11:21  *** needsch <needsch!~Robert@ip-81-210-159-12.unitymediagroup.de> has quit IRC (Quit: Leaving.)
2011-05-31T19:12:41  *** mcstar <mcstar!~mcstar@adsl-89-134-31-81.monradsl.monornet.hu> has quit IRC (Quit: WeeChat 0.3.5)
2011-05-31T19:19:39  <janzert> there has gotta be a better way to get the java plugin stuff
2011-05-31T19:21:08  <janzert> watching my web server setup pull in x11, firefox, etc. just seems so wrong
2011-05-31T19:27:12  <janzert> McLeopold: server_setup.py is broken because of an unfilled {api_url} variable in server_info.php.template
2011-05-31T19:27:35  <CIA-48> aichallenge: McLeopold epsilon * red330cb / setup/worker_setup.py : Merge branch 'epsilon' of https://github.com/aichallenge/aichallenge into epsilon - http://bit.ly/k2Hra3
2011-05-31T19:27:35  <CIA-48> aichallenge: McLeopold epsilon * r2acb8fd / (ants/ants.py manager/manager.py): fixed issue with failed bot crashing engine - http://bit.ly/lZfiq5
2011-05-31T19:27:51  <McLeopold> janzert: oh yeah, I did do that.
2011-05-31T19:28:28  *** computerwiz_222 <computerwiz_222!~andrew@174-138-219-67.cpe.distributel.net> has joined #aichallenge
2011-05-31T19:29:37  *** tomh <tomh!~tomh@unaffiliated/tomh> has quit IRC (Quit: tomh)
2011-05-31T19:31:33  *** hjax <hjax!1802fa8a@gateway/web/freenode/ip.24.2.250.138> has joined #aichallenge
2011-05-31T19:34:37  <janzert> McLeopold: from that last commit, there should never be anything put before a docstring
2011-05-31T19:35:08  <CIA-48> aichallenge: McLeopold epsilon * ra126e8b / setup/server_setup.py : fixed server_info.php generation - http://bit.ly/iKm6wt
2011-05-31T19:36:10  <CIA-48> aichallenge: McLeopold epsilon * r3edec0e / ants/ants.py : removed debug statements - http://bit.ly/iPiWGF
2011-05-31T19:37:29  *** hjax <hjax!1802fa8a@gateway/web/freenode/ip.24.2.250.138> has quit IRC (Quit: Page closed)
2011-05-31T19:41:14  <CIA-48> aichallenge: janzert epsilon * rdec403f / (ants/ants.py setup/server_setup.py setup/worker_setup.py): Move code after docstring and revert executable bit on setup scripts - http://bit.ly/kjAl6W
2011-05-31T19:41:39  <McLeopold> oh, that docstring, sry
2011-05-31T19:41:50  <janzert> :) no problem
2011-05-31T19:42:12  <janzert> saw the executable bit got cleared on the setup scripts somewhere along the way too
2011-05-31T19:42:15  <McLeopold> I never think about it because I never use them
2011-05-31T19:42:27  <amstan> McLeopold: yes, i noticed
2011-05-31T19:42:38  <amstan> all the scripts i have to exec i have to type python in front
2011-05-31T19:43:22  <McLeopold> I never think about executable bits cause I'm usually in windows
2011-05-31T19:43:59  <McLeopold> we have a special 7 layer dip of extension to program mappings stored in the registry sewage
2011-05-31T19:45:08  <McLeopold> amstan: did you get a worker going yet?
2011-05-31T19:53:48  *** olexs1 <olexs1!~Leviathan@drms-590ede88.pool.mediaWays.net> has quit IRC (Quit: Leaving.)
2011-05-31T19:54:41  *** _0x47 <_0x47!~slash@p5B12E0E0.dip.t-dialin.net> has quit IRC (Ping timeout: 240 seconds)
2011-05-31T19:55:00  *** JamesMG_ <JamesMG_!~jamesg@mail.musicreports.com> has quit IRC (Ping timeout: 240 seconds)
2011-05-31T19:55:22  *** Frontier <Frontier!~marco@dslb-088-070-148-090.pools.arcor-ip.net> has quit IRC (Ping timeout: 244 seconds)
2011-05-31T19:55:41  *** olexs <olexs!~Leviathan@drms-590ede88.pool.mediaWays.net> has joined #aichallenge
2011-05-31T19:56:11  *** JamesMG <JamesMG!~jamesg@mail.musicreports.com> has joined #aichallenge
2011-05-31T19:56:42  *** olexs <olexs!~Leviathan@drms-590ede88.pool.mediaWays.net> has quit IRC (Client Quit)
2011-05-31T19:57:31  *** olexs <olexs!~Leviathan@drms-590ede88.pool.mediaWays.net> has joined #aichallenge
2011-05-31T19:58:06  *** Frontier <Frontier!~marco@dslb-088-070-148-090.pools.arcor-ip.net> has joined #aichallenge
2011-05-31T19:58:43  *** _0x47 <_0x47!~slash@p5B12E0E0.dip.t-dialin.net> has joined #aichallenge
2011-05-31T19:59:28  <amstan> McLeopold: no, i'm not at home at the moment
2011-05-31T19:59:36  <amstan> and idk if janzert is available
2011-05-31T20:00:24  <janzert> working on the automatic worker deployment stuff at the moment :)
2011-05-31T20:01:07  <amstan> ok, should i join you then?
2011-05-31T20:01:33  <janzert> not necessarily
2011-05-31T20:02:06  <janzert> if you have something you need an answer on I can probably pause this and try to answer it though
2011-05-31T20:02:20  <amstan> janzert: do you have to go soon?
2011-05-31T20:02:34  <janzert> not that I know of right now
2011-05-31T20:02:39  <amstan> ok, cool
2011-05-31T20:02:46  <amstan> so then i could join you in 30 min
2011-05-31T20:09:49  <CIA-48> aichallenge: janzert epsilon * r5ade526 / (3 files in 2 dirs): Work for automated worker deployment - http://bit.ly/kYCfjV
2011-05-31T20:11:43  *** olexs <olexs!~Leviathan@drms-590ede88.pool.mediaWays.net> has quit IRC (Quit: Leaving.)
2011-05-31T20:11:43  *** amstan <amstan!~alex@174-138-219-67.cpe.distributel.net> has quit IRC (Ping timeout: 260 seconds)
2011-05-31T20:29:14  *** Eruonen <Eruonen!~Its@e198153.upc-e.chello.nl> has quit IRC ()
2011-05-31T20:31:16  *** amstan <amstan!~amstan@206-248-186-147.dsl.teksavvy.com> has joined #aichallenge
2011-05-31T20:31:16  *** ChanServ sets mode: +o amstan
2011-05-31T20:33:00  <amstan> McLeopold: related to https://github.com/aichallenge/aichallenge/issues/47#comment_1270056 :
2011-05-31T20:33:10  <amstan> i get a 404 from http://aichallengebeta.hypertriangle.com/game_list_json.php&page=1
2011-05-31T20:35:52  *** computerwiz_222 <computerwiz_222!~andrew@174-138-219-67.cpe.distributel.net> has quit IRC (Quit: Konversation terminated!)
2011-05-31T20:35:55  <McLeopold> yeah, use a ?
2011-05-31T20:36:00  <McLeopold> I was typing fast
2011-05-31T20:36:11  <McLeopold> I can edit, right?
2011-05-31T20:36:14  *** computerwiz_222 <computerwiz_222!~andrew@174-138-219-67.cpe.distributel.net> has joined #aichallenge
2011-05-31T20:37:52  <amstan> McLeopold: is there a json way to get  info about only one game?
2011-05-31T20:37:55  <amstan> or.. nvm
2011-05-31T20:37:59  <amstan> game_info.php
2011-05-31T20:38:04  * amstan facepalms
2011-05-31T20:38:11  <McLeopold> /game/#
2011-05-31T20:38:17  <amstan> yeah
2011-05-31T20:38:43  <McLeopold> I thought the same thing and almost wrote something until *I* facepalmed :)
2011-05-31T20:38:54  <amstan> janzert: k, so what state is the worker installer in now? can i install? or is there some quick commits you have to do?
2011-05-31T20:39:24  <McLeopold> the goal is 4 gpm...
2011-05-31T20:39:30  <janzert> the automatic installation is humming along fine at the moment, I do know it will have a problem at the end though
2011-05-31T20:39:33  <McLeopold> we've got 3 workers running right now
2011-05-31T20:39:43  <amstan> McLeopold: we do?
2011-05-31T20:39:48  <McLeopold> but no jails
2011-05-31T20:39:59  <janzert> I still need to rewrite the worker startup script
2011-05-31T20:40:02  <amstan> McLeopold: is there a way to get separate worker info in here? http://aichallengebeta.hypertriangle.com/server_stats.php
2011-05-31T20:40:07  <amstan> the worker table is not what it used to be
2011-05-31T20:40:24  <McLeopold> it's not that different
2011-05-31T20:40:35  <amstan> janzert: well.. i can give you a shell account to my htpc and you can try there if you want
2011-05-31T20:40:50  <McLeopold> I'm not familiar with what it was
2011-05-31T20:40:54  <janzert> McLeopold: we need to be able to get individual worker information at least
2011-05-31T20:40:59  <amstan> McLeopold: i had an error on every query for that table, i just decided to remove them then
2011-05-31T20:41:09  <janzert> i.e. per worker games and errors per minute
2011-05-31T20:41:20  <McLeopold> I'll look at the queries in the history
2011-05-31T20:41:39  <janzert> we use that information to monitor the health of a worker to see if it needs a reboot
2011-05-31T20:42:00  *** computerwiz_222 <computerwiz_222!~andrew@174-138-219-67.cpe.distributel.net> has quit IRC (Ping timeout: 240 seconds)
2011-05-31T20:42:10  <amstan> McLeopold: https://github.com/aichallenge/aichallenge/blob/pw/planet_wars/www/game_stats.php
2011-05-31T20:43:08  <amstan> McLeopold: oh yes, what do you think? http://aichallengebeta.hypertriangle.com/using_the_tools.php
2011-05-31T20:43:38  <janzert> actually the monitor script used api_worker_query.php to get the information
2011-05-31T20:43:40  <amstan> i removed stuff from the old one, some parts seemed too weird for older programmers
2011-05-31T20:43:56  <janzert> so having it on the human readable page isn't required I suppose but probably still nice
2011-05-31T20:44:07  <amstan> include?
2011-05-31T20:44:19  <McLeopold> so, api_worker_query is probably broken then?
2011-05-31T20:44:46  <janzert> most likely since the database structure has changed so much
2011-05-31T20:45:00  <McLeopold> amstan: it's a good start, but needs a re-write
2011-05-31T20:45:09  <McLeopold> IMHO
2011-05-31T20:45:23  <amstan> i'm not a good writer
2011-05-31T20:46:04  <McLeopold> basically, I'd do a how-to with lists and examples rather than an essay in paragraph form
2011-05-31T20:46:45  <amstan> well, here's my list: https://github.com/aichallenge/aichallenge/issues/128
2011-05-31T20:46:53  * janzert is watching the final shuttle move out of the vehicle assembly building to the launchpad
2011-05-31T20:47:05  <amstan> janzert: but... worker!
2011-05-31T20:47:24  <janzert> setup is running in the background :)
2011-05-31T20:54:07  <janzert> and it died at the non-existent worker start script :/
2011-05-31T20:56:12  <amstan> McLeopold: dude.. you have to stop chmod -x ing worker and manager.py
2011-05-31T20:56:28  *** hjax <hjax!1802fa8a@gateway/web/freenode/ip.24.2.250.138> has joined #aichallenge
2011-05-31T20:58:13  <amstan> why does it say        modified:   ants/dist/starter_bots/c (new commits)
2011-05-31T21:00:18  <hjax> amstan ok im creating an account for each starter pack now, been busy :/
2011-05-31T21:00:27  <amstan> hjax: cool, thanks
2011-05-31T21:00:47  <hjax> all of them are in zip files ready to go
2011-05-31T21:01:44  <CIA-48> aichallenge: Alexandru Stan epsilon * r1c98687 / (manager/manager.py worker/worker.py): fixed exec permissions on main files - http://bit.ly/iKSfe3
2011-05-31T21:01:52  <amstan> hjax: yes, you type make in the folder
2011-05-31T21:01:54  <amstan> it zips them
2011-05-31T21:02:22  <hjax> i have them already, now for the longest part making the accounts :/
2011-05-31T21:02:51  <amstan> janzert: do you have anything in mind for the api worker setup php page?
2011-05-31T21:03:01  <amstan> janzert: is it supposed to contain some cool convenience methods?
2011-05-31T21:03:13  <amstan> s/methods/commands/
2011-05-31T21:03:40  <janzert> basically it feeds the worker an initilization script
2011-05-31T21:03:47  <janzert> it should be all set at this point
2011-05-31T21:03:53  <amstan> do we have such a script?
2011-05-31T21:04:01  <amstan> for the new contest?
2011-05-31T21:04:01  <janzert> worker_init.py
2011-05-31T21:04:21  <janzert> that's what I finished setting up a little earlier
2011-05-31T21:04:37  <amstan> in setup/?
2011-05-31T21:04:51  <janzert> I ended up moving it to the website
2011-05-31T21:05:12  <janzert> kind of icky but that's where we need it from
2011-05-31T21:05:16  <amstan> ln -s?
2011-05-31T21:05:27  <janzert> there's really no need for it in setup
2011-05-31T21:05:41  <amstan> if i git clone, i'd want that
2011-05-31T21:05:44  <janzert> it's only for automated installs
2011-05-31T21:05:58  <amstan> wouldn't git pull be useful for updating automated installs?
2011-05-31T21:05:58  <janzert> nah, I doubt it
2011-05-31T21:06:21  <amstan> ok, can i just call that directly then now?
2011-05-31T21:06:31  <janzert> call what?
2011-05-31T21:06:37  <amstan> worker_init
2011-05-31T21:06:40  <janzert> api_server_setup.php?
2011-05-31T21:07:02  <janzert> bah, sorry firecall be back in a half hour or so
2011-05-31T21:07:08  <amstan> aww
2011-05-31T21:07:59  <amstan> McLeopold:
2011-05-31T21:08:01  <amstan> error: Your local changes to the following files would be overwritten by merge: manager/manager.py
2011-05-31T21:08:03  <amstan> McLeopold: can you pull pls?
2011-05-31T21:10:15  <amstan> janzert: hmm, we can use this: https://github.com/aichallenge/aichallenge/raw/epsilon/website/worker_init.py
2011-05-31T21:12:34  <amstan> well..
2011-05-31T21:12:36  * amstan is blocked
2011-05-31T21:16:47  *** bhasker <bhasker!~bhasker@nat/yahoo/x-vcapoaovozemepyq> has quit IRC (Quit: bhasker)
2011-05-31T21:21:15  <hjax> wow are the rankings really that unstable :/
2011-05-31T21:21:30  <hjax> go starter bot is doing good :/
2011-05-31T21:23:51  *** computerwiz_222 <computerwiz_222!~andrew@174-138-219-67.cpe.distributel.net> has joined #aichallenge
2011-05-31T21:24:44  <hjax> amstan who wrote that go starterbot?
2011-05-31T21:24:53  <amstan> idk, check the last commit
2011-05-31T21:24:56  <amstan> for that folder
2011-05-31T21:25:36  <hjax> amstan, its not behaving like a starter bot, its intelligent and about to take my bot down on the leaderboards
2011-05-31T21:26:19  <amstan> i'm not sure what antimatroid's plan is, he didn't really make it clear that they must follow a strategy
2011-05-31T21:26:27  <hjax> http://aichallengebeta.hypertriangle.com/visualizer.php?game=9085
2011-05-31T21:26:43  <hjax> we its better than my bot, and its free :/
2011-05-31T21:27:03  <hjax> they must at least be equal, and weak :/
2011-05-31T21:27:12  <hjax> gostarterbot is neither
2011-05-31T21:27:36  <hjax> amstan, scalastarterbot froze the worker
2011-05-31T21:27:44  <amstan> what?
2011-05-31T21:27:47  <amstan> how?
2011-05-31T21:28:09  <hjax> its happened with coffeescript before
2011-05-31T21:28:26  <amstan> what do you mean worker? it seems to work just fine still
2011-05-31T21:28:30  <hjax> this is the first scala bot, and the worker cant compile it
2011-05-31T21:28:59  <amstan> so.. it can't compile? or did it crash the whole worker(as in there's no more games being played on the server)
2011-05-31T21:29:23  <hjax> i cant tell yet
2011-05-31T21:29:37  <amstan> why did you say "froze the worker"?
2011-05-31T21:30:13  <hjax> hmmm either the worker is hanging or crashed
2011-05-31T21:30:44  <amstan> it's executing java bots..
2011-05-31T21:30:46  <amstan> doing just fine
2011-05-31T21:30:53  <amstan> i have no idea what you mean by that
2011-05-31T21:31:02  <hjax> really? scalabot is still on compiling and running tests
2011-05-31T21:31:17  <hjax> no waiting to compile
2011-05-31T21:31:42  <amstan> it'll probably play a game in between
2011-05-31T21:32:14  <hjax> it shouldnt update that status until its actually started :/
2011-05-31T21:32:25  <amstan> no idea
2011-05-31T21:32:27  <amstan> McLeopold: ping
2011-05-31T21:33:00  <hjax> i gtg, ill do the last couple bots tomorrow morning
2011-05-31T21:33:13  <amstan> k, keep updating your issue entry
2011-05-31T21:33:18  <amstan> thanks, btw
2011-05-31T21:33:42  <hjax> no problem, ill watch a few battles of each bot before i add it to the issue
2011-05-31T21:34:17  <hjax> i know exactly how python bot preforms, so its the only one there atm
2011-05-31T21:35:10  <hjax> amstan: its been over 10 min: http://aichallengebeta.hypertriangle.com/profile.php?user=59
2011-05-31T21:35:41  *** yasith <yasith!~yasith@124.43.61.224> has joined #aichallenge
2011-05-31T21:35:58  <amstan> hjax: yeah, ok
2011-05-31T21:36:01  <hjax> i gtg, have contestbot send me any new info
2011-05-31T21:36:10  <amstan> ok, cool
2011-05-31T21:36:11  <amstan> cya
2011-05-31T21:36:15  *** hjax <hjax!1802fa8a@gateway/web/freenode/ip.24.2.250.138> has quit IRC (Quit: bye)
2011-05-31T21:39:28  <amstan> contestbot: later tell hjax try submitting again
2011-05-31T21:39:28  <contestbot> amstan: Yes master!
2011-05-31T21:42:13  *** yasith <yasith!~yasith@124.43.61.224> has quit IRC (Ping timeout: 258 seconds)
2011-05-31T21:42:19  *** yasith_ <yasith_!~yasith@124.43.61.224> has joined #aichallenge
2011-05-31T21:42:43  <amstan> janzert: when is that worker-src.zip generated?
2011-05-31T21:43:41  *** yasith_ <yasith_!~yasith@124.43.61.224> has quit IRC (Client Quit)
2011-05-31T21:44:09  *** yasith <yasith!~yasith@124.43.61.224> has joined #aichallenge
2011-05-31T21:46:11  <amstan> janzert: hmm.. i don't like this, so worker-src.tgz is now 7 days old on the aichallengebeta server
2011-05-31T21:46:25  <amstan> any fixed that we make to workers won't be updated in there
2011-05-31T21:48:49  <amstan> what's wrong with pulling from git?
2011-05-31T22:00:13  <McLeopold> amstan: pong
2011-05-31T22:00:28  <amstan> McLeopold: have you seen my wall?
2011-05-31T22:00:41  <amstan> i needed to pull on the main server
2011-05-31T22:01:11  <McLeopold> ok
2011-05-31T22:01:20  <amstan> i stashed your changes
2011-05-31T22:01:40  <amstan> McLeopold: also, any idea what's going on with this: http://aichallengebeta.hypertriangle.com/profile.php?user=59
2011-05-31T22:01:52  <amstan> he's been stuck in that state for a while now
2011-05-31T22:02:19  <McLeopold> the worker assigned the compile task may have crashed?
2011-05-31T22:02:49  <McLeopold> my changes on the server were temporary, I had already committed the fixes to the repo
2011-05-31T22:03:57  <amstan> what about debug?
2011-05-31T22:04:25  <McLeopold> my worker is continually downloaded and failing to report on the scala bot
2011-05-31T22:13:13  *** _flag <_flag!~flag@69-165-173-172.dsl.teksavvy.com> has joined #aichallenge
2011-05-31T22:14:44  <McLeopold> amstan: what is your wall?
2011-05-31T22:14:56  <amstan> check a terminal that you were logged into
2011-05-31T22:14:59  <amstan> at aichallengebeta
2011-05-31T22:15:02  <amstan> you should have seen it
2011-05-31T22:15:06  <McLeopold> yeah I did
2011-05-31T22:15:15  <McLeopold> what's the question about debug?
2011-05-31T22:15:43  <amstan> contest@aichallengebeta:~/aichallenge$ ls debug.txt
2011-05-31T22:16:54  <McLeopold> it's gone now
2011-05-31T22:17:42  <McLeopold> And I'm not actively chmod -x ing the files.  I blame git :)
2011-05-31T22:18:10  *** smiley1983 <smiley1983!~smiley@115-64-7-182.static.tpgi.com.au> has joined #aichallenge
2011-05-31T22:18:14  *** antimatroid1 <antimatroid1!~nick@207.215-50-210.dynamic.dsl.mel.iprimus.net.au> has quit IRC (Ping timeout: 252 seconds)
2011-05-31T22:19:34  <CIA-48> aichallenge: Alexandru Stan epsilon * r5bacc3d / setup/worker_setup.py : fixed dmd on 32 bit - http://bit.ly/mShEYo
2011-05-31T22:20:15  *** antimatroid <antimatroid!~nick@207.215-50-210.dynamic.dsl.mel.iprimus.net.au> has joined #aichallenge
2011-05-31T22:20:18  <smiley1983> McLeopold: just saw your question about which bot was saying "Food bfs with n seeds" - that was mine, I forgot to disable debugging output before uploading in that version. The new version should be silent.
2011-05-31T22:20:33  <amstan> oshit..
2011-05-31T22:20:51  <amstan> McLeopold: i did a mistake
2011-05-31T22:21:07  <amstan> McLeopold: sudo rm -Rf /srv/chroot on the server
2011-05-31T22:21:13  <amstan> McLeopold: i think i'll have to reinstall the worker
2011-05-31T22:21:26  <amstan> McLeopold: i tought it was my local machine, they have the same hostname
2011-05-31T22:21:31  <McLeopold> smiley1983: the only downside is if you fill up your 1024 byte quota, you may not see a good error if you do crash
2011-05-31T22:21:44  <McLeopold> amstan: we're not using jails anyway
2011-05-31T22:21:49  <amstan> oh!
2011-05-31T22:21:52  <amstan> that's right
2011-05-31T22:21:55  <amstan> omg! i am relieved
2011-05-31T22:22:12  * amstan continues to rm -rf
2011-05-31T22:22:27  <McLeopold> It would be nice if *nix had a command line trash that you could recover from
2011-05-31T22:22:52  <McLeopold> I'm sure someone has written an alias for it at some point
2011-05-31T22:23:24  <smiley1983> McLeopold: I'm glad to hear that there's a limit, and it wasn't just filling up the server's whole drive with my garbage :)
2011-05-31T22:23:38  <McLeopold> no, just my debug console :)
2011-05-31T22:23:39  <amstan> McLeopold: you could easily do it by mving to .trash
2011-05-31T22:23:48  <amstan> McLeopold: it takes less time that mv as well
2011-05-31T22:24:00  <jbroman> amstan: There are edge cases here.
2011-05-31T22:24:15  <amstan> jbroman: yes
2011-05-31T22:24:20  <amstan> jbroman: you're probably lolling at me right now
2011-05-31T22:24:20  <jbroman> amstan: For example, the case where I have write access to a directory but cannot read the file. I may delete it, but I would not be able to move it to another filesystem.
2011-05-31T22:24:41  <amstan> if i were to write a wrapper i would mv it to the same fs
2011-05-31T22:24:49  <amstan> unless it's a flash drive
2011-05-31T22:25:26  <jbroman> I'm not even sure whether you could mv it to the same filesystem if it's owned by somebody edge and is 700 or similar. Probably not.
2011-05-31T22:25:36  <jbroman> Many GUI file managers do provide Windows/Mac-like Trash. But especially for the command-line, it's weird when you try to define certain odd situations.
2011-05-31T22:26:00  <jbroman> Another solution is snapshots ( la ZFS).
2011-05-31T22:26:18  <amstan> yeah, but doesn't that mean more overhead when doing things?
2011-05-31T22:26:33  <jbroman> amstan: ZFS snapshots are, from what I understand, rather low in overhead.
2011-05-31T22:27:00  <jbroman> (Copy-on-write etc)
2011-05-31T22:27:19  <amstan> decent, would you use it to replace ext4?
2011-05-31T22:27:42  <jbroman> I don't think it's stable on Linux. I hear btrfs is nice in its own right, but I haven't even looked that closely at what's new in ext4.
2011-05-31T22:27:54  <jbroman> Frankly, most of my important stuff is code which sits in source control anyways. :P
2011-05-31T22:28:54  *** bhasker <bhasker!~bhasker@99-162-151-97.lightspeed.sntcca.sbcglobal.net> has joined #aichallenge
2011-05-31T22:29:00  <amstan> yeah, i guess i woudln't care if my desktop hd died
2011-05-31T22:29:25  <amstan> i would lose recent torrents at most
2011-05-31T22:29:48  <amstan> but for servers this is another story
2011-05-31T22:33:08  <amstan> contestbot: later tell janzert notes: http://pastebin.com/GDa5teRx
2011-05-31T22:33:08  <contestbot> amstan: I come to serve.
2011-05-31T22:33:30  <amstan> well.. that should have been a gist, i have more, lol
2011-05-31T22:43:50  <amstan> McLeopold: so.. how much do you think we have left till launch?
2011-05-31T22:43:55  <amstan> i think it's time we get jeff
2011-05-31T22:45:28  <McLeopold> amstan: There's quite a few issues with displaying data on the website, but nobody has noticed or opened issues.
2011-05-31T22:45:41  <McLeopold> That said, we could probably launch real soon.
2011-05-31T22:45:51  <amstan> yeah, let me write an email
2011-05-31T22:46:15  <McLeopold> Do we have server to launch on?
2011-05-31T22:46:21  *** delt0r___ <delt0r___!~delt0r@188-22-167-21.adsl.highway.telekom.at> has joined #aichallenge
2011-05-31T22:46:22  <amstan> that's up to jeff
2011-05-31T22:48:40  *** delt0r_ <delt0r_!~delt0r@188-22-174-58.adsl.highway.telekom.at> has quit IRC (Ping timeout: 260 seconds)
2011-05-31T22:50:54  *** qacek <qacek!~jacques@c-98-207-37-2.hsd1.ca.comcast.net> has joined #aichallenge
2011-05-31T22:52:29  <janzert> finally back
2011-05-31T22:52:36  <amstan> janzert: yay
2011-05-31T22:54:14  <janzert> anytime you want the code that is installed on workers to be updated just run setup/create_worker_archive.py again
2011-05-31T22:54:35  <janzert> and this way we can exactly control when and what that is
2011-05-31T22:55:02  <janzert> it creates it from the local server repo of course
2011-05-31T22:55:55  <amstan> once you run create_worker_archive, does it update the workers or something?
2011-05-31T22:56:24  <janzert> no, it updates the tar ball that worker_init pulls from
2011-05-31T22:56:42  <janzert> worker_init is only ever used once for the initial setup of a worker
2011-05-31T22:56:59  <janzert> and really only for automated worker installs on ec2
2011-05-31T22:57:09  <CIA-48> aichallenge: McLeopold epsilon * rbd2495c / (4 files): fixed issue with new language not being created - http://bit.ly/lzW8Yd
2011-05-31T22:57:09  <CIA-48> aichallenge: McLeopold epsilon * r496bdcb / (8 files in 5 dirs): Merge branch 'epsilon' of https://github.com/aichallenge/aichallenge into epsilon - http://bit.ly/lOPV1C
2011-05-31T22:57:46  <janzert> whenever we want to update workers before it was easiest to just kill them and bring up new ones
2011-05-31T22:59:11  <McLeopold> amstan: http://aichallengebeta.hypertriangle.com/profile.php?user=59
2011-05-31T22:59:25  <amstan> McLeopold: relay it to hjax
2011-05-31T22:59:44  <amstan> janzert: oh yes, i fixed dmd
2011-05-31T22:59:47  <amstan> on 32 bit
2011-05-31T23:00:00  <McLeopold> @later tell hjax scalabot "compiled" correctly, which means the errors were reported
2011-05-31T23:00:00  <contestbot> McLeopold: Ready to serve.
2011-05-31T23:00:24  <janzert> amstan: ok :}
2011-05-31T23:01:41  *** arakyd <arakyd!ad57daf1@gateway/web/freenode/ip.173.87.218.241> has quit IRC (Quit: Page closed)
2011-05-31T23:05:47  <CIA-48> aichallenge: Alexandru Stan epsilon * re66bfb8 / (website/.gitignore website/starter_packages/.gitignore): changed gitignore to be able to include the starter_packages folder in git - http://bit.ly/kovowV
2011-05-31T23:05:47  <CIA-48> aichallenge: Alexandru Stan epsilon * r362e6a9 / (ants/dist/starter_bots/Makefile ants/dist/tools/Makefile): fixed tools installation, made the clean in the starter_pack installation better - http://bit.ly/l3OLyu
2011-05-31T23:05:48  <CIA-48> aichallenge: Alexandru Stan epsilon * r307de97 / (4 files): Merge branch 'epsilon' of github.com:aichallenge/aichallenge into epsilon - http://bit.ly/m5JuNC
2011-05-31T23:07:45  <amstan> janzert: ugh, nvm: NameError: global name 'opts' is not defined
2011-05-31T23:07:52  <amstan> shouldn't that be defined?
2011-05-31T23:08:04  <janzert> where?
2011-05-31T23:08:13  <janzert> most places it's options
2011-05-31T23:08:13  <amstan> everywhere in worker_setup
2011-05-31T23:08:15  <amstan> as a global
2011-05-31T23:08:18  <janzert> no
2011-05-31T23:08:24  <amstan> why is it an argument?
2011-05-31T23:08:32  <janzert> it is passed into functions as a paramater
2011-05-31T23:08:52  <amstan> if i want to pass it to install_dmd i have to pass it to install_all_languages as well
2011-05-31T23:08:58  <janzert> because globals are bad? :)
2011-05-31T23:09:10  <janzert> yep, generally
2011-05-31T23:10:32  <amstan> janzert: can i just do _, arch = get_ubuntu_release_info() in there?
2011-05-31T23:10:38  <amstan> instead of using opts?
2011-05-31T23:11:07  <janzert> did get_ubuntu_release_info even work inside a chroot?
2011-05-31T23:11:13  <janzert> I thought it broke
2011-05-31T23:11:31  <CIA-48> aichallenge: Alexandru Stan really-fix-dmd-32 * rdab82e8 / setup/worker_setup.py : ugh.. opts - http://bit.ly/jYvOsE
2011-05-31T23:11:34  <amstan> like that ^
2011-05-31T23:11:41  <amstan> janzert: i fixed it
2011-05-31T23:11:59  <amstan> janzert: i didn't use the command anymore, just relied on the /etc/ file
2011-05-31T23:12:11  <McLeopold> did we have 5 workers last contest?
2011-05-31T23:12:13  * janzert would really rather not paramaterize everything for architecture actually
2011-05-31T23:12:26  <janzert> McLeopold: 3 or 4 most of the time
2011-05-31T23:12:29  <amstan> janzert: otherwise the worker will always crash on my system
2011-05-31T23:12:37  <amstan> because i have 32 bit
2011-05-31T23:12:38  <janzert> but at about 1/4th the cost too
2011-05-31T23:12:38  *** smiley1983 <smiley1983!~smiley@115-64-7-182.static.tpgi.com.au> has quit IRC (Quit: leaving)
2011-05-31T23:12:45  <janzert> amstan: yes, I know
2011-05-31T23:12:56  <amstan> well.. what do you propose?
2011-05-31T23:12:58  <janzert> :(
2011-05-31T23:13:16  <janzert> only making it work on the setup we're using :/
2011-05-31T23:13:23  <janzert> I don't have a good solution
2011-05-31T23:13:45  <amstan> yes, but if it doesn't work on 32(and that's the only reason why) i cannot test
2011-05-31T23:14:02  <amstan> are you ok with me not participating in the multiple worker+sandbox tests?
2011-05-31T23:15:54  <janzert> I won't stand in the way of making it architecture portable, I just don't really like the extra additions we are having to add for it
2011-05-31T23:20:40  <amstan> well.. feel free to fix some things that you don't like while keeping the functionality
2011-05-31T23:20:49  <janzert> anyone know of a good way to get all active process ids in python?
2011-05-31T23:23:26  <CIA-48> aichallenge: Alexandru Stan epsilon * rbfbcf90 / setup/worker_setup.py :
2011-05-31T23:23:26  <CIA-48> aichallenge: Revert "fixed dmd on 32 bit"
2011-05-31T23:23:26  <CIA-48> aichallenge: This reverts commit 5bacc3d42c93c1ec72e757898ec8e715c70faeb9.
2011-05-31T23:32:49  <amstan> McLeopold: do we still need ants/game_logs ?
2011-05-31T23:33:00  <McLeopold> is it in the repo?
2011-05-31T23:33:05  <amstan> yes
2011-05-31T23:33:14  <amstan> and my tools makefile includes it in the zip
2011-05-31T23:33:16  <McLeopold> no, that is just a temp dir, it shouldn't have been commited
2011-05-31T23:33:28  <McLeopold> probably my fault
2011-05-31T23:33:29  <amstan> what about play_one_game.sh?
2011-05-31T23:33:32  <amstan> --log_dir game_logs
2011-05-31T23:33:38  <amstan> will it fail if the dir doesn't exist?
2011-05-31T23:33:41  <McLeopold> playgame should create it
2011-05-31T23:33:44  <amstan> k
2011-05-31T23:34:12  <McLeopold> playgame, line 234
2011-05-31T23:34:27  <amstan> nvm, it's gitignored
2011-05-31T23:34:34  <amstan> i guess i have to clean it in my makefile
2011-05-31T23:34:52  <amstan> McLeopold: http://aichallengebeta.hypertriangle.com/tools.zip
2011-05-31T23:34:58  <amstan> see what's extra in there
2011-05-31T23:35:05  <amstan> i know the visualiser stuff is extra
2011-05-31T23:35:12  <amstan> but i have to run ant to clean it
2011-05-31T23:35:17  <amstan> and ant doesn't want to run on that server
2011-05-31T23:36:07  <McLeopold> the .gitignore files are extra
2011-05-31T23:36:45  <McLeopold> website-source looks like extra
2011-05-31T23:37:05  <McLeopold> don't include compiled files like *.pyc
2011-05-31T23:37:29  <McLeopold> but I would include jar files
2011-05-31T23:37:52  <amstan> do you have a way to do this cleanly?
2011-05-31T23:37:59  <amstan> maybe another git checkout?
2011-05-31T23:38:06  <McLeopold> no, that's what your doing?
2011-05-31T23:38:11  <amstan> no
2011-05-31T23:38:14  <amstan> i'm cping
2011-05-31T23:38:26  <amstan> but it feels really dirty
2011-05-31T23:38:28  <McLeopold> I thought you were writting a makefiles?
2011-05-31T23:38:46  <amstan> yes: https://github.com/aichallenge/aichallenge/blob/epsilon/ants/dist/tools/Makefile
2011-05-31T23:40:01  <McLeopold> I think we should leave out the asymmetric map get
2011-05-31T23:40:03  <McLeopold> gen
2011-05-31T23:40:50  <amstan> why do we even have that?
2011-05-31T23:40:58  <amstan> just git rm it
2011-05-31T23:41:27  <McLeopold> it's okay to leave code in the repo, just the tools download should be really clean
2011-05-31T23:41:41  <amstan> tools will get everything from ants/ right now
2011-05-31T23:41:45  <amstan> except the starter_packages
2011-05-31T23:41:51  <amstan> so we might as well clean it
2011-05-31T23:42:24  <McLeopold> I'm not sure about the stuff in util.  Probably leave it out.
2011-05-31T23:43:26  <McLeopold> amstan: how would a git checkout work?
2011-05-31T23:43:35  <McLeopold> like a branch with only what we want?
2011-05-31T23:43:59  <amstan> we could do that, a tools branch
2011-05-31T23:44:03  <amstan> and merge regularly
2011-05-31T23:44:15  <McLeopold> so, it could pull only what we want?
2011-05-31T23:44:30  <amstan> i was just thinking pulling the repo again in a subfolder then only keeping the ants folder
2011-05-31T23:44:35  <amstan> that way everything is clean
2011-05-31T23:44:45  <amstan> no pyc files, log files or compiled visualizer
2011-05-31T23:45:12  <McLeopold> if you make a branch, I can update it, that might be better
2011-05-31T23:45:36  <amstan> you can update epsilon fine as well
2011-05-31T23:46:09  <McLeopold> this isn't going to be a one-to-one pull of a repo, and it shouldn't be
2011-05-31T23:46:34  <McLeopold> let's just stick with the makefile and I can modify it where needed
2011-05-31T23:47:09  <amstan> yes, i'm just saying, to clone the repo instead of using rsync to copy ants
2011-05-31T23:47:18  <amstan> that way anything in gitignore actually gets ignored
2011-05-31T23:47:25  <CIA-48> aichallenge: janzert epsilon * r1b20454 / worker/release_stale_jails.py : Add script to release stale jail locks - http://bit.ly/jms2Ii
2011-05-31T23:47:39  <amstan> omg!
2011-05-31T23:47:43  <amstan> my worked finished installing
2011-05-31T23:47:46  <McLeopold> I'd rather we list each file individually in the makefile
2011-05-31T23:47:46  <amstan> and it did it properly
2011-05-31T23:47:54  <amstan> McLeopold: that's a lot of files
2011-05-31T23:48:03  <McLeopold> I'm okay with that
2011-05-31T23:48:28  <McLeopold> There's too many exceptions, and trying to make the repo into a tools download doesn't make sense right now.
2011-05-31T23:50:50  <janzert> McLeopold: normal workers should run worker.py as "worker.py -t -n 0"?
2011-05-31T23:50:59  <McLeopold> ye
2011-05-31T23:51:00  <McLeopold> s
2011-05-31T23:51:00  *** yasith <yasith!~yasith@124.43.61.224> has quit IRC (Ping timeout: 240 seconds)
2011-05-31T23:54:26  <CIA-48> aichallenge: janzert epsilon * r62d9dd0 / worker/release_all_jail_users.py : Remove old script - http://bit.ly/iHce1o
2011-05-31T23:59:15  *** amstan <amstan!~amstan@206-248-186-147.dsl.teksavvy.com> has quit IRC (Ping timeout: 260 seconds)
