2012-02-27T00:16:34  *** treeform_ <treeform_!~treeform@c-69-181-52-73.hsd1.ca.comcast.net> has joined #aichallenge
2012-02-27T00:49:09  *** treeform_ <treeform_!~treeform@c-69-181-52-73.hsd1.ca.comcast.net> has quit IRC (Remote host closed the connection)
2012-02-27T00:55:49  *** treeform_ <treeform_!~treeform@c-69-181-52-73.hsd1.ca.comcast.net> has joined #aichallenge
2012-02-27T01:41:12  *** coeus <coeus!~coeus@dslb-084-061-004-227.pools.arcor-ip.net> has quit IRC (Ping timeout: 240 seconds)
2012-02-27T01:42:57  *** treeform_ <treeform_!~treeform@c-69-181-52-73.hsd1.ca.comcast.net> has quit IRC (Remote host closed the connection)
2012-02-27T01:58:12  *** amstan <amstan!~alex@aichallenge/admin/amstan> has quit IRC (Ping timeout: 240 seconds)
2012-02-27T02:00:25  *** kurnevsky <kurnevsky!~kurnevsky@79.170.111.182> has joined #aichallenge
2012-02-27T02:05:03  *** deltree_ <deltree_!~chatzilla@97.104.16.141> has quit IRC (Quit: ChatZilla 0.9.88-rdmsoft [XULRunner 1.9.0.17/2009122204])
2012-02-27T02:10:30  *** delt0r__ <delt0r__!~bob@131.130.80.228> has quit IRC (Ping timeout: 248 seconds)
2012-02-27T02:25:29  *** Jak_o_Shadows <Jak_o_Shadows!~Fake@unaffiliated/jak-o-shadows/x-0479135> has joined #aichallenge
2012-02-27T02:45:34  *** epicmonkey <epicmonkey!~epicmonke@188.134.41.211> has joined #aichallenge
2012-02-27T02:52:40  *** antimatroid <antimatroid!~nick@96.201.dsl.mel.iprimus.net.au> has quit IRC (Ping timeout: 244 seconds)
2012-02-27T03:00:42  *** antimatroid <antimatroid!~nick@96.201.dsl.mel.iprimus.net.au> has joined #aichallenge
2012-02-27T03:05:03  *** NoxiaZ^ <NoxiaZ^!~noxi@87-104-29-39-dynamic-customer.profibernet.dk> has joined #aichallenge
2012-02-27T03:25:41  *** mviel <mviel!~mviel@pla93-2-82-226-6-229.fbx.proxad.net> has joined #aichallenge
2012-02-27T03:26:46  *** antimatroid <antimatroid!~nick@96.201.dsl.mel.iprimus.net.au> has quit IRC (Ping timeout: 248 seconds)
2012-02-27T03:28:06  *** aerique <aerique!310225@xs8.xs4all.nl> has joined #aichallenge
2012-02-27T03:31:20  *** thestinger <thestinger!~strcat@CPE98fc1165cb6f-CM00159a09b2d0.cpe.net.cable.rogers.com> has quit IRC (Quit: WeeChat 0.3.7)
2012-02-27T03:31:35  *** foRei <foRei!~ViT@0x4dd7b24d.adsl.cybercity.dk> has joined #aichallenge
2012-02-27T03:36:34  *** delt0r <delt0r!~bob@194-166-33-29.adsl.highway.telekom.at> has quit IRC (Ping timeout: 272 seconds)
2012-02-27T03:47:50  *** mcstar <mcstar!~mcstar@adsl-89-132-38-159.monradsl.monornet.hu> has joined #aichallenge
2012-02-27T03:48:54  *** delt0r <delt0r!~bob@88-117-34-187.adsl.highway.telekom.at> has joined #aichallenge
2012-02-27T04:17:43  *** antimatroid <antimatroid!~nick@96.201.dsl.mel.iprimus.net.au> has joined #aichallenge
2012-02-27T04:27:46  *** Harpyon <Harpyon!~Harpyon@241.213-167-126.customer.lyse.net> has joined #aichallenge
2012-02-27T04:33:05  *** antimatroidl <antimatroidl!~Adium@96.201.dsl.mel.iprimus.net.au> has joined #aichallenge
2012-02-27T04:42:36  *** iglo <iglo!~xy@dyndsl-091-096-191-192.ewe-ip-backbone.de> has joined #aichallenge
2012-02-27T04:45:40  *** antimatroidl1 <antimatroidl1!~Adium@58.200.dsl.mel.iprimus.net.au> has joined #aichallenge
2012-02-27T04:45:52  *** antimatroid1 <antimatroid1!~nick@58.200.dsl.mel.iprimus.net.au> has joined #aichallenge
2012-02-27T04:46:07  *** antimatroid <antimatroid!~nick@96.201.dsl.mel.iprimus.net.au> has quit IRC (Ping timeout: 240 seconds)
2012-02-27T04:46:57  *** antimatroidl <antimatroidl!~Adium@96.201.dsl.mel.iprimus.net.au> has quit IRC (Ping timeout: 246 seconds)
2012-02-27T04:56:23  *** Areks <Areks!~Areks@rs.gridnine.com> has quit IRC (Ping timeout: 272 seconds)
2012-02-27T04:59:42  *** Areks <Areks!~Areks@rs.gridnine.com> has joined #aichallenge
2012-02-27T05:07:36  *** sigh <sigh!~sigh@ppp114-153.static.internode.on.net> has joined #aichallenge
2012-02-27T05:19:24  *** antimatroidl1 <antimatroidl1!~Adium@58.200.dsl.mel.iprimus.net.au> has quit IRC (Quit: Leaving.)
2012-02-27T05:35:28  *** Harpyon <Harpyon!~Harpyon@241.213-167-126.customer.lyse.net> has quit IRC (Ping timeout: 260 seconds)
2012-02-27T05:37:58  *** Harpyon <Harpyon!~Harpyon@241.213-167-126.customer.lyse.net> has joined #aichallenge
2012-02-27T05:59:15  *** Harpyon <Harpyon!~Harpyon@241.213-167-126.customer.lyse.net> has quit IRC (Quit: Computer has gone to sleep.)
2012-02-27T06:05:48  *** Harpyon <Harpyon!~Harpyon@241.213-167-126.customer.lyse.net> has joined #aichallenge
2012-02-27T06:28:24  *** superflit <superflit!~superflit@71-33-184-28.hlrn.qwest.net> has quit IRC (Read error: Operation timed out)
2012-02-27T06:29:13  *** kurnevsky <kurnevsky!~kurnevsky@79.170.111.182> has quit IRC (Quit: Leaving.)
2012-02-27T06:29:53  *** Jak_o_Shadows <Jak_o_Shadows!~Fake@unaffiliated/jak-o-shadows/x-0479135> has quit IRC (Remote host closed the connection)
2012-02-27T06:32:24  *** denysonique__ <denysonique__!u484@gateway/web/irccloud.com/x-fnzqpnaxrkaqvuil> has quit IRC (Remote host closed the connection)
2012-02-27T06:33:14  *** denysonique__ <denysonique__!u484@gateway/web/irccloud.com/x-rkrziisgaldorbhs> has joined #aichallenge
2012-02-27T06:49:31  *** superflit <superflit!~superflit@75-171-193-207.hlrn.qwest.net> has joined #aichallenge
2012-02-27T06:50:51  *** mceier <mceier!~mceier@89-77-239-61.dynamic.chello.pl> has joined #aichallenge
2012-02-27T06:52:33  *** Harpyon <Harpyon!~Harpyon@241.213-167-126.customer.lyse.net> has quit IRC (Quit: Computer has gone to sleep.)
2012-02-27T06:52:43  *** dici <dici!~Dici@port-92-204-78-195.dynamic.qsc.de> has joined #aichallenge
2012-02-27T07:15:26  *** delt0r <delt0r!~bob@88-117-34-187.adsl.highway.telekom.at> has quit IRC (Ping timeout: 265 seconds)
2012-02-27T07:24:46  *** mcstar <mcstar!~mcstar@adsl-89-132-38-159.monradsl.monornet.hu> has quit IRC (Quit: mcstar)
2012-02-27T07:43:39  *** iglo <iglo!~xy@dyndsl-091-096-191-192.ewe-ip-backbone.de> has quit IRC (Remote host closed the connection)
2012-02-27T07:49:50  *** Harpyon <Harpyon!~Harpyon@241.213-167-126.customer.lyse.net> has joined #aichallenge
2012-02-27T08:15:45  <antimatroid1> i have pop tarts
2012-02-27T08:15:46  <antimatroid1> winning
2012-02-27T08:15:53  *** Harpyon <Harpyon!~Harpyon@241.213-167-126.customer.lyse.net> has quit IRC (Quit: Computer has gone to sleep.)
2012-02-27T08:21:58  *** UncleVasya <UncleVasya!kvirc@31.144.199.124> has joined #aichallenge
2012-02-27T08:32:00  *** sigh <sigh!~sigh@ppp114-153.static.internode.on.net> has quit IRC (Remote host closed the connection)
2012-02-27T08:36:52  *** antimatroidl <antimatroidl!~Adium@58.200.dsl.mel.iprimus.net.au> has joined #aichallenge
2012-02-27T08:37:57  *** Harpyon <Harpyon!~Harpyon@241.213-167-126.customer.lyse.net> has joined #aichallenge
2012-02-27T08:52:29  *** dici <dici!~Dici@port-92-204-78-195.dynamic.qsc.de> has quit IRC (Quit: ( www.nnscript.com :: NoNameScript 4.22 :: www.esnation.com ))
2012-02-27T08:56:12  *** sigh <sigh!~sigh@ppp114-153.static.internode.on.net> has joined #aichallenge
2012-02-27T09:12:12  *** sigh <sigh!~sigh@ppp114-153.static.internode.on.net> has quit IRC (Remote host closed the connection)
2012-02-27T09:14:09  *** Harpyon <Harpyon!~Harpyon@241.213-167-126.customer.lyse.net> has quit IRC (Quit: Computer has gone to sleep.)
2012-02-27T09:20:30  *** Areks <Areks!~Areks@rs.gridnine.com> has quit IRC (Ping timeout: 272 seconds)
2012-02-27T09:22:42  *** mcstar <mcstar!~mcstar@adsl-89-132-38-159.monradsl.monornet.hu> has joined #aichallenge
2012-02-27T09:28:31  *** treeform_ <treeform_!~treeform@c-69-181-52-73.hsd1.ca.comcast.net> has joined #aichallenge
2012-02-27T09:29:47  *** amstan <amstan!~alex@aichallenge/admin/amstan> has joined #aichallenge
2012-02-27T09:29:48  *** ChanServ sets mode: +o amstan
2012-02-27T09:32:28  *** antimatroidl <antimatroidl!~Adium@58.200.dsl.mel.iprimus.net.au> has quit IRC (Quit: Leaving.)
2012-02-27T09:33:19  *** amstan <amstan!~alex@aichallenge/admin/amstan> has quit IRC (Client Quit)
2012-02-27T09:35:53  *** amstan <amstan!~alex@aichallenge/admin/amstan> has joined #aichallenge
2012-02-27T09:35:53  *** ChanServ sets mode: +o amstan
2012-02-27T09:48:48  *** X-Scale <X-Scale!email@2001:470:1f14:135b::2> has joined #aichallenge
2012-02-27T11:01:49  *** Palmik <Palmik!~palmik@man-208-106.pks.muni.cz> has joined #aichallenge
2012-02-27T11:02:58  *** amstan <amstan!~alex@aichallenge/admin/amstan> has quit IRC (Quit: Konversation terminated!)
2012-02-27T11:06:19  *** ikaros <ikaros!~ikaros@dslb-188-107-209-075.pools.arcor-ip.net> has joined #aichallenge
2012-02-27T11:18:00  *** kurnevsky <kurnevsky!~kurnevsky@79.170.111.182> has joined #aichallenge
2012-02-27T11:32:30  *** UncleVasya <UncleVasya!kvirc@31.144.199.124> has quit IRC (Ping timeout: 260 seconds)
2012-02-27T11:33:55  *** UncleVasya <UncleVasya!kvirc@31-12-200-214.dialup.umc.net.ua> has joined #aichallenge
2012-02-27T11:43:12  *** TheLinker <TheLinker!~TheLinker@host164.200-117-104.telecom.net.ar> has joined #aichallenge
2012-02-27T12:05:30  *** ikaros <ikaros!~ikaros@dslb-188-107-209-075.pools.arcor-ip.net> has quit IRC (Quit: Ex-Chat)
2012-02-27T12:11:03  *** dici <dici!~Dici@port-92-204-78-195.dynamic.qsc.de> has joined #aichallenge
2012-02-27T12:11:41  *** kilae <kilae!~chatzilla@catv-161-018.tbwil.ch> has joined #aichallenge
2012-02-27T12:26:44  *** kurnevsky1 <kurnevsky1!~kurnevsky@79.170.111.182> has joined #aichallenge
2012-02-27T12:29:00  *** kurnevsky <kurnevsky!~kurnevsky@79.170.111.182> has quit IRC (Ping timeout: 252 seconds)
2012-02-27T12:29:28  *** kurnevsky1 <kurnevsky1!~kurnevsky@79.170.111.182> has quit IRC (Read error: Connection reset by peer)
2012-02-27T12:32:31  *** kurnevsky <kurnevsky!~kurnevsky@79.170.111.182> has joined #aichallenge
2012-02-27T12:34:40  *** moises_ <moises_!~moises@cm74.sigma7.maxonline.com.sg> has joined #aichallenge
2012-02-27T12:51:04  *** kurnevsky1 <kurnevsky1!~kurnevsky@79.170.111.182> has joined #aichallenge
2012-02-27T12:51:40  *** kurnevsky <kurnevsky!~kurnevsky@79.170.111.182> has quit IRC (Read error: Connection reset by peer)
2012-02-27T12:55:10  *** NoxiaZ^ <NoxiaZ^!~noxi@87-104-29-39-dynamic-customer.profibernet.dk> has quit IRC (Ping timeout: 260 seconds)
2012-02-27T13:04:56  *** kire__ <kire__!~kire@78-21-36-75.access.telenet.be> has joined #aichallenge
2012-02-27T13:29:31  *** NoxiaZ^ <NoxiaZ^!~noxi@87-104-29-39-dynamic-customer.profibernet.dk> has joined #aichallenge
2012-02-27T13:48:27  *** UncleVasya <UncleVasya!kvirc@31-12-200-214.dialup.umc.net.ua> has quit IRC (Read error: Connection reset by peer)
2012-02-27T14:53:40  *** treeform_ <treeform_!~treeform@c-69-181-52-73.hsd1.ca.comcast.net> has quit IRC (Remote host closed the connection)
2012-02-27T14:54:00  *** Accoun <Accoun!~1@static-213-88-39-97.chebnet.ru> has quit IRC ()
2012-02-27T14:55:02  *** TheLinker <TheLinker!~TheLinker@host164.200-117-104.telecom.net.ar> has quit IRC (Remote host closed the connection)
2012-02-27T14:56:12  *** TheLinker <TheLinker!~TheLinker@host164.200-117-104.telecom.net.ar> has joined #aichallenge
2012-02-27T15:03:40  *** kurnevsky <kurnevsky!~kurnevsky@79.170.111.182> has joined #aichallenge
2012-02-27T15:03:58  *** kurnevsky1 <kurnevsky1!~kurnevsky@79.170.111.182> has quit IRC (Read error: Connection reset by peer)
2012-02-27T15:06:26  *** treeform_ <treeform_!~treeform@c-69-181-52-73.hsd1.ca.comcast.net> has joined #aichallenge
2012-02-27T15:08:49  *** kire__ <kire__!~kire@78-21-36-75.access.telenet.be> has quit IRC (Quit: Leaving)
2012-02-27T15:20:28  *** Accoun <Accoun!~1@static-213-88-39-97.chebnet.ru> has joined #aichallenge
2012-02-27T15:35:07  *** kurnevsky <kurnevsky!~kurnevsky@79.170.111.182> has quit IRC (Quit: Leaving.)
2012-02-27T15:38:11  *** epicmonkey <epicmonkey!~epicmonke@188.134.41.211> has quit IRC (Remote host closed the connection)
2012-02-27T15:41:17  *** epicmonkey <epicmonkey!~epicmonke@188.134.41.211> has joined #aichallenge
2012-02-27T15:57:19  *** Jak_o_Shadows <Jak_o_Shadows!~Fake@unaffiliated/jak-o-shadows/x-0479135> has joined #aichallenge
2012-02-27T16:10:23  *** epicmonkey <epicmonkey!~epicmonke@188.134.41.211> has quit IRC (Ping timeout: 260 seconds)
2012-02-27T16:11:40  *** Jak_o_Shadows <Jak_o_Shadows!~Fake@unaffiliated/jak-o-shadows/x-0479135> has quit IRC (Remote host closed the connection)
2012-02-27T16:50:09  *** sigh <sigh!~sigh@ppp114-153.static.internode.on.net> has joined #aichallenge
2012-02-27T16:59:11  *** sigh <sigh!~sigh@ppp114-153.static.internode.on.net> has joined #aichallenge
2012-02-27T17:01:07  *** sigh <sigh!~sigh@ppp114-153.static.internode.on.net> has quit IRC (Remote host closed the connection)
2012-02-27T17:04:04  *** kilae <kilae!~chatzilla@catv-161-018.tbwil.ch> has quit IRC (Quit: ChatZilla 0.9.88 [Firefox 10.0.2/20120215223356])
2012-02-27T17:13:58  *** Bogdan_ <Bogdan_!8d55006a@gateway/web/freenode/ip.141.85.0.106> has joined #aichallenge
2012-02-27T17:20:10  *** Bogdan_ <Bogdan_!8d55006a@gateway/web/freenode/ip.141.85.0.106> has quit IRC (Ping timeout: 245 seconds)
2012-02-27T17:24:36  *** treeform_ <treeform_!~treeform@c-69-181-52-73.hsd1.ca.comcast.net> has quit IRC (Remote host closed the connection)
2012-02-27T17:26:33  *** thestinger <thestinger!~strcat@CPE98fc1165cb6f-CM00159a09b2d0.cpe.net.cable.rogers.com> has joined #aichallenge
2012-02-27T17:28:03  *** amstan <amstan!~alex@aichallenge/admin/amstan> has joined #aichallenge
2012-02-27T17:28:03  *** ChanServ sets mode: +o amstan
2012-02-27T17:34:08  *** Palmik <Palmik!~palmik@man-208-106.pks.muni.cz> has quit IRC ()
2012-02-27T17:44:47  *** foRei <foRei!~ViT@0x4dd7b24d.adsl.cybercity.dk> has quit IRC (Quit: Bye)
2012-02-27T17:49:01  *** dmj111 <dmj111!~user@c-98-235-94-211.hsd1.pa.comcast.net> has quit IRC (Quit: ERC Version 5.3 (IRC client for Emacs))
2012-02-27T17:57:05  *** antimatroidl <antimatroidl!~Adium@student-nat-209.uconnect.utas.edu.au> has joined #aichallenge
2012-02-27T18:10:34  *** mcstar <mcstar!~mcstar@adsl-89-132-38-159.monradsl.monornet.hu> has quit IRC (Quit: mcstar)
2012-02-27T18:24:28  *** dici <dici!~Dici@port-92-204-78-195.dynamic.qsc.de> has quit IRC (Read error: Connection reset by peer)
2012-02-27T18:58:40  *** aasasasdlaw <aasasasdlaw!bc507ffa@gateway/web/freenode/ip.188.80.127.250> has joined #aichallenge
2012-02-27T18:59:10  <aasasasdlaw> hi. anyone knows any challange going on similar to ants?
2012-02-27T19:02:25  <aasasasdlaw> am i invisible? lol
2012-02-27T19:05:04  <amstan> nope
2012-02-27T19:13:07  *** treeform_ <treeform_!~treeform@c-69-181-52-73.hsd1.ca.comcast.net> has joined #aichallenge
2012-02-27T19:15:54  *** TheLinker <TheLinker!~TheLinker@host164.200-117-104.telecom.net.ar> has quit IRC (Remote host closed the connection)
2012-02-27T19:16:56  *** antimatroidl <antimatroidl!~Adium@student-nat-209.uconnect.utas.edu.au> has quit IRC (Read error: Connection reset by peer)
2012-02-27T19:19:31  *** Israfel <Israfel!~jeff@99-0-14-82.lightspeed.frokca.sbcglobal.net> has quit IRC (Ping timeout: 265 seconds)
2012-02-27T19:31:36  *** NoxiaZ^ <NoxiaZ^!~noxi@87-104-29-39-dynamic-customer.profibernet.dk> has quit IRC (Ping timeout: 244 seconds)
2012-02-27T19:33:08  *** Israfel <Israfel!~jeff@99-0-14-82.lightspeed.frokca.sbcglobal.net> has joined #aichallenge
2012-02-27T19:41:35  *** thestinger <thestinger!~strcat@CPE98fc1165cb6f-CM00159a09b2d0.cpe.net.cable.rogers.com> has quit IRC (Quit: WeeChat 0.3.7)
2012-02-27T19:45:24  *** treeform_ <treeform_!~treeform@c-69-181-52-73.hsd1.ca.comcast.net> has quit IRC (Remote host closed the connection)
2012-02-27T19:49:49  *** aasasasdlaw <aasasasdlaw!bc507ffa@gateway/web/freenode/ip.188.80.127.250> has quit IRC (Quit: Page closed)
2012-02-27T20:04:03  *** mattswe <mattswe!u4809@gateway/web/irccloud.com/x-kbbkhtujupwffrvl> has joined #aichallenge
2012-02-27T20:18:28  *** mceier <mceier!~mceier@89-77-239-61.dynamic.chello.pl> has quit IRC (Quit: leaving)
2012-02-27T20:19:48  *** antimatroid1 <antimatroid1!~nick@58.200.dsl.mel.iprimus.net.au> has quit IRC (Ping timeout: 245 seconds)
2012-02-27T20:36:39  *** thestinger <thestinger!~strcat@CPE98fc1165cb6f-CM00159a09b2d0.cpe.net.cable.rogers.com> has joined #aichallenge
2012-02-27T20:39:21  *** NightExcessive <NightExcessive!u5241@gateway/web/irccloud.com/x-neeqgvxctxdjfeni> has joined #aichallenge
2012-02-27T20:58:43  *** Fandekasp <Fandekasp!~Fandekasp@p10099-ipngn100202yosemiya.okinawa.ocn.ne.jp> has quit IRC (Quit: leaving)
2012-02-27T21:06:43  *** Fandekasp <Fandekasp!~Fandekasp@p10099-ipngn100202yosemiya.okinawa.ocn.ne.jp> has joined #aichallenge
2012-02-27T21:18:03  *** Fandekasp <Fandekasp!~Fandekasp@p10099-ipngn100202yosemiya.okinawa.ocn.ne.jp> has quit IRC (Remote host closed the connection)
2012-02-27T21:21:12  *** moises_ <moises_!~moises@cm74.sigma7.maxonline.com.sg> has quit IRC (Remote host closed the connection)
2012-02-27T21:41:30  *** Fandekasp <Fandekasp!~Fandekasp@p10099-ipngn100202yosemiya.okinawa.ocn.ne.jp> has joined #aichallenge
2012-02-27T21:46:28  *** Fandekasp <Fandekasp!~Fandekasp@p10099-ipngn100202yosemiya.okinawa.ocn.ne.jp> has quit IRC (Remote host closed the connection)
2012-02-27T22:49:22  *** Fandekasp <Fandekasp!~Fandekasp@p10099-ipngn100202yosemiya.okinawa.ocn.ne.jp> has joined #aichallenge
2012-02-27T23:52:56  *** Accoun <Accoun!~1@static-213-88-39-97.chebnet.ru> has quit IRC (Remote host closed the connection)
2012-02-27T23:58:04  *** Accoun <Accoun!~1@static-213-88-39-97.chebnet.ru> has joined #aichallenge
