2011-12-27T00:21:52  *** creation <creation!~sylvain@modemcable075.253-160-184.mc.videotron.ca> has left #aichallenge ("Ex-Chat")
2011-12-27T00:29:59  <phillijw> ugh. why is this code set up so that it uses (y,x) coordinates instead of (x,y)
2011-12-27T00:30:15  <phillijw> I've never heard of such shenanigans
2011-12-27T00:41:40  <a1k0n> i know rite
2011-12-27T00:59:04  *** deltree_ <deltree_!~chatzilla@97.104.16.141> has quit IRC (Ping timeout: 276 seconds)
2011-12-27T01:05:11  *** Extrarius <Extrarius!~Extrarius@cpe-70-125-154-130.satx.res.rr.com> has quit IRC ()
2011-12-27T01:12:32  *** CowTipperVirus <CowTipperVirus!411e19be@gateway/web/freenode/ip.65.30.25.190> has joined #aichallenge
2011-12-27T01:34:28  *** Jak_o_Shadows <Jak_o_Shadows!~Fake@CPE-144-136-214-52.sa.bigpond.net.au> has joined #aichallenge
2011-12-27T01:49:21  *** antimatroid <antimatroid!~nick@2.245-26-211.dynamic.dsl.mel.iprimus.net.au> has joined #aichallenge
2011-12-27T02:13:29  *** AlliedEnvy <AlliedEnvy!~AlliedEnv@adsl-68-90-47-163.dsl.hstntx.swbell.net> has quit IRC (Read error: Connection reset by peer)
2011-12-27T02:15:01  *** mleise <mleise!~marco@dslb-088-071-237-044.pools.arcor-ip.net> has quit IRC (Ping timeout: 252 seconds)
2011-12-27T02:17:35  *** 17WAAG5YQ <17WAAG5YQ!~hobs@202.171.57.5> has quit IRC (Ping timeout: 252 seconds)
2011-12-27T02:23:45  *** Paradoxial <Paradoxial!~Paradoxia@pool-108-28-22-94.washdc.fios.verizon.net> has quit IRC (Quit: :)
2011-12-27T02:24:06  *** replore_ <replore_!~replore@203.152.213.161.static.zoot.jp> has quit IRC (Remote host closed the connection)
2011-12-27T02:57:31  <Accoun> a1k0n> hi
2011-12-27T02:57:56  <Accoun> a1k0n> im thying run u bot on tcpants
2011-12-27T02:59:23  <Accoun> http://tcpants.com/ look like down
2011-12-27T02:59:30  <Accoun> no make games
2011-12-27T03:09:42  *** Accoun <Accoun!~1@static-213-88-39-97.chebnet.ru> has quit IRC ()
2011-12-27T03:17:52  *** cyphase <cyphase!~cyphase@unaffiliated/cyphase> has quit IRC (Quit: http://www.cyphase.com/)
2011-12-27T03:26:42  *** aerique <aerique!310225@xs8.xs4all.nl> has joined #aichallenge
2011-12-27T03:28:25  *** epicmonkey <epicmonkey!~epicmonke@188.134.41.210> has joined #aichallenge
2011-12-27T03:33:11  *** epicmonkey <epicmonkey!~epicmonke@188.134.41.210> has quit IRC (Remote host closed the connection)
2011-12-27T03:33:26  *** CowTipperVirus <CowTipperVirus!411e19be@gateway/web/freenode/ip.65.30.25.190> has quit IRC (Quit: Page closed)
2011-12-27T03:34:17  *** epicmonkey <epicmonkey!~epicmonke@188.134.41.210> has joined #aichallenge
2011-12-27T03:43:58  *** mviel <mviel!~mviel@236.227.73.86.rev.sfr.net> has joined #aichallenge
2011-12-27T03:47:08  *** denysonique__ <denysonique__!u484@gateway/web/irccloud.com/x-utnvqmvqkkasdakr> has quit IRC (Max SendQ exceeded)
2011-12-27T03:47:33  *** denysonique__ <denysonique__!u484@gateway/web/irccloud.com/x-bhfqnjmlewimthfk> has joined #aichallenge
2011-12-27T03:47:36  *** mattswe <mattswe!u4809@gateway/web/irccloud.com/x-uhgwrbbiwdomnarj> has quit IRC (Max SendQ exceeded)
2011-12-27T03:55:41  *** mattswe <mattswe!u4809@gateway/web/irccloud.com/x-lllnhnfzyzgmhpup> has joined #aichallenge
2011-12-27T03:56:24  *** Accoun <Accoun!~1@static-213-88-39-97.chebnet.ru> has joined #aichallenge
2011-12-27T03:59:00  <Accoun> tcpants down? it not make games
2011-12-27T04:14:29  *** bearoff_w <bearoff_w!~bear@178.165.86.3> has joined #aichallenge
2011-12-27T04:36:37  *** hobs1 <hobs1!~hobs@202.171.57.5> has joined #aichallenge
2011-12-27T04:51:13  *** epicmonkey <epicmonkey!~epicmonke@188.134.41.210> has quit IRC (Ping timeout: 255 seconds)
2011-12-27T04:52:12  *** kire <kire!~kire@78-22-125-201.access.telenet.be> has joined #aichallenge
2011-12-27T04:57:24  *** denysonique__ is now known as denysonique_
2011-12-27T05:24:51  *** kire <kire!~kire@78-22-125-201.access.telenet.be> has quit IRC (Remote host closed the connection)
2011-12-27T05:30:28  *** hobs1 <hobs1!~hobs@202.171.57.5> has quit IRC (Ping timeout: 252 seconds)
2011-12-27T05:43:10  *** mleise <mleise!~marco@dslb-088-071-182-015.pools.arcor-ip.net> has joined #aichallenge
2011-12-27T06:09:56  <Accoun> tcpants down? it not make games for me
2011-12-27T06:10:04  <Accoun> sliping TCP conection
2011-12-27T06:10:07  <Accoun> sliping TCP conections
2011-12-27T06:12:40  *** AlliedEnvy <AlliedEnvy!~AlliedEnv@adsl-68-90-47-163.dsl.hstntx.swbell.net> has joined #aichallenge
2011-12-27T06:14:26  *** cyphase <cyphase!~cyphase@unaffiliated/cyphase> has joined #aichallenge
2011-12-27T06:15:37  *** mviel_ <mviel_!~mviel@213.163.164.204> has joined #aichallenge
2011-12-27T06:19:09  *** mviel <mviel!~mviel@236.227.73.86.rev.sfr.net> has quit IRC (Ping timeout: 240 seconds)
2011-12-27T06:28:15  *** Kingpin13 <Kingpin13!~Kingpin13@Wikipedia/Kingpin13> has joined #aichallenge
2011-12-27T06:32:09  *** bearoff_w <bearoff_w!~bear@178.165.86.3> has quit IRC (Read error: Connection reset by peer)
2011-12-27T06:41:51  *** smjms <smjms!~janne@dsl-roibrasgw1-fe97fb00-191.dhcp.inet.fi> has joined #aichallenge
2011-12-27T06:47:24  *** flowenol <flowenol!LW@bl13-232-77.dsl.telepac.pt> has joined #aichallenge
2011-12-27T06:48:38  *** choas <choas!~lars@p4FDC5AD4.dip.t-dialin.net> has joined #aichallenge
2011-12-27T06:57:09  *** mj41 <mj41!~mj41_nby@80.82.144.206> has joined #aichallenge
2011-12-27T07:03:00  *** Kurnevsky <Kurnevsky!~Errins@128.140.254.184> has joined #aichallenge
2011-12-27T07:05:09  *** amstan_ <amstan_!~alex@69-196-130-230.dsl.teksavvy.com> has quit IRC (Ping timeout: 240 seconds)
2011-12-27T07:05:25  *** grc48 <grc48!~grc48@CPE-58-172-41-80.wqcz1.ken.bigpond.net.au> has joined #aichallenge
2011-12-27T07:21:47  *** hacklash <hacklash!43b6c192@gateway/web/freenode/ip.67.182.193.146> has joined #aichallenge
2011-12-27T07:25:00  *** hacklash <hacklash!43b6c192@gateway/web/freenode/ip.67.182.193.146> has quit IRC (Client Quit)
2011-12-27T07:51:17  *** Areks <Areks!~Areks@rs.gridnine.com> has quit IRC (Ping timeout: 268 seconds)
2011-12-27T07:59:27  *** alehorst <alehorst!~alehorst@189.26.57.13.dynamic.adsl.gvt.net.br> has joined #aichallenge
2011-12-27T07:59:37  *** Areks <Areks!~Areks@rs.gridnine.com> has joined #aichallenge
2011-12-27T08:03:54  *** X-Scale <X-Scale!email@sgi-ultra64.broker.freenet6.net> has joined #aichallenge
2011-12-27T08:05:28  *** Areks <Areks!~Areks@rs.gridnine.com> has quit IRC (Ping timeout: 268 seconds)
2011-12-27T08:07:27  *** CRB <CRB!01f61ea7@gateway/web/freenode/ip.1.246.30.167> has joined #aichallenge
2011-12-27T08:07:31  *** Areks <Areks!~Areks@rs.gridnine.com> has joined #aichallenge
2011-12-27T08:10:37  *** CRB <CRB!01f61ea7@gateway/web/freenode/ip.1.246.30.167> has left #aichallenge
2011-12-27T08:11:07  *** Jak_o_Shadows <Jak_o_Shadows!~Fake@CPE-144-136-214-52.sa.bigpond.net.au> has quit IRC (Quit: Leaving.)
2011-12-27T08:23:08  *** X-Scale` <X-Scale`!email@89.180.131.223> has joined #aichallenge
2011-12-27T08:24:09  *** X-Scale <X-Scale!email@sgi-ultra64.broker.freenet6.net> has quit IRC (Read error: Connection reset by peer)
2011-12-27T08:30:32  *** foRei <foRei!~ViT@0x4dd7b24d.adsl.cybercity.dk> has joined #aichallenge
2011-12-27T08:31:42  *** thestinger <thestinger!~strcat@CPE98fc1165cb6f-CM00159a09b2d0.cpe.net.cable.rogers.com> has joined #aichallenge
2011-12-27T08:36:49  *** alehorst <alehorst!~alehorst@189.26.57.13.dynamic.adsl.gvt.net.br> has quit IRC (Ping timeout: 240 seconds)
2011-12-27T08:54:55  *** smjms <smjms!~janne@dsl-roibrasgw1-fe97fb00-191.dhcp.inet.fi> has quit IRC (Quit: Konversation terminated!)
2011-12-27T08:57:24  <Accoun> tcpants don make games for me
2011-12-27T08:57:36  <Accoun> sleping tcp conections
2011-12-27T09:02:30  *** TheLinker <TheLinker!~TheLinker@host128.190-226-93.telecom.net.ar> has joined #aichallenge
2011-12-27T09:07:20  *** thestinger <thestinger!~strcat@CPE98fc1165cb6f-CM00159a09b2d0.cpe.net.cable.rogers.com> has quit IRC (Quit: reboot)
2011-12-27T09:07:22  *** X-Scale` is now known as X-Scale
2011-12-27T09:09:21  *** thestinger <thestinger!~strcat@CPE98fc1165cb6f-CM00159a09b2d0.cpe.net.cable.rogers.com> has joined #aichallenge
2011-12-27T09:15:14  *** pairofdice <pairofdice!~pod@dsl-hkibrasgw2-ff67c300-50.dhcp.inet.fi> has joined #aichallenge
2011-12-27T09:16:29  *** mleise <mleise!~marco@dslb-088-071-182-015.pools.arcor-ip.net> has quit IRC (Ping timeout: 240 seconds)
2011-12-27T09:28:12  *** realazthat <realazthat!~user@pool-72-89-217-70.nycmny.east.verizon.net> has joined #aichallenge
2011-12-27T09:28:43  <realazthat> hi
2011-12-27T09:29:21  <realazthat> is it still possible to do the ant challenge against anyone?
2011-12-27T09:29:48  <thestinger> realazthat: lots of the bots were open-sourced, you could play against them locally
2011-12-27T09:30:09  <thestinger> there's also http://tcpants.com
2011-12-27T09:31:02  <pairofdice> Yeah, I have memetix, lazarant, xathis and greentea bots locally
2011-12-27T09:31:11  *** bob_ <bob_!43bcf9e7@gateway/web/freenode/ip.67.188.249.231> has joined #aichallenge
2011-12-27T09:31:28  <realazthat> ok, so I missed the fun, how do I get started?
2011-12-27T09:31:37  <realazthat> should I get the "starter package"?
2011-12-27T09:31:42  <pairofdice> Absolutely
2011-12-27T09:31:55  <pairofdice> And read the guides on the site
2011-12-27T09:31:56  <bob_> yup
2011-12-27T09:32:10  <bob_> does anyone know if/when they will have another?
2011-12-27T09:32:21  <pairofdice> Nobody knows
2011-12-27T09:32:55  <pairofdice> Well, probably will have another, but dates are up in the air
2011-12-27T09:33:07  <pairofdice> Among every other detail
2011-12-27T09:34:23  *** gazpachoking <gazpachoking!~gazpachok@c-67-163-203-66.hsd1.pa.comcast.net> has left #aichallenge ("Leaving")
2011-12-27T09:34:40  *** sigh <sigh!~sigh@ppp114-153.static.internode.on.net> has quit IRC (Remote host closed the connection)
2011-12-27T09:35:47  <pairofdice> Heh, xathis bot is easier to read than the starter D:
2011-12-27T09:42:17  *** Areks <Areks!~Areks@rs.gridnine.com> has quit IRC (Ping timeout: 268 seconds)
2011-12-27T09:53:21  *** Paradoxial <Paradoxial!~Paradoxia@pool-108-28-22-94.washdc.fios.verizon.net> has joined #aichallenge
2011-12-27T09:57:35  *** Paradoxial <Paradoxial!~Paradoxia@pool-108-28-22-94.washdc.fios.verizon.net> has quit IRC (Client Quit)
2011-12-27T09:57:41  *** Paradoxial <Paradoxial!~Paradoxia@pool-108-28-22-94.washdc.fios.verizon.net> has joined #aichallenge
2011-12-27T09:58:41  *** Paradoxial <Paradoxial!~Paradoxia@pool-108-28-22-94.washdc.fios.verizon.net> has joined #aichallenge
2011-12-27T09:59:09  *** choas <choas!~lars@p4FDC5AD4.dip.t-dialin.net> has quit IRC (Ping timeout: 240 seconds)
2011-12-27T09:59:26  <Accoun> tcpants don make games for me
2011-12-27T09:59:27  <Accoun> sleping tcp conections
2011-12-27T09:59:38  <Accoun> who is owner of it?
2011-12-27T09:59:49  <Accoun> canadian?
2011-12-27T10:00:20  <antimatroid> lol
2011-12-27T10:01:29  <Accoun> moscow
2011-12-27T10:01:35  <Accoun> tcpants don make games for me
2011-12-27T10:01:38  <Accoun> sleping tcp conections
2011-12-27T10:02:41  *** Paradoxiality <Paradoxiality!~Paradoxia@pool-108-28-22-94.washdc.fios.verizon.net> has joined #aichallenge
2011-12-27T10:03:06  *** Paradoxial <Paradoxial!~Paradoxia@pool-108-28-22-94.washdc.fios.verizon.net> has quit IRC (Read error: Connection reset by peer)
2011-12-27T10:08:22  *** Kurnevsky <Kurnevsky!~Errins@128.140.254.184> has quit IRC (Quit: Instantbird 1.0)
2011-12-27T10:08:48  *** bob_ <bob_!43bcf9e7@gateway/web/freenode/ip.67.188.249.231> has quit IRC (Quit: Page closed)
2011-12-27T10:15:23  *** Kurnevsky <Kurnevsky!~Errins@178.163.146.208> has joined #aichallenge
2011-12-27T10:42:31  *** Kurnevsky <Kurnevsky!~Errins@178.163.146.208> has quit IRC (Quit: Instantbird 1.0)
2011-12-27T10:48:00  *** choas <choas!~lars@p4FDC5AD4.dip.t-dialin.net> has joined #aichallenge
2011-12-27T10:52:20  *** alehorst <alehorst!~alehorst@177.40.51.56> has joined #aichallenge
2011-12-27T10:55:28  *** smiley1983 <smiley1983!~smiley@115-64-6-216.static.tpgi.com.au> has joined #aichallenge
2011-12-27T10:57:27  *** BEASTMODE is now known as sofuture
2011-12-27T10:57:52  *** Anilm3 <Anilm3!~anil@75.Red-83-38-156.dynamicIP.rima-tde.net> has joined #aichallenge
2011-12-27T11:00:45  *** aerique <aerique!310225@xs8.xs4all.nl> has quit IRC (Quit: ...)
2011-12-27T11:05:17  *** Kurnevsky <Kurnevsky!~Errins@46.56.148.149> has joined #aichallenge
2011-12-27T11:23:40  *** Kingpin13 <Kingpin13!~Kingpin13@Wikipedia/Kingpin13> has quit IRC (Quit: quit)
2011-12-27T11:46:31  *** TheLinker <TheLinker!~TheLinker@host128.190-226-93.telecom.net.ar> has quit IRC (Quit: Bye)
2011-12-27T12:03:44  *** JorgeB <JorgeB!~textual@209.66.74.34> has joined #aichallenge
2011-12-27T12:08:42  *** Kingpin13 <Kingpin13!~Kingpin13@Wikipedia/Kingpin13> has joined #aichallenge
2011-12-27T12:24:17  *** smiley1983 <smiley1983!~smiley@115-64-6-216.static.tpgi.com.au> has quit IRC (Ping timeout: 252 seconds)
2011-12-27T12:25:28  *** smiley1983 <smiley1983!~smiley@115-64-6-216.static.tpgi.com.au> has joined #aichallenge
2011-12-27T12:39:46  *** Paradoxiality <Paradoxiality!~Paradoxia@pool-108-28-22-94.washdc.fios.verizon.net> has quit IRC (Quit: :)
2011-12-27T12:52:27  *** Anilm3 <Anilm3!~anil@75.Red-83-38-156.dynamicIP.rima-tde.net> has quit IRC (Quit: Lost terminal)
2011-12-27T12:59:52  *** g0llum <g0llum!~g0llum@82.113.119.73> has joined #aichallenge
2011-12-27T13:06:40  *** Israfel <Israfel!~jeff@99-0-14-82.lightspeed.frokca.sbcglobal.net> has quit IRC (Read error: Operation timed out)
2011-12-27T13:13:12  *** choas <choas!~lars@p4FDC5AD4.dip.t-dialin.net> has quit IRC (Ping timeout: 252 seconds)
2011-12-27T13:14:30  *** ikaros <ikaros!~ikaros@dslb-188-107-221-154.pools.arcor-ip.net> has joined #aichallenge
2011-12-27T13:21:45  *** raemde_ <raemde_!~raemde@dslb-088-073-183-125.pools.arcor-ip.net> has joined #aichallenge
2011-12-27T13:22:50  *** Israfel <Israfel!~jeff@99-0-14-82.lightspeed.frokca.sbcglobal.net> has joined #aichallenge
2011-12-27T13:25:55  *** raemde <raemde!~raemde@dslb-088-073-219-160.pools.arcor-ip.net> has quit IRC (Ping timeout: 276 seconds)
2011-12-27T13:45:47  *** bearoff_w <bearoff_w!~bear@178.165.86.3> has joined #aichallenge
2011-12-27T13:51:11  *** JorgeB <JorgeB!~textual@209.66.74.34> has quit IRC (Quit: Textual IRC Client: http://www.textualapp.com/)
2011-12-27T13:51:27  *** JorgeB <JorgeB!~textual@209.66.74.34> has joined #aichallenge
2011-12-27T13:52:00  *** epicmonkey <epicmonkey!~epicmonke@188.134.41.210> has joined #aichallenge
2011-12-27T14:06:54  *** dom7b5 <dom7b5!~corey@76.8.161.91.IMCTV.dynamic.mis.net> has joined #aichallenge
2011-12-27T14:16:49  *** Paradoxial <Paradoxial!~Paradoxia@pool-108-28-22-94.washdc.fios.verizon.net> has joined #aichallenge
2011-12-27T14:19:34  *** dom7b5 <dom7b5!~corey@76.8.161.91.IMCTV.dynamic.mis.net> has quit IRC (Ping timeout: 255 seconds)
2011-12-27T14:27:15  *** bearoff_w <bearoff_w!~bear@178.165.86.3> has left #aichallenge
2011-12-27T14:29:35  *** g0llum <g0llum!~g0llum@82.113.119.73> has quit IRC (Read error: Connection reset by peer)
2011-12-27T14:36:24  *** gazpachoking <gazpachoking!~gazpachok@c-67-163-203-66.hsd1.pa.comcast.net> has joined #aichallenge
2011-12-27T14:36:59  *** Paradoxiality <Paradoxiality!~Paradoxia@pool-108-28-22-94.washdc.fios.verizon.net> has joined #aichallenge
2011-12-27T14:37:08  *** Paradoxial <Paradoxial!~Paradoxia@pool-108-28-22-94.washdc.fios.verizon.net> has quit IRC (Read error: No route to host)
2011-12-27T14:40:03  *** amstan <amstan!~amstan@69.196.130.230> has joined #aichallenge
2011-12-27T14:40:03  *** ChanServ sets mode: +o amstan
2011-12-27T14:44:33  *** dom7b5 <dom7b5!~corey@76.8.161.91.IMCTV.dynamic.mis.net> has joined #aichallenge
2011-12-27T14:45:09  *** amstan <amstan!~amstan@69.196.130.230> has quit IRC (Ping timeout: 240 seconds)
2011-12-27T14:45:42  *** nplus <nplus!~chatzilla@unaffiliated/simont> has quit IRC (Remote host closed the connection)
2011-12-27T14:46:07  *** amstan_ <amstan_!~alex@69-196-130-230.dsl.teksavvy.com> has joined #aichallenge
2011-12-27T14:46:07  *** ChanServ sets mode: +o amstan_
2011-12-27T14:46:10  *** choas <choas!~lars@p4FDC5AD4.dip.t-dialin.net> has joined #aichallenge
2011-12-27T14:46:15  *** nplus <nplus!~chatzilla@unaffiliated/simont> has joined #aichallenge
2011-12-27T14:50:07  *** Kurnevsky <Kurnevsky!~Errins@46.56.148.149> has quit IRC (Quit: Instantbird 1.0)
2011-12-27T15:02:46  *** cyphase <cyphase!~cyphase@unaffiliated/cyphase> has quit IRC (Ping timeout: 255 seconds)
2011-12-27T15:02:57  *** epicmonkey <epicmonkey!~epicmonke@188.134.41.210> has quit IRC (Ping timeout: 268 seconds)
2011-12-27T15:09:52  *** Kurnevsky <Kurnevsky!~Errins@46.56.234.135> has joined #aichallenge
2011-12-27T15:17:47  *** corey_ <corey_!~corey@76.8.161.91.IMCTV.dynamic.mis.net> has joined #aichallenge
2011-12-27T15:17:50  *** dom7b5 <dom7b5!~corey@76.8.161.91.IMCTV.dynamic.mis.net> has quit IRC (Quit: Ex-Chat)
2011-12-27T15:18:13  *** corey_ is now known as Guest27956
2011-12-27T15:19:24  *** kire <kire!~kire@78-22-125-201.access.telenet.be> has joined #aichallenge
2011-12-27T15:23:19  *** TheLinker <TheLinker!~TheLinker@host128.190-226-93.telecom.net.ar> has joined #aichallenge
2011-12-27T15:23:44  *** Kurnevsky <Kurnevsky!~Errins@46.56.234.135> has quit IRC (Quit: Instantbird 1.0)
2011-12-27T15:23:55  *** Guest27956 <Guest27956!~corey@76.8.161.91.IMCTV.dynamic.mis.net> has quit IRC (Ping timeout: 255 seconds)
2011-12-27T15:27:48  *** Accoun <Accoun!~1@static-213-88-39-97.chebnet.ru> has quit IRC ()
2011-12-27T15:30:13  *** kire <kire!~kire@78-22-125-201.access.telenet.be> has quit IRC (Remote host closed the connection)
2011-12-27T15:35:57  *** bucash <bucash!d593d255@gateway/web/freenode/ip.213.147.210.85> has joined #aichallenge
2011-12-27T15:37:57  *** amstan <amstan!~amstan@69-196-130-230.dsl.teksavvy.com> has joined #aichallenge
2011-12-27T15:37:57  *** ChanServ sets mode: +o amstan
2011-12-27T15:40:44  *** Regis <Regis!~Nex@2a01:e34:ee3b:aa40:8c3d:1670:6349:605b> has joined #aichallenge
2011-12-27T15:41:38  *** amstan_ <amstan_!~alex@69-196-130-230.dsl.teksavvy.com> has quit IRC (Ping timeout: 240 seconds)
2011-12-27T15:42:43  *** Accoun <Accoun!~1@static-213-88-39-97.chebnet.ru> has joined #aichallenge
2011-12-27T15:46:55  *** bucash <bucash!d593d255@gateway/web/freenode/ip.213.147.210.85> has quit IRC (Quit: Page closed)
2011-12-27T15:53:11  *** Kurnevsky <Kurnevsky!~Errins@46.56.203.175> has joined #aichallenge
2011-12-27T15:53:17  *** mj41 <mj41!~mj41_nby@80.82.144.206> has quit IRC (Ping timeout: 252 seconds)
2011-12-27T15:54:10  *** mj41 <mj41!~mj41_nby@80.82.144.206> has joined #aichallenge
2011-12-27T16:08:17  *** Kurnevsky <Kurnevsky!~Errins@46.56.203.175> has quit IRC (Quit: Instantbird 1.0)
2011-12-27T16:13:06  *** xar0l <xar0l!~xar0l@c-98-234-105-25.hsd1.ca.comcast.net> has left #aichallenge ("Leaving")
2011-12-27T16:38:58  *** epicmonkey <epicmonkey!~epicmonke@188.134.41.210> has joined #aichallenge
2011-12-27T16:41:44  *** cyphase <cyphase!~cyphase@unaffiliated/cyphase> has joined #aichallenge
2011-12-27T16:52:04  *** ahow984 <ahow984!~pqaw9ijh2@86-46-39-232-dynamic.b-ras3.mvw.galway.eircom.net> has joined #aichallenge
2011-12-27T17:26:44  *** amstan <amstan!~amstan@69-196-130-230.dsl.teksavvy.com> has quit IRC (Read error: Connection reset by peer)
2011-12-27T17:30:33  *** amstan <amstan!~amstan@69-196-130-230.dsl.teksavvy.com> has joined #aichallenge
2011-12-27T17:30:33  *** ChanServ sets mode: +o amstan
2011-12-27T17:30:50  *** mj41 <mj41!~mj41_nby@80.82.144.206> has quit IRC (Ping timeout: 252 seconds)
2011-12-27T17:47:47  *** sigh <sigh!~sigh@ppp114-153.static.internode.on.net> has joined #aichallenge
2011-12-27T17:52:59  *** Paradoxiality is now known as Paradoxial
2011-12-27T17:57:28  *** Regis <Regis!~Nex@2a01:e34:ee3b:aa40:8c3d:1670:6349:605b> has quit IRC (Ping timeout: 268 seconds)
2011-12-27T18:06:40  *** amstan <amstan!~amstan@69-196-130-230.dsl.teksavvy.com> has quit IRC (Remote host closed the connection)
2011-12-27T18:08:58  *** amstan <amstan!~amstan@69-196-130-230.dsl.teksavvy.com> has joined #aichallenge
2011-12-27T18:08:58  *** ChanServ sets mode: +o amstan
2011-12-27T18:13:05  *** Ente_ <Ente_!b0637ed2@gateway/web/freenode/ip.176.99.126.210> has joined #aichallenge
2011-12-27T18:13:29  *** epicmonkey <epicmonkey!~epicmonke@188.134.41.210> has quit IRC (Ping timeout: 240 seconds)
2011-12-27T18:15:32  *** choas <choas!~lars@p4FDC5AD4.dip.t-dialin.net> has quit IRC (Ping timeout: 264 seconds)
2011-12-27T18:21:13  <Ente_> hi folks, looking for still running ai challenges like ant was any ideas?
2011-12-27T18:55:40  <Kettling> After tinkering with it for a bit, I think my ant code would need a substantial rewrite in order to be competitive. Don't think it's worth the effort.
2011-12-27T18:55:55  <Kettling> Anyhow, it's been fun
2011-12-27T19:03:57  *** Jak_o_Shadows <Jak_o_Shadows!~Fake@CPE-144-136-214-52.sa.bigpond.net.au> has joined #aichallenge
2011-12-27T19:26:50  *** sigh <sigh!~sigh@ppp114-153.static.internode.on.net> has quit IRC (Remote host closed the connection)
2011-12-27T19:33:17  *** foRei <foRei!~ViT@0x4dd7b24d.adsl.cybercity.dk> has quit IRC (Read error: Connection reset by peer)
2011-12-27T19:43:21  *** pairofdice <pairofdice!~pod@dsl-hkibrasgw2-ff67c300-50.dhcp.inet.fi> has quit IRC (Quit: When cryptography is outlawed, bayl bhgynjf jvyy unir cevinpl.)
2011-12-27T19:46:34  *** Ente_ <Ente_!b0637ed2@gateway/web/freenode/ip.176.99.126.210> has quit IRC (Quit: Page closed)
2011-12-27T19:47:13  *** flowenol <flowenol!LW@bl13-232-77.dsl.telepac.pt> has quit IRC (Ping timeout: 252 seconds)
2011-12-27T19:53:58  *** ikaros <ikaros!~ikaros@dslb-188-107-221-154.pools.arcor-ip.net> has quit IRC (Quit: Ex-Chat)
2011-12-27T20:00:41  *** cseyu01 <cseyu01!63eb5d80@gateway/web/freenode/ip.99.235.93.128> has quit IRC (Ping timeout: 258 seconds)
2011-12-27T20:02:08  *** smiley1983 <smiley1983!~smiley@115-64-6-216.static.tpgi.com.au> has quit IRC (Ping timeout: 240 seconds)
2011-12-27T20:03:21  *** smiley1983 <smiley1983!~smiley@115-64-6-216.static.tpgi.com.au> has joined #aichallenge
2011-12-27T20:03:38  *** amstan <amstan!~amstan@69-196-130-230.dsl.teksavvy.com> has quit IRC (Ping timeout: 240 seconds)
2011-12-27T20:04:20  *** ahow984 <ahow984!~pqaw9ijh2@86-46-39-232-dynamic.b-ras3.mvw.galway.eircom.net> has quit IRC (Quit: leaving)
2011-12-27T20:07:35  *** TheLinker <TheLinker!~TheLinker@host128.190-226-93.telecom.net.ar> has quit IRC (Quit: Bye)
2011-12-27T20:19:09  *** antimatroid <antimatroid!~nick@2.245-26-211.dynamic.dsl.mel.iprimus.net.au> has quit IRC (Ping timeout: 240 seconds)
2011-12-27T20:26:42  *** ztfw <ztfw!~ztfw@ztfw.net> has joined #aichallenge
2011-12-27T20:35:36  *** Ep1kMalware <Ep1kMalware!~Ep1kMalwa@74-124-96-222.sol.dsl.dynamic.acsalaska.net> has joined #aichallenge
2011-12-27T20:35:45  *** Chris_0076 <Chris_0076!~Chris_007@adsl-98-66-254-30.asm.bellsouth.net> has quit IRC (Quit: Leaving)
2011-12-27T20:39:00  *** Chris_0076 <Chris_0076!~Chris_007@adsl-98-66-254-30.asm.bellsouth.net> has joined #aichallenge
2011-12-27T20:39:16  *** cyphase <cyphase!~cyphase@unaffiliated/cyphase> has quit IRC (Ping timeout: 240 seconds)
2011-12-27T20:41:41  *** JorgeB <JorgeB!~textual@209.66.74.34> has quit IRC (Ping timeout: 248 seconds)
2011-12-27T20:42:23  <Ep1kMalware> tdubellz around?
2011-12-27T20:47:11  *** deltree_ <deltree_!~chatzilla@97.104.16.141> has joined #aichallenge
2011-12-27T20:50:10  *** grc48 <grc48!~grc48@CPE-58-172-41-80.wqcz1.ken.bigpond.net.au> has joined #aichallenge
2011-12-27T20:54:05  *** Jak_o_Shadows <Jak_o_Shadows!~Fake@CPE-144-136-214-52.sa.bigpond.net.au> has quit IRC (Read error: Connection reset by peer)
2011-12-27T20:55:54  *** Jak_o_Shadows <Jak_o_Shadows!~Fake@CPE-144-136-214-52.sa.bigpond.net.au> has joined #aichallenge
2011-12-27T20:59:11  *** cyphase <cyphase!~cyphase@unaffiliated/cyphase> has joined #aichallenge
2011-12-27T20:59:23  *** amstan_ <amstan_!~alex@69-196-130-230.dsl.teksavvy.com> has joined #aichallenge
2011-12-27T20:59:23  *** ChanServ sets mode: +o amstan_
2011-12-27T21:04:21  *** deltree_ <deltree_!~chatzilla@97.104.16.141> has quit IRC (Remote host closed the connection)
2011-12-27T21:05:02  *** deltree_ <deltree_!~chatzilla@97.104.16.141> has joined #aichallenge
2011-12-27T21:11:29  *** smiley1983 <smiley1983!~smiley@115-64-6-216.static.tpgi.com.au> has quit IRC (Ping timeout: 240 seconds)
2011-12-27T21:12:40  *** amstan_ is now known as amstan
2011-12-27T21:13:38  *** smiley1983 <smiley1983!~smiley@115-64-6-216.static.tpgi.com.au> has joined #aichallenge
2011-12-27T21:18:49  *** Ep1kMalware <Ep1kMalware!~Ep1kMalwa@74-124-96-222.sol.dsl.dynamic.acsalaska.net> has quit IRC (Ping timeout: 240 seconds)
2011-12-27T21:23:03  *** TheLinker <TheLinker!~TheLinker@host128.190-226-93.telecom.net.ar> has joined #aichallenge
2011-12-27T21:26:00  *** Chris_0076 <Chris_0076!~Chris_007@adsl-98-66-254-30.asm.bellsouth.net> has quit IRC (Quit: Leaving)
2011-12-27T21:29:09  *** Paradoxial <Paradoxial!~Paradoxia@pool-108-28-22-94.washdc.fios.verizon.net> has quit IRC (Ping timeout: 240 seconds)
2011-12-27T21:30:05  *** Ep1kMalware <Ep1kMalware!~Ep1kMalwa@74-124-96-222.sol.dsl.dynamic.acsalaska.net> has joined #aichallenge
2011-12-27T21:31:25  *** thestinger <thestinger!~strcat@CPE98fc1165cb6f-CM00159a09b2d0.cpe.net.cable.rogers.com> has quit IRC (Quit: WeeChat 0.3.6)
2011-12-27T21:43:12  *** amstan_ <amstan_!~amstan@69-196-130-230.dsl.teksavvy.com> has joined #aichallenge
2011-12-27T21:43:12  *** ChanServ sets mode: +o amstan_
2011-12-27T21:48:57  *** smiley1983 <smiley1983!~smiley@115-64-6-216.static.tpgi.com.au> has quit IRC (Ping timeout: 252 seconds)
2011-12-27T21:54:09  *** realazthat <realazthat!~user@pool-72-89-217-70.nycmny.east.verizon.net> has quit IRC (Ping timeout: 240 seconds)
2011-12-27T21:55:32  *** smiley1983 <smiley1983!~smiley@115-64-6-216.static.tpgi.com.au> has joined #aichallenge
2011-12-27T21:56:02  *** Paradoxial <Paradoxial!~Paradoxia@pool-108-28-22-94.washdc.fios.verizon.net> has joined #aichallenge
2011-12-27T22:00:44  *** Jak_o_Shadows <Jak_o_Shadows!~Fake@CPE-144-136-214-52.sa.bigpond.net.au> has joined #aichallenge
2011-12-27T22:12:57  *** sigh <sigh!~sigh@ppp114-153.static.internode.on.net> has joined #aichallenge
2011-12-27T22:16:39  *** alc <alc!~nek@61.135.165.159> has joined #aichallenge
2011-12-27T22:19:55  *** antimatroid <antimatroid!~nick@2.245-26-211.dynamic.dsl.mel.iprimus.net.au> has joined #aichallenge
2011-12-27T22:28:33  *** Paradoxial <Paradoxial!~Paradoxia@pool-108-28-22-94.washdc.fios.verizon.net> has quit IRC (Quit: :)
2011-12-27T22:35:05  *** nek <nek!~nek@61.135.165.159> has joined #aichallenge
2011-12-27T22:38:09  *** alc <alc!~nek@61.135.165.159> has quit IRC (Ping timeout: 252 seconds)
2011-12-27T23:01:26  *** Ep1kMalware <Ep1kMalware!~Ep1kMalwa@74-124-96-222.sol.dsl.dynamic.acsalaska.net> has quit IRC (Ping timeout: 248 seconds)
2011-12-27T23:01:29  *** amstan_ <amstan_!~amstan@69-196-130-230.dsl.teksavvy.com> has quit IRC (Ping timeout: 240 seconds)
2011-12-27T23:01:50  *** Anilm3 <Anilm3!~anil@75.Red-83-38-156.dynamicIP.rima-tde.net> has joined #aichallenge
2011-12-27T23:05:45  *** deltree_ <deltree_!~chatzilla@97.104.16.141> has quit IRC (Quit: ChatZilla 0.9.88-rdmsoft [XULRunner 1.9.0.17/2009122204])
2011-12-27T23:06:36  *** Anilm3 <Anilm3!~anil@75.Red-83-38-156.dynamicIP.rima-tde.net> has quit IRC (Client Quit)
2011-12-27T23:11:55  *** a1k0n <a1k0n!~andy@hep.cat> has left #aichallenge
2011-12-27T23:12:24  *** Ep1kMalware <Ep1kMalware!~Ep1kMalwa@74-124-96-222.sol.dsl.dynamic.acsalaska.net> has joined #aichallenge
2011-12-27T23:30:33  *** Ep1kMalware <Ep1kMalware!~Ep1kMalwa@74-124-96-222.sol.dsl.dynamic.acsalaska.net> has quit IRC (Ping timeout: 264 seconds)
2011-12-27T23:36:13  *** Ep1kMalware <Ep1kMalware!~Ep1kMalwa@74-124-96-222.sol.dsl.dynamic.acsalaska.net> has joined #aichallenge
2011-12-27T23:37:23  *** TheLinker <TheLinker!~TheLinker@host128.190-226-93.telecom.net.ar> has quit IRC (Remote host closed the connection)
2011-12-27T23:42:15  *** cwc <cwc!402e02c9@gateway/web/freenode/ip.64.46.2.201> has quit IRC (Ping timeout: 258 seconds)
