2012-07-17T00:32:45  *** thestinger is now known as fredman
2012-07-17T00:36:11  *** fredman is now known as strcat
2012-07-17T00:38:15  *** strcat <strcat!~strcat@CPE98fc1165cb6f-CM00159a09b2d0.cpe.net.cable.rogers.com> has quit IRC (Quit: WeeChat 0.3.8)
2012-07-17T00:38:32  *** thestinger <thestinger!~strcat@CPE98fc1165cb6f-CM00159a09b2d0.cpe.net.cable.rogers.com> has joined #aichallenge
2012-07-17T01:15:50  *** thestinger is now known as strcat
2012-07-17T02:05:34  *** strcat is now known as thestinger
2012-07-17T02:17:29  *** mceier <mceier!~mceier@62.61.58.19> has joined #aichallenge
2012-07-17T02:34:57  *** Garf <Garf!~Garf@78-22-80-252.access.telenet.be> has quit IRC (Quit: Make a new plan, Stan!)
2012-07-17T02:52:50  *** epicmonkey <epicmonkey!~epicmonke@188.134.41.211> has joined #aichallenge
2012-07-17T03:20:41  *** epicmonkey <epicmonkey!~epicmonke@188.134.41.211> has quit IRC (Ping timeout: 244 seconds)
2012-07-17T03:31:57  *** mceier <mceier!~mceier@62.61.58.19> has quit IRC (Quit: leaving)
2012-07-17T04:27:43  *** epicmonkey <epicmonkey!~epicmonke@host-224-60.dataart.net> has joined #aichallenge
2012-07-17T04:31:44  *** amstan <amstan!~alex@aichallenge/admin/amstan> has quit IRC (Quit: Konversation terminated!)
2012-07-17T04:32:40  *** elfangor <elfangor!~capitalda@mtl93-15-83-157-72-100.fbx.proxad.net> has quit IRC (Ping timeout: 265 seconds)
2012-07-17T04:32:57  *** elfangor <elfangor!~capitalda@mtl93-15-83-157-72-100.fbx.proxad.net> has joined #aichallenge
2012-07-17T04:33:27  *** Jacen <Jacen!c190532c@gateway/web/freenode/ip.193.144.83.44> has joined #aichallenge
2012-07-17T04:38:23  *** Jacen <Jacen!c190532c@gateway/web/freenode/ip.193.144.83.44> has quit IRC (Quit: Page closed)
2012-07-17T05:17:34  *** antimatroid <antimatroid!~nick@81.120.dsl.mel.iprimus.net.au> has quit IRC (Ping timeout: 255 seconds)
2012-07-17T05:19:00  *** antimatroid <antimatroid!~nick@59.125.dsl.mel.iprimus.net.au> has joined #aichallenge
2012-07-17T05:49:53  *** NoxiaZ^ <NoxiaZ^!~noxi@87-104-29-39-dynamic-customer.profibernet.dk> has joined #aichallenge
2012-07-17T06:08:16  *** mceier <mceier!~mceier@62.61.58.19> has joined #aichallenge
2012-07-17T06:13:32  *** ermau <ermau!u472@about/csharp/regular/ermau> has quit IRC (Write error: Broken pipe)
2012-07-17T06:13:53  *** mattswe <mattswe!u4809@gateway/web/irccloud.com/x-ljgikbxxcegjodyo> has quit IRC (Remote host closed the connection)
2012-07-17T06:16:03  *** pairofdice <pairofdice!~pod@dsl-hkibrasgw2-fed3df00-232.dhcp.inet.fi> has joined #aichallenge
2012-07-17T06:20:53  *** ermau <ermau!u472@gateway/web/irccloud.com/x-vjbhwqxxsgfntqzs> has joined #aichallenge
2012-07-17T06:20:53  *** epicmonkey <epicmonkey!~epicmonke@host-224-60.dataart.net> has quit IRC (Ping timeout: 246 seconds)
2012-07-17T06:20:53  *** ermau <ermau!u472@gateway/web/irccloud.com/x-vjbhwqxxsgfntqzs> has quit IRC (Changing host)
2012-07-17T06:20:53  *** ermau <ermau!u472@about/csharp/regular/ermau> has joined #aichallenge
2012-07-17T06:32:45  *** Accoun <Accoun!~1@static-213-88-39-97.chebnet.ru> has quit IRC (Ping timeout: 255 seconds)
2012-07-17T06:32:50  *** epicmonkey <epicmonkey!~epicmonke@host-224-51.dataart.net> has joined #aichallenge
2012-07-17T06:34:08  *** Accoun <Accoun!~1@static-213-88-39-97.chebnet.ru> has joined #aichallenge
2012-07-17T07:05:37  *** antimatroid <antimatroid!~nick@59.125.dsl.mel.iprimus.net.au> has quit IRC (Ping timeout: 255 seconds)
2012-07-17T07:18:52  *** kilae <kilae!~chatzilla@catv-161-018.tbwil.ch> has joined #aichallenge
2012-07-17T07:25:15  *** Kingpin13 <Kingpin13!~Kingpin13@Wikipedia/Kingpin13> has joined #aichallenge
2012-07-17T07:28:35  *** Surya <Surya!5c80338e@gateway/web/freenode/ip.92.128.51.142> has joined #aichallenge
2012-07-17T07:28:59  *** Surya is now known as Guest39461
2012-07-17T07:40:16  *** antimatroid <antimatroid!~nick@59.125.dsl.mel.iprimus.net.au> has joined #aichallenge
2012-07-17T07:44:28  *** sigh <sigh!~sigh@ppp114-153.static.internode.on.net> has joined #aichallenge
2012-07-17T07:52:27  *** antimatroid <antimatroid!~nick@59.125.dsl.mel.iprimus.net.au> has quit IRC (Ping timeout: 244 seconds)
2012-07-17T07:54:04  *** antimatroid <antimatroid!~nick@157.331.dsl.mel.iprimus.net.au> has joined #aichallenge
2012-07-17T08:26:31  *** epicmonkey <epicmonkey!~epicmonke@host-224-51.dataart.net> has quit IRC (Ping timeout: 246 seconds)
2012-07-17T08:34:25  *** epicmonkey <epicmonkey!~epicmonke@host-224-51.dataart.net> has joined #aichallenge
2012-07-17T08:55:54  *** Kingpin13 <Kingpin13!~Kingpin13@Wikipedia/Kingpin13> has quit IRC (Ping timeout: 255 seconds)
2012-07-17T09:24:15  *** amstan <amstan!~alex@aichallenge/admin/amstan> has joined #aichallenge
2012-07-17T09:24:15  *** ChanServ sets mode: +o amstan
2012-07-17T09:32:47  *** Thomash <Thomash!~thomas@193.50.110.232> has joined #aichallenge
2012-07-17T09:33:04  *** Thomash is now known as Guest67439
2012-07-17T09:45:12  *** Kingpin13 <Kingpin13!~Kingpin13@Wikipedia/Kingpin13> has joined #aichallenge
2012-07-17T10:11:46  *** amstan <amstan!~alex@aichallenge/admin/amstan> has quit IRC (Read error: Connection reset by peer)
2012-07-17T10:11:57  *** amstan <amstan!~alex@aichallenge/admin/amstan> has joined #aichallenge
2012-07-17T10:11:57  *** ChanServ sets mode: +o amstan
2012-07-17T10:25:50  *** mceier <mceier!~mceier@62.61.58.19> has quit IRC (Quit: leaving)
2012-07-17T10:35:51  *** iglo <iglo!~xy@xdsl-92-252-66-65.dip.osnanet.de> has joined #aichallenge
2012-07-17T10:50:18  *** Kingpin13 <Kingpin13!~Kingpin13@Wikipedia/Kingpin13> has quit IRC (Ping timeout: 248 seconds)
2012-07-17T10:52:02  *** dmj111 <dmj111!~user@12.231.120.253> has joined #aichallenge
2012-07-17T11:05:08  *** thestinger <thestinger!~strcat@CPE98fc1165cb6f-CM00159a09b2d0.cpe.net.cable.rogers.com> has quit IRC (Quit: WeeChat 0.3.8)
2012-07-17T11:11:31  *** circle <circle!~circle@203-219-13-238.static.tpgi.com.au> has quit IRC (Quit: Leaving)
2012-07-17T11:12:38  *** dmj111 <dmj111!~user@12.231.120.253> has quit IRC (Read error: Connection reset by peer)
2012-07-17T11:39:32  *** mceier <mceier!~mceier@89-77-239-61.dynamic.chello.pl> has joined #aichallenge
2012-07-17T12:07:52  *** Guest39461 <Guest39461!5c80338e@gateway/web/freenode/ip.92.128.51.142> has quit IRC (Quit: Page closed)
2012-07-17T12:13:18  *** Zannick <Zannick!~mick@aichallenge/admin/zannick> has quit IRC (Ping timeout: 265 seconds)
2012-07-17T12:14:39  *** Zannick <Zannick!~mick@aichallenge/admin/zannick> has joined #aichallenge
2012-07-17T12:17:09  *** Garf <Garf!~Garf@78-22-80-252.access.telenet.be> has joined #aichallenge
2012-07-17T12:27:19  *** thestinger <thestinger!~strcat@CPE98fc1165cb6f-CM00159a09b2d0.cpe.net.cable.rogers.com> has joined #aichallenge
2012-07-17T12:30:59  *** sigh <sigh!~sigh@ppp114-153.static.internode.on.net> has quit IRC (Remote host closed the connection)
2012-07-17T12:39:45  *** Accoun <Accoun!~1@static-213-88-39-97.chebnet.ru> has quit IRC (*.net *.split)
2012-07-17T12:39:45  *** janzert <janzert!~janzert@24-247-64-243.dhcp.trcy.mi.charter.com> has quit IRC (*.net *.split)
2012-07-17T12:53:06  *** Accoun <Accoun!~1@static-213-88-39-97.chebnet.ru> has joined #aichallenge
2012-07-17T12:57:35  *** janzert <janzert!~janzert@24-247-64-243.dhcp.trcy.mi.charter.com> has joined #aichallenge
2012-07-17T13:23:46  *** iglo_ <iglo_!~xy@85.8.75.37> has joined #aichallenge
2012-07-17T13:27:15  *** iglo <iglo!~xy@xdsl-92-252-66-65.dip.osnanet.de> has quit IRC (Ping timeout: 265 seconds)
2012-07-17T13:36:43  *** mceier <mceier!~mceier@89-77-239-61.dynamic.chello.pl> has quit IRC (Quit: leaving)
2012-07-17T13:53:58  *** dmj111 <dmj111!~user@12.231.120.253> has joined #aichallenge
2012-07-17T14:12:38  *** iglo_ <iglo_!~xy@85.8.75.37> has quit IRC (Remote host closed the connection)
2012-07-17T14:47:30  *** kilae <kilae!~chatzilla@catv-161-018.tbwil.ch> has quit IRC (Quit: ChatZilla 0.9.88.2 [Firefox 13.0.1/20120614114901])
2012-07-17T14:56:52  *** kilae <kilae!~chatzilla@catv-161-018.tbwil.ch> has joined #aichallenge
2012-07-17T14:59:18  *** kilae <kilae!~chatzilla@catv-161-018.tbwil.ch> has quit IRC (Client Quit)
2012-07-17T15:06:32  *** Accoun <Accoun!~1@static-213-88-39-97.chebnet.ru> has quit IRC ()
2012-07-17T15:07:39  *** kilae <kilae!~chatzilla@catv-161-018.tbwil.ch> has joined #aichallenge
2012-07-17T15:12:35  *** dmj111 <dmj111!~user@12.231.120.253> has quit IRC (Ping timeout: 248 seconds)
2012-07-17T15:21:45  *** Accoun <Accoun!~1@static-213-88-39-97.chebnet.ru> has joined #aichallenge
2012-07-17T15:23:32  *** choas <choas!~lars@p5795C799.dip.t-dialin.net> has joined #aichallenge
2012-07-17T15:25:28  <Accoun> say me the best repositary
2012-07-17T15:25:54  <Accoun> have 8 variants from MadCow
2012-07-17T15:26:45  <Accoun> ups, wrong chanel
2012-07-17T15:41:31  *** epicmonkey <epicmonkey!~epicmonke@host-224-51.dataart.net> has quit IRC (Ping timeout: 246 seconds)
2012-07-17T15:56:35  *** NoxiaZ^ <NoxiaZ^!~noxi@87-104-29-39-dynamic-customer.profibernet.dk> has quit IRC (Ping timeout: 250 seconds)
2012-07-17T15:57:24  *** sdfsdsfd <sdfsdsfd!~1@static-213-88-39-97.chebnet.ru> has joined #aichallenge
2012-07-17T15:58:19  *** rexou_ <rexou_!~rexou@life.paysdu42.fr> has joined #aichallenge
2012-07-17T15:59:01  *** Accoun <Accoun!~1@static-213-88-39-97.chebnet.ru> has quit IRC (*.net *.split)
2012-07-17T15:59:03  *** rexou <rexou!~rexou@life.paysdu42.fr> has quit IRC (*.net *.split)
2012-07-17T15:59:07  *** sdfsdsfd is now known as Accoun
2012-07-17T15:59:17  *** rexou_ is now known as rexou
2012-07-17T16:39:31  *** choas <choas!~lars@p5795C799.dip.t-dialin.net> has quit IRC (Ping timeout: 248 seconds)
2012-07-17T16:44:35  *** epicmonkey <epicmonkey!~epicmonke@188.134.41.211> has joined #aichallenge
2012-07-17T17:13:10  *** thestinger <thestinger!~strcat@CPE98fc1165cb6f-CM00159a09b2d0.cpe.net.cable.rogers.com> has quit IRC (Quit: WeeChat 0.3.8)
2012-07-17T17:57:23  *** kilae <kilae!~chatzilla@catv-161-018.tbwil.ch> has quit IRC (Quit: ChatZilla 0.9.88.2 [Firefox 13.0.1/20120614114901])
2012-07-17T18:18:32  *** amstan <amstan!~alex@aichallenge/admin/amstan> has quit IRC (Read error: Operation timed out)
2012-07-17T18:25:29  *** a1k0n <a1k0n!~andy@hep.cat> has left #aichallenge
2012-07-17T18:50:22  *** epicmonkey <epicmonkey!~epicmonke@188.134.41.211> has quit IRC (Ping timeout: 240 seconds)
2012-07-17T19:20:52  *** pairofdice <pairofdice!~pod@dsl-hkibrasgw2-fed3df00-232.dhcp.inet.fi> has quit IRC (Quit: In girum imus nocte et consumimur igni.)
2012-07-17T20:06:38  *** GarfTop <GarfTop!~Garf@78-22-80-252.access.telenet.be> has joined #aichallenge
2012-07-17T20:10:21  *** Garf <Garf!~Garf@78-22-80-252.access.telenet.be> has quit IRC (Ping timeout: 265 seconds)
2012-07-17T21:07:19  *** grom358 <grom358!~grom@ppp118-208-97-69.lns20.bne4.internode.on.net> has joined #aichallenge
2012-07-17T21:07:53  <grom358> i really hoping someone can help me.. I want to download my AI submission cause I lost the code... I really want my A* algorithm back :(
2012-07-17T21:09:19  <grom358> am I SOL??
2012-07-17T21:23:57  *** antimatroid <antimatroid!~nick@157.331.dsl.mel.iprimus.net.au> has quit IRC (Quit: Leaving.)
2012-07-17T21:23:58  *** antimatroid1 <antimatroid1!~nick@157.331.dsl.mel.iprimus.net.au> has joined #aichallenge
2012-07-17T21:31:11  *** antimatroid1 <antimatroid1!~nick@157.331.dsl.mel.iprimus.net.au> has quit IRC (Quit: Leaving.)
2012-07-17T21:31:47  *** antimatroid <antimatroid!~nick@157.331.dsl.mel.iprimus.net.au> has joined #aichallenge
2012-07-17T21:34:13  *** rexou <rexou!~rexou@life.paysdu42.fr> has quit IRC (Ping timeout: 240 seconds)
2012-07-17T21:35:40  *** rexou <rexou!~rexou@88.191.147.207> has joined #aichallenge
2012-07-17T21:35:52  *** janzert <janzert!~janzert@24-247-64-243.dhcp.trcy.mi.charter.com> has quit IRC (Ping timeout: 240 seconds)
2012-07-17T21:37:41  *** janzert <janzert!~janzert@24-247-64-243.dhcp.trcy.mi.charter.com> has joined #aichallenge
2012-07-17T21:38:38  *** rofer <rofer!javagamer@ip-69-162-134-31.static.chi2.systeminplace.net> has quit IRC (Ping timeout: 244 seconds)
2012-07-17T21:41:18  *** mrhaas <mrhaas!~arjan@vps.arjandepooter.nl> has quit IRC (*.net *.split)
2012-07-17T21:41:18  *** delt0r <delt0r!~bob@weissmann.cibiv.univie.ac.at> has quit IRC (*.net *.split)
2012-07-17T21:41:18  *** Alexer <Alexer!alexer@alexer.net> has quit IRC (*.net *.split)
2012-07-17T21:41:18  *** aerique_ <aerique_!310225@xs8.xs4all.nl> has quit IRC (*.net *.split)
2012-07-17T21:41:18  *** mawif <mawif!~mawif@li268-7.members.linode.com> has quit IRC (*.net *.split)
2012-07-17T21:43:27  *** rofer <rofer!javagamer@ip-69-162-134-31.static.chi2.systeminplace.net> has joined #aichallenge
2012-07-17T21:44:52  *** antimatroid <antimatroid!~nick@157.331.dsl.mel.iprimus.net.au> has quit IRC (Ping timeout: 240 seconds)
2012-07-17T21:46:13  *** mrhaas <mrhaas!~arjan@vps.arjandepooter.nl> has joined #aichallenge
2012-07-17T21:46:13  *** delt0r <delt0r!~bob@weissmann.cibiv.univie.ac.at> has joined #aichallenge
2012-07-17T21:46:13  *** Alexer <Alexer!alexer@alexer.net> has joined #aichallenge
2012-07-17T21:46:13  *** aerique_ <aerique_!310225@xs8.xs4all.nl> has joined #aichallenge
2012-07-17T21:46:13  *** mawif <mawif!~mawif@li268-7.members.linode.com> has joined #aichallenge
2012-07-17T22:09:33  *** amstan <amstan!~alex@aichallenge/admin/amstan> has joined #aichallenge
2012-07-17T22:09:34  *** ChanServ sets mode: +o amstan
2012-07-17T22:32:07  *** antimatroid <antimatroid!~nick@157.331.dsl.mel.iprimus.net.au> has joined #aichallenge
2012-07-17T22:48:13  *** antimatroid <antimatroid!~nick@157.331.dsl.mel.iprimus.net.au> has quit IRC (Ping timeout: 250 seconds)
2012-07-17T22:49:18  *** antimatroid <antimatroid!~nick@124.58-138-202.dynamic.dsl.mel.iprimus.net.au> has joined #aichallenge
2012-07-17T22:51:19  *** asdf_ <asdf_!4b161427@gateway/web/freenode/ip.75.22.20.39> has joined #aichallenge
2012-07-17T22:51:29  <antimatroid> grom358: that may be possible
2012-07-17T22:51:35  <antimatroid> i can't help, but it should be possible
2012-07-17T22:51:39  <antimatroid> amstan: you about?
2012-07-17T22:51:48  <amstan> antimatroid: ya
2012-07-17T22:52:07  <antimatroid> any chance of grom358 being able to get their bot code that's on the server?
2012-07-17T22:53:07  <antimatroid> http://aichallenge.org/profile.php?user=4130
2012-07-17T22:53:12  <antimatroid> that's their profile page presumably
2012-07-17T22:53:31  <amstan> contestbot: seen grom358
2012-07-17T22:53:31  <contestbot> amstan: grom358 was last seen in #aichallenge 1 hour, 44 minutes, and 12 seconds ago: <grom358> am I SOL??
2012-07-17T22:53:56  <amstan> grom358: send me an email at amstan@aichallenge.org from the same email you used to register
2012-07-17T22:54:04  <amstan> grom358: i could get to it tomorrow
2012-07-17T22:54:04  <antimatroid> :)
2012-07-17T22:54:20  <amstan> antimatroid: yeah, they're rare enough that i can do it
2012-07-17T22:54:28  <antimatroid> cool
2012-07-17T22:54:41  <antimatroid> did delt0r end up catching up with you guys?
2012-07-17T22:57:27  <grom358> amstan: okay thanks heaps. Yeah I lost my backup the other week and stupid me neither put it in github or dropbox
2012-07-17T23:08:51  <amstan> grom358: recieved, thanks
2012-07-17T23:09:57  <grom358> yeah.. thanks a lot. I lost so much stuff.. just trying get back as much as I can. I had all this experimental code that I never submitted that is lost for good :(
2012-07-17T23:11:20  <grom358> like an early version where the ant recorded which tiles it had been to and which directions it had explored. was a great maze crawler
2012-07-17T23:13:09  *** asdf_ <asdf_!4b161427@gateway/web/freenode/ip.75.22.20.39> has quit IRC (Quit: Page closed)
2012-07-17T23:15:55  *** Mickcy <Mickcy!scarlet@204.176.194.17> has joined #aichallenge
2012-07-17T23:16:11  *** Flandere <Flandere!scarlet@204.176.194.17> has quit IRC (Ping timeout: 252 seconds)
