2012-01-30T00:04:08  *** Areks|2 <Areks|2!~Areks@rs.gridnine.com> has joined #aichallenge
2012-01-30T00:05:11  *** mleise <mleise!~marco@dslb-088-070-139-144.pools.arcor-ip.net> has joined #aichallenge
2012-01-30T01:19:42  *** Garf <Garf!~Garf@78-22-80-252.access.telenet.be> has joined #aichallenge
2012-01-30T01:35:23  *** TheLinker <TheLinker!~TheLinker@host80.190-226-80.telecom.net.ar> has quit IRC (Quit: Bye)
2012-01-30T02:25:16  *** Palmik <Palmik!~palmik@man-208-200.pks.muni.cz> has joined #aichallenge
2012-01-30T02:49:11  *** treeform <treeform!~treeform@c-69-181-52-73.hsd1.ca.comcast.net> has quit IRC (Remote host closed the connection)
2012-01-30T03:05:20  *** treeform <treeform!~treeform@c-69-181-52-73.hsd1.ca.comcast.net> has joined #aichallenge
2012-01-30T03:05:58  *** epicmonkey <epicmonkey!~epicmonke@188.134.41.210> has joined #aichallenge
2012-01-30T03:06:37  *** antimatroidl <antimatroidl!~Adium@217.106-27-211.dynamic.dsl.mel.iprimus.net.au> has joined #aichallenge
2012-01-30T03:09:07  *** treeform <treeform!~treeform@c-69-181-52-73.hsd1.ca.comcast.net> has quit IRC (Remote host closed the connection)
2012-01-30T03:11:24  *** coeus <coeus!~coeus@dslb-084-061-060-194.pools.arcor-ip.net> has quit IRC (Ping timeout: 244 seconds)
2012-01-30T03:28:42  *** kire <kire!~kire@78-22-121-142.access.telenet.be> has joined #aichallenge
2012-01-30T03:30:11  *** Blkt <Blkt!~user@89-96-199-46.ip13.fastwebnet.it> has joined #aichallenge
2012-01-30T03:31:41  <Blkt> good morning everyone
2012-01-30T03:45:14  *** Kurnevsky <Kurnevsky!~Errins@46.56.175.73> has joined #aichallenge
2012-01-30T03:48:05  *** epicmonkey <epicmonkey!~epicmonke@188.134.41.210> has quit IRC (Ping timeout: 244 seconds)
2012-01-30T03:57:23  *** Israfel <Israfel!~jeff@99-0-14-82.lightspeed.frokca.sbcglobal.net> has quit IRC (Ping timeout: 240 seconds)
2012-01-30T03:59:34  *** rb__ <rb__!~jamesq@cpc21-rdng21-2-0-cust111.15-3.cable.virginmedia.com> has quit IRC (Ping timeout: 255 seconds)
2012-01-30T04:07:48  *** Israfel <Israfel!~jeff@99-0-14-82.lightspeed.frokca.sbcglobal.net> has joined #aichallenge
2012-01-30T04:08:25  *** mviel <mviel!~mviel@45.227.73.86.rev.sfr.net> has joined #aichallenge
2012-01-30T04:31:27  *** jcdjcd <jcdjcd!~bugnuts@pool-74-108-37-233.nycmny.fios.verizon.net> has joined #aichallenge
2012-01-30T04:34:47  *** jcdny <jcdny!~bugnuts@pool-74-108-37-233.nycmny.fios.verizon.net> has quit IRC (Ping timeout: 252 seconds)
2012-01-30T04:34:50  *** sigh <sigh!~sigh@ppp114-153.static.internode.on.net> has joined #aichallenge
2012-01-30T04:42:35  *** mviel_ <mviel_!~mviel@213.163.164.204> has joined #aichallenge
2012-01-30T04:46:58  *** mviel <mviel!~mviel@45.227.73.86.rev.sfr.net> has quit IRC (Ping timeout: 276 seconds)
2012-01-30T05:02:01  *** Areks|2 <Areks|2!~Areks@rs.gridnine.com> has quit IRC (Ping timeout: 272 seconds)
2012-01-30T05:16:46  *** Areks|2 <Areks|2!~Areks@rs.gridnine.com> has joined #aichallenge
2012-01-30T06:12:35  *** guido <guido!4df823ca@gateway/web/freenode/ip.77.248.35.202> has joined #aichallenge
2012-01-30T06:12:42  <guido> hello
2012-01-30T06:12:57  <guido> can some1 help me, I have problems starting the software
2012-01-30T06:13:00  *** guido is now known as Guest2887
2012-01-30T06:16:02  <Guest2887> I want to try my own bot, but I can't start it :(
2012-01-30T06:24:05  *** ikaros <ikaros!~ikaros@dslb-094-219-214-087.pools.arcor-ip.net> has joined #aichallenge
2012-01-30T07:00:07  *** antimatroidl <antimatroidl!~Adium@217.106-27-211.dynamic.dsl.mel.iprimus.net.au> has quit IRC (Quit: Leaving.)
2012-01-30T07:13:32  *** pairofdice <pairofdice!~pod@dsl-hkibrasgw2-ff67c300-50.dhcp.inet.fi> has joined #aichallenge
2012-01-30T07:16:44  <Guest2887> any1 here who can help me please?
2012-01-30T08:10:52  *** De_Moon <De_Moon!~programis@213.231.192.5> has joined #aichallenge
2012-01-30T08:11:29  *** De_Moon <De_Moon!~programis@213.231.192.5> has left #aichallenge ("Wychodzi")
2012-01-30T08:43:15  *** wtpayne <wtpayne!~textual@rrcs-184-75-39-118.nyc.biz.rr.com> has joined #aichallenge
2012-01-30T08:53:26  *** sigh <sigh!~sigh@ppp114-153.static.internode.on.net> has quit IRC (Remote host closed the connection)
2012-01-30T08:57:24  *** mceier <mceier!~mceier@89-77-140-105.dynamic.chello.pl> has joined #aichallenge
2012-01-30T09:02:37  *** amstan <amstan!~alex@aichallenge/admin/amstan> has joined #aichallenge
2012-01-30T09:02:37  *** ChanServ sets mode: +o amstan
2012-01-30T09:46:21  *** alehorst <alehorst!~alehorst@189.26.61.225.dynamic.adsl.gvt.net.br> has quit IRC (Read error: Connection reset by peer)
2012-01-30T10:07:26  *** Areks|2 <Areks|2!~Areks@rs.gridnine.com> has quit IRC (Read error: Connection reset by peer)
2012-01-30T10:26:17  *** Guest2887 <Guest2887!4df823ca@gateway/web/freenode/ip.77.248.35.202> has quit IRC (Quit: Page closed)
2012-01-30T10:40:05  *** dapplegate <dapplegate!~dan@206.217.79.178> has joined #aichallenge
2012-01-30T10:41:11  *** mviel__ <mviel__!~mviel@213.163.164.204> has joined #aichallenge
2012-01-30T10:45:09  *** mviel_ <mviel_!~mviel@213.163.164.204> has quit IRC (Ping timeout: 276 seconds)
2012-01-30T10:47:06  *** mviel__ <mviel__!~mviel@213.163.164.204> has quit IRC (Ping timeout: 276 seconds)
2012-01-30T11:16:16  *** kire <kire!~kire@78-22-121-142.access.telenet.be> has quit IRC (Read error: Connection reset by peer)
2012-01-30T11:20:40  *** amstan <amstan!~alex@aichallenge/admin/amstan> has quit IRC (Quit: Konversation terminated!)
2012-01-30T11:21:39  *** amstan <amstan!~alex@aichallenge/admin/amstan> has joined #aichallenge
2012-01-30T11:21:40  *** ChanServ sets mode: +o amstan
2012-01-30T11:35:56  *** treeform <treeform!~treeform@c-69-181-52-73.hsd1.ca.comcast.net> has joined #aichallenge
2012-01-30T12:06:26  *** lhb__ <lhb__!~raemde@dslb-088-073-176-222.pools.arcor-ip.net> has joined #aichallenge
2012-01-30T12:09:30  *** raemde_ <raemde_!~raemde@dslb-088-073-215-231.pools.arcor-ip.net> has quit IRC (Ping timeout: 252 seconds)
2012-01-30T12:18:05  *** rofer <rofer!javagamer@ip-69-162-134-31.static.chi2.systeminplace.net> has quit IRC (Ping timeout: 244 seconds)
2012-01-30T12:22:36  *** rofer <rofer!javagamer@ip-69-162-134-31.static.chi2.systeminplace.net> has joined #aichallenge
2012-01-30T12:25:52  *** Blkt <Blkt!~user@89-96-199-46.ip13.fastwebnet.it> has quit IRC (Remote host closed the connection)
2012-01-30T12:28:52  *** coeus <coeus!~coeus@dslb-084-061-060-194.pools.arcor-ip.net> has joined #aichallenge
2012-01-30T12:36:14  *** amstan <amstan!~alex@aichallenge/admin/amstan> has quit IRC (Quit: Konversation terminated!)
2012-01-30T12:40:14  *** amstan <amstan!~alex@aichallenge/admin/amstan> has joined #aichallenge
2012-01-30T12:40:15  *** ChanServ sets mode: +o amstan
2012-01-30T12:40:42  *** antimatroidl <antimatroidl!~Adium@217.106-27-211.dynamic.dsl.mel.iprimus.net.au> has joined #aichallenge
2012-01-30T12:43:03  *** mviel_ <mviel_!~mviel@213.163.164.204> has joined #aichallenge
2012-01-30T12:43:51  *** sevikkk <sevikkk!~sevikkk@82.193.102.250.ipnet.kiev.ua> has quit IRC (Ping timeout: 260 seconds)
2012-01-30T12:44:19  *** dici <dici!~Dici@port-92-204-91-108.dynamic.qsc.de> has joined #aichallenge
2012-01-30T12:48:05  *** sevikkk <sevikkk!~sevikkk@82.193.102.250.ipnet.kiev.ua> has joined #aichallenge
2012-01-30T12:49:27  *** TheLinker <TheLinker!~TheLinker@host80.190-226-80.telecom.net.ar> has joined #aichallenge
2012-01-30T12:49:32  *** treeform <treeform!~treeform@c-69-181-52-73.hsd1.ca.comcast.net> has quit IRC (Remote host closed the connection)
2012-01-30T13:00:23  *** sevikkk <sevikkk!~sevikkk@82.193.102.250.ipnet.kiev.ua> has quit IRC (Read error: Operation timed out)
2012-01-30T13:02:04  *** sevikkk <sevikkk!~sevikkk@82.193.102.250.ipnet.kiev.ua> has joined #aichallenge
2012-01-30T13:14:47  *** g0llum <g0llum!~g0llum@89.204.139.74> has joined #aichallenge
2012-01-30T13:27:23  *** kire <kire!~kire@78-22-121-142.access.telenet.be> has joined #aichallenge
2012-01-30T13:44:24  *** treeform <treeform!~treeform@108.60.121.46> has joined #aichallenge
2012-01-30T13:51:21  *** moRtem <moRtem!~moRtem@91-115-186-167.adsl.highway.telekom.at> has joined #aichallenge
2012-01-30T13:54:43  *** coeus <coeus!~coeus@dslb-084-061-060-194.pools.arcor-ip.net> has quit IRC (Ping timeout: 252 seconds)
2012-01-30T14:06:07  *** amstan <amstan!~alex@aichallenge/admin/amstan> has quit IRC (Quit: Konversation terminated!)
2012-01-30T14:06:32  *** amstan <amstan!~alex@aichallenge/admin/amstan> has joined #aichallenge
2012-01-30T14:06:32  *** ChanServ sets mode: +o amstan
2012-01-30T14:26:09  *** antimatroidl <antimatroidl!~Adium@217.106-27-211.dynamic.dsl.mel.iprimus.net.au> has quit IRC (Quit: Leaving.)
2012-01-30T14:31:57  *** justin_pdx <justin_pdx!~Justin@66.206.86.146> has joined #aichallenge
2012-01-30T14:44:48  *** choas <choas!~lars@p5795C1C9.dip.t-dialin.net> has joined #aichallenge
2012-01-30T14:52:14  *** justin_pdx <justin_pdx!~Justin@66.206.86.146> has quit IRC (Quit: justin_pdx)
2012-01-30T14:57:28  *** Accoun <Accoun!~1@static-213-88-39-97.chebnet.ru> has quit IRC ()
2012-01-30T15:14:30  *** Accoun <Accoun!~1@static-213-88-39-97.chebnet.ru> has joined #aichallenge
2012-01-30T15:15:06  *** thestinger <thestinger!~strcat@CPE98fc1165cb6f-CM00159a09b2d0.cpe.net.cable.rogers.com> has joined #aichallenge
2012-01-30T15:41:58  *** epicmonkey <epicmonkey!~epicmonke@188.134.41.210> has joined #aichallenge
2012-01-30T15:49:51  *** Kurnevsky <Kurnevsky!~Errins@46.56.175.73> has quit IRC (Quit: Instantbird 1.0)
2012-01-30T16:16:03  *** dici <dici!~Dici@port-92-204-91-108.dynamic.qsc.de> has quit IRC (Quit: ( www.nnscript.com :: NoNameScript 4.22 :: www.esnation.com ))
2012-01-30T16:21:10  *** amstan <amstan!~alex@aichallenge/admin/amstan> has quit IRC (Quit: Konversation terminated!)
2012-01-30T16:21:32  *** moRtem <moRtem!~moRtem@91-115-186-167.adsl.highway.telekom.at> has quit IRC (Quit: Verlassend)
2012-01-30T16:39:28  *** antimatroidl <antimatroidl!~Adium@217.106-27-211.dynamic.dsl.mel.iprimus.net.au> has joined #aichallenge
2012-01-30T16:44:55  *** rwest <rwest!~rwest@63-252-205-228.ip.mcleodusa.net> has joined #aichallenge
2012-01-30T16:51:07  *** epicmonkey <epicmonkey!~epicmonke@188.134.41.210> has quit IRC (Ping timeout: 276 seconds)
2012-01-30T17:06:15  *** wtpayne <wtpayne!~textual@rrcs-184-75-39-118.nyc.biz.rr.com> has quit IRC ()
2012-01-30T17:15:23  *** antimatroidl <antimatroidl!~Adium@217.106-27-211.dynamic.dsl.mel.iprimus.net.au> has quit IRC (Quit: Leaving.)
2012-01-30T17:16:14  *** mindeavor <mindeavor!~mindeavor@cpe-72-177-90-12.austin.res.rr.com> has joined #aichallenge
2012-01-30T17:16:51  *** rwest <rwest!~rwest@63-252-205-228.ip.mcleodusa.net> has quit IRC (Quit: leaving)
2012-01-30T17:20:06  *** jcdjcd is now known as jcdny
2012-01-30T17:28:48  *** amstan <amstan!~alex@aichallenge/admin/amstan> has joined #aichallenge
2012-01-30T17:28:48  *** ChanServ sets mode: +o amstan
2012-01-30T17:38:28  *** antimatroidl <antimatroidl!~Adium@217.106-27-211.dynamic.dsl.mel.iprimus.net.au> has joined #aichallenge
2012-01-30T17:38:37  *** Apophis <Apophis!~apophis@80-218-68-103.dclient.hispeed.ch> has quit IRC (Quit: Verlassend)
2012-01-30T17:39:05  *** Apophis <Apophis!~apophis@80-218-68-103.dclient.hispeed.ch> has joined #aichallenge
2012-01-30T17:41:07  *** ikaros <ikaros!~ikaros@dslb-094-219-214-087.pools.arcor-ip.net> has quit IRC (Quit: Ex-Chat)
2012-01-30T17:41:10  *** kire <kire!~kire@78-22-121-142.access.telenet.be> has quit IRC (Quit: Leaving)
2012-01-30T17:41:57  *** antimatroidl <antimatroidl!~Adium@217.106-27-211.dynamic.dsl.mel.iprimus.net.au> has quit IRC (Client Quit)
2012-01-30T17:43:36  *** Bluedgis <Bluedgis!~redgis@88-191-147-49.rev.dedibox.fr> has quit IRC (Quit: leaving)
2012-01-30T17:51:49  *** TheLinker <TheLinker!~TheLinker@host80.190-226-80.telecom.net.ar> has quit IRC (Remote host closed the connection)
2012-01-30T18:05:36  *** mceier <mceier!~mceier@89-77-140-105.dynamic.chello.pl> has quit IRC (Quit: leaving)
2012-01-30T18:09:15  *** choas <choas!~lars@p5795C1C9.dip.t-dialin.net> has quit IRC (Read error: Operation timed out)
2012-01-30T18:28:31  *** g0llum <g0llum!~g0llum@89.204.139.74> has quit IRC (Read error: Connection reset by peer)
2012-01-30T18:43:45  *** Jak_o_Shadows <Jak_o_Shadows!~Fake@CPE-144-136-214-52.sa.bigpond.net.au> has joined #aichallenge
2012-01-30T18:44:22  *** mindeavor <mindeavor!~mindeavor@cpe-72-177-90-12.austin.res.rr.com> has quit IRC (Quit: mindeavor)
2012-01-30T18:46:36  *** antimatroidl <antimatroidl!~Adium@student-nat-209.uconnect.utas.edu.au> has joined #aichallenge
2012-01-30T18:49:26  *** antimatroidl <antimatroidl!~Adium@student-nat-209.uconnect.utas.edu.au> has quit IRC (Client Quit)
2012-01-30T18:59:40  *** amstan_ <amstan_!~alex@aichallenge/admin/amstan> has joined #aichallenge
2012-01-30T18:59:41  *** ChanServ sets mode: +o amstan_
2012-01-30T19:01:08  *** amstan <amstan!~alex@aichallenge/admin/amstan> has quit IRC (Ping timeout: 245 seconds)
2012-01-30T19:01:31  *** antimatroidl <antimatroidl!~Adium@student-nat-209.uconnect.utas.edu.au> has joined #aichallenge
2012-01-30T19:08:08  *** coeus <coeus!~coeus@dslb-084-061-060-194.pools.arcor-ip.net> has joined #aichallenge
2012-01-30T19:09:32  *** pairofdice <pairofdice!~pod@dsl-hkibrasgw2-ff67c300-50.dhcp.inet.fi> has quit IRC (Quit: When cryptography is outlawed, bayl bhgynjf jvyy unir cevinpl.)
2012-01-30T19:26:09  *** replore <replore!~replore@203.152.213.161.static.zoot.jp> has joined #aichallenge
2012-01-30T19:43:27  *** CIA-41 <CIA-41!~CIA@cia.atheme.org> has quit IRC (Ping timeout: 252 seconds)
2012-01-30T19:43:37  *** CIA-7 <CIA-7!~CIA@cia.atheme.org> has joined #aichallenge
2012-01-30T19:47:54  *** antimatroidl <antimatroidl!~Adium@student-nat-209.uconnect.utas.edu.au> has quit IRC (Ping timeout: 248 seconds)
2012-01-30T19:48:17  *** antimatroidl <antimatroidl!~Adium@student-nat-209.uconnect.utas.edu.au> has joined #aichallenge
2012-01-30T19:54:50  *** antimatroidl <antimatroidl!~Adium@student-nat-209.uconnect.utas.edu.au> has quit IRC (Ping timeout: 248 seconds)
2012-01-30T19:56:47  *** antimatroidl <antimatroidl!~Adium@student-nat-209.uconnect.utas.edu.au> has joined #aichallenge
2012-01-30T20:00:54  *** dapplegate <dapplegate!~dan@206.217.79.178> has quit IRC (Quit: Ex-Chat)
2012-01-30T20:02:07  *** Palmik <Palmik!~palmik@man-208-200.pks.muni.cz> has quit IRC ()
2012-01-30T20:10:02  *** amstan_ <amstan_!~alex@aichallenge/admin/amstan> has quit IRC (Ping timeout: 276 seconds)
2012-01-30T20:19:35  *** antimatroidl <antimatroidl!~Adium@student-nat-209.uconnect.utas.edu.au> has quit IRC (Quit: Leaving.)
2012-01-30T20:44:47  *** TokyoDan <TokyoDan!6f64d733@gateway/web/freenode/ip.111.100.215.51> has joined #aichallenge
2012-01-30T20:49:27  *** TokyoDan <TokyoDan!6f64d733@gateway/web/freenode/ip.111.100.215.51> has quit IRC (Client Quit)
2012-01-30T20:57:18  *** wtpayne <wtpayne!~textual@pool-108-14-209-60.nycmny.east.verizon.net> has joined #aichallenge
2012-01-30T21:02:27  *** replore <replore!~replore@203.152.213.161.static.zoot.jp> has quit IRC (Remote host closed the connection)
2012-01-30T21:10:28  *** antimatroidl <antimatroidl!~Adium@student-nat-209.uconnect.utas.edu.au> has joined #aichallenge
2012-01-30T21:13:59  *** antimatroidl1 <antimatroidl1!~Adium@student-nat-209.uconnect.utas.edu.au> has joined #aichallenge
2012-01-30T21:14:27  *** antimatroidl <antimatroidl!~Adium@student-nat-209.uconnect.utas.edu.au> has quit IRC (Read error: Connection reset by peer)
2012-01-30T21:27:15  *** antimatroid <antimatroid!~nick@217.106-27-211.dynamic.dsl.mel.iprimus.net.au> has quit IRC (*.net *.split)
2012-01-30T21:27:16  *** jbroman <jbroman!~jbroman@taurine.csclub.uwaterloo.ca> has quit IRC (*.net *.split)
2012-01-30T21:27:16  *** delt0r <delt0r!~bob@weissmann.cibiv.univie.ac.at> has quit IRC (*.net *.split)
2012-01-30T21:27:16  *** AndrewBC <AndrewBC!~andrewbc@scarlet.andrewbc.net> has quit IRC (*.net *.split)
2012-01-30T21:27:16  *** andar <andar!~andrew@S010600179adc70b4.gv.shawcable.net> has quit IRC (*.net *.split)
2012-01-30T21:27:16  *** isbric <isbric!~isbric@c-915be255.020-12-6875761.cust.bredbandsbolaget.se> has quit IRC (*.net *.split)
2012-01-30T21:27:20  *** isbric <isbric!~isbric@c-915be255.020-12-6875761.cust.bredbandsbolaget.se> has joined #aichallenge
2012-01-30T21:27:30  *** delt0r <delt0r!~bob@weissmann.cibiv.univie.ac.at> has joined #aichallenge
2012-01-30T21:27:44  *** antimatroid <antimatroid!~nick@217.106-27-211.dynamic.dsl.mel.iprimus.net.au> has joined #aichallenge
2012-01-30T21:27:44  *** andar <andar!~andrew@S010600179adc70b4.gv.shawcable.net> has joined #aichallenge
2012-01-30T21:28:01  *** jbroman <jbroman!~jbroman@taurine.csclub.uwaterloo.ca> has joined #aichallenge
2012-01-30T21:32:20  *** AndrewBC <AndrewBC!~andrewbc@scarlet.andrewbc.net> has joined #aichallenge
2012-01-30T22:05:44  *** amstan_ <amstan_!~alex@aichallenge/admin/amstan> has joined #aichallenge
2012-01-30T22:05:44  *** ChanServ sets mode: +o amstan_
2012-01-30T22:13:13  *** mindeavor <mindeavor!~mindeavor@cpe-72-177-90-12.austin.res.rr.com> has joined #aichallenge
2012-01-30T22:20:26  *** antimatroidl1 <antimatroidl1!~Adium@student-nat-209.uconnect.utas.edu.au> has quit IRC (Ping timeout: 248 seconds)
2012-01-30T22:21:47  *** antimatroidl <antimatroidl!~Adium@student-nat-209.uconnect.utas.edu.au> has joined #aichallenge
2012-01-30T22:25:41  *** amstan <amstan!~alex@aichallenge/admin/amstan> has joined #aichallenge
2012-01-30T22:25:41  *** ChanServ sets mode: +o amstan
2012-01-30T22:26:35  *** Chris_0076 <Chris_0076!~Chris_007@adsl-74-190-54-22.asm.bellsouth.net> has quit IRC (Quit: Leaving)
2012-01-30T22:27:10  *** antimatroidl <antimatroidl!~Adium@student-nat-209.uconnect.utas.edu.au> has quit IRC (Quit: Leaving.)
2012-01-30T22:28:26  *** chris_0076 <chris_0076!~chris_007@adsl-74-190-54-22.asm.bellsouth.net> has joined #aichallenge
2012-01-30T22:28:30  *** amstan_ <amstan_!~alex@aichallenge/admin/amstan> has quit IRC (Ping timeout: 276 seconds)
2012-01-30T23:01:11  *** amstan <amstan!~alex@aichallenge/admin/amstan> has quit IRC (Ping timeout: 252 seconds)
2012-01-30T23:03:10  *** treeform <treeform!~treeform@108.60.121.46> has quit IRC (Remote host closed the connection)
2012-01-30T23:03:36  *** treeform <treeform!~treeform@108.60.121.46> has joined #aichallenge
2012-01-30T23:34:43  *** treeform <treeform!~treeform@c-69-181-52-73.hsd1.ca.comcast.net> has joined #aichallenge
2012-01-30T23:35:52  *** antimatroidl <antimatroidl!~Adium@217.106-27-211.dynamic.dsl.mel.iprimus.net.au> has joined #aichallenge
2012-01-30T23:54:33  *** Jak_o_Shadows1 <Jak_o_Shadows1!~Fake@CPE-144-136-214-52.sa.bigpond.net.au> has joined #aichallenge
2012-01-30T23:54:41  *** Jak_o_Shadows <Jak_o_Shadows!~Fake@CPE-144-136-214-52.sa.bigpond.net.au> has quit IRC (Disconnected by services)
