2011-09-02T00:06:03  *** ArchMonkey_ <ArchMonkey_!~ArchMonke@S0106001b63f2b998.ok.shawcable.net> has joined #aichallenge
2011-09-02T00:06:53  *** ArchMonkey__ <ArchMonkey__!~ArchMonke@S0106001b63f2b998.ok.shawcable.net> has joined #aichallenge
2011-09-02T00:07:55  *** ArchMonkey___ <ArchMonkey___!~ArchMonke@S0106001b63f2b998.ok.shawcable.net> has joined #aichallenge
2011-09-02T00:08:15  *** ArchMonkey <ArchMonkey!~ArchMonke@S0106001b63f2b998.ok.shawcable.net> has quit IRC (Ping timeout: 252 seconds)
2011-09-02T00:08:16  *** ArchMonkey___ is now known as ArchMonkey
2011-09-02T00:08:42  *** ArchMonkey___ <ArchMonkey___!~ArchMonke@S0106001b63f2b998.ok.shawcable.net> has joined #aichallenge
2011-09-02T00:10:43  *** ArchMonkey_ <ArchMonkey_!~ArchMonke@S0106001b63f2b998.ok.shawcable.net> has quit IRC (Ping timeout: 260 seconds)
2011-09-02T00:11:18  *** ArchMonkey__ <ArchMonkey__!~ArchMonke@S0106001b63f2b998.ok.shawcable.net> has quit IRC (Ping timeout: 260 seconds)
2011-09-02T00:12:36  *** okayzed is now known as okay|
2011-09-02T00:12:41  *** ArchMonkey <ArchMonkey!~ArchMonke@S0106001b63f2b998.ok.shawcable.net> has quit IRC (Ping timeout: 240 seconds)
2011-09-02T00:12:41  *** ArchMonkey___ is now known as ArchMonkey
2011-09-02T00:28:11  *** sigh <sigh!~sigh@ppp114-153.static.internode.on.net> has joined #aichallenge
2011-09-02T00:48:43  *** ibdknox <ibdknox!~ibdknox@2002:62d2:c0c0:1234:185b:80d3:2e60:c069> has joined #aichallenge
2011-09-02T00:55:22  *** deeper-blue <deeper-blue!~deeper-bl@96.24.31.153> has quit IRC (Quit: deeper-blue)
2011-09-02T01:33:40  *** antimatroid <antimatroid!~nick@82.129-134-203.dynamic.dsl.mel.iprimus.net.au> has joined #aichallenge
2011-09-02T02:03:28  *** boegel <boegel!~boegel@91.182.220.20> has joined #aichallenge
2011-09-02T02:06:45  *** sigh <sigh!~sigh@ppp114-153.static.internode.on.net> has quit IRC (Read error: Connection reset by peer)
2011-09-02T02:21:03  *** okay| is now known as okayzed
2011-09-02T02:38:29  *** amstan <amstan!~alex@c-24-3-83-125.hsd1.pa.comcast.net> has quit IRC (Ping timeout: 245 seconds)
2011-09-02T02:50:57  *** delt0r_ <delt0r_!~bob@213-33-23-128.adsl.highway.telekom.at> has quit IRC (Ping timeout: 276 seconds)
2011-09-02T03:03:23  *** delt0r_ <delt0r_!~bob@178-191-191-84.adsl.highway.telekom.at> has joined #aichallenge
2011-09-02T03:19:17  *** Palmik <Palmik!~palmik@120-49-80-78.tmcz.cz> has joined #aichallenge
2011-09-02T03:21:42  *** aerique <aerique!310225@xs8.xs4all.nl> has joined #aichallenge
2011-09-02T03:28:51  *** ltriant <ltriant!~ltriant@lithium.mailguard.com.au> has quit IRC (Quit: Get MacIrssi - http://www.sysctl.co.uk/projects/macirssi/)
2011-09-02T03:44:39  <delt0r_> refactor time... oh funzor
2011-09-02T04:11:01  *** jako <jako!5b2cc02e@gateway/web/freenode/ip.91.44.192.46> has joined #aichallenge
2011-09-02T04:17:40  *** GreenTea <GreenTea!c15d66f9@gateway/web/freenode/ip.193.93.102.249> has joined #aichallenge
2011-09-02T04:18:29  <GreenTea> hi
2011-09-02T04:19:31  <GreenTea> who knows why different bots has so differend game rate?
2011-09-02T04:19:48  <GreenTea> my bot is playing 1 game per 6 hours..
2011-09-02T04:21:22  <GreenTea> revolt much-much frequently
2011-09-02T04:21:47  <GreenTea> if there is way to fix it - tell my - Im ready to do this
2011-09-02T04:40:23  *** ibdknox <ibdknox!~ibdknox@2002:62d2:c0c0:1234:185b:80d3:2e60:c069> has quit IRC (Read error: Connection reset by peer)
2011-09-02T04:41:01  *** ibdknox <ibdknox!~ibdknox@c-98-210-192-192.hsd1.ca.comcast.net> has joined #aichallenge
2011-09-02T04:44:43  *** FireFly <FireFly!~firefly@1-1-3-36a.tul.sth.bostream.se> has joined #aichallenge
2011-09-02T04:44:50  *** FireFly <FireFly!~firefly@unaffiliated/firefly> has joined #aichallenge
2011-09-02T04:45:17  *** berak <berak!~chatzilla@89.204.153.133> has joined #aichallenge
2011-09-02T04:46:34  <delt0r_> GreenTea: i do believe it something that is still being worked on.
2011-09-02T05:15:52  *** ibdknox <ibdknox!~ibdknox@c-98-210-192-192.hsd1.ca.comcast.net> has quit IRC (Remote host closed the connection)
2011-09-02T05:48:47  *** GreenTea <GreenTea!c15d66f9@gateway/web/freenode/ip.193.93.102.249> has quit IRC (Quit: Page closed)
2011-09-02T06:04:55  *** mathis <mathis!55b3e832@gateway/web/freenode/ip.85.179.232.50> has joined #aichallenge
2011-09-02T06:35:54  *** sigh <sigh!~sigh@ppp114-153.static.internode.on.net> has joined #aichallenge
2011-09-02T06:47:21  *** mceier <mceier!~mceier@89-77-208-118.dynamic.chello.pl> has joined #aichallenge
2011-09-02T06:51:32  *** mleise <mleise!~marco@dslb-088-070-152-209.pools.arcor-ip.net> has joined #aichallenge
2011-09-02T07:03:32  *** berak <berak!~chatzilla@89.204.153.133> has quit IRC (Quit: ChatZilla 0.9.84 [SeaMonkey 2.0a3/20090223135443])
2011-09-02T07:05:30  *** mleise <mleise!~marco@dslb-088-070-152-209.pools.arcor-ip.net> has quit IRC (Quit: Leaving.)
2011-09-02T07:05:44  *** mleise <mleise!~marco@dslb-088-070-152-209.pools.arcor-ip.net> has joined #aichallenge
2011-09-02T07:15:54  *** Palmik <Palmik!~palmik@120-49-80-78.tmcz.cz> has quit IRC (Remote host closed the connection)
2011-09-02T07:17:44  *** codetiger <codetiger!~codetiger@122.164.131.27> has joined #aichallenge
2011-09-02T07:28:42  *** berak <berak!~chatzilla@89.204.153.133> has joined #aichallenge
2011-09-02T07:31:06  *** jako <jako!5b2cc02e@gateway/web/freenode/ip.91.44.192.46> has quit IRC (Ping timeout: 252 seconds)
2011-09-02T07:41:52  *** codetiger <codetiger!~codetiger@122.164.131.27> has left #aichallenge
2011-09-02T07:48:54  <delt0r_> found a bug... I was not checking to see if ants where dead for food.. so a dead ant could spawn a live one... ops
2011-09-02T08:01:36  *** boegel <boegel!~boegel@91.182.220.20> has quit IRC (Quit: This computer has gone to sleep)
2011-09-02T08:42:30  <mleise> nice feature. i see some dying sci-fi martyr push the button to kill the alien. "take that mofo! ARRRR"
2011-09-02T08:49:55  *** boegel <boegel!~boegel@91.182.220.20> has joined #aichallenge
2011-09-02T08:59:26  *** deeper-blue <deeper-blue!~deeper-bl@96.24.31.153> has joined #aichallenge
2011-09-02T09:24:20  *** sigh <sigh!~sigh@ppp114-153.static.internode.on.net> has quit IRC (Remote host closed the connection)
2011-09-02T09:24:42  *** ArchMonkey_ <ArchMonkey_!~ArchMonke@S0106001b63f2b998.ok.shawcable.net> has joined #aichallenge
2011-09-02T09:26:41  *** ArchMonkey <ArchMonkey!~ArchMonke@S0106001b63f2b998.ok.shawcable.net> has quit IRC (Ping timeout: 240 seconds)
2011-09-02T09:26:41  *** ArchMonkey_ is now known as ArchMonkey
2011-09-02T09:26:57  *** sigh <sigh!~sigh@ppp114-153.static.internode.on.net> has joined #aichallenge
2011-09-02T09:35:50  *** amstan <amstan!~alex@c-24-3-83-125.hsd1.pa.comcast.net> has joined #aichallenge
2011-09-02T09:35:50  *** ChanServ sets mode: +o amstan
2011-09-02T09:55:59  *** amstan <amstan!~alex@c-24-3-83-125.hsd1.pa.comcast.net> has quit IRC (Ping timeout: 245 seconds)
2011-09-02T10:07:15  *** deeper-blue <deeper-blue!~deeper-bl@96.24.31.153> has quit IRC (Quit: deeper-blue)
2011-09-02T10:11:34  <SimonT> What version of python would you recommend using? I'm running windows and I think I'll write my bot in Python as well. The starter packet says Python 2.5, can I use 2.7?
2011-09-02T10:13:58  <mleise> Do use 2.7! The tools wont work with older versions of Python
2011-09-02T10:14:16  <SimonT> Thanks
2011-09-02T10:19:21  *** okayzed is now known as okay|
2011-09-02T10:23:28  *** boegel <boegel!~boegel@91.182.220.20> has quit IRC (Ping timeout: 264 seconds)
2011-09-02T10:25:58  <delt0r> what is the word on things like java packages in submissions?
2011-09-02T10:31:49  *** aerique <aerique!310225@xs8.xs4all.nl> has quit IRC (Quit: ...)
2011-09-02T10:37:58  *** amstan <amstan!~alex@c-24-3-83-125.hsd1.pa.comcast.net> has joined #aichallenge
2011-09-02T10:37:58  *** ChanServ sets mode: +o amstan
2011-09-02T10:45:39  *** deeper-blue <deeper-blue!~deeper-bl@dhcp226.esam.northwestern.edu> has joined #aichallenge
2011-09-02T10:49:06  *** delt0r_ <delt0r_!~bob@178-191-191-84.adsl.highway.telekom.at> has quit IRC (Read error: Operation timed out)
2011-09-02T10:56:24  *** amstan <amstan!~alex@c-24-3-83-125.hsd1.pa.comcast.net> has quit IRC (Ping timeout: 245 seconds)
2011-09-02T11:01:05  *** okay| is now known as okayzed
2011-09-02T11:03:54  *** delt0r_ <delt0r_!~bob@178-191-251-188.adsl.highway.telekom.at> has joined #aichallenge
2011-09-02T11:25:46  *** sigh <sigh!~sigh@ppp114-153.static.internode.on.net> has quit IRC (Remote host closed the connection)
2011-09-02T11:28:58  *** sigh <sigh!~sigh@ppp114-153.static.internode.on.net> has joined #aichallenge
2011-09-02T11:32:21  *** mcstar <mcstar!~mcstar@adsl-89-134-11-201.monradsl.monornet.hu> has joined #aichallenge
2011-09-02T11:57:24  <CIA-48> aichallenge: Scott Hamilton epsilon * re89a934 / worker/engine.py :
2011-09-02T11:57:24  <CIA-48> aichallenge: Merge pull request #242 from zr40/epsilon
2011-09-02T11:57:24  <CIA-48> aichallenge: Correct too-high ranking for players ranked lower than tied players - http://git.io/xCp1-A
2011-09-02T12:07:56  *** mathis <mathis!55b3e832@gateway/web/freenode/ip.85.179.232.50> has quit IRC (Disconnected by services)
2011-09-02T12:13:27  *** mleise <mleise!~marco@dslb-088-070-152-209.pools.arcor-ip.net> has quit IRC (Quit: Leaving.)
2011-09-02T12:14:54  *** bhasker <bhasker!~bhasker@99-162-151-97.lightspeed.sntcca.sbcglobal.net> has quit IRC (Quit: bhasker)
2011-09-02T12:31:50  *** okayzed is now known as okay|
2011-09-02T13:27:21  *** SimonT <SimonT!~chatzilla@unaffiliated/simon14> has quit IRC (Quit: rebooting)
2011-09-02T13:33:15  *** SimonT <SimonT!~chatzilla@unaffiliated/simon14> has joined #aichallenge
2011-09-02T14:03:19  *** mathis <mathis!1f102a0e@gateway/web/freenode/ip.31.16.42.14> has joined #aichallenge
2011-09-02T14:03:30  *** bhasker <bhasker!~bhasker@nat/yahoo/x-orhnolexatkfzcsb> has joined #aichallenge
2011-09-02T14:03:50  *** okay| <okay|!~okay@98.158.22.181> has quit IRC (Ping timeout: 260 seconds)
2011-09-02T15:21:29  *** Accoun <Accoun!~1@static-213-88-39-97.chebnet.ru> has quit IRC ()
2011-09-02T15:33:55  *** mleise <mleise!~marco@dslb-088-070-152-209.pools.arcor-ip.net> has joined #aichallenge
2011-09-02T15:36:09  *** kaemo <kaemo!~mad5ci@d58-73.icpnet.pl> has quit IRC (Ping timeout: 258 seconds)
2011-09-02T15:36:13  *** Accoun <Accoun!~1@static-213-88-39-97.chebnet.ru> has joined #aichallenge
2011-09-02T15:50:25  *** kaemo <kaemo!~mad5ci@d58-73.icpnet.pl> has joined #aichallenge
2011-09-02T16:23:39  *** mathis <mathis!1f102a0e@gateway/web/freenode/ip.31.16.42.14> has quit IRC (Quit: Page closed)
2011-09-02T16:28:58  *** mcstar <mcstar!~mcstar@adsl-89-134-11-201.monradsl.monornet.hu> has quit IRC (Quit: WeeChat 0.3.5)
2011-09-02T16:31:07  *** berak <berak!~chatzilla@89.204.153.133> has quit IRC (Quit: ChatZilla 0.9.84 [SeaMonkey 2.0a3/20090223135443])
2011-09-02T16:50:33  *** mathis <mathis!1f102a0e@gateway/web/freenode/ip.31.16.42.14> has joined #aichallenge
2011-09-02T17:38:51  *** mceier <mceier!~mceier@89-77-208-118.dynamic.chello.pl> has quit IRC (Quit: leaving)
2011-09-02T18:14:09  *** amstan <amstan!~alex@c-24-3-83-125.hsd1.pa.comcast.net> has joined #aichallenge
2011-09-02T18:14:09  *** ChanServ sets mode: +o amstan
2011-09-02T18:14:38  *** Eruonen <Eruonen!~c@e198153.upc-e.chello.nl> has quit IRC ()
2011-09-02T18:14:59  *** onensora <onensora!~c@e198153.upc-e.chello.nl> has joined #aichallenge
2011-09-02T18:33:51  *** mathis <mathis!1f102a0e@gateway/web/freenode/ip.31.16.42.14> has quit IRC (Quit: Page closed)
2011-09-02T18:37:22  *** deeper-blue <deeper-blue!~deeper-bl@dhcp226.esam.northwestern.edu> has quit IRC (Quit: deeper-blue)
2011-09-02T18:50:59  *** delt0r_ <delt0r_!~bob@178-191-251-188.adsl.highway.telekom.at> has quit IRC (Ping timeout: 252 seconds)
2011-09-02T19:04:21  *** delt0r_ <delt0r_!~bob@178-190-70-24.adsl.highway.telekom.at> has joined #aichallenge
2011-09-02T19:22:33  *** deeper-blue <deeper-blue!~deeper-bl@96.24.31.153> has joined #aichallenge
2011-09-02T19:25:15  *** okayzed <okayzed!~okay@98.158.22.181> has joined #aichallenge
2011-09-02T19:26:20  *** bhasker <bhasker!~bhasker@nat/yahoo/x-orhnolexatkfzcsb> has quit IRC (Quit: bhasker)
2011-09-02T19:53:07  *** FireFly <FireFly!~firefly@unaffiliated/firefly> has quit IRC (Quit: FireFly)
2011-09-02T20:00:34  *** cody__ <cody__!32008402@gateway/web/freenode/ip.50.0.132.2> has joined #aichallenge
2011-09-02T20:21:06  *** Cyndre_ <Cyndre_!~Cyndre@DOCSIS-181-75.cable-lynx.net> has joined #aichallenge
2011-09-02T20:24:40  *** Cyndre <Cyndre!~Cyndre@2002:41ff:b54b::41ff:b54b> has quit IRC (Ping timeout: 264 seconds)
2011-09-02T21:14:28  *** sigh <sigh!~sigh@ppp114-153.static.internode.on.net> has quit IRC (Remote host closed the connection)
2011-09-02T21:25:29  *** Eruonen <Eruonen!~c@e198153.upc-e.chello.nl> has joined #aichallenge
2011-09-02T21:26:28  *** onensora <onensora!~c@e198153.upc-e.chello.nl> has quit IRC (Ping timeout: 260 seconds)
2011-09-02T21:44:36  *** antimatroid <antimatroid!~nick@82.129-134-203.dynamic.dsl.mel.iprimus.net.au> has quit IRC (Ping timeout: 240 seconds)
2011-09-02T22:19:01  *** sigh <sigh!~sigh@ppp114-153.static.internode.on.net> has joined #aichallenge
2011-09-02T22:32:41  *** sigh <sigh!~sigh@ppp114-153.static.internode.on.net> has quit IRC (Remote host closed the connection)
2011-09-02T23:01:36  *** McLeopold <McLeopold!~Scott@c-98-247-248-39.hsd1.wa.comcast.net> has joined #aichallenge
2011-09-02T23:06:42  *** antimatroid <antimatroid!~nick@82.129-134-203.dynamic.dsl.mel.iprimus.net.au> has joined #aichallenge
2011-09-02T23:39:58  *** sigh <sigh!~sigh@ppp114-153.static.internode.on.net> has joined #aichallenge
