2012-08-13T01:13:07  *** mceier <mceier!~mceier@89-77-239-61.dynamic.chello.pl> has quit IRC (Quit: leaving)
2012-08-13T01:55:39  *** Poke53281 <Poke53281!acda5d98@gateway/web/freenode/ip.172.218.93.152> has joined #aichallenge
2012-08-13T02:38:08  *** mceier <mceier!~mceier@77-252-246-25.ip.netia.com.pl> has joined #aichallenge
2012-08-13T03:50:44  *** mceier <mceier!~mceier@77-252-246-25.ip.netia.com.pl> has quit IRC (Ping timeout: 240 seconds)
2012-08-13T03:52:37  *** mceier <mceier!~mceier@77-252-246-25.ip.netia.com.pl> has joined #aichallenge
2012-08-13T04:04:46  *** amstan_ <amstan_!~alex@aichallenge/admin/amstan> has quit IRC (Quit: Konversation terminated!)
2012-08-13T04:27:28  *** epicmonkey <epicmonkey!~epicmonke@188.134.41.211> has joined #aichallenge
2012-08-13T05:02:09  *** pairofdice <pairofdice!~pod@dsl-hkibrasgw2-fed3df00-232.dhcp.inet.fi> has joined #aichallenge
2012-08-13T05:07:29  *** iglo <iglo!~xy@xdsl-188-118-146-8.dip.osnanet.de> has joined #aichallenge
2012-08-13T05:08:04  *** mcstar <mcstar!~mcstar@adsl-89-135-200-18.monradsl.monornet.hu> has joined #aichallenge
2012-08-13T05:35:47  *** kilae <kilae!~chatzilla@catv-161-018.tbwil.ch> has joined #aichallenge
2012-08-13T05:37:01  *** antimatroid <antimatroid!~nick@206.125-27-211.dynamic.dsl.mel.iprimus.net.au> has quit IRC (Read error: Connection reset by peer)
2012-08-13T05:37:15  *** antimatroid <antimatroid!~nick@206.125-27-211.dynamic.dsl.mel.iprimus.net.au> has joined #aichallenge
2012-08-13T05:43:53  *** Surya <Surya!5c807f83@gateway/web/freenode/ip.92.128.127.131> has joined #aichallenge
2012-08-13T05:44:16  *** Surya is now known as Guest45092
2012-08-13T06:24:34  *** epicmonkey <epicmonkey!~epicmonke@188.134.41.211> has quit IRC (Ping timeout: 276 seconds)
2012-08-13T06:47:44  *** antimatroid <antimatroid!~nick@206.125-27-211.dynamic.dsl.mel.iprimus.net.au> has quit IRC (Ping timeout: 240 seconds)
2012-08-13T06:52:33  *** iglo <iglo!~xy@xdsl-188-118-146-8.dip.osnanet.de> has quit IRC (Remote host closed the connection)
2012-08-13T07:07:11  *** antimatroid <antimatroid!~nick@206.125-27-211.dynamic.dsl.mel.iprimus.net.au> has joined #aichallenge
2012-08-13T07:09:57  *** Accoun <Accoun!~1@static-213-88-39-97.chebnet.ru> has quit IRC ()
2012-08-13T07:10:33  *** alehorst <alehorst!~alehorst@201.22.39.176.dynamic.adsl.gvt.net.br> has quit IRC (Ping timeout: 256 seconds)
2012-08-13T07:17:29  *** thestinger <thestinger!~strcat@CPE98fc1165cb6f-CM00159a09b2d0.cpe.net.cable.rogers.com> has joined #aichallenge
2012-08-13T07:28:13  *** SJRvanSchaik <SJRvanSchaik!~SJRvanSch@ip73-230-174-82.adsl2.static.versatel.nl> has joined #aichallenge
2012-08-13T07:29:57  *** alehorst <alehorst!~alehorst@189.26.57.7.dynamic.adsl.gvt.net.br> has joined #aichallenge
2012-08-13T07:36:27  *** epicmonkey <epicmonkey!~epicmonke@host-224-60.dataart.net> has joined #aichallenge
2012-08-13T07:55:26  *** Garf <Garf!~Garf@78-22-80-252.access.telenet.be> has quit IRC (Quit: Make a new plan, Stan!)
2012-08-13T07:56:08  *** Garf <Garf!~Garf@78-22-80-252.access.telenet.be> has joined #aichallenge
2012-08-13T08:47:40  *** NoxiaZ^ <NoxiaZ^!~noxi@87-104-29-49-dynamic-customer.profibernet.dk> has joined #aichallenge
2012-08-13T08:51:42  *** iamnew <iamnew!~conqueror@125.123.26.229> has joined #aichallenge
2012-08-13T09:19:42  *** iamnew <iamnew!~conqueror@125.123.26.229> has quit IRC (Quit: 离开)
2012-08-13T09:28:12  *** alehorst <alehorst!~alehorst@189.26.57.7.dynamic.adsl.gvt.net.br> has quit IRC (Read error: Connection reset by peer)
2012-08-13T09:34:38  *** NoxiaZ^ <NoxiaZ^!~noxi@87-104-29-49-dynamic-customer.profibernet.dk> has quit IRC (Ping timeout: 268 seconds)
2012-08-13T09:34:41  *** alehorst <alehorst!~alehorst@189.26.57.7.dynamic.adsl.gvt.net.br> has joined #aichallenge
2012-08-13T09:39:36  *** NoxiaZ^ <NoxiaZ^!~noxi@87-104-29-39-dynamic-customer.profibernet.dk> has joined #aichallenge
2012-08-13T09:41:17  *** alehorst <alehorst!~alehorst@189.26.57.7.dynamic.adsl.gvt.net.br> has quit IRC (Ping timeout: 256 seconds)
2012-08-13T09:57:46  *** NoxiaZ^ <NoxiaZ^!~noxi@87-104-29-39-dynamic-customer.profibernet.dk> has quit IRC (Ping timeout: 276 seconds)
2012-08-13T10:00:59  *** NoxiaZ^ <NoxiaZ^!~noxi@87-104-29-39-dynamic-customer.profibernet.dk> has joined #aichallenge
2012-08-13T10:30:52  *** mceier <mceier!~mceier@77-252-246-25.ip.netia.com.pl> has quit IRC (Quit: leaving)
2012-08-13T10:39:59  *** sevikkk <sevikkk!~sevikkk@82.193.102.250.ipnet.kiev.ua> has quit IRC (*.net *.split)
2012-08-13T10:39:59  *** CIA-26 <CIA-26!~CIA@204.152.223.100> has quit IRC (*.net *.split)
2012-08-13T10:40:47  *** alehorst <alehorst!~alehorst@189.26.57.7.dynamic.adsl.gvt.net.br> has joined #aichallenge
2012-08-13T10:45:34  *** sevikkk <sevikkk!~sevikkk@82.193.102.250.ipnet.kiev.ua> has joined #aichallenge
2012-08-13T10:45:34  *** CIA-26 <CIA-26!~CIA@204.152.223.100> has joined #aichallenge
2012-08-13T10:47:20  *** alehorst <alehorst!~alehorst@189.26.57.7.dynamic.adsl.gvt.net.br> has quit IRC (Ping timeout: 246 seconds)
2012-08-13T10:50:07  *** alehorst <alehorst!~alehorst@189.26.57.7.dynamic.adsl.gvt.net.br> has joined #aichallenge
2012-08-13T10:58:45  *** Accoun <Accoun!~1@static-213-88-39-97.chebnet.ru> has joined #aichallenge
2012-08-13T11:04:43  *** alehorst <alehorst!~alehorst@189.26.57.7.dynamic.adsl.gvt.net.br> has quit IRC (Ping timeout: 276 seconds)
2012-08-13T11:17:59  *** alehorst <alehorst!~alehorst@189.26.57.7.dynamic.adsl.gvt.net.br> has joined #aichallenge
2012-08-13T11:48:36  *** mceier <mceier!~mceier@89-77-239-61.dynamic.chello.pl> has joined #aichallenge
2012-08-13T12:11:18  *** pairofdice <pairofdice!~pod@dsl-hkibrasgw2-fed3df00-232.dhcp.inet.fi> has quit IRC (Quit: In girum imus nocte et consumimur igni.)
2012-08-13T12:31:22  *** epicmonkey <epicmonkey!~epicmonke@host-224-60.dataart.net> has quit IRC (Ping timeout: 248 seconds)
2012-08-13T12:41:57  *** nsh <nsh!~Smedley@host213-120-48-185.range213-120.btcentralplus.com> has quit IRC (Ping timeout: 260 seconds)
2012-08-13T12:57:06  *** nsh <nsh!~Smedley@host86-137-209-194.range86-137.btcentralplus.com> has joined #aichallenge
2012-08-13T13:24:20  *** Guest45092 <Guest45092!5c807f83@gateway/web/freenode/ip.92.128.127.131> has quit IRC (Quit: Page closed)
2012-08-13T13:36:32  *** epicmonkey <epicmonkey!~epicmonke@188.134.41.211> has joined #aichallenge
2012-08-13T13:59:28  *** iglo <iglo!~xy@xdsl-188-118-146-8.dip.osnanet.de> has joined #aichallenge
2012-08-13T14:02:37  *** Scooper <Scooper!~Scooper@213.157.251.212.customer.cdi.no> has joined #aichallenge
2012-08-13T14:16:31  *** nsh <nsh!~Smedley@host86-137-209-194.range86-137.btcentralplus.com> has quit IRC (Changing host)
2012-08-13T14:16:31  *** nsh <nsh!~Smedley@wikipedia/nsh> has joined #aichallenge
2012-08-13T14:42:12  *** NoxiaZ^ <NoxiaZ^!~noxi@87-104-29-39-dynamic-customer.profibernet.dk> has quit IRC (Ping timeout: 256 seconds)
2012-08-13T14:47:55  *** iglo <iglo!~xy@xdsl-188-118-146-8.dip.osnanet.de> has quit IRC (Remote host closed the connection)
2012-08-13T15:44:10  *** Accoun <Accoun!~1@static-213-88-39-97.chebnet.ru> has quit IRC ()
2012-08-13T15:49:29  *** Surya <Surya!52ea6d08@gateway/web/freenode/ip.82.234.109.8> has joined #aichallenge
2012-08-13T15:49:53  *** Surya is now known as Guest97178
2012-08-13T16:06:40  *** Accoun <Accoun!~1@static-213-88-39-97.chebnet.ru> has joined #aichallenge
2012-08-13T16:07:53  *** Cyndre <Cyndre!~Cyndre@DOCSIS-182-133.cable-lynx.net> has joined #aichallenge
2012-08-13T16:10:03  *** Cyndre_ <Cyndre_!~Cyndre@DOCSIS-182-133.cable-lynx.net> has quit IRC (Ping timeout: 248 seconds)
2012-08-13T16:10:47  *** mleise <mleise!~marco@dslb-178-011-044-234.pools.arcor-ip.net> has quit IRC (Ping timeout: 260 seconds)
2012-08-13T16:34:24  *** mcstar <mcstar!~mcstar@adsl-89-135-200-18.monradsl.monornet.hu> has quit IRC (Quit: mcstar)
2012-08-13T16:40:37  *** epicmonkey <epicmonkey!~epicmonke@188.134.41.211> has quit IRC (Ping timeout: 244 seconds)
2012-08-13T17:18:04  *** Guest97178 <Guest97178!52ea6d08@gateway/web/freenode/ip.82.234.109.8> has quit IRC (Quit: Page closed)
2012-08-13T17:36:34  *** Scooper <Scooper!~Scooper@213.157.251.212.customer.cdi.no> has quit IRC (Quit: Leaving)
2012-08-13T17:41:38  *** kilae <kilae!~chatzilla@catv-161-018.tbwil.ch> has quit IRC (Quit: ChatZilla 0.9.88.2 [Firefox 14.0.1/20120713134347])
2012-08-13T17:52:33  *** Garf <Garf!~Garf@78-22-80-252.access.telenet.be> has quit IRC (Quit: Make a new plan, Stan!)
2012-08-13T17:57:44  *** amstan_ <amstan_!~alex@aichallenge/admin/amstan> has joined #aichallenge
2012-08-13T17:57:44  *** ChanServ sets mode: +o amstan_
2012-08-13T18:09:32  *** thestinger <thestinger!~strcat@CPE98fc1165cb6f-CM00159a09b2d0.cpe.net.cable.rogers.com> has quit IRC (Quit: WeeChat 0.3.8)
2012-08-13T22:03:20  *** Dawn_Shepherd <Dawn_Shepherd!~dawn@2001:5c0:1400:a::545> has joined #aichallenge
2012-08-13T22:20:58  *** Dawn_Shepherd <Dawn_Shepherd!~dawn@2001:5c0:1400:a::545> has quit IRC (Quit: Leaving)
2012-08-13T22:55:26  *** antimatroid <antimatroid!~nick@206.125-27-211.dynamic.dsl.mel.iprimus.net.au> has quit IRC (Read error: Connection reset by peer)
2012-08-13T22:55:41  *** antimatroid <antimatroid!~nick@206.125-27-211.dynamic.dsl.mel.iprimus.net.au> has joined #aichallenge
2012-08-13T23:26:43  *** antimatroid <antimatroid!~nick@206.125-27-211.dynamic.dsl.mel.iprimus.net.au> has quit IRC (Ping timeout: 244 seconds)
2012-08-13T23:47:37  *** epicmonkey <epicmonkey!~epicmonke@188.134.41.211> has joined #aichallenge
