2011-05-24T00:12:46  *** McLeopold <McLeopold!47c5ce82@gateway/web/freenode/ip.71.197.206.130> has joined #aichallenge
2011-05-24T00:14:19  *** bhasker <bhasker!~bhasker@99-162-151-97.lightspeed.sntcca.sbcglobal.net> has joined #aichallenge
2011-05-24T00:25:36  *** BAM_ <BAM_!63295294@gateway/web/freenode/ip.99.41.82.148> has quit IRC (Ping timeout: 252 seconds)
2011-05-24T00:32:35  *** Mathnerd314 <Mathnerd314!~mathnerd3@dsl.6.28.53.206.cos.dyn.pcisys.net> has quit IRC (Ping timeout: 276 seconds)
2011-05-24T00:39:10  *** McLeopold <McLeopold!47c5ce82@gateway/web/freenode/ip.71.197.206.130> has quit IRC (Ping timeout: 252 seconds)
2011-05-24T00:48:23  *** Palmik <Palmik!~palmik@palmikpc.sks6.muni.cz> has joined #aichallenge
2011-05-24T00:51:56  *** Nebri <Nebri!Nebri@dhcp-0-22-b0-b2-4a-fb.cpe.quickclic.net> has quit IRC ()
2011-05-24T01:22:51  *** _flag <_flag!~flag@69-165-173-172.dsl.teksavvy.com> has quit IRC (Quit: Lost terminal)
2011-05-24T01:28:43  *** McLeopold <McLeopold!~Scott@c-98-247-248-39.hsd1.wa.comcast.net> has joined #aichallenge
2011-05-24T01:55:31  *** FireFly <FireFly!~firefly@unaffiliated/firefly> has joined #aichallenge
2011-05-24T03:05:38  *** berak <berak!~chatzilla@89.204.153.234> has joined #aichallenge
2011-05-24T03:14:52  *** Ice_Harley <Ice_Harley!4d7921fb@gateway/web/freenode/ip.77.121.33.251> has joined #aichallenge
2011-05-24T03:23:05  *** aerique <aerique!310225@xs3.xs4all.nl> has joined #aichallenge
2011-05-24T03:23:27  *** qacek <qacek!~jacques@c-98-207-37-2.hsd1.ca.comcast.net> has quit IRC (Quit: WeeChat 0.3.5)
2011-05-24T03:31:51  *** ltriant <ltriant!~ltriant@110-174-168-43.static.tpgi.com.au> has quit IRC (Quit: Computer has gone to sleep)
2011-05-24T03:45:03  <aerique> re: issue 15, for what it's worth, i just compiled the CL starter bot locally using the sandbox - https://github.com/aichallenge/aichallenge/issues/15
2011-05-24T04:06:48  *** FireFly <FireFly!~firefly@unaffiliated/firefly> has quit IRC (Quit: swatted to death)
2011-05-24T04:10:34  *** berak <berak!~chatzilla@89.204.153.234> has quit IRC (Ping timeout: 246 seconds)
2011-05-24T04:21:21  *** McLeopold <McLeopold!~Scott@c-98-247-248-39.hsd1.wa.comcast.net> has quit IRC (Read error: Connection reset by peer)
2011-05-24T04:23:28  *** berak <berak!~chatzilla@89.204.137.228> has joined #aichallenge
2011-05-24T04:30:28  *** Naktibalda <Naktibalda!~chatzilla@host-81-20-37-12.eckoh.com> has joined #aichallenge
2011-05-24T04:48:00  *** FireFly <FireFly!~firefly@unaffiliated/firefly> has joined #aichallenge
2011-05-24T04:52:39  *** Accoun <Accoun!~1@static-213-88-2-78.chebnet.ru> has quit IRC ()
2011-05-24T05:07:25  <mcstar> hey aerique
2011-05-24T05:09:11  *** Accoun <Accoun!~1@static-213-88-2-78.chebnet.ru> has joined #aichallenge
2011-05-24T05:10:10  *** Eruonen <Eruonen!~Its@e198153.upc-e.chello.nl> has joined #aichallenge
2011-05-24T05:22:12  *** sigh <sigh!~sigh@210.18.207.102> has joined #aichallenge
2011-05-24T05:23:15  <aerique> mcstar: hiya
2011-05-24T05:31:59  <mcstar> where are you with your visualization?
2011-05-24T05:32:00  *** amstan <amstan!~amstan@206-248-186-147.dsl.teksavvy.com> has quit IRC (Read error: Connection reset by peer)
2011-05-24T05:33:20  <mcstar> i have a working cellular automaton in lispbuilder, and i was wondering you might like to see the code
2011-05-24T05:33:39  *** needsch <needsch!~Robert@ip-81-210-159-12.unitymediagroup.de> has joined #aichallenge
2011-05-24T05:41:38  <aerique> mcstar: sure, give me a link
2011-05-24T05:46:48  *** FireFly <FireFly!~firefly@unaffiliated/firefly> has quit IRC (Quit: swatted to death)
2011-05-24T06:15:12  <mcstar> how about dcc?
2011-05-24T06:15:26  <mcstar> im not on the internet lol
2011-05-24T06:16:23  <mcstar> dcc send aerique ~/src/aiall/ca.tar
2011-05-24T06:59:58  *** delt0r___ <delt0r___!~delt0r@188-22-168-11.adsl.highway.telekom.at> has joined #aichallenge
2011-05-24T07:00:33  *** delt0r_ <delt0r_!~delt0r@188-22-168-11.adsl.highway.telekom.at> has quit IRC (Read error: Operation timed out)
2011-05-24T07:52:14  *** _0x47 <_0x47!~slash@p57B3E967.dip.t-dialin.net> has joined #aichallenge
2011-05-24T07:54:50  <Palmik> What general algorithms you think are going to be employed the most in this challenge?
2011-05-24T07:56:03  *** amstan <amstan!~amstan@206-248-186-147.dsl.teksavvy.com> has joined #aichallenge
2011-05-24T07:56:03  *** ChanServ sets mode: +o amstan
2011-05-24T08:14:56  <mcstar> 10 if ai == perfect goto 40
2011-05-24T08:14:59  <mcstar> 20 call make_better_ai
2011-05-24T08:15:01  <mcstar> 30 goto 10
2011-05-24T08:15:08  <mcstar> 40 print "that was easy"
2011-05-24T08:16:00  *** amstan <amstan!~amstan@206-248-186-147.dsl.teksavvy.com> has quit IRC (Ping timeout: 260 seconds)
2011-05-24T08:27:43  <antimatroid1> breadth first search!
2011-05-24T08:28:07  <antimatroid1> i'm claiming that to be the most used
2011-05-24T08:35:42  <mcstar> antimatroid1: well, i still think mine will be used more often
2011-05-24T08:36:53  <mcstar> (and arguably mine is the more general :D)
2011-05-24T08:46:54  <antimatroid1> mcstar: are you willing to put your money where your fingers are?
2011-05-24T08:46:57  <antimatroid1> :p
2011-05-24T08:47:15  <mcstar> :)
2011-05-24T08:56:45  *** berak_ <berak_!~chatzilla@89.204.137.170> has joined #aichallenge
2011-05-24T08:58:35  *** smiley1983 <smiley1983!~smiley@115-64-7-182.static.tpgi.com.au> has joined #aichallenge
2011-05-24T08:58:37  *** berak <berak!~chatzilla@89.204.137.228> has quit IRC (Ping timeout: 246 seconds)
2011-05-24T09:01:10  <antimatroid1> some kind of multiplayer rubix cube game could be cool
2011-05-24T09:01:24  <antimatroid1> first player to get a face filled with their colour
2011-05-24T09:01:55  <antimatroid1> not sure how one would do that simultaneously
2011-05-24T09:17:22  *** sigh <sigh!~sigh@210.18.207.102> has quit IRC (Remote host closed the connection)
2011-05-24T09:18:31  <mcstar> this is for you antimatroid1 http://4.bp.blogspot.com/_eXQh6Qsh7Z8/S1PDRRElvGI/AAAAAAAABv0/s5SSbrLf22g/s1600/wtf.jpg
2011-05-24T09:19:34  <Frontier> -.- http://www.youtube.com/watch?v=AAfpq6EPKck
2011-05-24T09:23:39  <mcstar> ive seen almost every video they showed in the clip
2011-05-24T09:24:52  <mcstar> (not sure thats a good or a bad thing, but im not obsessed with cats, in fact i have dogs)
2011-05-24T09:31:52  <antimatroid1> mcstar: http://i.imgur.com/qp4Cf.png
2011-05-24T09:31:56  <antimatroid1> i just spent way too long making that
2011-05-24T09:32:00  <antimatroid1> i want a physical one
2011-05-24T09:33:39  <mcstar> whoa thats your idea of the multiplayer version of th cube?
2011-05-24T09:34:23  <antimatroid1> no, that was just an alternate idea for a rubix cube
2011-05-24T09:34:49  <mcstar> how dou you intend to color it?
2011-05-24T09:35:44  <mcstar> 30 colors is too much
2011-05-24T09:35:50  <antimatroid1> no it's not
2011-05-24T09:35:55  <mcstar> i know only 5-6 colors
2011-05-24T09:36:06  <antimatroid1> i'm a mathematician
2011-05-24T09:36:15  <antimatroid1> as far as i'm concerned there's an infinite number of colours
2011-05-24T09:36:16  <antimatroid1> :p
2011-05-24T09:37:10  <mcstar> im not talking about colours, im talking about colors
2011-05-24T09:37:17  <mcstar> hehe
2011-05-24T09:37:43  <mcstar> of course you could print the alphabet with number on the faces
2011-05-24T09:37:45  <antimatroid1> i'm australian :P
2011-05-24T09:37:52  <antimatroid1> or a number :P
2011-05-24T09:38:05  <mcstar> no, it has to be 1 character
2011-05-24T09:38:18  <antimatroid1> yeah, each face gets a unique number, 1-30
2011-05-24T09:38:37  <antimatroid1> you could start adding more cubes on so that you could transform the object into different things as well
2011-05-24T09:38:47  <antimatroid1> ie. the object isn't symmetric under all rotations
2011-05-24T09:39:34  *** berak_ <berak_!~chatzilla@89.204.137.170> has quit IRC (Ping timeout: 246 seconds)
2011-05-24T09:39:58  <mcstar> im sure that i cant conceive of the group structure of your cube
2011-05-24T09:40:16  <mcstar> the original is complex enough
2011-05-24T09:40:23  <mcstar> btw can u do it?
2011-05-24T09:40:41  <mcstar> i can make it in 2.5 minutes
2011-05-24T09:40:52  <mcstar> cause my fingers are slow
2011-05-24T09:40:52  <antimatroid1> nah, never bothered to learn
2011-05-24T09:41:13  <antimatroid1> one could write a program to get the group structure, no idea if i could run it though
2011-05-24T09:42:06  <mcstar> i was bad at group theory, i studied it only to get through the exam
2011-05-24T09:42:29  <mcstar> i hated those character tables
2011-05-24T09:43:31  <antimatroid1> group theory is awesome
2011-05-24T09:43:45  <mcstar> i can see why someone likes it
2011-05-24T09:44:02  <mcstar> it just took me too much of an effort to study it
2011-05-24T09:45:07  <mcstar> now back to work, i have to watch the end of SGU
2011-05-24T09:53:17  *** Kingpin13 <Kingpin13!~Kingpin13@Wikipedia/Kingpin13> has joined #aichallenge
2011-05-24T10:11:36  *** _0x47 <_0x47!~slash@p57B3E967.dip.t-dialin.net> has quit IRC (Ping timeout: 250 seconds)
2011-05-24T10:11:39  *** _0x471 <_0x471!~slash@p5B12EA5F.dip.t-dialin.net> has joined #aichallenge
2011-05-24T10:17:29  *** _0x471 <_0x471!~slash@p5B12EA5F.dip.t-dialin.net> has quit IRC (Ping timeout: 260 seconds)
2011-05-24T10:22:22  *** _0x47 <_0x47!~slash@p5B12F548.dip.t-dialin.net> has joined #aichallenge
2011-05-24T10:27:11  *** _0x471 <_0x471!~slash@p5B12F34D.dip.t-dialin.net> has joined #aichallenge
2011-05-24T10:28:09  *** _0x47 <_0x47!~slash@p5B12F548.dip.t-dialin.net> has quit IRC (Ping timeout: 258 seconds)
2011-05-24T10:34:25  *** aerique <aerique!310225@xs3.xs4all.nl> has quit IRC (Quit: ...)
2011-05-24T10:48:38  *** berak <berak!~chatzilla@89.204.137.131> has joined #aichallenge
2011-05-24T10:56:34  *** berak <berak!~chatzilla@89.204.137.131> has quit IRC (Ping timeout: 246 seconds)
2011-05-24T10:58:22  *** _0x47 <_0x47!~slash@p57B3E535.dip.t-dialin.net> has joined #aichallenge
2011-05-24T11:00:29  *** _0x471 <_0x471!~slash@p5B12F34D.dip.t-dialin.net> has quit IRC (Ping timeout: 276 seconds)
2011-05-24T11:00:45  *** FireFly <FireFly!~firefly@unaffiliated/firefly> has joined #aichallenge
2011-05-24T11:15:42  <antimatroid1> oh god, talk written
2011-05-24T11:15:52  <antimatroid1> i don't think people are going to understand wtf i'm saying
2011-05-24T11:19:00  *** Ice_Harley <Ice_Harley!4d7921fb@gateway/web/freenode/ip.77.121.33.251> has quit IRC (Ping timeout: 252 seconds)
2011-05-24T11:32:18  *** demerzel <demerzel!63759e37@gateway/web/freenode/ip.99.117.158.55> has joined #aichallenge
2011-05-24T11:39:20  *** _0x471 <_0x471!~slash@p5B12F231.dip.t-dialin.net> has joined #aichallenge
2011-05-24T11:39:29  *** _0x47 <_0x47!~slash@p57B3E535.dip.t-dialin.net> has quit IRC (Ping timeout: 276 seconds)
2011-05-24T11:51:37  *** Frontier <Frontier!~marco@dslb-088-070-148-090.pools.arcor-ip.net> has quit IRC (Quit: Leaving.)
2011-05-24T12:06:04  *** bhasker <bhasker!~bhasker@99-162-151-97.lightspeed.sntcca.sbcglobal.net> has quit IRC (Quit: bhasker)
2011-05-24T12:06:27  *** berak <berak!~chatzilla@89.204.137.199> has joined #aichallenge
2011-05-24T12:06:32  *** Mathnerd314 <Mathnerd314!~mathnerd3@dsl.6.28.53.206.cos.dyn.pcisys.net> has joined #aichallenge
2011-05-24T12:31:39  *** amstan <amstan!~alex@142.222.1.17> has joined #aichallenge
2011-05-24T12:31:40  *** ChanServ sets mode: +o amstan
2011-05-24T12:33:34  *** _0x47 <_0x47!~slash@p5B12FB04.dip.t-dialin.net> has joined #aichallenge
2011-05-24T12:34:34  *** _0x471 <_0x471!~slash@p5B12F231.dip.t-dialin.net> has quit IRC (Ping timeout: 246 seconds)
2011-05-24T12:42:07  *** _0x47 <_0x47!~slash@p5B12FB04.dip.t-dialin.net> has quit IRC (Ping timeout: 252 seconds)
2011-05-24T12:50:17  *** amstan <amstan!~alex@142.222.1.17> has quit IRC (Ping timeout: 252 seconds)
2011-05-24T12:52:17  *** bhasker <bhasker!~bhasker@nat/yahoo/x-qxxshtddlovgnbns> has joined #aichallenge
2011-05-24T12:59:25  *** berak <berak!~chatzilla@89.204.137.199> has quit IRC (Ping timeout: 246 seconds)
2011-05-24T13:02:34  *** berak <berak!~chatzilla@89.204.137.199> has joined #aichallenge
2011-05-24T13:13:18  *** Naktibalda <Naktibalda!~chatzilla@host-81-20-37-12.eckoh.com> has quit IRC (Quit: ChatZilla 0.9.86.1 [Firefox 4.0.1/20110413222027])
2011-05-24T13:20:17  *** fgump <fgump!~fgump__@188.74.82.177> has joined #aichallenge
2011-05-24T13:27:44  *** _0x47 <_0x47!~slash@p5B12F650.dip.t-dialin.net> has joined #aichallenge
2011-05-24T13:32:19  *** fgump <fgump!~fgump__@188.74.82.177> has quit IRC (Quit: Leaving)
2011-05-24T13:37:15  *** Cyndre_ is now known as Cyndre
2011-05-24T14:12:36  *** Frontier <Frontier!~Marco@88.70.148.90> has joined #aichallenge
2011-05-24T14:25:00  <Frontier> so IE9 is now officially released, I've got a Windows Update notification. I wonder how much I have to change to get the visualizer going in JScript.
2011-05-24T14:28:38  *** Frontier <Frontier!~Marco@88.70.148.90> has quit IRC (Read error: Connection reset by peer)
2011-05-24T14:31:44  *** Redgis <Redgis!~Nex@2a01:e34:ee3b:aa40:214:22ff:feec:c2> has joined #aichallenge
2011-05-24T14:33:19  *** Frontier <Frontier!~Marco@dslb-088-070-148-090.pools.arcor-ip.net> has joined #aichallenge
2011-05-24T14:39:56  <Frontier> IE9 doesn't seem to respect the size constraints, but otherwise it works nicely. It is even quite fast.
2011-05-24T14:40:40  *** Ow <Ow!63295294@gateway/web/freenode/ip.99.41.82.148> has quit IRC (Ping timeout: 252 seconds)
2011-05-24T14:43:14  <mcstar> you wasted 4:41 minutes of your life to reboot windows
2011-05-24T14:43:43  <mcstar> 14
2011-05-24T14:44:02  <mcstar> no
2011-05-24T14:44:07  <mcstar> never mind
2011-05-24T14:53:49  <Frontier> :p
2011-05-24T14:54:10  <Frontier> and now it offers me an update to ie that has been released last year
2011-05-24T14:55:26  <Frontier> it's like 'lets release the alpha version from last year, ppl can gradually patch it to the release version'
2011-05-24T14:57:50  <Frontier> anyway IE is a good example of what you can do when you don't have to care about cross-platformness. It outruns Firefox and Chrome in JavaScript benchmarks now!
2011-05-24T14:58:12  <Frontier> (Firefox 4 that is)
2011-05-24T14:59:59  *** delt0r_ <delt0r_!~delt0r@188-22-169-30.adsl.highway.telekom.at> has joined #aichallenge
2011-05-24T15:01:30  *** delt0r___ <delt0r___!~delt0r@188-22-168-11.adsl.highway.telekom.at> has quit IRC (Ping timeout: 250 seconds)
2011-05-24T15:08:33  *** Naktibalda <Naktibalda!~chatzilla@cpc1-heme9-2-0-cust585.9-1.cable.virginmedia.com> has joined #aichallenge
2011-05-24T15:09:20  <Frontier> Though to be honest, my visualizer runs with 20 FPS in IE9 and about 60 in Chrome on Linux. So whatever the benchmark included was no good test case :p
2011-05-24T15:13:16  *** _flag <_flag!~flag@69-165-173-172.dsl.teksavvy.com> has joined #aichallenge
2011-05-24T15:13:48  *** smiley1983 <smiley1983!~smiley@115-64-7-182.static.tpgi.com.au> has quit IRC (Ping timeout: 240 seconds)
2011-05-24T15:15:00  *** smiley1983 <smiley1983!~smiley@115-64-7-182.static.tpgi.com.au> has joined #aichallenge
2011-05-24T15:16:23  <mcstar> i guess drawing performance is not related to js execution speed then
2011-05-24T15:24:21  <demerzel> its gotta phone home to microsoft with every image you view
2011-05-24T15:24:38  <demerzel> no idk but i would turn off compatibility mode and safemode (or whatever it's called) and try it
2011-05-24T15:33:07  *** amstan <amstan!~amstan@206-248-186-147.dsl.teksavvy.com> has joined #aichallenge
2011-05-24T15:33:07  *** ChanServ sets mode: +o amstan
2011-05-24T16:03:01  *** Accoun <Accoun!~1@static-213-88-2-78.chebnet.ru> has quit IRC ()
2011-05-24T16:04:09  *** sente <sente!~stu@ip-208-118-225-99.twdx.net> has quit IRC (Ping timeout: 252 seconds)
2011-05-24T16:19:01  *** tomh <tomh!~tomh@unaffiliated/tomh> has joined #aichallenge
2011-05-24T16:19:12  <tomh> hey
2011-05-24T16:19:24  <tomh> is the Ants game ready to develop against?
2011-05-24T16:20:50  <demerzel> develop against?  not sure what you mean by that exactly but the game itself exists on github
2011-05-24T16:21:01  <tomh> to create a bot for it
2011-05-24T16:22:00  <demerzel> yes
2011-05-24T16:22:05  <demerzel> there are starter packages etc
2011-05-24T16:22:26  <tomh> yeah I saw that, but it said winter 2011, so I thought it might be still under heavy development
2011-05-24T16:22:52  <demerzel> it is
2011-05-24T16:22:55  <demerzel> but the basic game is there
2011-05-24T16:23:02  <tomh> ok
2011-05-24T16:23:02  <demerzel> the game itself won't change much
2011-05-24T16:23:06  <demerzel> just the site etc is under dev
2011-05-24T16:23:13  <tomh> and when is the competition deadline?
2011-05-24T16:23:17  <demerzel> idk
2011-05-24T16:23:33  <tomh> ok
2011-05-24T16:28:09  <amstan> tomh: it didn't start.. so.. you're good
2011-05-24T16:29:49  <demerzel> amstan: worker still stalled?
2011-05-24T16:30:01  <amstan> demerzel: yes, bug mcleopold pls
2011-05-24T16:30:19  <demerzel> contestbot: seen mcleopold
2011-05-24T16:30:19  <contestbot> demerzel: mcleopold was last seen in #aichallenge 21 hours, 46 minutes, and 25 seconds ago: <McLeopold> amstan: I think my memcache code is crappy and useless
2011-05-24T16:30:25  <demerzel> yea that was the last one
2011-05-24T16:30:34  <demerzel> got a 'giving up' vibe :(
2011-05-24T16:30:45  <demerzel> hopefully not tho
2011-05-24T16:30:59  <jmcarthur> winter? so there is quite some time before the contest then?
2011-05-24T16:31:07  * berak would like a debate, why it's taking so long  for take-off,       ppl, you're half a year late now, already !
2011-05-24T16:31:10  <jmcarthur> i might be able to participate after all if so
2011-05-24T16:31:33  <amstan> berak: well, nobody's really into coding the backend
2011-05-24T16:31:37  <amstan> berak: we need more coders
2011-05-24T16:31:41  <demerzel> i would be if it wasn't all python lol
2011-05-24T16:31:46  <demerzel> i'd tolerate php
2011-05-24T16:31:47  <berak> ;)
2011-05-24T16:32:32  <demerzel> python: literally the only language i won't touch with a 10-foot pole
2011-05-24T16:32:43  <demerzel> sorry
2011-05-24T16:32:46  <amstan> demerzel: like me with c# and java?
2011-05-24T16:32:59  <demerzel> idk you do seem progress-resistant ;)
2011-05-24T16:33:28  <amstan> since when was c# progress? i see it more as chains
2011-05-24T16:33:49  <demerzel> i'm not even gonna dignify that lol
2011-05-24T16:34:12  <demerzel> i think its funny linux users like python it's like the cmoplete oppoiste of my mindset
2011-05-24T16:34:13  <jmcarthur> since when is php progressive compared to python?
2011-05-24T16:34:25  <demerzel> i want complete control over my os but not my coding
2011-05-24T16:34:32  <demerzel> it should 'just do it'
2011-05-24T16:35:28  <jmcarthur> i mean, i'm with you that python is not a nicely progressive language, but php does not stand in contrast to it
2011-05-24T16:35:39  <demerzel> no i was giving him shit about not liking c# / java
2011-05-24T16:36:05  <demerzel> python is a weird association to linux but it's there for some reason
2011-05-24T16:36:07  <jmcarthur> java is one of the most, err. regressive languages i know. c# is alright at least
2011-05-24T16:36:35  <demerzel> they're syntactically very similar but c# is better implemented because it was planned that way
2011-05-24T16:36:48  <demerzel> otoh java 'theoretically' is open-platform
2011-05-24T16:36:52  <demerzel> but with mono existing it's a moot point imo
2011-05-24T16:36:52  <jmcarthur> and was actually designed to be better than the languages it competes with
2011-05-24T16:36:58  <demerzel> yea
2011-05-24T16:37:01  <jmcarthur> the only new thing java introduced to the mainstream was GC
2011-05-24T16:37:18  <jmcarthur> which of course was already around
2011-05-24T16:37:22  <jmcarthur> just not in a "fast" language
2011-05-24T16:37:27  <tomh> amstan: what kind of backend stuff is not done?
2011-05-24T16:37:35  <jbroman> jmcarthur: The JVM is apparently rather nice.
2011-05-24T16:37:43  <jbroman> (It's arguably a byproduct of Java.)
2011-05-24T16:37:45  <jmcarthur> jbroman: for anything that is not interactive, yes
2011-05-24T16:37:57  <jmcarthur> the JIT is amazing
2011-05-24T16:38:09  <jmcarthur> and the GC fairly nice
2011-05-24T16:38:13  <demerzel> the thing that ties the whole run games/upload/move compiled/everything else is constantly broken
2011-05-24T16:38:18  <demerzel> afaik the actual components work fine
2011-05-24T16:38:32  <tomh> I can develop the bot in any language I want right?
2011-05-24T16:38:39  <amstan> tomh: a bunch of bugs, and mcleopold and janzert are the only ones familiar with the code
2011-05-24T16:38:46  <amstan> tomh: so we're at their mercy
2011-05-24T16:38:51  <tomh> ok
2011-05-24T16:39:16  <tomh> its written in such way, that no one else could be familirized with the code?
2011-05-24T16:39:26  <demerzel> amstan is lazy
2011-05-24T16:40:15  * berak sees now, what 'we need more coders!' means..
2011-05-24T16:40:26  <demerzel> 500 lines of python which is 'really easy to read'?  might as well be greek
2011-05-24T16:40:33  *** Accoun <Accoun!~1@static-213-88-2-78.chebnet.ru> has joined #aichallenge
2011-05-24T16:40:54  <tomh> demerzel: then what language do you like? :P
2011-05-24T16:41:13  <demerzel> i am giving amstan shit about not debugging it himself since he said python was really easy to read
2011-05-24T16:41:22  <demerzel> anything that starts with the letter c, generally
2011-05-24T16:41:28  <demerzel> except cobol :P
2011-05-24T16:41:40  <amstan> demerzel: i am, i never wanted to work on this code, see my zeta suggestion
2011-05-24T16:42:03  <tomh> hehe ok
2011-05-24T16:42:03  <jbroman> demerzel: Cython
2011-05-24T16:42:11  <amstan> oshit!
2011-05-24T16:42:33  <tomh> but for the competitions, you could write the bot in any language right?
2011-05-24T16:42:37  <demerzel> lol the c thing for python is funny
2011-05-24T16:42:40  <demerzel> idgi
2011-05-24T16:42:46  <jbroman> tomh: Most common languages, yes.
2011-05-24T16:42:52  <tomh> haskell?\
2011-05-24T16:42:54  <demerzel> if you admit c/c++ extensions would run much faster why not just write teh whole thing in c/c++
2011-05-24T16:42:59  <demerzel> yep
2011-05-24T16:43:05  <demerzel> they even already have a haskell starter package
2011-05-24T16:43:09  <tomh> ok good
2011-05-24T16:43:33  <jbroman> demerzel: Some things are faster to write in raw assembly than C/C++. Why would you not write the whole thing in assembly?
2011-05-24T16:43:55  <demerzel> i'm pretty sure the variety and amount of those things are much smaller in scope if not microscopic in comparison
2011-05-24T16:44:12  *** Naktibalda <Naktibalda!~chatzilla@cpc1-heme9-2-0-cust585.9-1.cable.virginmedia.com> has quit IRC (Quit: ChatZilla 0.9.86.1 [Firefox 4.0.1/20110504060726])
2011-05-24T16:44:27  <jbroman> The same argument holds. People who use higher level languages do so because they prefer the convenient facilities that provides, usually at the cost of some measure of performance.
2011-05-24T16:45:06  <mcstar> i thought this debate was settled when fortran/lisp was created
2011-05-24T16:45:12  <mcstar> 50 years ago
2011-05-24T16:45:26  <tomh> haskell is also quite performant
2011-05-24T16:45:50  <demerzel> i want to learn lisp
2011-05-24T16:45:56  <demerzel> maybe i'll try this year
2011-05-24T16:46:01  <mcstar> +1
2011-05-24T16:46:12  <tomh> if you can type ( and ), you are halfway there
2011-05-24T16:46:34  <mcstar> tomh is being sarcastic
2011-05-24T16:46:56  <mcstar> i want a straight answer guys:
2011-05-24T16:47:03  <jmcarthur> jbroman: i don't believe that performance must necessarily be sacrificed for a higher level language, although it is definitely not going to be fast for early iterations of the compiler
2011-05-24T16:47:07  <mcstar> is it possible that the contest really will only start in the winter?
2011-05-24T16:48:53  <jbroman> jmcarthur: Well, some facilities due inevitably sacrifice performance (e.g. it's probably impossible to write GC that is never slower than well-written malloc/free code). Certainly some may be achievable without loss of performance (and I know you're not too subtly talking about GHC here). But those facilities are still the reason that people choose languages like Python.
2011-05-24T16:49:09  <jbroman> s/due in/do in/
2011-05-24T16:49:18  <jmcarthur> i'm actually not talking about ghc at all
2011-05-24T16:50:25  <jbroman> Hmm, OK.
2011-05-24T16:50:30  <jmcarthur> jbroman: regions are often faster than malloc/free
2011-05-24T16:50:44  <berak> another language war won't make it happen.
2011-05-24T16:50:58  <jmcarthur> by that i mean faster than is at all possible with malloc/free unless you write a full blown regions library on top of it
2011-05-24T16:51:40  <jbroman> jmcarthur: I don't really care about the speed of the allocation algorithm. I meant that the GC will sometimes do operations that might be avoidable with foreknowledge of the program. And it was only an example.
2011-05-24T16:51:42  <jmcarthur> region inference isn't well-studied enough to avoid some explicitness in your code though, unfortunately
2011-05-24T16:52:01  * amstan points that speed of execution is not the only thing that matters
2011-05-24T16:52:05  <demerzel> even faster is not having to use malloc/free by careful design
2011-05-24T16:52:14  <jmcarthur> jbroman: no i understood your point. i just mean there are alternatives to gc
2011-05-24T16:52:19  <jmcarthur> regions being one
2011-05-24T16:52:20  <amstan> i believe speed of developing is also important in this contest at least
2011-05-24T16:52:38  <demerzel> its really not though we have like 5 months to develop nothing but pure math logic
2011-05-24T16:52:42  *** smiley1983 <smiley1983!~smiley@115-64-7-182.static.tpgi.com.au> has quit IRC (Ping timeout: 248 seconds)
2011-05-24T16:53:06  <amstan> demerzel: what?
2011-05-24T16:53:13  <demerzel> thsi is one of the ffew applications i don't even take a hit in time by going back to pure c95
2011-05-24T16:53:20  <demerzel> dev time*
2011-05-24T16:53:57  *** smiley1983 <smiley1983!~smiley@115-64-7-182.static.tpgi.com.au> has joined #aichallenge
2011-05-24T16:54:09  <demerzel> amstan: stdio (already written) and just pure logic ie math operation and conditions is all that's left
2011-05-24T16:54:11  <jmcarthur> jbroman: but since you brought up ghc, i feel i need to point out that ghc is *not* anywhere near where i think it could be. there are several optimizations glaringly missing and questionable design decisions making other kinds of optimizations impossible. even some of haskell's design decisions play a part here, most of which superficially make haskell appear *lower* level
2011-05-24T16:54:23  <demerzel> dev time is not really a factor since any language is going ot be similar in time invested
2011-05-24T16:54:37  <demerzel> higher level languages extract concepts like gui / input etc which is useful but not necessary in this
2011-05-24T16:54:46  <jbroman> demerzel: That is debatable. If that were provable true nobody would use high-level languages.
2011-05-24T16:54:52  <jbroman> s/provable/provably/
2011-05-24T16:55:01  <jmcarthur> demerzel: i strongly disagree with that
2011-05-24T16:55:26  <demerzel> how much difference can there really be between languages on 'if h(n) < then'
2011-05-24T16:55:34  <jbroman> For instance, a whole class of memory allocation bugs do not occur in some higher-level languages. Thus you do not need to spend time debugging those issues.
2011-05-24T16:55:35  <demerzel> in terms of dev time not syntax
2011-05-24T16:55:39  <jmcarthur> higher level languages give you a richer vocabulary in general
2011-05-24T16:55:47  <jmcarthur> demerzel: i'm not just talking about syntax sugar
2011-05-24T16:55:49  <demerzel> jbroman: your dimensions are static
2011-05-24T16:55:56  <demerzel> given to you on turn1
2011-05-24T16:56:02  <demerzel> you don't even have to malloc
2011-05-24T16:56:17  <jmcarthur> demerzel: you were only talking about syntax, but let's analyze your example there (if then)...
2011-05-24T16:56:18  <jbroman> demerzel: That's only one example.
2011-05-24T16:56:46  <jbroman> demerzel: If you end up writing an identical program switching one syntax for another, sure, you won't notice much of a difference.
2011-05-24T16:56:59  <jmcarthur> demerzel: other ways to do it are pattern matching, which gives you a more powerful operation in fewer lines of code, allowing branches to have a context sensitivity which if statements simply can't mimick at all
2011-05-24T16:57:22  <demerzel> but you're giong to want to optimize that as much as possible anyway given the large amount of possibilities that exist
2011-05-24T16:57:52  <jmcarthur> demerzel: if statements also require booleans. with pattern matching, you can get a truth value which also carries its own proof, and then you can use that proof in the branches
2011-05-24T16:58:09  <demerzel> what do you mean by pattern matching?
2011-05-24T16:58:27  <jmcarthur> well i could give a simple example, but it won't show its full potential
2011-05-24T16:58:27  <demerzel> saying it brings regex to mind which i don't think is what you mean
2011-05-24T16:58:33  <jmcarthur> no, not regex
2011-05-24T16:58:57  <jmcarthur> case foo bar of Nothing -> <do stuff>; Just x -> <use x to do other stuff>
2011-05-24T16:59:07  <jmcarthur> demerzel: that as opposed to checking for null before using x
2011-05-24T16:59:20  * berak just encountered a (python) syntax err in turn 100, a c-compiler would have got that even before startup
2011-05-24T16:59:27  <jmcarthur> demerzel: in other words, because you obtain x through pattern matching, it's impossible to use x if it's null
2011-05-24T16:59:46  <jmcarthur> it's not even syntactically expressible to use a null value
2011-05-24T16:59:52  <demerzel> but you could just initialize x with a value that's impossible to arrive at
2011-05-24T17:00:07  <demerzel> guess i don't understand the example
2011-05-24T17:00:09  <jmcarthur> but that's just a hack
2011-05-24T17:00:23  <demerzel> true but i don't understand the significance of null
2011-05-24T17:00:42  <amstan> berak: python syntax errors are detected from the start, unless you're doing evals
2011-05-24T17:01:27  <jmcarthur> okay how about this... open a source file, find the first if statement in the file, and tell me what you are using it for. nine times out of ten, pattern matching and a high level data structure can do it more nicely
2011-05-24T17:01:47  <jmcarthur> not just more nicely, that is
2011-05-24T17:01:53  <jmcarthur> more safely
2011-05-24T17:02:18  <jbroman> demerzel: Suppose you have an object, Person, who maintains a pointer to another object, Company. You might try to do "person->company->name" to get the company name, forgetting to check the possibility that the company field is null.
2011-05-24T17:02:19  <jbroman> In Haskell, you cannot do this because the field is of type "Maybe Company", so you are forced to consider the possibility by the language.
2011-05-24T17:03:01  <jbroman> Pattern matching provides a syntax which makes doing this not painful.
2011-05-24T17:03:11  <demerzel> ok i understand that but how is that different than null checking
2011-05-24T17:03:21  <jmcarthur> it's different in a few ways
2011-05-24T17:03:31  <jmcarthur> 1. The compiler prevents you from accidentally using a null value.
2011-05-24T17:03:54  <jmcarthur> 2. The synax gives you a "denullified" value to use which you are guaranteed is not null.
2011-05-24T17:04:14  <jmcarthur> 3. The syntax makes it impossible to use a denullified value without having first checked it via pattern matching.
2011-05-24T17:04:36  <jmcarthur> pattern matching is actually much more general than this. this is just a very simple example
2011-05-24T17:05:06  <demerzel> how is that different than initializing to a non-null value that is either that min/max or unreachable by calculation?
2011-05-24T17:05:13  <jmcarthur> not only is this higher level, but it can also make your code faster because you don't have to perform redundant null checks in different functions
2011-05-24T17:05:15  <demerzel> depending on application
2011-05-24T17:05:41  <demerzel> what is the 'denullified' value, do you define it or is it language-wide
2011-05-24T17:05:53  <jmcarthur> because your proposal does not prevent you from misusing it and does not give you a syntactically obvious indication that you need to check for null
2011-05-24T17:06:06  <jmcarthur> the denullified value is x in my example code
2011-05-24T17:06:21  <jmcarthur> the possibly-null value is "foo bar"
2011-05-24T17:06:48  <jmcarthur> once you have x you can use it however you want and not have to ever think about the possiblity of it being null
2011-05-24T17:07:15  <jmcarthur> your "special value" proposal does not have this property
2011-05-24T17:07:26  <demerzel> cool ty gonna look into haskell - i do know of some exchange companies that use it
2011-05-24T17:07:38  <demerzel> well yea i guess it depends on how much you trust the coder haha
2011-05-24T17:08:11  <jmcarthur> it goes a lot deeper than this though, as i said. overall, haskell's type system makes it much easier to reason about your code.
2011-05-24T17:08:36  <jmcarthur> jbroman: it also makes it easier for the compiler to reason about your code. that's the direction i was intending to push when i said high level languages don't necessarily have to be slower than low level languages
2011-05-24T17:09:35  <jbroman> jmcarthur: True in theory, but extremely difficult in practice. But point taken.
2011-05-24T17:10:24  <demerzel> dont get wrong i wouldn't even think about using iso c in a gui app or something similar
2011-05-24T17:10:35  <demerzel> it was just super nice to have something like this where i don't have to think at all about user interaction
2011-05-24T17:11:10  <demerzel> seemed an optimal choice because all the stuff that is abstracted in other languages really isn't part of it
2011-05-24T17:11:29  <demerzel> but i only know class-based languages and a handful of others i have never touched haskell/lisp/etc
2011-05-24T17:11:35  <jmcarthur> i don't think it's that difficult in practice. i think the problem is that so far people have been too afraid to continue purifying (in the sense of purely functional) languages. there are many ways to bring it further. i think turing completeness is vastly overrated, for example. dropping that in certain ways makes crazier optimizations much easier, just as purity makes certain optimizations a
2011-05-24T17:11:35  <demerzel> c-based i meant
2011-05-24T17:11:36  <jmcarthur> lot easier too
2011-05-24T17:12:28  <jmcarthur> i guess i was due for my functional languages conversation in #aichallenge
2011-05-24T17:13:15  <demerzel> iso c isn't a functional language?
2011-05-24T17:13:40  <jbroman> demerzel: I wouldn't describe it as one, no.
2011-05-24T17:13:41  <jmcarthur> tough question to answer honestly. C is not functional in the sense that i am talking about
2011-05-24T17:14:15  <jmcarthur> since functional is such an ambiguous word, i've been using "denotative" in its place
2011-05-24T17:14:28  <jmcarthur> a language is denotative if it satisfies the following criteria:
2011-05-24T17:14:44  <jmcarthur> 1. Expressions are made up of subexpressions.
2011-05-24T17:15:13  <jmcarthur> 2. Each subexpression has a well-defined meaning all by itself (a value, mathematical object, function, etc.).
2011-05-24T17:15:29  <jmcarthur> 3. The meaning of an expression depends only on the meanings of its subexpressions.
2011-05-24T17:15:37  <jmcarthur> C does not satisfy that criteria.
2011-05-24T17:16:17  <jmcarthur> nor does Haskell, by a very strict interpretation
2011-05-24T17:16:39  <demerzel> i will admit i'm not very knowledgeable at the academic side of coding lol
2011-05-24T17:16:42  <jbroman> jmcarthur: Do you consider the IO monad a violation of that?
2011-05-24T17:16:47  <demerzel> didnt' go to school for cs at least
2011-05-24T17:16:52  <jmcarthur> the IO monad does not have a well-defined meaning
2011-05-24T17:17:05  *** berak <berak!~chatzilla@89.204.137.199> has quit IRC (Quit: ChatZilla 0.9.84 [SeaMonkey 2.0a3/20090223135443])
2011-05-24T17:17:17  <jmcarthur> demerzel: even if you did, they probably wouldn't teach you this
2011-05-24T17:19:32  <jmcarthur> brb coffee time
2011-05-24T17:33:03  *** computerwiz_222 <computerwiz_222!~andrew@216.58.98.129> has joined #aichallenge
2011-05-24T17:38:05  <amstan> well.. now we know where jeff is: http://www.tmx.com/en/news_events/broadcast_centre/events_calendar.html
2011-05-24T17:38:12  * amstan points at blue suit
2011-05-24T17:38:49  <jmcarthur> yay coffee
2011-05-24T17:39:16  *** _0x47 <_0x47!~slash@p5B12F650.dip.t-dialin.net> has quit IRC (Ping timeout: 244 seconds)
2011-05-24T17:39:52  *** _0x47 <_0x47!~slash@p5B12FF30.dip.t-dialin.net> has joined #aichallenge
2011-05-24T17:41:22  <jmcarthur> that's really jeff?
2011-05-24T17:41:28  <amstan> yeah
2011-05-24T17:41:40  <jmcarthur> and wait, what blue suit?
2011-05-24T17:41:46  <jmcarthur> the blue shirt you mean?
2011-05-24T17:41:46  <amstan> in the middle
2011-05-24T17:41:52  <jbroman> Blue shirt.
2011-05-24T17:41:53  <amstan> he presses something
2011-05-24T17:42:02  <jmcarthur> that would be a shirt, not a suit :P
2011-05-24T17:42:11  <amstan> oh, w/e
2011-05-24T17:42:16  <amstan> tought it was a blazer at first
2011-05-24T17:42:26  <jmcarthur> heh
2011-05-24T17:48:10  *** ltriant <ltriant!~ltriant@110-174-168-43.static.tpgi.com.au> has joined #aichallenge
2011-05-24T17:53:04  <mcstar> if you want to know something about the most powerful computer language, pls watch this promo video, you wont regret it:
2011-05-24T17:53:06  <mcstar> http://www.youtube.com/watch?v=HM1Zb3xmvMc
2011-05-24T17:53:14  <Frontier> I crashed IE9, yay!
2011-05-24T17:54:16  *** _0x47 <_0x47!~slash@p5B12FF30.dip.t-dialin.net> has quit IRC (Quit: Leaving.)
2011-05-24T17:56:08  *** smiley1983 <smiley1983!~smiley@115-64-7-182.static.tpgi.com.au> has quit IRC (Ping timeout: 250 seconds)
2011-05-24T17:57:15  *** smiley1983 <smiley1983!~smiley@115-64-7-182.static.tpgi.com.au> has joined #aichallenge
2011-05-24T17:57:24  *** McLeopold <McLeopold!~Scott@c-71-231-166-135.hsd1.wa.comcast.net> has joined #aichallenge
2011-05-24T17:57:51  <Frontier> miau..miau..miau...? ^^
2011-05-24T17:58:26  <amstan> nyan.cat?
2011-05-24T17:58:30  <amstan> oh!
2011-05-24T17:58:39  <amstan> McLeopold: miau!
2011-05-24T17:59:19  <mcstar> btw the game examples is from the book, the clip supposed to promote
2011-05-24T17:59:34  <mcstar> its a nice book teaching you lisp throgh writing simple games
2011-05-24T17:59:49  <McLeopold> amstan: hi
2011-05-24T18:01:26  <amstan> McLeopold: we can has fixed worker?
2011-05-24T18:01:36  <demerzel> mcleopold i think you are obiwan at this point
2011-05-24T18:01:40  <demerzel> re: only hope
2011-05-24T18:01:58  <McLeopold> amstan: we can has more free php labor?
2011-05-24T18:02:08  <amstan> McLeopold: on what?
2011-05-24T18:02:17  <McLeopold> everything
2011-05-24T18:02:35  <McLeopold> I don't want to be the point of failure
2011-05-24T18:02:40  <amstan> the website seems to be working, mostly
2011-05-24T18:02:44  <amstan> the worker is the broken one
2011-05-24T18:04:09  <McLeopold> I was fixing up my misguided attempts at improved caching
2011-05-24T18:05:30  <amstan> where?
2011-05-24T18:07:15  <McLeopold> game_list.php and ranking.php
2011-05-24T18:07:22  <McLeopold> let me commit, hold on...
2011-05-24T18:07:34  <amstan> what about the worker?
2011-05-24T18:07:47  <amstan> the .copy() stuff
2011-05-24T18:08:00  *** orivej <orivej!~orivej@host-72-146-66-217.spbmts.ru> has joined #aichallenge
2011-05-24T18:08:09  <McLeopold> yeah, that too
2011-05-24T18:13:05  <CIA-48> aichallenge: McLeopold epsilon * r1ad3c35 / (5 files in 2 dirs): fixed worker game settings issue, better (less) memcache - http://bit.ly/lddI5B
2011-05-24T18:14:17  <amstan> McLeopold: can i test that?, will it fix the loop?
2011-05-24T18:15:07  <McLeopold> you mean, the part where it suddenly fires off hundreds of fast games in a row?
2011-05-24T18:15:23  <amstan> yes, but they're not games at all, mostly errors
2011-05-24T18:15:48  <McLeopold> no, still broken
2011-05-24T18:16:38  <McLeopold> for me, it is throwing an error in ants.py, parse_map
2011-05-24T18:17:19  <amstan> OSError: [Errno 1] Operation not permitted: '../0/6/bot/MyBot.py'
2011-05-24T18:17:29  <demerzel> oh shit
2011-05-24T18:17:31  <demerzel> that's my fault
2011-05-24T18:17:35  <demerzel> i was dicking around in there
2011-05-24T18:17:42  <amstan> demerzel: dude..
2011-05-24T18:17:55  <demerzel> 0/6 is me just delete
2011-05-24T18:18:06  <amstan> demerzel: it's in the db..
2011-05-24T18:18:16  <demerzel> i know that now i'm sorry
2011-05-24T18:18:46  <demerzel> i was only on there for a second was curious if it uploaded but nobody was on
2011-05-24T18:18:50  <McLeopold> amstan: can I get a line number on that?
2011-05-24T18:19:03  <amstan> demerzel:   File "worker.py", line 250, in unpack
2011-05-24T18:19:12  <amstan> demerzel: so did you delete the submission from disk?
2011-05-24T18:19:18  <amstan> McLeopold: ^^
2011-05-24T18:19:27  <amstan> demerzel: should i delete it from db as well? or?
2011-05-24T18:19:31  <demerzel> no i unzipped the zip
2011-05-24T18:19:38  <amstan> sigh..
2011-05-24T18:19:39  <demerzel> i had to sudo so its probably escalated
2011-05-24T18:19:40  <demerzel> sorry
2011-05-24T18:19:55  <demerzel> sorry sorry!  sheesh just delete
2011-05-24T18:20:07  <amstan> if i can figure out what to delete..
2011-05-24T18:20:17  <demerzel> in compiled/0/6
2011-05-24T18:20:23  <demerzel> itw as just generic mybot.py whatever is standard
2011-05-24T18:20:30  *** sigh <sigh!~sigh@210.18.207.102> has joined #aichallenge
2011-05-24T18:20:30  <demerzel> just put it back to whatever it starts as
2011-05-24T18:20:39  <demerzel> i deleted the zip sorry
2011-05-24T18:20:46  <demerzel> i thought it nly wanted the .py so i put that back
2011-05-24T18:20:49  <demerzel> i didn'tk now it needed the zip
2011-05-24T18:21:02  <amstan> demerzel: submit a new one, maybe that helps
2011-05-24T18:21:07  <demerzel> ok sec
2011-05-24T18:21:14  <McLeopold> amstan: did worker fail gracefully, or did it die?
2011-05-24T18:21:22  <amstan> McLeopold: it looped
2011-05-24T18:21:28  <amstan> ran it with -n 0 though
2011-05-24T18:21:32  <demerzel> amstan: for added confusion, i do have a pending submission
2011-05-24T18:21:33  <McLeopold> hmm...
2011-05-24T18:21:52  <amstan> ok, that's it, i'm getting closer and closer to wanting to reinstall all of this
2011-05-24T18:21:57  <McLeopold> that means get task needs to report back to the server an error, but it didn't?
2011-05-24T18:21:57  <demerzel> amstan: nm it says error receiving i will reupload
2011-05-24T18:22:34  <amstan> needsch: lots of this: http://pastebin.com/6kijk47E
2011-05-24T18:22:42  <amstan> McLeopold: ^
2011-05-24T18:22:45  <amstan> needsch: sorry, wp
2011-05-24T18:24:57  <demerzel> thats weird so worker /requires/ there to be a zip present in compiled?
2011-05-24T18:25:06  <demerzel> anyway i reuploaded
2011-05-24T18:25:20  <amstan> same problem, i'm reinstalling
2011-05-24T18:25:33  <amstan> McLeopold: you ok with that?
2011-05-24T18:25:36  <demerzel> wait
2011-05-24T18:25:40  <demerzel> just delete the dir and copy one of yours serious
2011-05-24T18:25:43  <demerzel> dont reinstall over that
2011-05-24T18:25:49  <amstan> demerzel: it'll take like 10 min
2011-05-24T18:25:52  <demerzel> oh
2011-05-24T18:25:55  <amstan> demerzel: and it was already partially broken
2011-05-24T18:25:55  <demerzel> well in that case
2011-05-24T18:26:11  <amstan> McLeopold: you ok with that?
2011-05-24T18:26:28  <demerzel> sorry btw i thought it needed the stuff for command line and the .zip was an artifact from transfer
2011-05-24T18:26:39  <demerzel> not that i plan on doing anything with my new understanding but still
2011-05-24T18:27:09  <CIA-48> aichallenge: McLeopold epsilon * r1b5c325 / worker/worker.py : catch unpack errors - http://bit.ly/lcrhg5
2011-05-24T18:27:31  <amstan> McLeopold: that fixed folder in zip problem?
2011-05-24T18:27:36  <McLeopold> amstan: let's wait and see if it will heal itself
2011-05-24T18:28:06  * amstan had sudo apt-get purge apache* mysql* in the terminal ready, lol
2011-05-24T18:28:28  <amstan> McLeopold: still the same problem
2011-05-24T18:28:37  <amstan> McLeopold: demerzel broke it by deleting his zip from uploads/
2011-05-24T18:28:51  <demerzel> what is the error again
2011-05-24T18:29:24  <McLeopold> amstan: it should still be able to detect any issue and flag the submission as errored
2011-05-24T18:29:43  <amstan> there we go
2011-05-24T18:29:46  <amstan> now it's doing it
2011-05-24T18:29:55  <demerzel> i did sudo unpack it iirc maybe a access error
2011-05-24T18:30:00  <amstan> needsch: 2011-05-25 02:29:39,157 - 3999 - ERROR - Unpack Error
2011-05-24T18:30:03  <demerzel> oh wow that tok a wihle to go through haha sorry
2011-05-24T18:30:05  <amstan> McLeopold: ^
2011-05-24T18:30:11  <needsch> ?
2011-05-24T18:30:28  <demerzel> how are you msising mcleopold that far amstan lol
2011-05-24T18:30:32  <demerzel> that's like 3 away
2011-05-24T18:30:37  <amstan> needsch: sorry about that, lol, i'm having typos today, n is close to m from mcleopold
2011-05-24T18:30:37  <needsch> xD
2011-05-24T18:30:50  <amstan> demerzel: i type m<tab>
2011-05-24T18:30:53  <demerzel> ah
2011-05-24T18:30:54  <amstan> demerzel: and in this case n
2011-05-24T18:31:01  <demerzel> ooh that works in freenode
2011-05-24T18:31:02  <amstan> McLeopold: seems to be working
2011-05-24T18:31:02  <demerzel> yay
2011-05-24T18:31:15  <demerzel> err works in webchat even
2011-05-24T18:32:22  <demerzel> argh every time i get ready to buckle down on some botting work throws some 5 minute database bullshit at me and i get distracted for an hour
2011-05-24T18:32:51  <demerzel> if only i got paid way too much to sit at home it would all be worth it
2011-05-24T18:32:55  <demerzel> wait..
2011-05-24T18:32:57  <amstan> McLeopold: what's the standard usage for manager.py?
2011-05-24T18:33:20  <amstan> -l 15 good?
2011-05-24T18:34:37  *** Redgis <Redgis!~Nex@2a01:e34:ee3b:aa40:214:22ff:feec:c2> has quit IRC (Quit: ... mains libres)
2011-05-24T18:35:57  <McLeopold> amstan: it doesn't matter yet, since the api_game_result isn't executing manager.py properly
2011-05-24T18:36:15  <McLeopold> amstan: but, that would be correct for generating a leaderboard every 15 seconds
2011-05-24T18:36:28  <jbroman> Okay, C++ newbie question here: when I define a template function that is used in a different compilation unit, it naturally is stripped out before linking. Is the idiomatic solution to put template functions in headers, or is there a better way?
2011-05-24T18:36:31  <amstan> so i'm not supposed to be running that manually?
2011-05-24T18:36:54  <McLeopold> yes, for leaderboard generation
2011-05-24T18:37:14  <amstan> McLeopold: all submissions now fail
2011-05-24T18:37:14  <McLeopold> the php calls it to update the individual game true skill scores
2011-05-24T18:37:31  <amstan> McLeopold: unpack error
2011-05-24T18:38:16  <McLeopold> that sucks...
2011-05-24T18:39:17  <McLeopold> amstan: which server are you on?
2011-05-24T18:39:27  <amstan> aichallengebeta
2011-05-24T18:39:30  <amstan> .hypert...
2011-05-24T18:39:40  <amstan> jbroman: try pinging antimatroid1
2011-05-24T18:40:28  *** sigh <sigh!~sigh@210.18.207.102> has quit IRC (Remote host closed the connection)
2011-05-24T18:40:43  <McLeopold> amstan: meaning you can upload?
2011-05-24T18:40:50  <McLeopold> *can't*
2011-05-24T18:41:03  <amstan> McLeopold: any upload gives unpack error
2011-05-24T18:41:07  <amstan> just tried with python starter
2011-05-24T18:46:01  <Frontier> jbroman: You have to place templates in header files
2011-05-24T18:46:26  <demerzel> jbroman: there isn't really a better way unless you consider separating it into its own file better (which some people do)
2011-05-24T18:46:29  <demerzel> boo :P
2011-05-24T18:48:03  <Frontier> http://aichallengebeta.hypertriangle.com/ doesn't work in IE9 -.-
2011-05-24T18:48:23  <demerzel> jbroman: to be more specific what Frontier said + the only thing you can do to make it any better is separate implementation (which is arguably better, not imo)
2011-05-24T18:49:34  *** Destoryer <Destoryer!63295294@gateway/web/freenode/ip.99.41.82.148> has joined #aichallenge
2011-05-24T18:50:07  <bhasker> can i upload my bot to the aichallengebeta
2011-05-24T18:50:12  *** nann <nann!~apophis@217-162-217-10.dynamic.hispeed.ch> has joined #aichallenge
2011-05-24T18:50:22  <bhasker> :)
2011-05-24T18:50:42  <demerzel> you can
2011-05-24T18:50:43  <McLeopold> bhasker: yes.....
2011-05-24T18:50:46  <demerzel> it will stare at you blankly
2011-05-24T18:50:54  <demerzel> unless its been turned on in the last 5 minutes?
2011-05-24T18:51:16  <demerzel> oh i got another problem with submission
2011-05-24T18:51:24  <McLeopold> demerzel: im in yr tubes nerfing yr uploads
2011-05-24T18:51:28  <bhasker> let me try
2011-05-24T18:51:48  <demerzel> McLeopold: are you going to put the compiler output into an email like last year?
2011-05-24T18:51:52  *** Palmik <Palmik!~palmik@palmikpc.sks6.muni.cz> has quit IRC (Read error: Connection reset by peer)
2011-05-24T18:52:05  <Frontier> IE9 defaults to "Quirks mode" on aichallengebeta.hypertriangle.com, so it disables the canvas. This is really bad. And also some of the CSS looks wrong in Quirks mode.
2011-05-24T18:52:05  <demerzel> that was useful since i don't have a gcc ubuntu box laying about
2011-05-24T18:52:11  <McLeopold> I don't know what happened last year.  I only wrote perfect code.
2011-05-24T18:52:18  <bhasker> hmm no activation maiil
2011-05-24T18:52:30  <Frontier> bhasker: thats ok
2011-05-24T18:52:32  <demerzel> bhasker: you have to click the link at the bottom of the page
2011-05-24T18:52:46  <demerzel> bhasker: i missed it first time too, had to be demerzel2
2011-05-24T18:52:55  *** Apophis_ <Apophis_!~apophis@217-162-217-10.dynamic.hispeed.ch> has quit IRC (Ping timeout: 246 seconds)
2011-05-24T18:52:56  <bhasker> ouch lol
2011-05-24T18:53:02  <bhasker> i missed it toosigh
2011-05-24T18:54:10  <amstan> bhasker: did it accept it?
2011-05-24T18:54:18  <bhasker> yea worked now
2011-05-24T18:54:20  <bhasker> let me upload
2011-05-24T18:54:27  <amstan> bhasker: ?
2011-05-24T18:54:36  <bhasker> as in the login worked
2011-05-24T18:54:38  <bhasker> now to upload my bot
2011-05-24T18:54:40  <amstan> oh, ok
2011-05-24T18:54:49  <amstan> yeah, don't miss that activation link
2011-05-24T18:55:59  <bhasker> its a zip file to upload right
2011-05-24T18:56:01  <bhasker> i forget
2011-05-24T18:56:16  <amstan> bhasker: yes, make sure there's no folder inside it
2011-05-24T18:56:23  <bhasker> k done
2011-05-24T18:56:26  <amstan> just the files directly in the zip
2011-05-24T18:56:30  <bhasker> uploaded now
2011-05-24T18:56:43  <bhasker> Submission Time	Status	Language
2011-05-24T18:56:44  <bhasker> May 25th 02:56:25	ready to be compiled	 Unknown
2011-05-24T18:56:44  <bhasker> hmm
2011-05-24T18:56:52  <amstan> McLeopold: 2011-05-25 02:56:44,313 - 3999 - ERROR - Unpack Error
2011-05-24T18:56:54  <bhasker> problem with submission file
2011-05-24T18:57:17  <bhasker> does the .cc extension not work?
2011-05-24T18:57:23  <bhasker> does it have to be .cpp?
2011-05-24T18:57:25  <amstan> i'm just going to checkout 1ad3c35b8c9331d059fb662ac546fa10fcbc5222
2011-05-24T18:57:29  <amstan> bhasker: some stuff is broken
2011-05-24T18:57:35  <amstan> bhasker: like that.. it's our end
2011-05-24T18:57:39  <Frontier> amstan: I will add "<!DOCTYPE html>" to header.php if you don't mind. It disables quirks mode in browsers.
2011-05-24T18:57:48  <amstan> Frontier: np
2011-05-24T18:58:08  <amstan> oh.. nvm, mcleopold is editing stuff
2011-05-24T18:58:09  <demerzel> if youre gonna do that put the full tag
2011-05-24T18:58:33  <bhasker> so should i just rename the files to .cpp?
2011-05-24T18:58:36  <bhasker> and will it work?
2011-05-24T18:58:43  <amstan> bhasker: it should work right now
2011-05-24T18:58:45  <bhasker> oh k
2011-05-24T18:58:46  <demerzel> maybe
2011-05-24T18:58:46  <amstan> bhasker: our code is broken
2011-05-24T18:58:54  <bhasker> upload again?
2011-05-24T18:59:01  <amstan> bhasker: when mcleopold says so
2011-05-24T18:59:13  <bhasker> k
2011-05-24T18:59:18  <amstan> contestbot: seen ahmedhelal
2011-05-24T18:59:18  <contestbot> amstan: ahmedhelal was last seen in #aichallenge 3 days, 19 hours, 57 minutes, and 4 seconds ago: <ahmedhelal> amstan: can i use google's logo in my design ? or should i write google plainly ?
2011-05-24T19:00:32  <demerzel> its funny seeing so many of hte same names from last year
2011-05-24T19:02:24  <Frontier> amstan: look&feel of ants web site on IE9: http://imageshack.us/f/837/ie9yn.jpg/
2011-05-24T19:02:46  <amstan> Frontier: yes, would you be able to play with it?
2011-05-24T19:02:50  <ahmedhelal> amstan: hey
2011-05-24T19:03:01  <amstan> Frontier: i don't have ie9 accessible
2011-05-24T19:03:22  <amstan> ahmedhelal: hey, i was wondering if you have some mockups for us
2011-05-24T19:04:03  <ahmedhelal> amstan: not yet, i still have 4 days till our deadline :) , ill try to finish something faster anyway
2011-05-24T19:04:14  <McLeopold> amstan: this is weird, an error about a MyBot.py file in a c bot upload?
2011-05-24T19:04:16  <amstan> ahmedhelal: by 1 week i meant with implementation
2011-05-24T19:04:51  <Frontier> amstan: I know very little about CSS.
2011-05-24T19:04:53  <amstan> McLeopold: weird
2011-05-24T19:04:57  <amstan> Frontier: aww
2011-05-24T19:05:28  <Frontier> and it is not like i see any warnings in ie9 either
2011-05-24T19:05:34  <ahmedhelal> amstan: hmm, ok will try to finish something soon
2011-05-24T19:06:01  <amstan> Frontier: the background is ok, right? the gradient looks the same
2011-05-24T19:06:09  <amstan> Frontier: what about the footer?
2011-05-24T19:07:35  <computerwiz_222> ahmedhelal: are you using IE9 exclusively? have you seen ants in anything else?
2011-05-24T19:07:47  <amstan> computerwiz_222: you mean Frontier
2011-05-24T19:07:53  <computerwiz_222> oh, my bad
2011-05-24T19:08:00  <computerwiz_222> ahmedhelal: ignore that
2011-05-24T19:08:54  <computerwiz_222> amstan: looks like the issues in ie9 are the triangle indentation and the header/footer bg's -- everything else looks mostly okay
2011-05-24T19:08:55  <McLeopold> OH!
2011-05-24T19:09:04  <computerwiz_222> amstan: but how did ie end up blue??
2011-05-24T19:11:42  <Frontier> amstan: the footer is like the header, blue but ok
2011-05-24T19:11:51  *** mcstar <mcstar!~mcstar@adsl-89-134-17-55.monradsl.monornet.hu> has quit IRC (Quit: WeeChat 0.3.5)
2011-05-24T19:12:06  <CIA-48> aichallenge: McLeopold epsilon * r2cc2f70 / worker/worker.py : fix issue with unpacking bots - http://bit.ly/llxRPz
2011-05-24T19:12:39  *** FireFly <FireFly!~firefly@unaffiliated/firefly> has quit IRC (Quit: swatted to death)
2011-05-24T19:12:59  <amstan> McLeopold: who's running the worker?
2011-05-24T19:14:06  <McLeopold> me
2011-05-24T19:14:08  <demerzel> ghosts
2011-05-24T19:14:27  * McLeopold fades away and disappears...
2011-05-24T19:14:42  <Frontier> It looks more like the triangle ROTATION isn't working. There is some line about a DirectX filter and a rotation of 5. I have no idea what that is supposed to do, lol
2011-05-24T19:14:51  <amstan> McLeopold: aww, stay
2011-05-24T19:14:58  <McLeopold> uploads work now
2011-05-24T19:15:05  <McLeopold> can we get email turned on?
2011-05-24T19:15:07  <amstan> bhasker: ping
2011-05-24T19:15:13  <bhasker> yup
2011-05-24T19:15:14  <amstan> McLeopold: maybe, idk, probably
2011-05-24T19:15:21  <bhasker> zug zug
2011-05-24T19:15:24  <amstan> McLeopold: i never had mail working properly from servers that i admined
2011-05-24T19:15:34  <demerzel> Frontier: are you rotating it in increments of 90 degrees?
2011-05-24T19:15:40  <amstan> they all involved bell filtering port 25
2011-05-24T19:15:48  <McLeopold> demerzel: do you have an email relay?
2011-05-24T19:15:49  *** needsch <needsch!~Robert@ip-81-210-159-12.unitymediagroup.de> has quit IRC (Quit: Leaving.)
2011-05-24T19:15:49  <demerzel> Frontier: always had to have rotation in everything but ie and use the filter one for ie
2011-05-24T19:16:02  <demerzel> McLeopold: no
2011-05-24T19:16:31  <demerzel> McLeopold: my job outsources it and that server is new to me
2011-05-24T19:16:35  <demerzel> sorry
2011-05-24T19:16:46  <McLeopold> amstan: what did you use last time?
2011-05-24T19:17:06  <Frontier> amstan: You can fix the gradient, by changing the value of "startColorstr" from #090 to #009900 and do the same expansion for endColorstr
2011-05-24T19:18:31  <Frontier> (in css/layout.css)
2011-05-24T19:19:16  <Frontier> I don't feel like fiddling with ssh on Windows right now, to commit the change myself :o)
2011-05-24T19:20:15  <McLeopold> amstan: where is ai-contest.com hosted, did jeff use their email relay?
2011-05-24T19:21:52  <demerzel> Frontier: SmartGit
2011-05-24T19:22:13  <demerzel> i use it for work it makes git less painful, wraps putty ssh
2011-05-24T19:24:48  <Frontier> dmerzel: I may give it a try. I have Git GUI installed.
2011-05-24T19:25:59  <Frontier> amstan: I don't know how to fix the triangle really. The applied DX filter doesn't seem to affect what's on screen.
2011-05-24T19:27:45  <demerzel> shitty thing about those filters is sometimes they trip security
2011-05-24T19:27:53  <demerzel> depends on the ie version
2011-05-24T19:28:04  <demerzel> as to whether its shown or whether you get a confirmation or nothing at all
2011-05-24T19:30:55  <Frontier> i'll reboot to linux
2011-05-24T19:31:00  *** Frontier <Frontier!~Marco@dslb-088-070-148-090.pools.arcor-ip.net> has quit IRC (Read error: Connection reset by peer)
2011-05-24T19:38:40  * amstan is back
2011-05-24T19:39:37  <amstan> McLeopold: we used gmail last time i think
2011-05-24T19:39:49  <amstan> McLeopold: try just sending email from the server directly, it might work
2011-05-24T19:40:47  <McLeopold> amstan: generate matchup is stuck again :(
2011-05-24T19:40:58  <amstan> ...
2011-05-24T19:41:00  <amstan> lol
2011-05-24T19:42:14  *** Eruonen <Eruonen!~Its@e198153.upc-e.chello.nl> has quit IRC ()
2011-05-24T19:46:03  <McLeopold> amstan: now it works, didn't change anything
2011-05-24T19:46:14  <amstan> good to know, lol
2011-05-24T19:49:24  <bhasker> mcleopold are uploads working correctly
2011-05-24T19:49:48  <amstan> bhasker: you can usually answer that question by uploading a starter pack
2011-05-24T19:50:08  <bhasker> hmm good idea let me try that
2011-05-24T19:50:18  <bhasker> should have thought of that
2011-05-24T19:51:05  <_flag> Why do the rankings list multiple of the same amstans?
2011-05-24T19:51:34  <amstan> i think rankings are done with submissions for this version
2011-05-24T19:51:41  <amstan> it's temp until we're satisfied that it works
2011-05-24T19:52:38  <_flag> Also the rankings seem to be ranking backwards. The better players are near the bottom
2011-05-24T19:59:04  <McLeopold> yeah, they are backwards
2011-05-24T20:04:00  *** Kingpin13 <Kingpin13!~Kingpin13@Wikipedia/Kingpin13> has quit IRC (Quit: quit)
2011-05-24T20:07:43  <bhasker> hmm weird starter bot upload works
2011-05-24T20:07:48  <bhasker> but when i upload mine it flunks
2011-05-24T20:07:54  <bhasker> even though mine is based on the starter bot
2011-05-24T20:08:07  <bhasker> can anyone look at the actual error and tell me why its flunking
2011-05-24T20:08:38  *** Frontier <Frontier!~marco@dslb-088-070-148-090.pools.arcor-ip.net> has joined #aichallenge
2011-05-24T20:08:44  <amstan> bhasker: what language?
2011-05-24T20:08:54  <bhasker> c++
2011-05-24T20:09:18  <amstan> 2011-05-25 04:06:49,225 - 10129 - ERROR - {'errors': ["./maptest.o: In function `main':\nmaptest.cpp:(.text+0x0): multiple definition of `main'\n./logger_test.o:logger_test.cc:(.text+0x0): first defined here\n./MyBot.o: In function `main':\nMyBot.cc:(.text+0x0): multiple definition of `main'\n./logger_test.o:logger_test.cc:(.text+0x0): first defined here\ncollect2: ld returned 1 exit status\n", "Command 'g++ -O2 -lm -o MyBot ./logger_
2011-05-24T20:09:20  <amstan> test.o ./maptest.o ./Bot.o ./State.o ./fieldgenerator.o ./Logger.o ./MyBot.o' had error return code 1"]
2011-05-24T20:09:21  <amstan> maybe that?
2011-05-24T20:09:22  <bhasker> it keeps saying error while compiling submission " language unknown
2011-05-24T20:09:29  <amstan> oh..
2011-05-24T20:09:29  <bhasker> weird
2011-05-24T20:09:35  <amstan> did you put it in a folder?
2011-05-24T20:09:40  <bhasker> hmm nope
2011-05-24T20:09:47  <bhasker> let me see why maptest is flunking
2011-05-24T20:09:50  <amstan> is that yours though?
2011-05-24T20:10:12  <bhasker> actually why is it compiling maptest
2011-05-24T20:10:17  <bhasker> weird its not even part of my make file
2011-05-24T20:10:35  <bhasker> does it just build all .cc
2011-05-24T20:10:37  <bhasker> and link them?
2011-05-24T20:10:42  <bhasker> and ignore the makefile?
2011-05-24T20:10:51  <_flag> I'm pretty sure makefiles were ignored in the last one
2011-05-24T20:10:53  <amstan> yes
2011-05-24T20:10:55  <bhasker> doh
2011-05-24T20:10:57  <bhasker> no wonder
2011-05-24T20:11:02  <bhasker> let me remove that file
2011-05-24T20:11:41  <jmcarthur> does the front page always show the most recent game or just some arbitrary one that somebody set?
2011-05-24T20:11:47  <jmcarthur> or something else
2011-05-24T20:12:59  <bhasker> hmm weird still flunks
2011-05-24T20:13:18  *** ltriant <ltriant!~ltriant@110-174-168-43.static.tpgi.com.au> has quit IRC (Read error: No route to host)
2011-05-24T20:13:28  <bhasker> anyway we can show the actual error on the page itself
2011-05-24T20:14:38  <bhasker> ah crap
2011-05-24T20:14:42  <bhasker> i have another test program
2011-05-24T20:14:44  <bhasker> which has a main
2011-05-24T20:15:49  <bhasker> ah worked
2011-05-24T20:16:37  <bhasker> now to see when it gets to play a game
2011-05-24T20:16:45  <bhasker> where is the beta site running the games? locally?
2011-05-24T20:17:01  *** ltriant <ltriant!~ltriant@110-174-168-43.static.tpgi.com.au> has joined #aichallenge
2011-05-24T20:17:21  <amstan> bhasker: yes, there's a worker on the same comp
2011-05-24T20:17:34  <bhasker> hmm i will probably timeout for all you know
2011-05-24T20:20:29  <bhasker> why are failed submissions also showing up on the ranking?
2011-05-24T20:20:42  <bhasker> like there are 6 submissions of mine which show up as "unknown"
2011-05-24T20:21:38  <amstan> bhasker: they're all showing
2011-05-24T20:22:53  <bhasker> yea but shouldn't that be like disabled
2011-05-24T20:23:10  <McLeopold> yes
2011-05-24T20:27:15  <McLeopold> amstan: the good news is the games are having their mu/sigma updated
2011-05-24T20:27:27  <McLeopold> amstan: the bad news is it is backwards
2011-05-24T20:27:52  <McLeopold> amstan: the furthur bad news is that somehow the matchmaking sql gets stuck
2011-05-24T20:28:12  <McLeopold> the stickyness survived a restart of both apache and mysql, so it is probably data related
2011-05-24T20:29:01  <McLeopold> after inserting a row into matchup and matchup_player, it works, so it may only get stuck for specific user/submission id's at this point
2011-05-24T20:30:09  <bhasker> http://aichallengebeta.hypertriangle.com/visualizer.php?game=89 did my bot time out?
2011-05-24T20:30:26  <bhasker> hmm nm
2011-05-24T20:32:27  <McLeopold> bhasker: http://aichallengebeta.hypertriangle.com/game/89 according to this, there were no timeout statuses
2011-05-24T20:32:54  <Frontier> I pitty the browser developer who had to implement rotated scrollbars ^^: http://www.useragentman.com/tests/cssSandpaper/example.html
2011-05-24T20:32:54  *** McLeopold <McLeopold!~Scott@c-71-231-166-135.hsd1.wa.comcast.net> has quit IRC (Read error: Connection reset by peer)
2011-05-24T20:33:10  <bhasker> yea weird somehow my bot just got stuck
2011-05-24T20:33:15  <bhasker> and didn't do shit
2011-05-24T20:33:17  <bhasker> after a point
2011-05-24T20:34:46  <bhasker> http://aichallengebeta.hypertriangle.com/visualizer.php?game=91
2011-05-24T20:34:47  <bhasker> much better
2011-05-24T20:52:36  <amstan> Frontier: some of the colours are hard to see
2011-05-24T20:52:45  <amstan> purple on brown is not a good idea
2011-05-24T20:54:11  <Frontier> ok, I only noticed that when I started implementing the gfx mode. I'll use one of the other 20 colors in that slot.
2011-05-24T20:56:51  <demerzel> ,bhasker: nice work for a random test prog lol
2011-05-24T20:57:11  <bhasker> not a random test per se:)
2011-05-24T20:58:17  <demerzel> thats as good or better than my 1 day of concerted effort haha
2011-05-24T20:58:49  <demerzel> oh not a random test well thought it was ;)
2011-05-24T21:03:02  *** bhasker <bhasker!~bhasker@nat/yahoo/x-qxxshtddlovgnbns> has quit IRC (Ping timeout: 276 seconds)
2011-05-24T21:07:17  *** Accoun <Accoun!~1@static-213-88-2-78.chebnet.ru> has quit IRC ()
2011-05-24T21:08:56  *** Frontier <Frontier!~marco@dslb-088-070-148-090.pools.arcor-ip.net> has quit IRC (Quit: Leaving.)
2011-05-24T21:11:10  *** Frontier <Frontier!~Marco@dslb-088-070-148-090.pools.arcor-ip.net> has joined #aichallenge
2011-05-24T21:40:11  *** smiley1983 <smiley1983!~smiley@115-64-7-182.static.tpgi.com.au> has quit IRC (Ping timeout: 240 seconds)
2011-05-24T21:42:13  *** smiley1983 <smiley1983!~smiley@115-64-7-182.static.tpgi.com.au> has joined #aichallenge
2011-05-24T21:45:10  *** Accoun <Accoun!~1@static-213-88-2-78.chebnet.ru> has joined #aichallenge
2011-05-24T21:54:00  *** javagamer <javagamer!~javagamer@ip-69-162-134-31.static.chi2.systeminplace.net> has quit IRC (Quit: WeeChat 0.3.4)
2011-05-24T21:54:12  *** javagamer <javagamer!~javagamer@ip-69-162-134-31.static.chi2.systeminplace.net> has joined #aichallenge
2011-05-24T21:57:30  *** javagamer <javagamer!~javagamer@ip-69-162-134-31.static.chi2.systeminplace.net> has quit IRC (Client Quit)
2011-05-24T21:58:05  *** smiley1983 <smiley1983!~smiley@115-64-7-182.static.tpgi.com.au> has quit IRC (Ping timeout: 276 seconds)
2011-05-24T21:58:44  *** smiley1983 <smiley1983!~smiley@115-64-7-182.static.tpgi.com.au> has joined #aichallenge
2011-05-24T21:58:46  *** javagamer <javagamer!~javagamer@ip-69-162-134-31.static.chi2.systeminplace.net> has joined #aichallenge
2011-05-24T21:58:50  <javagamer> otr
2011-05-24T21:58:54  <javagamer> woops, mistype
2011-05-24T22:00:35  *** javagamer <javagamer!~javagamer@ip-69-162-134-31.static.chi2.systeminplace.net> has quit IRC (Client Quit)
2011-05-24T22:00:58  *** javagamer <javagamer!~javagamer@ip-69-162-134-31.static.chi2.systeminplace.net> has joined #aichallenge
2011-05-24T22:10:59  *** smiley1983 <smiley1983!~smiley@115-64-7-182.static.tpgi.com.au> has quit IRC (Ping timeout: 240 seconds)
2011-05-24T22:12:22  *** smiley1983 <smiley1983!~smiley@115-64-7-182.static.tpgi.com.au> has joined #aichallenge
2011-05-24T22:14:57  *** Frontier <Frontier!~Marco@dslb-088-070-148-090.pools.arcor-ip.net> has quit IRC (Read error: Connection reset by peer)
2011-05-24T22:17:03  *** Frontier <Frontier!~marco@dslb-088-070-148-090.pools.arcor-ip.net> has joined #aichallenge
2011-05-24T22:21:58  <CIA-48> aichallenge: Marco Leise epsilon * rcd5bcf2 / (website/css/layout.css website/header.php): website: corrected IE9 display - http://bit.ly/kFiqny
2011-05-24T22:22:50  <Frontier> amstan: I hope the triangle still displays correctly in firefox, chrome and safari :-)
2011-05-24T22:24:05  <amstan> Frontier: it's ok
2011-05-24T22:24:11  <amstan> Frontier: but what's with the translate(1.24264068711em?
2011-05-24T22:24:24  <Frontier> that is an ugly hack, don't you see that?
2011-05-24T22:24:43  <Frontier> I can explain it if you want?
2011-05-24T22:25:02  <amstan> yes, but why are you changing the one for the other browsers as well?
2011-05-24T22:25:23  *** smiley1983 <smiley1983!~smiley@115-64-7-182.static.tpgi.com.au> has quit IRC (Ping timeout: 276 seconds)
2011-05-24T22:25:43  *** smiley1983 <smiley1983!~smiley@115-64-7-182.static.tpgi.com.au> has joined #aichallenge
2011-05-24T22:25:49  <amstan> ideally you should have a thing only for ie that does this
2011-05-24T22:26:11  <amstan> Frontier: hmm, see line 118?
2011-05-24T22:26:14  <Frontier> ok Internet Explorer's matrix transform just enlarges the green box to the right and the bottom. there is no way to rotate it around the center, like in other browsers or move it back in position
2011-05-24T22:26:19  <amstan> Frontier: it says rotation 5
2011-05-24T22:26:24  <amstan> shouldn't it be 45?
2011-05-24T22:26:28  <Frontier> no
2011-05-24T22:26:36  <amstan> the part where you deleted it
2011-05-24T22:26:39  <amstan> 118 deleted
2011-05-24T22:26:50  <amstan> filter: progid:DXImageTransform.Microsoft.BasicImage(rotation=***5***); /*for IE*/
2011-05-24T22:27:05  <Frontier> so what I did is move the box to a position where it will be correct after IE's awkward rotation filter.
2011-05-24T22:28:17  <Frontier> in the other browsers I just mimic that behaviour by rotating and then moving the box by sin(45) * 3em - something i forgot
2011-05-24T22:28:28  <amstan> ok, cool
2011-05-24T22:28:37  <amstan> does it show all good now in ie?
2011-05-24T22:29:41  <Frontier> yes, though it rotates a bitmap of the box there and you see 1. a black line on the border from top to right and 2. no antialiasing
2011-05-24T22:29:59  <Frontier> but it is really hardly visible, so thumbs up
2011-05-24T22:30:48  <amstan> :( http://browsershots.org/screenshots/8ffa8336267795ac7784e290ca1c3fb0
2011-05-24T22:30:57  <Frontier> BasicImage rotation just didn't work at all. maybe it can only rotate by 90 increments or works on pictures only... no idea
2011-05-24T22:31:00  <amstan> what's the point of having browsershots if it scrolls to the middle of the page?
2011-05-24T22:31:55  <amstan> http://browsershots.org/screenshots/c595e7f456a216280486b2455a51c259
2011-05-24T22:31:57  <amstan> oh man..
2011-05-24T22:31:58  <Frontier> THAT version of Opera is ancient, it doesn't implement the JSON parser yet. Also for security reasons this person should update asap :p
2011-05-24T22:32:01  <amstan> msie6!
2011-05-24T22:32:12  <amstan> it works good too
2011-05-24T22:32:13  <amstan> lol
2011-05-24T22:32:19  <amstan> wait, nvm, that's 8
2011-05-24T22:32:35  <amstan> this is 7: http://browsershots.org/screenshots/7309caf558e2da73b86d8cba21da859e
2011-05-24T22:34:13  <Frontier> I cannot install IE 7 to fix that. And where is the person who created the css anyway?
2011-05-24T22:34:57  <Frontier> Then again, look at how many ppl still use IE 7. <1% I assume. And they have other options.
2011-05-24T22:37:07  <amstan> Frontier: that would be me, lol
2011-05-24T22:37:40  <amstan> usually i throw something like http://code.google.com/p/ie7-js/ at it
2011-05-24T22:37:42  <amstan> it does wonders
2011-05-24T22:37:57  <Frontier> haha, then go install WinXP in a VM and test yourself. I know it is tideous :p
2011-05-24T22:38:00  <amstan> makes ie6 behave like a proper browser
2011-05-24T22:38:09  <amstan> same for ie7 and 8
2011-05-24T22:38:59  <amstan> i used it on http://www.sandhillconsultants.com/
2011-05-24T22:39:02  <amstan> but don't tell anyone
2011-05-24T22:41:48  <Frontier> You could give it a try if it is able to fix some of the css formating. Though I don't know how good it is at the matrix computation I did there. It will have its limitations.
2011-05-24T22:42:20  *** computerwiz_222 <computerwiz_222!~andrew@216.58.98.129> has quit IRC (Remote host closed the connection)
2011-05-24T22:43:22  <amstan> i doubt it could do that rotate thing
2011-05-24T22:43:28  <Frontier> w3c shows ~7.5% for IE6+IE7. That is different on ai-contest.com, but still they die hard. Probably some older school PCs.
2011-05-24T22:43:31  <amstan> that's more like a css3 thing,
2011-05-24T22:44:40  <amstan> apparently someone uses IE 999.1
2011-05-24T22:44:44  <amstan> must be advanced shit!
2011-05-24T22:45:10  <Frontier> lololol
2011-05-24T22:45:26  <amstan> so.. IE is 6.53% of visitors
2011-05-24T22:45:47  <amstan> and IE7 is 13.22% of that, IE6 is 4.69%
2011-05-24T22:45:59  <Frontier> hmm actually I have IE6 installed on wine... but no, I wont bother. Next thing I fix is the php, then the engine. no, I stick with my visualizer
2011-05-24T22:46:27  <amstan> well.. i should check some of the issues
2011-05-24T22:46:36  <amstan> i think we fixed a few
2011-05-24T22:46:50  <Frontier> 1,17% then :)
2011-05-24T22:47:33  <Frontier> must be the relatives of the programmers
2011-05-24T22:49:03  <amstan> ie9.js should fix them
2011-05-24T22:49:39  <amstan> Frontier: here's one if you want: https://github.com/aichallenge/aichallenge/issues/120
2011-05-24T22:50:32  <amstan> contestbot: seen janzert
2011-05-24T22:50:32  <contestbot> amstan: janzert was last seen in #aichallenge 3 days, 14 hours, 40 minutes, and 59 seconds ago: <janzert> contestbot: later tell amstan also I'm working out of town until Thursday so so probably won't be coding anything until after that
2011-05-24T22:50:44  <amstan> that explains it then
2011-05-24T22:50:55  <amstan> contestbot; y u no tell me?
2011-05-24T22:50:56  <contestbot> amstan: You have no gotten any error messages recently, so here's a random one just to let you know that we care.
2011-05-24T22:51:40  *** smiley1983 <smiley1983!~smiley@115-64-7-182.static.tpgi.com.au> has quit IRC (Ping timeout: 250 seconds)
2011-05-24T22:52:24  *** smiley1983 <smiley1983!~smiley@115-64-7-182.static.tpgi.com.au> has joined #aichallenge
2011-05-24T22:55:31  <Frontier> contestbot, you develop a conciousness
2011-05-24T22:55:32  <contestbot> Frontier: No!
2011-05-24T22:55:37  <Frontier> oh yes!
2011-05-24T22:55:40  <amstan> lol
2011-05-24T22:56:32  <amstan> well, after 33MB of logs, it has the right
2011-05-24T22:57:35  <Frontier> it should have a web interface so you can put text in irc on behalf of 'contestbot'. That would make for some nice "wft"s
2011-05-24T23:00:26  *** delt0r___ <delt0r___!~delt0r@188-22-169-152.adsl.highway.telekom.at> has joined #aichallenge
2011-05-24T23:00:46  <Frontier> about that issue: I cannot write Python, so it is assigned to the right person.
2011-05-24T23:02:14  *** delt0r_ <delt0r_!~delt0r@188-22-169-30.adsl.highway.telekom.at> has quit IRC (Ping timeout: 260 seconds)
2011-05-24T23:02:20  <amstan> ok
2011-05-24T23:02:38  *** smiley1983 <smiley1983!~smiley@115-64-7-182.static.tpgi.com.au> has quit IRC (Ping timeout: 240 seconds)
2011-05-24T23:03:56  *** smiley1983 <smiley1983!~smiley@115-64-7-182.static.tpgi.com.au> has joined #aichallenge
2011-05-24T23:09:14  *** Destoryer <Destoryer!63295294@gateway/web/freenode/ip.99.41.82.148> has quit IRC (Ping timeout: 252 seconds)
2011-05-24T23:15:39  *** smiley1983 <smiley1983!~smiley@115-64-7-182.static.tpgi.com.au> has quit IRC (Ping timeout: 248 seconds)
2011-05-24T23:16:21  *** smiley1983 <smiley1983!~smiley@115-64-7-182.static.tpgi.com.au> has joined #aichallenge
2011-05-24T23:51:44  *** qacek <qacek!~jacques@c-98-207-37-2.hsd1.ca.comcast.net> has joined #aichallenge
