2012-05-03T00:18:49  *** dvladim <dvladim!~dvladim@85.113.131.65> has quit IRC (Ping timeout: 252 seconds)
2012-05-03T00:31:55  *** foRei <foRei!~ViT@0x4dd7b24d.adsl.cybercity.dk> has quit IRC (Quit: Bye)
2012-05-03T01:03:25  *** Areks <Areks!~Areks@rs.gridnine.com> has joined #aichallenge
2012-05-03T01:08:50  *** thestinger <thestinger!~strcat@CPE98fc1165cb6f-CM00159a09b2d0.cpe.net.cable.rogers.com> has quit IRC (Ping timeout: 272 seconds)
2012-05-03T01:09:47  *** thestinger <thestinger!~strcat@CPE98fc1165cb6f-CM00159a09b2d0.cpe.net.cable.rogers.com> has joined #aichallenge
2012-05-03T01:12:18  *** Accoun <Accoun!~1@static-213-88-39-97.chebnet.ru> has quit IRC (Ping timeout: 250 seconds)
2012-05-03T01:18:48  *** Accoun <Accoun!~1@static-213-88-39-97.chebnet.ru> has joined #aichallenge
2012-05-03T02:01:01  *** NoxiaZ^ <NoxiaZ^!~noxi@87-104-29-39-dynamic-customer.profibernet.dk> has joined #aichallenge
2012-05-03T02:06:32  *** janzert1 <janzert1!~janzert@97-83-32-127.dhcp.trcy.mi.charter.com> has joined #aichallenge
2012-05-03T02:07:02  *** janzert2 <janzert2!~janzert@97-83-32-127.dhcp.trcy.mi.charter.com> has joined #aichallenge
2012-05-03T02:09:56  *** janzert <janzert!~janzert@97-83-32-127.dhcp.trcy.mi.charter.com> has quit IRC (Ping timeout: 250 seconds)
2012-05-03T02:10:12  *** janzert2 is now known as janzert
2012-05-03T02:10:47  *** janzert1 <janzert1!~janzert@97-83-32-127.dhcp.trcy.mi.charter.com> has quit IRC (Ping timeout: 245 seconds)
2012-05-03T02:27:57  *** HaraKiri <HaraKiri!~hara@g224187133.adsl.alicedsl.de> has joined #aichallenge
2012-05-03T02:30:22  *** amstan <amstan!~alex@aichallenge/admin/amstan> has quit IRC (Ping timeout: 245 seconds)
2012-05-03T03:03:41  *** coeus <coeus!~coeus@dslb-084-061-069-216.pools.arcor-ip.net> has joined #aichallenge
2012-05-03T03:15:28  *** HaraKiri <HaraKiri!~hara@g224187133.adsl.alicedsl.de> has quit IRC ()
2012-05-03T03:57:43  *** mceier <mceier!~mceier@89-77-239-61.dynamic.chello.pl> has joined #aichallenge
2012-05-03T03:58:12  *** heinrich5991 <heinrich5991!~hein5991@unaffiliated/heinrich5991> has quit IRC (Ping timeout: 248 seconds)
2012-05-03T04:02:19  *** heinrich5991 <heinrich5991!~hein5991@unaffiliated/heinrich5991> has joined #aichallenge
2012-05-03T04:15:30  *** epicmonkey <epicmonkey!~epicmonke@host-224-60.dataart.net> has joined #aichallenge
2012-05-03T04:22:17  *** mleise <mleise!~marco@dslb-178-011-222-198.pools.arcor-ip.net> has quit IRC (*.net *.split)
2012-05-03T04:23:35  *** mleise <mleise!~marco@dslb-178-011-222-198.pools.arcor-ip.net> has joined #aichallenge
2012-05-03T04:27:40  *** HaraKiri <HaraKiri!~hara@g224187133.adsl.alicedsl.de> has joined #aichallenge
2012-05-03T04:34:24  *** Garf <Garf!~Garf@78-22-80-252.access.telenet.be> has joined #aichallenge
2012-05-03T04:38:59  *** kurnevsky <kurnevsky!~kurnevsky@37.17.114.183> has joined #aichallenge
2012-05-03T04:51:57  *** pairofdice <pairofdice!~pod@dsl-hkibrasgw2-fed3df00-232.dhcp.inet.fi> has joined #aichallenge
2012-05-03T06:14:52  *** sigh <sigh!~sigh@ppp114-153.static.internode.on.net> has joined #aichallenge
2012-05-03T06:28:40  *** coeus <coeus!~coeus@dslb-084-061-069-216.pools.arcor-ip.net> has quit IRC (Quit: Verlassend)
2012-05-03T06:42:46  *** thestinger <thestinger!~strcat@CPE98fc1165cb6f-CM00159a09b2d0.cpe.net.cable.rogers.com> has quit IRC (Quit: WeeChat 0.3.7)
2012-05-03T06:55:50  *** delt0r_ <delt0r_!~bob@178-191-246-116.adsl.highway.telekom.at> has quit IRC (Ping timeout: 255 seconds)
2012-05-03T07:08:41  *** delt0r_ <delt0r_!~bob@188-23-93-154.adsl.highway.telekom.at> has joined #aichallenge
2012-05-03T08:55:54  *** foRei <foRei!~ViT@0x4dd7b24d.adsl.cybercity.dk> has joined #aichallenge
2012-05-03T08:59:57  *** HaraKiri <HaraKiri!~hara@g224187133.adsl.alicedsl.de> has quit IRC ()
2012-05-03T09:05:32  *** harakiri <harakiri!~sdfsdf@g224187133.adsl.alicedsl.de> has joined #aichallenge
2012-05-03T09:08:12  *** sigh <sigh!~sigh@ppp114-153.static.internode.on.net> has quit IRC (Ping timeout: 255 seconds)
2012-05-03T09:14:54  *** amstan <amstan!~alex@aichallenge/admin/amstan> has joined #aichallenge
2012-05-03T09:14:55  *** ChanServ sets mode: +o amstan
2012-05-03T09:16:19  *** sigh <sigh!~sigh@ppp114-153.static.internode.on.net> has joined #aichallenge
2012-05-03T09:17:42  *** GarfTop <GarfTop!~Garf@78-22-80-252.access.telenet.be> has joined #aichallenge
2012-05-03T09:21:35  *** Garf <Garf!~Garf@78-22-80-252.access.telenet.be> has quit IRC (Ping timeout: 272 seconds)
2012-05-03T09:28:48  *** thestinger <thestinger!~strcat@CPE98fc1165cb6f-CM00159a09b2d0.cpe.net.cable.rogers.com> has joined #aichallenge
2012-05-03T10:16:02  *** delt0r__ <delt0r__!~bob@weissmann.cibiv.univie.ac.at> has quit IRC (Ping timeout: 265 seconds)
2012-05-03T10:17:08  *** harakiri <harakiri!~sdfsdf@g224187133.adsl.alicedsl.de> has quit IRC (Quit: Leaving)
2012-05-03T10:18:47  *** delt0r__ <delt0r__!~bob@weissmann.cibiv.univie.ac.at> has joined #aichallenge
2012-05-03T10:18:55  *** HaraKiri <HaraKiri!~hara@g224187133.adsl.alicedsl.de> has joined #aichallenge
2012-05-03T10:35:41  *** Areks <Areks!~Areks@rs.gridnine.com> has quit IRC (Ping timeout: 272 seconds)
2012-05-03T11:05:14  *** dvladim <dvladim!~dvladim@85.113.131.65> has joined #aichallenge
2012-05-03T11:14:39  *** epicmonkey <epicmonkey!~epicmonke@host-224-60.dataart.net> has quit IRC (Ping timeout: 245 seconds)
2012-05-03T11:23:18  *** g0llum <g0llum!~g0llum@82.113.119.100> has joined #aichallenge
2012-05-03T11:42:28  *** dvladim <dvladim!~dvladim@85.113.131.65> has quit IRC (Ping timeout: 245 seconds)
2012-05-03T12:15:21  *** EduardoMax is now known as xeba
2012-05-03T12:26:00  *** thestinger <thestinger!~strcat@CPE98fc1165cb6f-CM00159a09b2d0.cpe.net.cable.rogers.com> has quit IRC (Quit: saving the world)
2012-05-03T12:28:14  *** sigh <sigh!~sigh@ppp114-153.static.internode.on.net> has quit IRC (Read error: Connection reset by peer)
2012-05-03T12:42:37  *** epicmonkey <epicmonkey!~epicmonke@188.134.41.211> has joined #aichallenge
2012-05-03T13:22:33  *** dvladim <dvladim!~dvladim@85.113.131.65> has joined #aichallenge
2012-05-03T13:34:19  *** Accoun <Accoun!~1@static-213-88-39-97.chebnet.ru> has quit IRC (Remote host closed the connection)
2012-05-03T13:34:52  *** Accoun <Accoun!~1@static-213-88-39-97.chebnet.ru> has joined #aichallenge
2012-05-03T13:40:19  *** NoxiaZ^ <NoxiaZ^!~noxi@87-104-29-39-dynamic-customer.profibernet.dk> has quit IRC (Ping timeout: 248 seconds)
2012-05-03T13:48:54  *** iglo <iglo!~xy@xdsl-92-252-52-187.dip.osnanet.de> has joined #aichallenge
2012-05-03T13:50:05  *** iglo <iglo!~xy@xdsl-92-252-52-187.dip.osnanet.de> has quit IRC (Read error: Connection reset by peer)
2012-05-03T14:04:20  *** chris__0076 <chris__0076!~Chris_007@adsl-74-232-18-168.asm.bellsouth.net> has joined #aichallenge
2012-05-03T14:07:40  *** Chris_0076 <Chris_0076!~Chris_007@adsl-74-190-125-239.asm.bellsouth.net> has quit IRC (Ping timeout: 256 seconds)
2012-05-03T14:21:13  *** Palmik <Palmik!~palmik@man-208-66.pks.muni.cz> has joined #aichallenge
2012-05-03T14:36:27  *** dlila <dlila!~dlila@72.53.70.164> has joined #aichallenge
2012-05-03T14:37:00  *** chris__0076 is now known as chris_0076
2012-05-03T14:40:36  *** iglo <iglo!~xy@xdsl-92-252-52-187.dip.osnanet.de> has joined #aichallenge
2012-05-03T14:42:33  *** dici <dici!~Dici@port-92-204-114-130.dynamic.qsc.de> has joined #aichallenge
2012-05-03T14:56:01  *** delt0r_ <delt0r_!~bob@188-23-93-154.adsl.highway.telekom.at> has quit IRC (Ping timeout: 252 seconds)
2012-05-03T15:05:03  *** NoxiaZ^ <NoxiaZ^!~noxi@87-104-29-39-dynamic-customer.profibernet.dk> has joined #aichallenge
2012-05-03T15:07:19  *** Accoun <Accoun!~1@static-213-88-39-97.chebnet.ru> has quit IRC ()
2012-05-03T15:08:26  *** delt0r_ <delt0r_!~bob@91-113-88-69.adsl.highway.telekom.at> has joined #aichallenge
2012-05-03T15:22:28  *** dvladim <dvladim!~dvladim@85.113.131.65> has quit IRC (Ping timeout: 265 seconds)
2012-05-03T15:24:28  *** Accoun <Accoun!~1@static-213-88-39-97.chebnet.ru> has joined #aichallenge
2012-05-03T15:47:13  *** davo <davo!82b61a9d@gateway/web/freenode/ip.130.182.26.157> has joined #aichallenge
2012-05-03T15:49:19  *** loglog <loglog!~loglog@ec2-174-129-91-248.compute-1.amazonaws.com> has quit IRC (Ping timeout: 250 seconds)
2012-05-03T15:53:15  *** epicmonkey <epicmonkey!~epicmonke@188.134.41.211> has quit IRC (Ping timeout: 246 seconds)
2012-05-03T16:12:51  *** amstan <amstan!~alex@aichallenge/admin/amstan> has quit IRC (Quit: Konversation terminated!)
2012-05-03T16:16:19  *** g0llum <g0llum!~g0llum@82.113.119.100> has quit IRC (Read error: Connection reset by peer)
2012-05-03T16:24:08  *** HaraKiri <HaraKiri!~hara@g224187133.adsl.alicedsl.de> has quit IRC ()
2012-05-03T16:40:27  *** kurnevsky <kurnevsky!~kurnevsky@37.17.114.183> has quit IRC (Quit: Leaving.)
2012-05-03T16:41:53  *** choas <choas!~lars@p4FDC57B6.dip.t-dialin.net> has joined #aichallenge
2012-05-03T16:42:53  *** Kingpin13 <Kingpin13!~Kingpin13@Wikipedia/Kingpin13> has quit IRC (Ping timeout: 245 seconds)
2012-05-03T16:44:40  <davo> does this channel support any users with the Ant tutorial?
2012-05-03T16:45:47  <davo> i might not even be an official 'user' just starting out after downloading the starter package and fiddling with the project as a personal learning experience
2012-05-03T16:46:20  <davo> anyway, if so I'm stuck on step 1. lol
2012-05-03T16:46:37  <davo> trying it in java and not even getting the same results as the tutorial
2012-05-03T16:54:23  *** Palmik <Palmik!~palmik@man-208-66.pks.muni.cz> has quit IRC ()
2012-05-03T16:56:15  *** dici <dici!~Dici@port-92-204-114-130.dynamic.qsc.de> has quit IRC (Read error: Connection reset by peer)
2012-05-03T16:57:44  <davo> probably not a big deal, i'll keep on with the tutorial and it should work out :]
2012-05-03T17:07:58  *** amstan <amstan!~alex@aichallenge/admin/amstan> has joined #aichallenge
2012-05-03T17:07:58  *** ChanServ sets mode: +o amstan
2012-05-03T17:09:13  *** mcstar <mcstar!~mcstar@adsl-89-134-12-173.monradsl.monornet.hu> has joined #aichallenge
2012-05-03T17:23:07  *** mcstar <mcstar!~mcstar@adsl-89-134-12-173.monradsl.monornet.hu> has quit IRC (Quit: mcstar)
2012-05-03T17:36:28  *** iglo <iglo!~xy@xdsl-92-252-52-187.dip.osnanet.de> has quit IRC (Read error: Connection reset by peer)
2012-05-03T17:40:46  *** choas <choas!~lars@p4FDC57B6.dip.t-dialin.net> has quit IRC (Ping timeout: 260 seconds)
2012-05-03T18:30:38  *** smiley1983 <smiley1983!~smiley@115-64-6-216.static.tpgi.com.au> has quit IRC (Ping timeout: 244 seconds)
2012-05-03T18:31:44  *** smiley1983 <smiley1983!~smiley@115-64-6-216.static.tpgi.com.au> has joined #aichallenge
2012-05-03T18:37:21  *** smiley1983 <smiley1983!~smiley@115-64-6-216.static.tpgi.com.au> has quit IRC (Ping timeout: 260 seconds)
2012-05-03T18:37:58  *** smiley1983 <smiley1983!~smiley@115-64-6-216.static.tpgi.com.au> has joined #aichallenge
2012-05-03T18:39:37  <mleise> davo: the contest is long over and the next on didn't start, but feel free to experiment :)
2012-05-03T18:40:02  <davo> thanks mleise will do! :]
2012-05-03T18:41:13  <mleise> the tools are currently unmaintained as well. i wrote the visualizer application, so i can probably help you with that, but otherwise I'm occupied with nested templates in D
2012-05-03T18:44:04  *** smiley1983 <smiley1983!~smiley@115-64-6-216.static.tpgi.com.au> has quit IRC (Ping timeout: 244 seconds)
2012-05-03T18:46:16  *** smiley1983 <smiley1983!~smiley@115-64-6-216.static.tpgi.com.au> has joined #aichallenge
2012-05-03T18:51:34  *** pairofdice <pairofdice!~pod@dsl-hkibrasgw2-fed3df00-232.dhcp.inet.fi> has quit IRC (Quit: in girum imus nocte et consumimur igni)
2012-05-03T18:56:10  *** dlila <dlila!~dlila@72.53.70.164> has quit IRC (Quit: Leaving)
2012-05-03T19:36:43  *** mceier <mceier!~mceier@89-77-239-61.dynamic.chello.pl> has quit IRC (Quit: leaving)
2012-05-03T19:57:27  *** davo <davo!82b61a9d@gateway/web/freenode/ip.130.182.26.157> has quit IRC (Ping timeout: 245 seconds)
2012-05-03T20:00:29  *** GarfTop <GarfTop!~Garf@78-22-80-252.access.telenet.be> has quit IRC (Read error: Connection reset by peer)
2012-05-03T20:50:21  *** NoxiaZ^ <NoxiaZ^!~noxi@87-104-29-39-dynamic-customer.profibernet.dk> has quit IRC (Ping timeout: 260 seconds)
2012-05-03T20:57:04  *** aerique_ <aerique_!310225@xs8.xs4all.nl> has quit IRC (Ping timeout: 246 seconds)
2012-05-03T20:57:11  *** aerique <aerique!310225@xs8.xs4all.nl> has joined #aichallenge
2012-05-03T21:01:09  *** amstan_ <amstan_!~alex@aichallenge/admin/amstan> has joined #aichallenge
2012-05-03T21:01:09  *** ChanServ sets mode: +o amstan_
2012-05-03T21:06:54  *** smiley1983 <smiley1983!~smiley@115-64-6-216.static.tpgi.com.au> has quit IRC (Ping timeout: 240 seconds)
2012-05-03T21:08:50  *** smiley1983 <smiley1983!~smiley@115-64-6-216.static.tpgi.com.au> has joined #aichallenge
2012-05-03T21:45:44  *** amstan_ <amstan_!~alex@aichallenge/admin/amstan> has quit IRC (Quit: Konversation terminated!)
2012-05-03T22:38:39  *** smiley1983 <smiley1983!~smiley@115-64-6-216.static.tpgi.com.au> has quit IRC (Ping timeout: 252 seconds)
2012-05-03T22:40:28  *** smiley1983 <smiley1983!~smiley@115-64-6-216.static.tpgi.com.au> has joined #aichallenge
2012-05-03T22:56:20  *** delt0r_ <delt0r_!~bob@91-113-88-69.adsl.highway.telekom.at> has quit IRC (Ping timeout: 245 seconds)
2012-05-03T23:09:42  *** delt0r_ <delt0r_!~bob@93-82-140-163.adsl.highway.telekom.at> has joined #aichallenge
2012-05-03T23:14:40  *** dvladim <dvladim!~dvladim@85.113.131.65> has joined #aichallenge
2012-05-03T23:17:21  *** smiley1983 <smiley1983!~smiley@115-64-6-216.static.tpgi.com.au> has quit IRC (Ping timeout: 256 seconds)
2012-05-03T23:18:13  *** smiley1983 <smiley1983!~smiley@115-64-6-216.static.tpgi.com.au> has joined #aichallenge
2012-05-03T23:20:30  *** dvladim <dvladim!~dvladim@85.113.131.65> has quit IRC (Ping timeout: 245 seconds)
2012-05-03T23:45:55  *** xeba <xeba!~xeba@189.59.117.230.dynamic.adsl.gvt.net.br> has quit IRC (Quit: The 7 Deadly Sins: compartilhe o momento, compartilhe a vida!   [www.t7ds.com.br])
