2011-08-06T00:48:37  *** sigh <sigh!~sigh@ppp114-153.static.internode.on.net> has quit IRC (Remote host closed the connection)
2011-08-06T00:58:44  *** sigh <sigh!~sigh@ppp114-153.static.internode.on.net> has joined #aichallenge
2011-08-06T01:06:09  *** Cyndre <Cyndre!~Cyndre@DOCSIS-181-75.cable-lynx.net> has quit IRC (Quit: Leaving)
2011-08-06T01:13:53  *** Apophis_ <Apophis_!~apophis@77-58-128-11.dclient.hispeed.ch> has joined #aichallenge
2011-08-06T01:16:24  *** Apophis <Apophis!~apophis@77-58-128-11.dclient.hispeed.ch> has quit IRC (Ping timeout: 255 seconds)
2011-08-06T01:16:51  *** zobilamouche <zobilamouche!~zobilamou@pdpc/supporter/active/fbparis> has quit IRC (Ping timeout: 255 seconds)
2011-08-06T01:16:59  *** McLeopold <McLeopold!~Scott@c-98-247-248-39.hsd1.wa.comcast.net> has quit IRC (Quit: Leaving.)
2011-08-06T01:17:39  *** McLeopold <McLeopold!~scott@c-98-247-248-39.hsd1.wa.comcast.net> has joined #aichallenge
2011-08-06T01:22:10  *** zobilamouche <zobilamouche!~zobilamou@pdpc/supporter/active/fbparis> has joined #aichallenge
2011-08-06T01:44:16  *** McLeopold <McLeopold!~scott@c-98-247-248-39.hsd1.wa.comcast.net> has left #aichallenge
2011-08-06T01:59:16  *** sigh <sigh!~sigh@ppp114-153.static.internode.on.net> has quit IRC (Remote host closed the connection)
2011-08-06T01:59:42  *** ibdknox_ <ibdknox_!~ibdknox@c-98-210-156-61.hsd1.ca.comcast.net> has joined #aichallenge
2011-08-06T02:01:55  *** ibdknox <ibdknox!~ibdknox@c-98-210-156-61.hsd1.ca.comcast.net> has quit IRC (Ping timeout: 260 seconds)
2011-08-06T02:04:59  *** ibdknox <ibdknox!~ibdknox@c-98-210-156-61.hsd1.ca.comcast.net> has joined #aichallenge
2011-08-06T02:07:09  *** ibdknox_ <ibdknox_!~ibdknox@c-98-210-156-61.hsd1.ca.comcast.net> has quit IRC (Ping timeout: 252 seconds)
2011-08-06T02:37:30  *** amstan <amstan!~amstan@76-10-152-25.dsl.teksavvy.com> has quit IRC (Ping timeout: 260 seconds)
2011-08-06T03:39:08  *** choas <choas!~lars@p5792CB46.dip.t-dialin.net> has joined #aichallenge
2011-08-06T03:43:58  *** Redgis <Redgis!~Nex@2a01:e34:ee3b:aa40:214:22ff:feec:c2> has joined #aichallenge
2011-08-06T04:14:20  *** FireFly <FireFly!~firefly@unaffiliated/firefly> has joined #aichallenge
2011-08-06T04:32:59  *** berak <berak!~chatzilla@89.204.153.192> has joined #aichallenge
2011-08-06T04:34:08  *** Palmik <Palmik!~palmik@120-49-80-78.tmcz.cz> has joined #aichallenge
2011-08-06T04:40:21  *** ibdknox <ibdknox!~ibdknox@c-98-210-156-61.hsd1.ca.comcast.net> has quit IRC (Remote host closed the connection)
2011-08-06T04:52:57  *** sigh <sigh!~sigh@ppp114-153.static.internode.on.net> has joined #aichallenge
2011-08-06T05:55:48  *** Accoun <Accoun!~1@static-213-88-39-97.chebnet.ru> has quit IRC (Read error: Connection reset by peer)
2011-08-06T06:13:54  *** mceier <mceier!~mceier@89-77-208-118.dynamic.chello.pl> has joined #aichallenge
2011-08-06T06:18:55  *** mleise <mleise!~marco@dslb-088-070-152-209.pools.arcor-ip.net> has joined #aichallenge
2011-08-06T07:35:31  *** mleise <mleise!~marco@dslb-088-070-152-209.pools.arcor-ip.net> has quit IRC (Quit: Leaving.)
2011-08-06T07:35:57  *** mleise <mleise!~marco@dslb-088-070-152-209.pools.arcor-ip.net> has joined #aichallenge
2011-08-06T07:51:33  *** foRei <foRei!~ViT@0x4dd7b24d.adsl.cybercity.dk> has joined #aichallenge
2011-08-06T07:52:30  *** Accoun <Accoun!~1@static-213-88-39-97.chebnet.ru> has joined #aichallenge
2011-08-06T08:01:06  *** Accoun <Accoun!~1@static-213-88-39-97.chebnet.ru> has quit IRC (Ping timeout: 246 seconds)
2011-08-06T08:25:10  *** Accoun <Accoun!~1@static-213-88-39-97.chebnet.ru> has joined #aichallenge
2011-08-06T08:26:10  *** Accoun <Accoun!~1@static-213-88-39-97.chebnet.ru> has quit IRC (Remote host closed the connection)
2011-08-06T08:26:30  *** Accoun <Accoun!~1@static-213-88-39-97.chebnet.ru> has joined #aichallenge
2011-08-06T08:30:42  *** Accoun <Accoun!~1@static-213-88-39-97.chebnet.ru> has quit IRC (Ping timeout: 250 seconds)
2011-08-06T08:43:07  *** Accoun <Accoun!~1@static-213-88-39-97.chebnet.ru> has joined #aichallenge
2011-08-06T08:47:55  *** Accoun <Accoun!~1@static-213-88-39-97.chebnet.ru> has quit IRC (Ping timeout: 260 seconds)
2011-08-06T08:48:51  *** Accoun <Accoun!~1@static-213-88-39-97.chebnet.ru> has joined #aichallenge
2011-08-06T08:53:34  *** Accoun <Accoun!~1@static-213-88-39-97.chebnet.ru> has quit IRC (Ping timeout: 264 seconds)
2011-08-06T09:11:19  *** Accoun <Accoun!~1@static-213-88-39-97.chebnet.ru> has joined #aichallenge
2011-08-06T09:35:10  *** choas <choas!~lars@p5792CB46.dip.t-dialin.net> has quit IRC (Read error: Operation timed out)
2011-08-06T10:01:39  *** vdp|afk is now known as vdp
2011-08-06T10:09:31  *** JAKO <JAKO!5b2cab19@gateway/web/freenode/ip.91.44.171.25> has joined #aichallenge
2011-08-06T10:11:00  *** berak <berak!~chatzilla@89.204.153.192> has quit IRC (Ping timeout: 255 seconds)
2011-08-06T10:15:21  *** berak <berak!~chatzilla@82.113.99.130> has joined #aichallenge
2011-08-06T10:16:34  *** vdp is now known as vdp|afk
2011-08-06T10:30:08  *** choas <choas!~lars@p5792CB46.dip.t-dialin.net> has joined #aichallenge
2011-08-06T10:49:36  *** choas <choas!~lars@p5792CB46.dip.t-dialin.net> has quit IRC (Ping timeout: 276 seconds)
2011-08-06T13:31:36  *** amstan <amstan!~amstan@76-10-152-25.dsl.teksavvy.com> has joined #aichallenge
2011-08-06T13:31:36  *** ChanServ sets mode: +o amstan
2011-08-06T13:48:49  *** nullkuhl <nullkuhl!~nullkuhl@196.221.28.207> has joined #aichallenge
2011-08-06T13:57:04  *** ibdknox <ibdknox!~ibdknox@c-98-210-156-61.hsd1.ca.comcast.net> has joined #aichallenge
2011-08-06T14:25:46  *** Palmik <Palmik!~palmik@120-49-80-78.tmcz.cz> has quit IRC (Remote host closed the connection)
2011-08-06T14:28:30  *** Palmik <Palmik!~palmik@120-49-80-78.tmcz.cz> has joined #aichallenge
2011-08-06T14:41:34  *** nann <nann!~apophis@77-58-128-11.dclient.hispeed.ch> has joined #aichallenge
2011-08-06T14:45:35  *** Apophis_ <Apophis_!~apophis@77-58-128-11.dclient.hispeed.ch> has quit IRC (Ping timeout: 258 seconds)
2011-08-06T15:09:12  *** berak <berak!~chatzilla@82.113.99.130> has quit IRC (Quit: ChatZilla 0.9.84 [SeaMonkey 2.0a3/20090223135443])
2011-08-06T15:32:29  *** nullkuhl <nullkuhl!~nullkuhl@196.221.28.207> has quit IRC (Remote host closed the connection)
2011-08-06T16:00:41  *** Accoun <Accoun!~1@static-213-88-39-97.chebnet.ru> has quit IRC ()
2011-08-06T16:43:26  *** Accoun <Accoun!~1@static-213-88-39-97.chebnet.ru> has joined #aichallenge
2011-08-06T17:39:06  *** Indecipherable_ <Indecipherable_!~IceChat77@41.30.206.218> has joined #aichallenge
2011-08-06T17:39:16  <Indecipherable_> Hey
2011-08-06T17:40:22  <Indecipherable_> For the CL starter package, can I only test the code on SBCL?
2011-08-06T18:01:55  *** Indecipherable_ <Indecipherable_!~IceChat77@41.30.206.218> has quit IRC (Quit: Download IceChat at www.icechat.net)
2011-08-06T18:27:16  *** mceier <mceier!~mceier@89-77-208-118.dynamic.chello.pl> has quit IRC (Quit: leaving)
2011-08-06T18:31:14  *** JAKO <JAKO!5b2cab19@gateway/web/freenode/ip.91.44.171.25> has quit IRC (Ping timeout: 252 seconds)
2011-08-06T18:33:09  *** FireFly <FireFly!~firefly@unaffiliated/firefly> has quit IRC (Quit: swatted to death)
2011-08-06T18:37:44  *** Lithosphere <Lithosphere!~lithosphe@unaffiliated/lithosphere> has quit IRC (Remote host closed the connection)
2011-08-06T18:38:01  *** Lithosphere <Lithosphere!~lithosphe@78-21-162-147.access.telenet.be> has joined #aichallenge
2011-08-06T18:38:01  *** Lithosphere <Lithosphere!~lithosphe@unaffiliated/lithosphere> has joined #aichallenge
2011-08-06T19:10:36  *** foRei <foRei!~ViT@0x4dd7b24d.adsl.cybercity.dk> has quit IRC (Read error: Connection reset by peer)
2011-08-06T19:59:51  *** mleise <mleise!~marco@dslb-088-070-152-209.pools.arcor-ip.net> has quit IRC (Quit: Leaving.)
2011-08-06T20:03:39  *** Redgis <Redgis!~Nex@2a01:e34:ee3b:aa40:214:22ff:feec:c2> has quit IRC (Ping timeout: 255 seconds)
2011-08-06T20:15:26  *** Palmik <Palmik!~palmik@120-49-80-78.tmcz.cz> has quit IRC (Remote host closed the connection)
2011-08-06T20:27:57  *** AlliedEnvy <AlliedEnvy!~AlliedEnv@adsl-68-90-238-74.dsl.hstntx.swbell.net> has quit IRC (Ping timeout: 255 seconds)
2011-08-06T20:31:02  *** AlliedEnvy <AlliedEnvy!~AlliedEnv@adsl-68-90-238-74.dsl.hstntx.swbell.net> has joined #aichallenge
2011-08-06T20:37:51  *** AlliedEnvy <AlliedEnvy!~AlliedEnv@adsl-68-90-238-74.dsl.hstntx.swbell.net> has quit IRC (Ping timeout: 255 seconds)
2011-08-06T20:49:12  *** AlliedEnvy <AlliedEnvy!~AlliedEnv@adsl-68-90-238-74.dsl.hstntx.swbell.net> has joined #aichallenge
2011-08-06T21:21:35  *** ibdknox <ibdknox!~ibdknox@c-98-210-156-61.hsd1.ca.comcast.net> has quit IRC (Remote host closed the connection)
2011-08-06T23:24:35  *** ibdknox <ibdknox!~ibdknox@c-98-210-156-61.hsd1.ca.comcast.net> has joined #aichallenge
