2011-12-02T00:03:05  *** antimatroid <antimatroid!~nick@30.122-27-211.dynamic.dsl.mel.iprimus.net.au> has joined #aichallenge
2011-12-02T00:04:08  *** avdg <avdg!~avdg@78-22-168-200.access.telenet.be> has quit IRC (Quit: Leaving.)
2011-12-02T00:06:09  *** Antimony <Antimony!~chatzilla@lawn-143-215-62-62.lawn.gatech.edu> has quit IRC (Ping timeout: 244 seconds)
2011-12-02T00:10:24  *** delt0r_ <delt0r_!~bob@213-33-16-33.adsl.highway.telekom.at> has joined #aichallenge
2011-12-02T00:14:01  *** yoden <yoden!~horstman@cpe-76-190-250-126.neo.res.rr.com> has quit IRC (Quit: Leaving.)
2011-12-02T00:18:56  *** jmcarthur <jmcarthur!~jake@pool-72-89-247-53.nycmny.fios.verizon.net> has quit IRC (Read error: Connection reset by peer)
2011-12-02T00:19:46  *** jmcarthur <jmcarthur!~jake@pool-72-89-247-53.nycmny.fios.verizon.net> has joined #aichallenge
2011-12-02T00:21:59  <thestinger> lots of the people on fluxid's tcp server seem to use like 4s a turn now :\
2011-12-02T00:22:06  <thestinger> games are taking forever
2011-12-02T00:25:59  <Kommander> i just realized my combat code is making my bot worse. I am losing to HunterBot in the default test :/
2011-12-02T00:26:08  <AntDroid> would that mean that skils on tcp server are overrated compared to skills on the aichallenge due to more time for their bots?
2011-12-02T00:26:19  <AntDroid> skills*
2011-12-02T00:27:38  <antimatroid> possibly
2011-12-02T00:27:44  <antimatroid> people may just be testing stuff out
2011-12-02T00:28:34  <antimatroid> http://xkcd.com/974/ :)
2011-12-02T00:28:58  <AntDroid> my bot average tiem per move is 20ms to max of 200ms
2011-12-02T00:29:03  <AntDroid> time*
2011-12-02T00:29:08  *** ChrisH_ <ChrisH_!60ff8f05@gateway/web/freenode/ip.96.255.143.5> has joined #aichallenge
2011-12-02T00:29:44  <antimatroid> i sped mine up last night
2011-12-02T00:29:54  <antimatroid> going through and working out what's taking the longest
2011-12-02T00:29:55  <AntDroid> maybe i should implement some sort of search also with alpha-beta/negascout, is anyone using them?
2011-12-02T00:30:13  <antimatroid> not sure how you'd use alpha beta for searching?
2011-12-02T00:30:26  <antimatroid> i use a* while collecting food but just variations of bfs otherwise
2011-12-02T00:30:56  <AntDroid> it's just mini-max with a smaller branching factor
2011-12-02T00:31:42  <ChrisH_> AntDroid: I use A-B pruning in combat calcs.
2011-12-02T00:32:11  <AntDroid> problem is that the branching factor in this game is too big, maybe if you could prune some of the ants useless moves the branching factor would go sown
2011-12-02T00:32:26  <ChrisH_> yes
2011-12-02T00:32:28  *** TheLinker <TheLinker!~TheLinker@host76.190-137-232.telecom.net.ar> has quit IRC (Quit: Bye)
2011-12-02T00:32:37  *** jix <jix!~jix@dronf.net> has quit IRC (Ping timeout: 240 seconds)
2011-12-02T00:32:41  <AntDroid> ChrisH: nice to know that. how deep do you score? how do you evaluate a node?
2011-12-02T00:32:52  <ChrisH_> anything you can do to reduce the positions you actually need to evaluate will help
2011-12-02T00:33:06  <ChrisH_> i'm not telling
2011-12-02T00:33:08  <AntDroid> do you search? not score. sorry
2011-12-02T00:33:19  *** jix <jix!~jix@dronf.net> has joined #aichallenge
2011-12-02T00:33:28  <ChrisH_> gotta have some secrets at least until the finals
2011-12-02T00:33:37  <antimatroid> haha yeah
2011-12-02T00:33:41  *** Antimony <Antimony!~chatzilla@lawn-143-215-62-62.lawn.gatech.edu> has joined #aichallenge
2011-12-02T00:33:59  <ChrisH_> but i don't search very deep
2011-12-02T00:34:22  <ChrisH_> because I haven't squeezed enough time out of it yet
2011-12-02T00:34:42  <ChrisH_> and I'm not sure how much more I can squeeze out
2011-12-02T00:34:47  <AntDroid> ok. i'm thinking of using number of squares controlled in the map as score. maybe this way it will deprive the enemy with space. do you do iterative deepening?
2011-12-02T00:34:49  <antimatroid> i changed my bot last night to only do closest path info for stuff like ants/hills etc. up to a max length
2011-12-02T00:35:04  <antimatroid> i want my bot to be able to run on 300x300
2011-12-02T00:35:33  *** Lithosphere <Lithosphere!~lithosphe@78-21-162-147.access.telenet.be> has joined #aichallenge
2011-12-02T00:35:37  *** Lithosphere <Lithosphere!~lithosphe@unaffiliated/lithosphere> has joined #aichallenge
2011-12-02T00:36:17  <ChrisH_> AntDroid: I only use mini-max for ants engaged in combat, and I score primarily based on how many ants each side has in the combat.
2011-12-02T00:36:37  <antimatroid> anyone know how long set up time is on the server?
2011-12-02T00:36:43  <ChrisH_> 3000ms
2011-12-02T00:36:46  <antimatroid> cool
2011-12-02T00:36:49  <antimatroid> i'm still under 1000
2011-12-02T00:36:53  <antimatroid> but just wanted to make sure
2011-12-02T00:37:19  <antimatroid> under 1000 for 300x300 that is
2011-12-02T00:37:31  <antimatroid> i turn my grid into a graph during that turn
2011-12-02T00:37:48  <ChrisH_> I actually timed out on that in testing working on my last version, but it was an easy fix to cut my setup time in half, I had never optimized it until then.
2011-12-02T00:38:11  <antimatroid> yikes, what the hell are you doing :p
2011-12-02T00:38:41  *** bmh <bmh!ada4e181@fsf/member/bmh> has joined #aichallenge
2011-12-02T00:39:02  <AntDroid> ChrisH: thanks. gives me some idea. my problem now is how to determine if an ant or group of ants is to be included for computation of combat . i currently only use ants within attack radius + 2
2011-12-02T00:39:05  <ChrisH_> I do a lot of caching of attackable, and visible cells for each map cell up front to avoid doing that over and over during each turn.
2011-12-02T00:39:20  <ChrisH_> AntDroid: that's pretty standard
2011-12-02T00:39:22  <bmh> AntDroid: why +2? I was only going to do +1
2011-12-02T00:39:39  <pairofdice> Oh, 85% from latest ai class homework, I was expecting somehting like 50%
2011-12-02T00:39:56  <bmh> pairofdice: do they do automated grading?
2011-12-02T00:39:58  <ChrisH_> bmh: because both ants can move towards each other
2011-12-02T00:40:06  <AntDroid> bmh: in case enemy ants go into your direction also. the ants in the +2 radius will get into you attack radius
2011-12-02T00:40:07  <bmh> ChrisH_: duh! :)
2011-12-02T00:40:12  <pairofdice> Yeah
2011-12-02T00:40:56  <AntDroid> ChrisH: when do you do the caching? at the start of the game?
2011-12-02T00:40:59  <antimatroid> i don't like people's +1 things
2011-12-02T00:41:02  <antimatroid> it's not quite right
2011-12-02T00:41:15  <antimatroid> or +2
2011-12-02T00:41:22  <ChrisH_> AntDroid: yes, in turn 0 after you get the board dimensions before the game begins
2011-12-02T00:41:29  <antimatroid> eg. a%..b and a..%b can't land in battle next turn
2011-12-02T00:41:45  <antimatroid> it's worth getting the border of attack and vision too imo
2011-12-02T00:41:51  <antimatroid> the translation values that is
2011-12-02T00:42:05  <bmh> antimatroid: sure, take that into account in your model?
2011-12-02T00:42:11  <antimatroid> ChrisH_: or do you get the translation and attack locations for each location?
2011-12-02T00:42:24  <antimatroid> bmh: yes i wont put those ants in the same battle partition
2011-12-02T00:42:25  <ChrisH_> antimatroid: yes
2011-12-02T00:42:37  <antimatroid> ChrisH_: how large is that? :P
2011-12-02T00:42:42  <ChrisH_> and I update them to remove invalid ones as I see water
2011-12-02T00:42:48  <antimatroid> yeah i do that
2011-12-02T00:43:02  <antimatroid> well, for land neighbours
2011-12-02T00:43:04  <bmh> ah, I'm not going to attempt to do a partition. I'm feeling clock pressure, but I'm going to take a shot at a sampling based approach
2011-12-02T00:43:25  <antimatroid> i just went for fully sized partitions and quicker combat code
2011-12-02T00:43:27  <bmh> at least this will be over before Christmas
2011-12-02T00:43:34  <ChrisH_> well it depends on map size, but even a 200x200 map is not huge
2011-12-02T00:44:03  <antimatroid> i would have liked to bomb vision information with water blocking in some instances, but it's really slow
2011-12-02T00:44:09  <antimatroid> but your way might make that possible
2011-12-02T00:45:07  <ChrisH_> I use that a lot for exploration planning
2011-12-02T00:45:25  <antimatroid> i wanted to :P
2011-12-02T00:45:29  <antimatroid> and now might :P
2011-12-02T00:46:25  <ChrisH_> so, 177 visible cells from each cell times 40k for a 200x200, comes to ~7M entries max, if you store 4byte ints, that's 28MB,
2011-12-02T00:46:55  <antimatroid> i take it you aren't passing states around for your game tree? :P
2011-12-02T00:48:30  <ChrisH_> not copies of full board states, no way, there is one master copy of the cached indexes, and a point to that is passed everywhere.
2011-12-02T00:51:04  *** sf17k <sf17k!1815f2d2@gateway/web/freenode/ip.24.21.242.210> has joined #aichallenge
2011-12-02T00:56:48  *** Jak_o_Shadows <Jak_o_Shadows!~hayden@CPE-144-136-214-52.sa.bigpond.net.au> has quit IRC (Remote host closed the connection)
2011-12-02T01:02:50  *** ltriant <ltriant!~ltriant@lithium.mailguard.com.au> has quit IRC (Read error: No route to host)
2011-12-02T01:04:12  *** Palmik <Palmik!~palmik@man-208-200.pks.muni.cz> has joined #aichallenge
2011-12-02T01:06:11  *** ltriant <ltriant!~ltriant@lithium.mailguard.com.au> has joined #aichallenge
2011-12-02T01:10:36  *** bhasker <bhasker!~bhasker@99-162-151-97.lightspeed.sntcca.sbcglobal.net> has joined #aichallenge
2011-12-02T01:10:40  <bhasker> evening
2011-12-02T01:13:19  <antimatroid> evening
2011-12-02T01:13:26  <antimatroid> how do we match that one up?
2011-12-02T01:13:32  <antimatroid> must be almost midnight there?
2011-12-02T01:13:37  <antimatroid> it's like 5 15pm here
2011-12-02T01:13:46  <bhasker> well its night here sorry!
2011-12-02T01:13:50  <bhasker> almost 10pm!
2011-12-02T01:14:06  <bhasker> but saying good night would be like signing off!
2011-12-02T01:14:09  <bhasker> so evening it is!
2011-12-02T01:14:15  <bmh> bhasker: you aren't in a timezone..?
2011-12-02T01:14:36  <bhasker> i am a timezone
2011-12-02T01:14:48  <bhasker> in chuck norris style timezone is where chuck is
2011-12-02T01:16:29  <bmh> Fun-fact: Kathmandu time is at UTC+5:45 because solar noon occurs in Kathmandu at UTC+5:43, so they rounded.
2011-12-02T01:16:42  <bmh> %s/Kathmandu time/Nepali time/g
2011-12-02T01:16:48  <bhasker> indian tz is +5:30!
2011-12-02T01:18:09  *** moises <moises!~moises@cm74.sigma7.maxonline.com.sg> has joined #aichallenge
2011-12-02T01:19:14  <antimatroid> bhasker: you're back in india?
2011-12-02T01:19:20  <bhasker> nope
2011-12-02T01:19:32  <bhasker> in india it would be 11:45am right now!
2011-12-02T01:19:40  <antimatroid> yeah i realised that after i said it :P
2011-12-02T01:25:48  <bhasker> so what is the name of your bot on TCP?
2011-12-02T01:26:19  <antimatroid> not on there
2011-12-02T01:26:24  <bhasker> on official?
2011-12-02T01:27:11  <antimatroid> nope
2011-12-02T01:27:35  <antimatroid> i get distracted when i do either of those things :P
2011-12-02T01:36:36  <Antimony> newfoundland also has weird time
2011-12-02T01:36:37  <Antimony> I think
2011-12-02T01:37:07  *** Areks <Areks!~Areks@rs.gridnine.com> has joined #aichallenge
2011-12-02T01:38:20  *** ltriant <ltriant!~ltriant@lithium.mailguard.com.au> has quit IRC (Quit: Get MacIrssi - http://www.sysctl.co.uk/projects/macirssi/)
2011-12-02T01:43:35  *** ChrisH_ <ChrisH_!60ff8f05@gateway/web/freenode/ip.96.255.143.5> has quit IRC (Quit: Page closed)
2011-12-02T01:44:32  *** Antimony <Antimony!~chatzilla@lawn-143-215-62-62.lawn.gatech.edu> has quit IRC (Ping timeout: 248 seconds)
2011-12-02T01:47:59  *** analyst74 <analyst74!~analyst74@74-115-199-33.eng.wind.ca> has quit IRC (Ping timeout: 245 seconds)
2011-12-02T01:48:14  *** analyst74 <analyst74!~analyst74@74-115-199-33.eng.wind.ca> has joined #aichallenge
2011-12-02T02:07:49  *** UncleVasya <UncleVasya!kvirc@178-133-180-228.dialup.umc.net.ua> has joined #aichallenge
2011-12-02T02:12:49  *** moises <moises!~moises@cm74.sigma7.maxonline.com.sg> has quit IRC (Remote host closed the connection)
2011-12-02T02:13:23  *** jstrong <jstrong!~jstrong@189.229.21.108> has joined #aichallenge
2011-12-02T02:14:09  *** bmh <bmh!ada4e181@fsf/member/bmh> has quit IRC (Quit: Page closed)
2011-12-02T02:14:23  *** roflmao <roflmao!~jstrong@189.229.21.108> has quit IRC (Ping timeout: 248 seconds)
2011-12-02T02:14:48  *** jstrong is now known as roflmao
2011-12-02T02:24:40  <UncleVasya> @seen Zaphus
2011-12-02T02:24:40  <contestbot> UncleVasya: Zaphus was last seen in #aichallenge 2 weeks, 2 days, 20 hours, 20 minutes, and 5 seconds ago: <zaphus> yeah, off by default is odd - but I must admit after a while I dont want to see it until something odd happens
2011-12-02T02:24:44  <UncleVasya> @seen Zaph
2011-12-02T02:24:44  <contestbot> UncleVasya: Zaph was last seen in #aichallenge 1 year, 11 weeks, 0 days, 9 hours, 36 minutes, and 9 seconds ago: <zaph> If player 1 is based off games, player 2 could be based off time + elo and it solves both issues
2011-12-02T02:27:45  *** mleise <mleise!~marco@dslb-178-011-040-082.pools.arcor-ip.net> has joined #aichallenge
2011-12-02T02:28:51  <janzert> ahh the perennial topic, matchmaking
2011-12-02T02:34:41  *** analyst74 <analyst74!~analyst74@74-115-199-33.eng.wind.ca> has quit IRC (Ping timeout: 244 seconds)
2011-12-02T02:39:42  *** UncleVasya <UncleVasya!kvirc@178-133-180-228.dialup.umc.net.ua> has quit IRC ()
2011-12-02T02:42:37  *** JorgeB <JorgeB!~textual@c-98-234-188-88.hsd1.ca.comcast.net> has quit IRC (Quit: Textual IRC Client: http://www.textualapp.com/)
2011-12-02T02:42:58  *** JorgeB <JorgeB!~textual@c-98-234-188-88.hsd1.ca.comcast.net> has joined #aichallenge
2011-12-02T03:02:32  *** roflmao <roflmao!~jstrong@189.229.21.108> has quit IRC (Quit: Leaving.)
2011-12-02T03:02:57  *** mravlja <mravlja!a4088866@gateway/web/freenode/ip.164.8.136.102> has joined #aichallenge
2011-12-02T03:06:25  <thestinger> !misc last --from thestinger
2011-12-02T03:06:33  <thestinger> @misc last --from thestinger
2011-12-02T03:06:33  <contestbot> thestinger: [03:06:25] <thestinger> !misc last --from thestinger
2011-12-02T03:07:05  <thestinger> @misc last --from thestinger --regexp battle.
2011-12-02T03:07:05  <contestbot> thestinger: Error: 'battle.' is not a valid regular expression.
2011-12-02T03:08:00  <thestinger> @misc last --from thestinger --with battle
2011-12-02T03:08:00  <contestbot> thestinger: [03:07:05] <thestinger> @misc last --from thestinger --regexp battle.
2011-12-02T03:09:57  *** sigh <sigh!~sigh@ppp114-153.static.internode.on.net> has joined #aichallenge
2011-12-02T03:10:32  *** aerique <aerique!310225@xs8.xs4all.nl> has joined #aichallenge
2011-12-02T03:14:34  *** kapoc <kapoc!~opera@cst-prg-37-248.cust.vodafone.cz> has joined #aichallenge
2011-12-02T03:17:36  *** Ashoka <Ashoka!dcf7e114@gateway/web/freenode/ip.220.247.225.20> has joined #aichallenge
2011-12-02T03:18:51  *** Kingpin13 <Kingpin13!~Kingpin13@Wikipedia/Kingpin13> has quit IRC (Quit: quit)
2011-12-02T03:19:07  *** emilk <emilk!~emilk@h-129-109.a258.priv.bahnhof.se> has quit IRC (Ping timeout: 244 seconds)
2011-12-02T03:19:12  *** emilk <emilk!~emilk@h-129-109.a258.priv.bahnhof.se> has joined #aichallenge
2011-12-02T03:24:59  *** jon1 <jon1!~Adium@2001:67c:90:764:fa1e:dfff:fedf:5943> has joined #aichallenge
2011-12-02T03:33:48  <Ashoka> janzert: is this game resolution ok ? http://aichallenge.org/visualizer.php?game=153542&user=66
2011-12-02T03:39:31  *** ikaros <ikaros!~ikaros@dslb-188-097-070-062.pools.arcor-ip.net> has joined #aichallenge
2011-12-02T03:44:59  *** kapoc <kapoc!~opera@cst-prg-37-248.cust.vodafone.cz> has left #aichallenge
2011-12-02T03:45:07  *** mj41 <mj41!~mj41_nby@195.39.106.218> has joined #aichallenge
2011-12-02T03:46:31  <janzert> Had ender sent any of the ants in the area to attack he would have won, so yes
2011-12-02T03:47:11  *** kire <kire!~kire@78-22-125-201.access.telenet.be> has joined #aichallenge
2011-12-02T03:48:24  <janzert> I really don't understand why he sent the group of ants on the upper right of the map back past his own hill to attack instead of taking the short route that he had definitely already seen
2011-12-02T03:50:30  *** epicmonkey <epicmonkey!~epicmonke@178.130.5.103> has joined #aichallenge
2011-12-02T03:52:34  <antimatroid> yeah, game clearly would have ended the same way with more time anyway
2011-12-02T03:52:36  *** g0llum <g0llum!~g0llum@82.113.106.185> has joined #aichallenge
2011-12-02T03:53:51  *** kire <kire!~kire@78-22-125-201.access.telenet.be> has quit IRC (Remote host closed the connection)
2011-12-02T04:03:06  *** UncleVasya <UncleVasya!~UncleVasy@88-214-100-109.dialup.umc.net.ua> has joined #aichallenge
2011-12-02T04:05:52  *** mikewintermute <mikewintermute!~mikewinte@wsg-aruba.2i3.net> has joined #aichallenge
2011-12-02T04:06:10  *** ikaros <ikaros!~ikaros@dslb-188-097-070-062.pools.arcor-ip.net> has quit IRC (Quit: Ex-Chat)
2011-12-02T04:07:21  <Ashoka> janzert : I meant the game was abruptly ended at just 431 turns. when one player was moving on and close towards the hill as well. what's the harm allowing games to continue a bit longer in cases like these...
2011-12-02T04:09:33  <antimatroid> time is the harm
2011-12-02T04:09:44  <antimatroid> the bot should have won the game way before then
2011-12-02T04:10:36  <Ashoka> antimatroid : no. from turn 300 onwards, player1 was clearly marching towards the hill and almost reached there with a big army by 431. it would have been finished in abt 10-15 more turns
2011-12-02T04:24:50  *** mravlja <mravlja!a4088866@gateway/web/freenode/ip.164.8.136.102> has quit IRC (Ping timeout: 265 seconds)
2011-12-02T04:27:19  *** Garf <Garf!~Garf@78-22-80-252.access.telenet.be> has joined #aichallenge
2011-12-02T04:30:23  *** jcazevedo <jcazevedo!~jcazevedo@bl18-126-136.dsl.telepac.pt> has quit IRC (Ping timeout: 248 seconds)
2011-12-02T04:36:51  * antimatroid has stripped his bot back to no strategy
2011-12-02T04:36:55  <antimatroid> rewrite time :D
2011-12-02T04:39:39  *** chris__0076 <chris__0076!~Chris_007@adsl-74-190-49-150.asm.bellsouth.net> has quit IRC (Ping timeout: 252 seconds)
2011-12-02T04:43:47  *** ikaros <ikaros!~ikaros@studpool-wlan-74-53.fs.fbi.h-da.de> has joined #aichallenge
2011-12-02T04:47:03  *** sigh <sigh!~sigh@ppp114-153.static.internode.on.net> has quit IRC (Remote host closed the connection)
2011-12-02T05:02:55  *** epicmonkey <epicmonkey!~epicmonke@178.130.5.103> has quit IRC (Ping timeout: 248 seconds)
2011-12-02T05:04:41  *** sigh <sigh!~sigh@ppp114-153.static.internode.on.net> has joined #aichallenge
2011-12-02T05:05:25  *** UncleVasya <UncleVasya!52cf7e07@gateway/web/freenode/ip.82.207.126.7> has joined #aichallenge
2011-12-02T05:06:59  <UncleVasya> amstan, this page http://aichallenge.org/starter_packages.php  says that OCaml starter package has no hills support yet. But it is wrong, hills are implemented already.
2011-12-02T05:08:46  *** UncleVasya <UncleVasya!52cf7e07@gateway/web/freenode/ip.82.207.126.7> has quit IRC (Client Quit)
2011-12-02T05:12:44  *** grwip <grwip!~grwip@dslb-088-075-159-102.pools.arcor-ip.net> has joined #aichallenge
2011-12-02T05:14:57  *** antimatroid <antimatroid!~nick@30.122-27-211.dynamic.dsl.mel.iprimus.net.au> has quit IRC (Ping timeout: 260 seconds)
2011-12-02T05:16:12  *** antimatroid <antimatroid!~nick@30.122-27-211.dynamic.dsl.mel.iprimus.net.au> has joined #aichallenge
2011-12-02T05:22:44  *** sf17k <sf17k!1815f2d2@gateway/web/freenode/ip.24.21.242.210> has quit IRC (Quit: Page closed)
2011-12-02T05:23:51  *** Ashoka <Ashoka!dcf7e114@gateway/web/freenode/ip.220.247.225.20> has quit IRC (Quit: Page closed)
2011-12-02T05:25:26  *** g0llum <g0llum!~g0llum@82.113.106.185> has quit IRC (Read error: Connection reset by peer)
2011-12-02T05:40:54  *** ikaros <ikaros!~ikaros@studpool-wlan-74-53.fs.fbi.h-da.de> has quit IRC (Ping timeout: 252 seconds)
2011-12-02T05:45:49  *** Areks <Areks!~Areks@rs.gridnine.com> has quit IRC (Ping timeout: 240 seconds)
2011-12-02T05:50:24  *** AntDroid <AntDroid!781c39b6@gateway/web/freenode/ip.120.28.57.182> has quit IRC (Ping timeout: 265 seconds)
2011-12-02T05:53:37  *** Garf <Garf!~Garf@78-22-80-252.access.telenet.be> has quit IRC (Read error: Connection reset by peer)
2011-12-02T05:54:16  *** Garf <Garf!~Garf@78-22-80-252.access.telenet.be> has joined #aichallenge
2011-12-02T05:56:58  *** mviel_ <mviel_!~mviel@213.163.164.204> has joined #aichallenge
2011-12-02T06:00:02  *** mviel__ <mviel__!~mviel@236.227.73.86.rev.sfr.net> has quit IRC (Ping timeout: 255 seconds)
2011-12-02T06:01:34  *** Areks <Areks!~Areks@rs.gridnine.com> has joined #aichallenge
2011-12-02T06:06:45  *** Sir_Ragnarok <Sir_Ragnarok!~quassel@178-116-22-125.access.telenet.be> has quit IRC (Ping timeout: 260 seconds)
2011-12-02T06:08:39  *** Sir_Ragnarok <Sir_Ragnarok!~quassel@178-118-64-174.access.telenet.be> has joined #aichallenge
2011-12-02T06:11:06  *** lawmax <lawmax!5275e83f@gateway/web/freenode/ip.82.117.232.63> has joined #aichallenge
2011-12-02T06:12:02  *** mikewintermute <mikewintermute!~mikewinte@wsg-aruba.2i3.net> has quit IRC (Quit: mikewintermute)
2011-12-02T06:14:41  *** b0rder <b0rder!~b0rder@123.123.111.164> has quit IRC (Ping timeout: 260 seconds)
2011-12-02T06:20:28  *** ikaros <ikaros!~ikaros@studpool-wlan-74-53.fs.fbi.h-da.de> has joined #aichallenge
2011-12-02T06:35:56  *** Conorach <Conorach!~cono@150.pool85-61-56.dynamic.orange.es> has joined #aichallenge
2011-12-02T06:37:36  <antimatroid> note to self, the best time to start the timer is when you read "turn"
2011-12-02T06:51:48  *** Chris_0076 <Chris_0076!~Chris_007@adsl-74-190-49-150.asm.bellsouth.net> has joined #aichallenge
2011-12-02T07:00:04  *** raemde <raemde!~raemde@dslb-088-073-196-245.pools.arcor-ip.net> has joined #aichallenge
2011-12-02T07:02:23  *** raemde_ <raemde_!~raemde@dslb-088-073-196-245.pools.arcor-ip.net> has quit IRC (Ping timeout: 248 seconds)
2011-12-02T07:21:29  *** g0llum <g0llum!~g0llum@89.204.139.48> has joined #aichallenge
2011-12-02T07:22:10  *** Nullpointer_ <Nullpointer_!5418146e@gateway/web/freenode/ip.84.24.20.110> has joined #aichallenge
2011-12-02T07:30:10  *** amstan <amstan!~amstan@69-196-191-75.dsl.teksavvy.com> has quit IRC (Ping timeout: 260 seconds)
2011-12-02T07:33:08  *** kire <kire!~kire@78-22-125-201.access.telenet.be> has joined #aichallenge
2011-12-02T07:40:14  *** _flag <_flag!~flag@69-165-173-172.dsl.teksavvy.com> has quit IRC (Quit: Lost terminal)
2011-12-02T07:45:16  *** u_ <u_!~u_@adsl-75-57-175-5.dsl.emhril.sbcglobal.net> has joined #aichallenge
2011-12-02T07:47:01  <Conorach> =]
2011-12-02T07:51:29  *** liberforce <liberforce!~lmenina@LLagny-156-36-6-198.w80-14.abo.wanadoo.fr> has joined #aichallenge
2011-12-02T07:55:56  *** foRei <foRei!~ViT@0x4dd7b24d.adsl.cybercity.dk> has joined #aichallenge
2011-12-02T07:56:44  *** delt0r_ <delt0r_!~bob@213-33-16-33.adsl.highway.telekom.at> has quit IRC (Ping timeout: 245 seconds)
2011-12-02T08:09:19  *** delt0r_ <delt0r_!~bob@178-191-181-179.adsl.highway.telekom.at> has joined #aichallenge
2011-12-02T08:12:13  <antimatroid> friggin americans
2011-12-02T08:12:20  <antimatroid> 5 of them in the top 10
2011-12-02T08:23:13  *** sigh <sigh!~sigh@ppp114-153.static.internode.on.net> has quit IRC (Remote host closed the connection)
2011-12-02T08:23:39  *** mikewintermute <mikewintermute!~mikewinte@188-223-213-21.zone14.bethere.co.uk> has joined #aichallenge
2011-12-02T08:36:55  *** QuirionPT <QuirionPT!~quirion@gyf5.kyla.fi> has joined #aichallenge
2011-12-02T08:39:36  *** mviel__ <mviel__!~mviel@236.227.73.86.rev.sfr.net> has joined #aichallenge
2011-12-02T08:43:04  *** mviel_ <mviel_!~mviel@213.163.164.204> has quit IRC (Ping timeout: 244 seconds)
2011-12-02T08:46:50  *** Antimony <Antimony!~chatzilla@lawn-143-215-62-62.lawn.gatech.edu> has joined #aichallenge
2011-12-02T08:56:43  *** george <george!56ae9f3d@gateway/web/freenode/ip.86.174.159.61> has joined #aichallenge
2011-12-02T08:57:01  <george> hi, about map symmetry...
2011-12-02T08:58:09  <george> will/is the python code in branch:  amstam_mapgen      /ants/mapgen/      be used for the final contest (with different seeds of course)   ?
2011-12-02T08:58:55  <george> (i'm trying to take advantage of symmetries, and the code seems to be the (only/best) documentation ...
2011-12-02T08:59:29  <george> ... so i wanted to know whether the code is now fixed?  )
2011-12-02T08:59:39  <george> ie will not change
2011-12-02T08:59:48  <Antimony> just assume any symmetry cna hpapen
2011-12-02T09:00:08  <george> Anti -
2011-12-02T09:00:23  <george> for all i know they might use Penrose Tilings or something  :/
2011-12-02T09:00:41  <george> i am not going to write code for every possible symmetry if i can help it
2011-12-02T09:02:45  <george> i was reading the webpage, but the info there wasn't definitive - mentioned 'blocks' for eg the food.  but some of the translation maps are not like that.
2011-12-02T09:03:21  <george> which is when amstam suggested i read the python code
2011-12-02T09:04:14  <Antimony> there's only 8 possible symmetries
2011-12-02T09:07:30  <george> hm.  not sure that helps me.  but thanks for the reply.
2011-12-02T09:07:40  <george> eg 2-4-8 fold rotations
2011-12-02T09:08:00  <george> are presumably possible on grid?
2011-12-02T09:08:22  *** Nullpointer_ <Nullpointer_!5418146e@gateway/web/freenode/ip.84.24.20.110> has quit IRC (Quit: Page closed)
2011-12-02T09:08:52  <george> but i'f they are not implemented, then i want to know that - allows me to eliminate possibilities earlier in the game, and so know the map sooner
2011-12-02T09:08:52  <george> etc
2011-12-02T09:08:56  <QuirionPT> isn't it that from the perspective of each player the map has to look exactly the same?
2011-12-02T09:09:07  <george> yes, sure
2011-12-02T09:09:19  <QuirionPT> so there are only 4 possibilities, right?
2011-12-02T09:10:08  <george> well.  eg do we have symmetry lines running between squares (yes, it seems)
2011-12-02T09:10:18  <george> and also through squares?  i dont know
2011-12-02T09:10:28  <george> ...
2011-12-02T09:10:44  <george> i'm just trying to find what the rules are.
2011-12-02T09:10:58  <george> the webpage gives info that seems to be innaccurate
2011-12-02T09:11:13  <george> which is why i read code and ask if code is what organisers will use.
2011-12-02T09:13:22  <Antimony> anything that passes  the symmetry test in the engine is acceptable
2011-12-02T09:13:28  <Antimony> you can't assume the mapgens will stay the same
2011-12-02T09:16:15  <george> hi Antimony.  thanks.  the 'engine'  is mapgen.py?   (btw, am i right in assuming your are an organiser?)
2011-12-02T09:16:40  <Antimony> no
2011-12-02T09:16:46  <Antimony> I'm not an organizer
2011-12-02T09:17:01  <Antimony> but that's what they said before
2011-12-02T09:20:55  <george> ok, thanks.
2011-12-02T09:21:39  <george> i'll try and ask amstam when he's about, to be sure.
2011-12-02T09:46:18  *** NightExcessive <NightExcessive!~nightexce@unaffiliated/nightexcessive> has joined #aichallenge
2011-12-02T09:59:49  *** Areks <Areks!~Areks@rs.gridnine.com> has quit IRC (Ping timeout: 240 seconds)
2011-12-02T10:00:37  <rwest> what is the point of specifying rows and columns in the map file if the game validates it?
2011-12-02T10:00:50  <rwest> it should just use what it sees
2011-12-02T10:03:48  *** NightExcessive <NightExcessive!~nightexce@unaffiliated/nightexcessive> has quit IRC (Remote host closed the connection)
2011-12-02T10:04:25  *** Harpyon <Harpyon!~Harpyon@ti0031a380-0316.bb.online.no> has joined #aichallenge
2011-12-02T10:09:07  <Minthos> probably just convenience for the windows people who were born without basic text processing tools
2011-12-02T10:10:13  <rwest> I literally make the map and run it to get the numbers it wants since it tells you lol
2011-12-02T10:11:05  <rwest> I have so many maps for testing now, I should put a tcp server up with these random scenarios, they would be interesting to see who can win
2011-12-02T10:11:22  <rwest> like 5v5v5v5 scenarios with no food
2011-12-02T10:11:39  <rwest> chokepoint battles, all the fun stuff
2011-12-02T10:15:17  *** b0rder <b0rder!~b0rder@180.184.144.130> has joined #aichallenge
2011-12-02T10:25:38  *** Antimony <Antimony!~chatzilla@lawn-143-215-62-62.lawn.gatech.edu> has quit IRC (Ping timeout: 244 seconds)
2011-12-02T10:30:13  *** aerique <aerique!310225@xs8.xs4all.nl> has quit IRC (Quit: ...)
2011-12-02T10:43:48  *** praveen_ <praveen_!7aac28ea@gateway/web/freenode/ip.122.172.40.234> has joined #aichallenge
2011-12-02T10:48:59  *** Anilm3 <Anilm3!~anil@203.pool90-162-190.dynamic.orange.es> has joined #aichallenge
2011-12-02T10:49:33  <Anilm3> Hi guys
2011-12-02T10:50:00  *** TheLinker <TheLinker!~TheLinker@host76.190-137-232.telecom.net.ar> has joined #aichallenge
2011-12-02T10:51:48  *** avdg <avdg!~avdg@78-22-168-200.access.telenet.be> has joined #aichallenge
2011-12-02T10:56:07  *** avdg <avdg!~avdg@78-22-168-200.access.telenet.be> has quit IRC (Ping timeout: 244 seconds)
2011-12-02T10:59:04  *** Antimony <Antimony!~chatzilla@lawn-143-215-62-62.lawn.gatech.edu> has joined #aichallenge
2011-12-02T11:12:36  *** tekking <tekking!5353e8b8@gateway/web/freenode/ip.83.83.232.184> has joined #aichallenge
2011-12-02T11:16:48  <Anilm3> Hi
2011-12-02T11:18:09  *** QuirionPT <QuirionPT!~quirion@gyf5.kyla.fi> has quit IRC (Quit: Leaving)
2011-12-02T11:21:14  <Ox86> Hi
2011-12-02T11:23:04  *** avdg <avdg!~avdg@78-22-168-200.access.telenet.be> has joined #aichallenge
2011-12-02T11:24:49  <Antimony> hi
2011-12-02T11:30:59  *** dvladim <dvladim!~dvladim@85.113.131.65> has joined #aichallenge
2011-12-02T11:32:09  *** tekking <tekking!5353e8b8@gateway/web/freenode/ip.83.83.232.184> has quit IRC (Quit: Page closed)
2011-12-02T11:35:45  *** mj41 <mj41!~mj41_nby@195.39.106.218> has quit IRC (Quit: Leaving)
2011-12-02T11:57:17  *** jstrong <jstrong!~jstrong@189.229.21.108> has joined #aichallenge
2011-12-02T11:58:24  *** Anilm3 <Anilm3!~anil@203.pool90-162-190.dynamic.orange.es> has quit IRC (Ping timeout: 245 seconds)
2011-12-02T11:59:59  *** Antimony <Antimony!~chatzilla@lawn-143-215-62-62.lawn.gatech.edu> has quit IRC (Ping timeout: 260 seconds)
2011-12-02T12:00:16  *** Antimony <Antimony!~chatzilla@lawn-143-215-62-62.lawn.gatech.edu> has joined #aichallenge
2011-12-02T12:19:10  *** jstrong <jstrong!~jstrong@189.229.21.108> has quit IRC (Quit: Leaving.)
2011-12-02T12:19:29  *** UncleVasya <UncleVasya!kvirc@88-214-66-145.dialup.umc.net.ua> has joined #aichallenge
2011-12-02T12:20:56  *** Murashka <Murashka!5f45bcfa@gateway/web/freenode/ip.95.69.188.250> has joined #aichallenge
2011-12-02T12:29:08  *** Murashka <Murashka!5f45bcfa@gateway/web/freenode/ip.95.69.188.250> has quit IRC (Quit: Page closed)
2011-12-02T12:31:27  *** b0rder <b0rder!~b0rder@180.184.144.130> has quit IRC (Ping timeout: 248 seconds)
2011-12-02T12:32:07  *** UncleVasya <UncleVasya!kvirc@88-214-66-145.dialup.umc.net.ua> has quit IRC (Ping timeout: 244 seconds)
2011-12-02T12:32:39  *** iglo <iglo!~xy@xdslax157.osnanet.de> has joined #aichallenge
2011-12-02T12:37:31  *** kire <kire!~kire@78-22-125-201.access.telenet.be> has quit IRC (Remote host closed the connection)
2011-12-02T12:38:46  *** mviel__ <mviel__!~mviel@236.227.73.86.rev.sfr.net> has quit IRC (Quit: Leaving)
2011-12-02T12:41:35  *** dr- <dr-!~dr-@ble59-1-82-66-133-150.fbx.proxad.net> has quit IRC (Ping timeout: 248 seconds)
2011-12-02T12:42:44  *** dr- <dr-!~dr-@ble59-1-82-66-133-150.fbx.proxad.net> has joined #aichallenge
2011-12-02T12:46:00  *** b0rder <b0rder!~b0rder@180.184.144.130> has joined #aichallenge
2011-12-02T12:46:46  *** b0rder <b0rder!~b0rder@180.184.144.130> has quit IRC (Max SendQ exceeded)
2011-12-02T12:47:30  *** smiley1983 <smiley1983!~smiley@115-64-6-216.static.tpgi.com.au> has joined #aichallenge
2011-12-02T12:48:01  *** TheLinker <TheLinker!~TheLinker@host76.190-137-232.telecom.net.ar> has quit IRC (Remote host closed the connection)
2011-12-02T12:54:51  *** Antimony <Antimony!~chatzilla@lawn-143-215-62-62.lawn.gatech.edu> has quit IRC (Ping timeout: 244 seconds)
2011-12-02T12:55:11  *** Murashka <Murashka!5f45bcfa@gateway/web/freenode/ip.95.69.188.250> has joined #aichallenge
2011-12-02T12:59:27  *** smiley1983 <smiley1983!~smiley@115-64-6-216.static.tpgi.com.au> has quit IRC (Quit: leaving)
2011-12-02T13:26:05  *** Antimony <Antimony!~chatzilla@lawn-143-215-62-62.lawn.gatech.edu> has joined #aichallenge
2011-12-02T13:26:34  *** Murashka <Murashka!5f45bcfa@gateway/web/freenode/ip.95.69.188.250> has quit IRC (Quit: Page closed)
2011-12-02T13:27:37  *** jon1 <jon1!~Adium@2001:67c:90:764:fa1e:dfff:fedf:5943> has quit IRC (Quit: Leaving.)
2011-12-02T13:28:02  *** goffrie_ <goffrie_!~goffrie@69-165-162-182.dsl.teksavvy.com> has joined #aichallenge
2011-12-02T13:28:04  *** goffrie <goffrie!~goffrie@69-196-170-193.dsl.teksavvy.com> has quit IRC (Disconnected by services)
2011-12-02T13:28:05  *** goffrie_ is now known as goffrie
2011-12-02T13:31:05  *** ikaros <ikaros!~ikaros@studpool-wlan-74-53.fs.fbi.h-da.de> has quit IRC (Quit: Ex-Chat)
2011-12-02T13:32:35  *** mikewintermute <mikewintermute!~mikewinte@188-223-213-21.zone14.bethere.co.uk> has quit IRC (Quit: mikewintermute)
2011-12-02T13:39:22  *** Antimony <Antimony!~chatzilla@lawn-143-215-62-62.lawn.gatech.edu> has quit IRC (Ping timeout: 260 seconds)
2011-12-02T13:43:40  *** liberforce <liberforce!~lmenina@LLagny-156-36-6-198.w80-14.abo.wanadoo.fr> has left #aichallenge
2011-12-02T13:46:39  *** dvladim <dvladim!~dvladim@85.113.131.65> has quit IRC (Ping timeout: 248 seconds)
2011-12-02T14:02:41  *** roflmao <roflmao!~jstrong@189.229.21.108> has joined #aichallenge
2011-12-02T14:02:53  <rwest> Next game should be within 975 minutes.
2011-12-02T14:02:55  <rwest> haha
2011-12-02T14:09:01  <Zannick> next game should be before the end of the contest
2011-12-02T14:09:35  *** Ox86 <Ox86!~chatzilla@static-96-254-141-82.tampfl.fios.verizon.net> has quit IRC (Read error: Connection reset by peer)
2011-12-02T14:16:53  <a1k0n> hmm, i better resubmit now then
2011-12-02T14:18:50  *** bretep <bretep!52a94273@gateway/web/freenode/ip.82.169.66.115> has joined #aichallenge
2011-12-02T14:21:40  *** cwc <cwc!402e02c9@gateway/web/freenode/ip.64.46.2.201> has joined #aichallenge
2011-12-02T14:21:42  *** roflmao <roflmao!~jstrong@189.229.21.108> has quit IRC (Quit: Leaving.)
2011-12-02T14:26:42  *** jstemmer <jstemmer!~cheetah@mrpwn.stemmertech.com> has quit IRC (Quit: leaving)
2011-12-02T14:29:13  <rwest> Next game should be within 31257 minutes.
2011-12-02T14:34:55  <praveen_> If you upload a new version of your bot, it will always rank around 7000
2011-12-02T14:35:07  <praveen_> no more matches :)
2011-12-02T14:35:49  *** ikaros <ikaros!~ikaros@dslb-188-097-070-062.pools.arcor-ip.net> has joined #aichallenge
2011-12-02T14:35:56  *** praveen_ <praveen_!7aac28ea@gateway/web/freenode/ip.122.172.40.234> has quit IRC (Quit: Page closed)
2011-12-02T14:43:01  *** george <george!56ae9f3d@gateway/web/freenode/ip.86.174.159.61> has quit IRC (Ping timeout: 265 seconds)
2011-12-02T14:48:34  *** kire <kire!~kire@78-22-125-201.access.telenet.be> has joined #aichallenge
2011-12-02T14:52:11  *** Conorach <Conorach!~cono@150.pool85-61-56.dynamic.orange.es> has quit IRC (Ping timeout: 252 seconds)
2011-12-02T14:52:24  *** Conorach <Conorach!~cono@90.170.78.100> has joined #aichallenge
2011-12-02T15:01:05  *** Accoun <Accoun!~1@static-213-88-39-97.chebnet.ru> has quit IRC ()
2011-12-02T15:01:58  *** liberforce <liberforce!~luis@173.1.72.86.rev.sfr.net> has joined #aichallenge
2011-12-02T15:03:43  *** b0rder <b0rder!~b0rder@180.184.144.130> has joined #aichallenge
2011-12-02T15:05:04  *** b0rder <b0rder!~b0rder@180.184.144.130> has joined #aichallenge
2011-12-02T15:05:44  *** Antimony <Antimony!~chatzilla@lawn-143-215-62-62.lawn.gatech.edu> has joined #aichallenge
2011-12-02T15:08:16  *** b0rder <b0rder!~b0rder@180.184.144.130> has joined #aichallenge
2011-12-02T15:10:32  *** Redgis <Redgis!~Nex@pla93-6-78-227-186-164.fbx.proxad.net> has joined #aichallenge
2011-12-02T15:17:09  *** b0rder <b0rder!~b0rder@180.184.144.130> has quit IRC (Ping timeout: 245 seconds)
2011-12-02T15:18:49  *** TheLinker <TheLinker!~TheLinker@host16.190-231-108.telecom.net.ar> has joined #aichallenge
2011-12-02T15:21:49  *** Accoun <Accoun!~1@static-213-88-39-97.chebnet.ru> has joined #aichallenge
2011-12-02T15:30:46  *** bergmark <bergmark!bergmark@nat/ibm/x-hzhkxkggjjojwvfr> has joined #aichallenge
2011-12-02T15:32:12  *** Sion <Sion!53b14ef7@gateway/web/freenode/ip.83.177.78.247> has joined #aichallenge
2011-12-02T15:32:42  <Sion> Hi
2011-12-02T15:33:58  <Sion> hello?
2011-12-02T15:36:33  <bretep> Hi
2011-12-02T15:36:34  *** Kingpin13 <Kingpin13!~Kingpin13@Wikipedia/Kingpin13> has joined #aichallenge
2011-12-02T15:39:53  *** McLeopold <McLeopold!~Scott@c-98-247-248-39.hsd1.wa.comcast.net> has quit IRC (Quit: Leaving.)
2011-12-02T15:42:27  <cyphase> xathis is doing well with version 1
2011-12-02T15:47:11  *** amstan <amstan!~amstan@69-196-191-75.dsl.teksavvy.com> has joined #aichallenge
2011-12-02T15:47:11  *** ChanServ sets mode: +o amstan
2011-12-02T15:47:31  *** _flag <_flag!~flag@69-165-173-172.dsl.teksavvy.com> has joined #aichallenge
2011-12-02T15:51:19  *** liberforce <liberforce!~luis@173.1.72.86.rev.sfr.net> has quit IRC (Ping timeout: 245 seconds)
2011-12-02T15:54:14  *** epicmonkey <epicmonkey!~epicmonke@178.130.5.103> has joined #aichallenge
2011-12-02T15:54:34  <Antimony> yep
2011-12-02T15:54:44  <Antimony> I wonder how xathis got so good
2011-12-02T15:55:38  <rwest> beta
2011-12-02T15:57:19  *** delt0r_ <delt0r_!~bob@178-191-181-179.adsl.highway.telekom.at> has quit IRC (Ping timeout: 248 seconds)
2011-12-02T15:59:44  *** kioko <kioko!cf9d11fd@gateway/web/freenode/ip.207.157.17.253> has joined #aichallenge
2011-12-02T15:59:57  *** nomadpenguin <nomadpenguin!cf9d11fd@gateway/web/freenode/ip.207.157.17.253> has joined #aichallenge
2011-12-02T16:00:38  <kioko> O HAI
2011-12-02T16:00:41  <nomadpenguin> whaaaup dudes
2011-12-02T16:00:55  *** nomadpenguin <nomadpenguin!cf9d11fd@gateway/web/freenode/ip.207.157.17.253> has quit IRC (Client Quit)
2011-12-02T16:01:27  <kioko> nobody
2011-12-02T16:01:35  <kioko> Im really interested in this.
2011-12-02T16:04:15  *** mikewintermute <mikewintermute!~mikewinte@188-223-213-21.zone14.bethere.co.uk> has joined #aichallenge
2011-12-02T16:06:59  *** NightExcessive <NightExcessive!~nightexce@unaffiliated/nightexcessive> has joined #aichallenge
2011-12-02T16:10:01  *** bretep <bretep!52a94273@gateway/web/freenode/ip.82.169.66.115> has quit IRC (Ping timeout: 265 seconds)
2011-12-02T16:10:35  *** delt0r_ <delt0r_!~bob@178-190-78-240.adsl.highway.telekom.at> has joined #aichallenge
2011-12-02T16:13:24  *** kioko <kioko!cf9d11fd@gateway/web/freenode/ip.207.157.17.253> has quit IRC (Ping timeout: 265 seconds)
2011-12-02T16:18:07  *** bqf <bqf!~bqf@unaffiliated/bqf> has quit IRC (Ping timeout: 248 seconds)
2011-12-02T16:18:07  *** murr4y <murr4y!~murray@ec2-79-125-51-116.eu-west-1.compute.amazonaws.com> has quit IRC (Ping timeout: 248 seconds)
2011-12-02T16:18:15  *** Harpyon <Harpyon!~Harpyon@ti0031a380-0316.bb.online.no> has quit IRC (Read error: Connection reset by peer)
2011-12-02T16:18:39  *** kurti <kurti!~kurti@unaffiliated/kurti> has quit IRC (Ping timeout: 248 seconds)
2011-12-02T16:18:51  *** Harpyon <Harpyon!~Harpyon@ti0031a380-0316.bb.online.no> has joined #aichallenge
2011-12-02T16:19:11  *** mleise <mleise!~marco@dslb-178-011-040-082.pools.arcor-ip.net> has quit IRC (Ping timeout: 248 seconds)
2011-12-02T16:19:16  *** bqf <bqf!~bqf@dslb-088-077-118-234.pools.arcor-ip.net> has joined #aichallenge
2011-12-02T16:19:21  *** kurti <kurti!~kurti@unaffiliated/kurti> has joined #aichallenge
2011-12-02T16:19:27  *** murr4y <murr4y!~murray@ec2-79-125-51-116.eu-west-1.compute.amazonaws.com> has joined #aichallenge
2011-12-02T16:19:27  *** tcoppi <tcoppi!~nuclear@2001:470:7:59::2> has quit IRC (Ping timeout: 244 seconds)
2011-12-02T16:21:27  *** tcoppi <tcoppi!~nuclear@2001:470:7:59::2> has joined #aichallenge
2011-12-02T16:24:40  *** mleise <mleise!~marco@dslb-178-011-040-082.pools.arcor-ip.net> has joined #aichallenge
2011-12-02T16:26:29  *** NightExcessive <NightExcessive!~nightexce@unaffiliated/nightexcessive> has left #aichallenge ("Leaving")
2011-12-02T16:27:44  <antimatroid> oh god rewrites are fun :)
2011-12-02T16:31:56  <Antimony> I wonder why my ants jerk back and forth. http://aichallenge.org/visualizer.php?game=155026&user=3845
2011-12-02T16:33:23  <Zannick> haha all your ants just ran from one enemy ant
2011-12-02T16:33:37  <Antimony> when?
2011-12-02T16:34:14  <Zannick> around turn 390
2011-12-02T16:34:33  <Zannick> 400-410 ish
2011-12-02T16:35:17  <Antimony> lol
2011-12-02T16:35:21  <Antimony> it does look like that
2011-12-02T16:35:28  <Antimony> I wonder why my ants were doing what they did
2011-12-02T16:35:40  <Antimony> it sounds like seomthing I need to figure out and fix
2011-12-02T16:36:22  *** sigh <sigh!~sigh@ppp114-153.static.internode.on.net> has joined #aichallenge
2011-12-02T16:38:05  *** ztfw <ztfw!~ztfw@219.140.10.93.rev.sfr.net> has joined #aichallenge
2011-12-02T16:40:38  *** Antimony <Antimony!~chatzilla@lawn-143-215-62-62.lawn.gatech.edu> has quit IRC (Ping timeout: 244 seconds)
2011-12-02T16:41:50  *** saptak <saptak!816ef207@gateway/web/freenode/ip.129.110.242.7> has joined #aichallenge
2011-12-02T16:42:37  *** kire <kire!~kire@78-22-125-201.access.telenet.be> has quit IRC (Quit: Leaving)
2011-12-02T16:50:21  *** Garf <Garf!~Garf@78-22-80-252.access.telenet.be> has quit IRC (Read error: Connection reset by peer)
2011-12-02T16:50:28  *** Harpyon <Harpyon!~Harpyon@ti0031a380-0316.bb.online.no> has quit IRC (Read error: Connection reset by peer)
2011-12-02T16:51:02  *** Harpyon <Harpyon!~Harpyon@ti0031a380-0316.bb.online.no> has joined #aichallenge
2011-12-02T16:51:06  *** Sion <Sion!53b14ef7@gateway/web/freenode/ip.83.177.78.247> has quit IRC (Ping timeout: 265 seconds)
2011-12-02T16:51:45  *** cowbandit <cowbandit!484cfedc@gateway/web/freenode/ip.72.76.254.220> has joined #aichallenge
2011-12-02T16:52:51  <cowbandit> hey does anyone have any advice for efficiently exploring the map?
2011-12-02T16:53:17  <cowbandit> currently i'm making a list of all unvisible tiles and removing them when they become visible
2011-12-02T16:53:32  <cowbandit> and once that list is depleted i just reset the list
2011-12-02T16:53:39  <cowbandit> however i feel that I don't get enough spread that way
2011-12-02T16:56:08  *** Palmik <Palmik!~palmik@man-208-200.pks.muni.cz> has quit IRC (Remote host closed the connection)
2011-12-02T17:02:25  *** amstan <amstan!~amstan@69-196-191-75.dsl.teksavvy.com> has quit IRC (Ping timeout: 260 seconds)
2011-12-02T17:05:45  *** Antimony <Antimony!~chatzilla@lawn-143-215-62-62.lawn.gatech.edu> has joined #aichallenge
2011-12-02T17:07:27  *** amstan <amstan!~amstan@69-196-191-75.dsl.teksavvy.com> has joined #aichallenge
2011-12-02T17:07:27  *** ChanServ sets mode: +o amstan
2011-12-02T17:15:45  *** Hexren <Hexren!~hexren@port-4060.pppoe.wtnet.de> has joined #aichallenge
2011-12-02T17:16:44  *** Hexren <Hexren!~hexren@port-4060.pppoe.wtnet.de> has left #aichallenge
2011-12-02T17:24:52  *** jacob_strauss <jacob_strauss!bc4cd904@gateway/web/freenode/ip.188.76.217.4> has joined #aichallenge
2011-12-02T17:26:24  *** Redgis <Redgis!~Nex@pla93-6-78-227-186-164.fbx.proxad.net> has quit IRC (Quit: ... mains libres)
2011-12-02T17:27:02  *** roflmao <roflmao!~jstrong@189.229.21.108> has joined #aichallenge
2011-12-02T17:30:32  *** jacob_strauss <jacob_strauss!bc4cd904@gateway/web/freenode/ip.188.76.217.4> has quit IRC (Quit: Page closed)
2011-12-02T17:30:46  *** keith_ <keith_!43a1fc8b@gateway/web/freenode/ip.67.161.252.139> has joined #aichallenge
2011-12-02T17:32:59  *** TwistedLogic <TwistedLogic!70c6400f@gateway/web/freenode/ip.112.198.64.15> has joined #aichallenge
2011-12-02T17:33:40  *** Cyndre <Cyndre!~Cyndre@DOCSIS-182-133.cable-lynx.net> has joined #aichallenge
2011-12-02T17:38:45  *** Jak_o_Shadows <Jak_o_Shadows!~hayden@CPE-144-136-214-52.sa.bigpond.net.au> has joined #aichallenge
2011-12-02T17:42:06  *** katebus <katebus!59443242@gateway/web/freenode/ip.89.68.50.66> has joined #aichallenge
2011-12-02T17:43:26  *** b0rder <b0rder!~b0rder@180.184.144.130> has joined #aichallenge
2011-12-02T17:45:33  *** mleise <mleise!~marco@dslb-178-011-040-082.pools.arcor-ip.net> has quit IRC (Read error: Operation timed out)
2011-12-02T17:45:34  <rwest_> better to keep an array of the map
2011-12-02T17:45:40  <rwest_> cowbandit: ^^
2011-12-02T17:45:55  <rwest_> increment all unvisible tiles per turn, 0 out visibles
2011-12-02T17:46:05  <rwest_> weight locations to explore based on the map
2011-12-02T17:46:13  <cowbandit> ahh i see
2011-12-02T17:46:33  <cowbandit> hmm i like that solution
2011-12-02T17:46:50  <cowbandit> now it will just be implementing it.. T_T
2011-12-02T17:47:05  <rwest_> makes it so you want to explore tiles you have seen least recent
2011-12-02T17:47:20  <cowbandit> wait so should i increment a tile
2011-12-02T17:47:26  <cowbandit> each time it's seen by a different ant?
2011-12-02T17:47:30  <rwest_> no
2011-12-02T17:47:35  <rwest_> increment when not seen
2011-12-02T17:47:41  <rwest_> set to 0 when seen
2011-12-02T17:47:44  <rwest_> so every turn
2011-12-02T17:47:47  <cowbandit> ohh
2011-12-02T17:47:58  <rwest_> so say you haven't seen a tile for 100 turns
2011-12-02T17:48:05  <rwest_> it would be weighted by 100
2011-12-02T17:48:15  <cowbandit> ok i see what you're saying
2011-12-02T17:50:39  <g0llum> if you could not see an enemy hill there 100 turns ago, why go back  ?
2011-12-02T17:50:52  <rwest_> g0llum: food
2011-12-02T17:50:56  *** bergmark <bergmark!bergmark@nat/ibm/x-hzhkxkggjjojwvfr> has quit IRC (Ping timeout: 252 seconds)
2011-12-02T17:51:45  <rwest_> g0llum: but this increments from the start of the game, so odds are if something is the highest value, you haven't seen it yet
2011-12-02T17:52:06  <rwest_> otherwise you have seen the whole map and should be killing the hill
2011-12-02T17:53:19  <g0llum> ok, i thought you wood be separating exploring and food/enemy hunt
2011-12-02T17:53:24  *** nle85 <nle85!d4c6de9d@gateway/web/freenode/ip.212.198.222.157> has joined #aichallenge
2011-12-02T17:53:39  <rwest_> g0llum: well I don't because of the way my AI works
2011-12-02T17:54:41  <rwest_> I am modularizing everything now since I will probably be switching some parts to use a best first search using my diffusion map
2011-12-02T17:55:12  <rwest_> I already have the data, why not use it :-/
2011-12-02T18:03:41  *** b0rder <b0rder!~b0rder@180.184.144.130> has quit IRC (Max SendQ exceeded)
2011-12-02T18:03:49  *** Jak_o_Shadows <Jak_o_Shadows!~hayden@CPE-144-136-214-52.sa.bigpond.net.au> has quit IRC (Read error: Connection reset by peer)
2011-12-02T18:04:34  *** b0rder <b0rder!~b0rder@180.184.144.130> has joined #aichallenge
2011-12-02T18:05:12  <katebus> let me clarify something... do your ants go for the highest or for the lowest value of the tiles?
2011-12-02T18:05:21  <rwest_> highest
2011-12-02T18:05:43  *** Jak_o_Shadows <Jak_o_Shadows!~hayden@CPE-144-136-214-52.sa.bigpond.net.au> has joined #aichallenge
2011-12-02T18:05:57  <katebus> sure, nice idea
2011-12-02T18:06:13  <katebus> so there are many ideas for well leveled exploration
2011-12-02T18:06:26  <katebus> now i have to pick one and implement
2011-12-02T18:07:50  <katebus> my bot does not explore yet... well it does some random stuff, but my ants gets blocked by my other ants
2011-12-02T18:08:08  <katebus> do you have problems with ants blocking each other?
2011-12-02T18:08:45  <rwest_> no, but I don't use any real navigation yet
2011-12-02T18:08:48  <rwest_> just an influence map
2011-12-02T18:09:02  <katebus> I've read about flocks, and so on... but it does not fit my solution, at least not yet, maybe I should drop that starter bot and write it from scratch
2011-12-02T18:09:22  <katebus> ohh, the influence, I see that this may be smarter
2011-12-02T18:09:35  <rwest_> I don't think any of the top maps use it
2011-12-02T18:09:41  <rwest_> at least not exclusively
2011-12-02T18:09:53  *** nle85 <nle85!d4c6de9d@gateway/web/freenode/ip.212.198.222.157> has quit IRC (Ping timeout: 265 seconds)
2011-12-02T18:09:54  *** Cyndre <Cyndre!~Cyndre@DOCSIS-182-133.cable-lynx.net> has quit IRC (Quit: Leaving)
2011-12-02T18:09:57  <rwest_> I am gonna transition to a hybrid approach most likely
2011-12-02T18:09:58  <katebus> I am still thinking
2011-12-02T18:10:09  <katebus> maybe i should stop and just try to do something
2011-12-02T18:10:47  <cwc> I keep a list of where each ant will end up, then if the policy says to move to an inhabitted space I chose a different direction (or don't move if no possible choice). works alright, very rare do ants bump into each other
2011-12-02T18:11:33  <katebus> i meant that i have a few ants, lets say 4 blocking 10 other ants - it works like a wall
2011-12-02T18:11:46  <katebus> i do redirect too, but then it looks like a chaos
2011-12-02T18:12:03  <cwc> the question is why are those 4 ants not moving
2011-12-02T18:12:08  <Antimony> yeah
2011-12-02T18:12:31  <katebus> because they want to go into some other direction, and the decision changes with every turn
2011-12-02T18:13:00  *** amstan <amstan!~amstan@69-196-191-75.dsl.teksavvy.com> has quit IRC (Ping timeout: 260 seconds)
2011-12-02T18:13:03  <cwc> ya, you need a relatively stable policy map
2011-12-02T18:13:06  <rwest_> I have that problem occasionally, but more ants coming in the area usually fixes the problem rather than worsen it
2011-12-02T18:14:31  <rwest_> the back and forth thing that isd
2011-12-02T18:14:32  <rwest_> is
2011-12-02T18:15:10  <Antimony> Silly skuto! Having more atns doesn't help if you don't defend! http://ants.fluxid.pl/replay.9875
2011-12-02T18:15:59  *** epicmonkey <epicmonkey!~epicmonke@178.130.5.103> has quit IRC (Ping timeout: 248 seconds)
2011-12-02T18:17:27  <cwc> I get back and forth action sometimes, really bad on some maps. probably because of two many conflicting goals
2011-12-02T18:20:00  <Antimony> ug, I need combat badly
2011-12-02T18:20:09  <katebus> yes, deciding between many local goals sometimes makes the bot stupid, the cost changes with every turn, I wonder if we can easily try to compute some global cost function - for the whole map
2011-12-02T18:20:46  <Antimony> why do you have so many unstable goals?
2011-12-02T18:20:52  *** IU-YO <IU-YO!62deb6f2@gateway/web/freenode/ip.98.222.182.242> has joined #aichallenge
2011-12-02T18:21:03  <IU-YO> hows it going
2011-12-02T18:21:39  <rwest_> Antimony: It's not so much goals are unstable, but turn by turn goals may get different weights based on map state
2011-12-02T18:22:02  <cwc> it's not local goals for me I don't think. I think it is when I know about two hills, maybe I need to focus on one target at a time
2011-12-02T18:22:25  <Minthos> I have that problem when I send many ants to the nearest something, and that something can appear or disappear frequently
2011-12-02T18:22:28  <Fluxid> use weights for each kind of goal
2011-12-02T18:22:34  <Minthos> such as exploration points and enemy ants
2011-12-02T18:23:03  <rwest_> Fluxid: this is where my influence map falls short, I blend my goals
2011-12-02T18:23:09  <Minthos> but I have solutions, I just need to find the right balance
2011-12-02T18:23:51  <katebus> in my case it is because I just started with the starter package from java tutorial, and there the ants select the targets, while preferably the ant should be assigned to targets,
2011-12-02T18:24:19  <katebus> the resulting solution is suboptimal and unstable, I may have much to improve
2011-12-02T18:25:29  <cwc> not sure about the java starter package, but sounds like you are doing too much fine work. I think the best solution is to define global policies that apply to all ants (or subsections of ants)
2011-12-02T18:26:11  *** iglo <iglo!~xy@xdslax157.osnanet.de> has quit IRC (Remote host closed the connection)
2011-12-02T18:27:00  <rwest_> there we go successfully modularized
2011-12-02T18:27:05  <rwest_> now I can start doing work
2011-12-02T18:28:24  <katebus> @cwc: probably you are right,
2011-12-02T18:28:25  <contestbot> katebus: You have no gotten any error messages recently, so here's a random one just to let you know that we care.
2011-12-02T18:28:50  *** Antimony_ <Antimony_!~chatzilla@lawn-143-215-62-62.lawn.gatech.edu> has joined #aichallenge
2011-12-02T18:29:25  *** Antimony <Antimony!~chatzilla@lawn-143-215-62-62.lawn.gatech.edu> has quit IRC (Ping timeout: 240 seconds)
2011-12-02T18:29:30  *** Antimony_ is now known as Antimony
2011-12-02T18:33:34  *** pguillory <pguillory!32833c0c@gateway/web/freenode/ip.50.131.60.12> has joined #aichallenge
2011-12-02T18:33:39  *** amstan <amstan!~amstan@69-196-191-75.dsl.teksavvy.com> has joined #aichallenge
2011-12-02T18:33:39  *** ChanServ sets mode: +o amstan
2011-12-02T18:33:47  *** analyst74 <analyst74!~analyst74@199-7-158-33.eng.wind.ca> has joined #aichallenge
2011-12-02T18:55:27  <cowbandit> ugh these new small maps are so frustrating
2011-12-02T18:55:37  <cowbandit> they seem to favor bots that rush an attack
2011-12-02T18:56:21  *** g0llum <g0llum!~g0llum@89.204.139.48> has quit IRC (Read error: Connection reset by peer)
2011-12-02T18:58:20  *** b0rder <b0rder!~b0rder@180.184.144.130> has quit IRC (Quit: )
2011-12-02T18:59:55  *** Cali <Cali!1862c32d@gateway/web/freenode/ip.24.98.195.45> has joined #aichallenge
2011-12-02T19:00:24  <Cali> why  do the servers allow for such a limited amount of games to occur on average?
2011-12-02T19:01:35  <pairofdice> ...games take a lot of CPU time
2011-12-02T19:06:13  <Cali> Yes, but google could find a few more servers :)
2011-12-02T19:06:29  <Zannick> "google"
2011-12-02T19:06:38  <Cali> Next game should be within 964 minutes.
2011-12-02T19:06:45  <katebus> @cali - just try one of the tcp servers
2011-12-02T19:06:46  <contestbot> katebus: User error, it's not my fault.
2011-12-02T19:07:27  <katebus> I have just uploaded my bot, and I see that ... next game in 1200 minutes
2011-12-02T19:07:37  <Cali> yeah...
2011-12-02T19:09:15  <katebus> well, The tcp server will be the solution to test in battle
2011-12-02T19:12:59  <katebus> enough for today it's 1AM here, bye
2011-12-02T19:15:38  *** Antimony <Antimony!~chatzilla@lawn-143-215-62-62.lawn.gatech.edu> has quit IRC (Ping timeout: 255 seconds)
2011-12-02T19:18:10  *** katebus <katebus!59443242@gateway/web/freenode/ip.89.68.50.66> has left #aichallenge
2011-12-02T19:21:36  *** Anilm3 <Anilm3!~anil@92.Red-79-144-123.dynamicIP.rima-tde.net> has joined #aichallenge
2011-12-02T19:21:52  <Anilm3> Hi
2011-12-02T19:27:46  <amstan> what's this guy's problem? http://forums.aichallenge.org/viewtopic.php?f=25&t=1989#p12387
2011-12-02T19:28:08  <amstan> he sucks at cross-platform coding, yet he's calling us unprofessional
2011-12-02T19:28:15  *** rofer <rofer!~rofer@ip-69-162-134-31.static.chi2.systeminplace.net> has quit IRC (Ping timeout: 260 seconds)
2011-12-02T19:31:37  *** rofer <rofer!javagamer@ip-69-162-134-31.static.chi2.systeminplace.net> has joined #aichallenge
2011-12-02T19:33:10  <CIA-53> aichallenge: Alexandru Stan epsilon * r50bfa8c / ants/dist/starter_bots/vb/Ants.vb : Turn time should not be hardcoded, there's a reason we have parameters in the protocol. Fixed. - http://git.io/cSbIiw
2011-12-02T19:35:17  *** ikaros <ikaros!~ikaros@dslb-188-097-070-062.pools.arcor-ip.net> has quit IRC (Quit: Ex-Chat)
2011-12-02T19:35:53  *** analyst74 <analyst74!~analyst74@199-7-158-33.eng.wind.ca> has quit IRC (Ping timeout: 244 seconds)
2011-12-02T19:39:23  *** nle85 <nle85!d4c6de9d@gateway/web/freenode/ip.212.198.222.157> has joined #aichallenge
2011-12-02T19:42:17  *** Anilm3 <Anilm3!~anil@92.Red-79-144-123.dynamicIP.rima-tde.net> has quit IRC (Quit: Lost terminal)
2011-12-02T19:42:58  *** Antimony <Antimony!~chatzilla@lawn-143-215-62-62.lawn.gatech.edu> has joined #aichallenge
2011-12-02T19:45:18  *** Jak_o_Shadows <Jak_o_Shadows!~hayden@CPE-144-136-214-52.sa.bigpond.net.au> has quit IRC (Remote host closed the connection)
2011-12-02T19:45:25  *** foRei <foRei!~ViT@0x4dd7b24d.adsl.cybercity.dk> has quit IRC (Read error: Connection reset by peer)
2011-12-02T19:46:37  *** matthewd <matthewd!~matthew@tank.mindvision.com.au> has left #aichallenge
2011-12-02T19:51:55  *** ztfw <ztfw!~ztfw@219.140.10.93.rev.sfr.net> has quit IRC (Read error: Connection reset by peer)
2011-12-02T19:52:31  *** ztfw <ztfw!~ztfw@219.140.10.93.rev.sfr.net> has joined #aichallenge
2011-12-02T19:55:23  <CIA-53> aichallenge: McLeopold epsilon * r1383e68 / (ants/mapgen/cell_maze.py ants/mapgen/map.py): improvements to mazing and hill distance checks - http://git.io/enAlvg
2011-12-02T19:55:46  <amstan> janzert: so what's going on then? with those workers?
2011-12-02T19:56:25  <janzert> we're at the exchanging emails point :)
2011-12-02T19:56:34  <amstan> advanced, lol
2011-12-02T19:56:38  *** Harpyon <Harpyon!~Harpyon@ti0031a380-0316.bb.online.no> has quit IRC (Quit: Textual IRC Client: http://www.textualapp.com/)
2011-12-02T19:56:55  <janzert> btw, the current processor speed is generally 2.66 not 2 ghz, not that it really matters
2011-12-02T20:01:58  *** IU-YO <IU-YO!62deb6f2@gateway/web/freenode/ip.98.222.182.242> has quit IRC (Quit: Page closed)
2011-12-02T20:03:27  <CIA-53> aichallenge: McLeopold epsilon * r0660abe / (64 files): add a few maps - http://git.io/UmdTKw
2011-12-02T20:04:55  *** keith_ <keith_!43a1fc8b@gateway/web/freenode/ip.67.161.252.139> has quit IRC (Ping timeout: 265 seconds)
2011-12-02T20:11:48  *** keith_ <keith_!43a1fc8b@gateway/web/freenode/ip.67.161.252.139> has joined #aichallenge
2011-12-02T20:24:43  <bhasker> is there a way to watch tcp games live
2011-12-02T20:24:49  <bhasker> like from the players view at least
2011-12-02T20:25:02  <bhasker> short of tailing the logs
2011-12-02T20:28:00  <TwistedLogic> is there any way to retrieve the chat messages from the last 24 hours or the last 7 days? i'm not online all the time and i may miss some interesting conversations
2011-12-02T20:29:01  <pairofdice> topic
2011-12-02T20:29:10  <pairofdice> @topic
2011-12-02T20:29:10  <contestbot> pairofdice: AI Challenge (sponsored by Google):  http://aichallenge.org || Channel Logs:  http://contestbot.aichallenge.org || Code Repo:  http://github.com/aichallenge/aichallenge || About the game (Ants):  http://aichallenge.org/problem_description.php || Submission deadline: December 18 23:59 EST
2011-12-02T20:32:17  <janzert> @later tell McLeopold are the old maze and random walk generators close to being converted over? we're really really heavily weighted toward cell mazes now
2011-12-02T20:32:17  <contestbot> janzert: I think that worked...
2011-12-02T20:32:39  *** Zaphus <Zaphus!3ce058d6@gateway/web/freenode/ip.60.224.88.214> has joined #aichallenge
2011-12-02T20:33:58  *** grwip <grwip!~grwip@dslb-088-075-159-102.pools.arcor-ip.net> has quit IRC (Remote host closed the connection)
2011-12-02T20:35:44  *** cowbandit <cowbandit!484cfedc@gateway/web/freenode/ip.72.76.254.220> has quit IRC (Quit: Page closed)
2011-12-02T20:40:06  <Zaphus> "Next game should be within 1371 minutes."   Guess I'll come back tomorrow then !  (Thats ~23 hrs)
2011-12-02T20:42:08  *** nle85 <nle85!d4c6de9d@gateway/web/freenode/ip.212.198.222.157> has quit IRC (Ping timeout: 265 seconds)
2011-12-02T20:46:09  *** bugnuts <bugnuts!~bugnuts@pool-74-108-37-233.nycmny.fios.verizon.net> has quit IRC (Read error: Connection reset by peer)
2011-12-02T20:46:33  *** bugnuts <bugnuts!~bugnuts@pool-74-108-37-233.nycmny.fios.verizon.net> has joined #aichallenge
2011-12-02T20:48:00  *** sigh <sigh!~sigh@ppp114-153.static.internode.on.net> has quit IRC (Read error: Connection reset by peer)
2011-12-02T20:48:35  *** sigh <sigh!~sigh@ppp114-153.static.internode.on.net> has joined #aichallenge
2011-12-02T21:02:12  *** Antimony <Antimony!~chatzilla@lawn-143-215-62-62.lawn.gatech.edu> has quit IRC (Ping timeout: 260 seconds)
2011-12-02T21:08:14  *** Cali <Cali!1862c32d@gateway/web/freenode/ip.24.98.195.45> has quit IRC (Ping timeout: 265 seconds)
2011-12-02T21:10:56  *** roflmao <roflmao!~jstrong@189.229.21.108> has quit IRC (Quit: Leaving.)
2011-12-02T21:23:46  *** jstrong <jstrong!~jstrong@189.229.21.108> has joined #aichallenge
2011-12-02T21:26:39  *** ChrisH_ <ChrisH_!60ff8f05@gateway/web/freenode/ip.96.255.143.5> has joined #aichallenge
2011-12-02T21:28:00  *** Conorach <Conorach!~cono@90.170.78.100> has quit IRC (Ping timeout: 244 seconds)
2011-12-02T21:30:45  <thestinger> amstan: meh, I bet if he had all the warnings turned up he would have spotted that anyway
2011-12-02T21:31:43  <thestinger> trying it myself atm
2011-12-02T21:35:47  <amstan> thestinger: he didn't even use the same os/compiler
2011-12-02T21:36:39  *** ChrisH_ <ChrisH_!60ff8f05@gateway/web/freenode/ip.96.255.143.5> has quit IRC (Quit: Page closed)
2011-12-02T21:39:27  <thestinger> test.c:9:11: warning: implicit conversion changes signedness: 'long' to 'unsigned long' [-Wsign-conversion]
2011-12-02T21:39:28  <thestinger>    return (tm.tv_sec * 1000) + (tm.tv_usec / 1000);
2011-12-02T21:39:51  <thestinger> that's with clang
2011-12-02T21:39:53  <thestinger> test.c:9:30: warning: conversion to long unsigned int from long int may change the sign of the result [-Wsign-conversion]
2011-12-02T21:39:55  <thestinger> gcc
2011-12-02T21:40:02  <thestinger> just need to turn on proper warnings if you expect them
2011-12-02T21:40:36  <thestinger> hmmm I still don't really get what his problems were
2011-12-02T21:41:01  <bugnuts> his biggest problem seems to be he is a pompous ass
2011-12-02T21:43:11  *** Antimony <Antimony!~chatzilla@lawn-143-215-62-62.lawn.gatech.edu> has joined #aichallenge
2011-12-02T21:47:58  <thestinger> he needs to be told to just RTFM next time
2011-12-02T21:48:07  <thestinger> http://pubs.opengroup.org/onlinepubs/9699919799/basedefs/sys_time.h.html
2011-12-02T21:48:18  <thestinger> http://pubs.opengroup.org/onlinepubs/9699919799/basedefs/sys_types.h.html
2011-12-02T21:48:21  <thestinger> time_t can be a float.
2011-12-02T21:49:12  <thestinger> you're supposed to use uintmax_t if you want portability
2011-12-02T21:56:50  *** ericlavigne <ericlavigne!6c54de7c@gateway/web/freenode/ip.108.84.222.124> has joined #aichallenge
2011-12-02T21:56:51  <Zaphus> I think he went over the top, but his frustration is understandable - he's stuck and there really is no way for anyone to help tell him what's going wrong, I imagine that's very frustrating and he vented.
2011-12-02T21:57:26  *** besh <besh!835e7324@gateway/web/freenode/ip.131.94.115.36> has joined #aichallenge
2011-12-02T21:59:24  <antimatroid> spotted what?
2011-12-02T22:00:17  *** ztfw <ztfw!~ztfw@219.140.10.93.rev.sfr.net> has quit IRC (Remote host closed the connection)
2011-12-02T22:00:57  *** besh <besh!835e7324@gateway/web/freenode/ip.131.94.115.36> has quit IRC (Client Quit)
2011-12-02T22:02:07  *** dom7b5 <dom7b5!~corey@c-50-129-17-2.hsd1.in.comcast.net> has quit IRC (Ping timeout: 248 seconds)
2011-12-02T22:02:21  *** Zaphus <Zaphus!3ce058d6@gateway/web/freenode/ip.60.224.88.214> has quit IRC (Quit: Page closed)
2011-12-02T22:11:04  *** pguillory <pguillory!32833c0c@gateway/web/freenode/ip.50.131.60.12> has quit IRC (Ping timeout: 265 seconds)
2011-12-02T22:12:40  *** Extrarius <Extrarius!~Extrarius@cpe-70-125-154-130.satx.res.rr.com> has joined #aichallenge
2011-12-02T22:16:40  *** afw314 <afw314!47bebb38@gateway/web/freenode/ip.71.190.187.56> has joined #aichallenge
2011-12-02T22:18:27  *** jstrong <jstrong!~jstrong@189.229.21.108> has quit IRC (Quit: Leaving.)
2011-12-02T22:19:47  *** yoden <yoden!~horstman@cpe-76-190-250-126.neo.res.rr.com> has joined #aichallenge
2011-12-02T22:22:18  <Extrarius> amstan: Have you spent any time playing around with my generator?
2011-12-02T22:22:42  <amstan> Extrarius: nope, sorry
2011-12-02T22:23:33  <Extrarius> not a problem, just curious =-) I've been moving so I have't had time to work on an entry or my generator
2011-12-02T22:27:49  <thestinger> http://forums.aichallenge.org/viewtopic.php?f=25&t=1989&p=12398#p12398 hopefully that wasn't too harsh :)
2011-12-02T22:35:29  <thestinger> I like how the POSIX docs say "End of informative text." at the bottom as if I couldn't figure that out myself xD
2011-12-02T22:36:58  *** besh <besh!835e7324@gateway/web/freenode/ip.131.94.115.36> has joined #aichallenge
2011-12-02T22:37:50  *** roflmao <roflmao!~jstrong@189.229.21.108> has joined #aichallenge
2011-12-02T22:38:32  <besh> i slacked a couple of days and hit rock bottom on fluxid :(
2011-12-02T22:38:56  <roflmao> join the club
2011-12-02T22:39:06  *** keith_ <keith_!43a1fc8b@gateway/web/freenode/ip.67.161.252.139> has quit IRC (Ping timeout: 265 seconds)
2011-12-02T22:39:17  <besh> which club
2011-12-02T22:40:10  <besh> at this rate finishing top 100 is gonna be tough
2011-12-02T22:45:29  <thestinger> http://aichallenge.org/profile.php?user=2255 my bot climbed up again in 2 days :)
2011-12-02T22:46:16  <thestinger> mu is 88.45 so it's definitely better than last time (sigma just needs to drop from 3)
2011-12-02T22:52:51  <roflmao> @besh: the club of now-tcp-losers
2011-12-02T22:52:51  <roflmao> :P
2011-12-02T22:52:51  <contestbot> roflmao: I'm sorry Dave, err roflmao; I cannot 'besh:'.
2011-12-02T22:53:01  <roflmao> @learnhowto
2011-12-02T22:53:02  <contestbot> roflmao: An error occured while trying to show the previous error.
2011-12-02T23:00:34  <antimatroid> wtf
2011-12-02T23:00:44  <antimatroid> if i comment a line out input time is going up :\
2011-12-02T23:00:50  <antimatroid> and the line is doing something
2011-12-02T23:02:20  <antimatroid> bhasker: did you ever work out your coordinate problem? I think I can help you otherwise
2011-12-02T23:02:45  <antimatroid> oh, maybe not when the battles wrap
2011-12-02T23:03:31  <thestinger> antimatroid: gcc does some really strange stuff :P
2011-12-02T23:04:40  <thestinger> gcc -S -fverbose-asm will give you commented assembly which I find nice for optimizing :)
2011-12-02T23:04:53  <thestinger> sucks in C++ due to all the magic done by the containers/templates in the standard lib though
2011-12-02T23:05:31  <thestinger> well actually 'gcc -S -fverbose-asm -masm=intel' cause the default syntax is unreadable
2011-12-02T23:06:32  <besh> foflmao: yeah i know :)
2011-12-02T23:07:28  <besh> weakend is reserved for improving the bot one last time
2011-12-02T23:07:33  *** bmh <bmh!ada4e181@fsf/member/bmh> has joined #aichallenge
2011-12-02T23:10:51  *** analyst74 <analyst74!~analyst74@199.119.234.1> has joined #aichallenge
2011-12-02T23:15:38  *** treeform <treeform!~treeform@c-69-181-52-73.hsd1.ca.comcast.net> has joined #aichallenge
2011-12-02T23:18:40  *** besh <besh!835e7324@gateway/web/freenode/ip.131.94.115.36> has quit IRC (Quit: Page closed)
2011-12-02T23:21:07  *** bmh_ <bmh_!ada4e181@fsf/member/bmh> has joined #aichallenge
2011-12-02T23:21:29  *** bmh <bmh!ada4e181@fsf/member/bmh> has quit IRC (Disconnected by services)
2011-12-02T23:21:34  *** bmh_ is now known as bmh
2011-12-02T23:22:44  <thestinger> http://ants.fluxid.pl/replay.10134 no more combat bugs!
2011-12-02T23:23:11  <bmh> thestinger: I hear you're a haskell whiz?
2011-12-02T23:23:16  <thestinger> no
2011-12-02T23:23:21  <thestinger> I just know haskell a bit :P
2011-12-02T23:23:45  <thestinger> wouldn't want to use it for this tbh, I don't know it well enough to make it fast
2011-12-02T23:23:46  <bmh> any debugging pro-tips? I'm getting a runtime error (index out of bounds) and can't track the darn thing down
2011-12-02T23:24:10  <thestinger> unsafePerformIO?
2011-12-02T23:24:15  <antimatroid> i stripped my bot yesterday
2011-12-02T23:24:26  <antimatroid> i'm trying to get all the info i'm using in various places as cheaply as possible
2011-12-02T23:24:28  <bmh> I was afraid that would be your answer.
2011-12-02T23:25:24  <thestinger> bmh: http://www.haskell.org/haskellwiki/Debugging the wiki has some good stuff
2011-12-02T23:25:45  <thestinger> I don't like using breakpoints even C for some reason though
2011-12-02T23:26:24  <bmh> I prefer getting a stack trace. It would be wonderful if it could just decorate each thunk with its origin.
2011-12-02T23:26:35  <bmh> (back in a bit)
2011-12-02T23:29:21  *** ericlavigne <ericlavigne!6c54de7c@gateway/web/freenode/ip.108.84.222.124> has quit IRC (Quit: Page closed)
2011-12-02T23:32:09  <antimatroid> lol, got to be kidding me
2011-12-02T23:32:36  <antimatroid> turns out i think making grids with vectors is quicker with ints than bools
2011-12-02T23:32:46  *** avdg <avdg!~avdg@78-22-168-200.access.telenet.be> has quit IRC (Quit: Leaving.)
2011-12-02T23:33:01  *** u_ <u_!~u_@adsl-75-57-175-5.dsl.emhril.sbcglobal.net> has quit IRC (Quit: u_)
2011-12-02T23:33:15  <thestinger> antimatroid: vector<bool> is slow as hell
2011-12-02T23:33:26  <antimatroid> why the hell is it any different if not to be faster?
2011-12-02T23:33:28  <thestinger> it isn't a vector of bools, it's a bunch of bitfields
2011-12-02T23:33:39  <antimatroid> yeah i know it's different, that's a pita too
2011-12-02T23:33:42  <thestinger> never use vector<bool>
2011-12-02T23:33:45  <antimatroid> but i expected it to be faster
2011-12-02T23:33:45  <thestinger> use vector<uint8_t>
2011-12-02T23:34:04  <antimatroid> i will be able to index again properly again then too :D
2011-12-02T23:34:14  <antimatroid> you don't overload say [] for a matrix<bool> srtuct
2011-12-02T23:34:19  *** TheLinker <TheLinker!~TheLinker@host16.190-231-108.telecom.net.ar> has quit IRC (Quit: Bye)
2011-12-02T23:34:21  <antimatroid> cause you can't return a reference to an element of a vector of bools
2011-12-02T23:34:32  <antimatroid> well, for location indexing
2011-12-02T23:34:44  <antimatroid> you can for indexing by [r] and returning a reference to a vector of bools
2011-12-02T23:35:09  *** avdg <avdg!~avdg@78-22-168-200.access.telenet.be> has joined #aichallenge
2011-12-02T23:35:54  <thestinger> uint8_t will work fine, but I wouldn't be surprised if unsigned/int are still faster
2011-12-02T23:36:25  <thestinger> no point using 4x/8x the space than uint8_t just for 2% speed or whatever though :)
2011-12-02T23:37:06  * antimatroid tests what's fastest
2011-12-02T23:37:20  <antimatroid> when you're searching how do you mark what's searched?
2011-12-02T23:37:29  <antimatroid> i figure these are faster than a set?
2011-12-02T23:37:42  <antimatroid> but it depends on the board size i guess
2011-12-02T23:37:44  <thestinger> oh, for BFS?
2011-12-02T23:37:54  <antimatroid> yeah, or some other kind of search
2011-12-02T23:38:07  <thestinger> well most of my searches just mark distances, so I just compare the new distance I would set that tile to with the old value
2011-12-02T23:38:39  <thestinger> for the ones that need to track visited I use std::vector<std::vector<uint8_t>> atm
2011-12-02T23:38:58  <antimatroid> to mark path distance isn't that essentially the same thing?
2011-12-02T23:39:27  *** avdg <avdg!~avdg@78-22-168-200.access.telenet.be> has quit IRC (Ping timeout: 260 seconds)
2011-12-02T23:39:27  <antimatroid> and you can't search off euclidean or manhatten
2011-12-02T23:39:31  <antimatroid> because that wouldn't work :P
2011-12-02T23:39:32  <thestinger> well, since I'm already marking path distances it means I don't need a second 2d vector for marking which are visited
2011-12-02T23:39:38  <antimatroid> yeah sure
2011-12-02T23:39:49  <thestinger> for the radius stuff I just paint it on with offsets
2011-12-02T23:40:12  <antimatroid> yeah i have translation values for attack, attackBorder, view and viewBorder
2011-12-02T23:40:21  <thestinger> std::unordered_set<Location> might actually be faster for the few searches I do without making distance maps though
2011-12-02T23:40:40  <antimatroid> but i want to store in each location the possible locations an ant residing in this turn it could battle next turn
2011-12-02T23:40:42  <thestinger> since my hash function basically cheats and there will never be collisions :)
2011-12-02T23:40:50  <antimatroid> so i don't actually need to do those calculations when i make my battle partitions
2011-12-02T23:41:31  <thestinger> I bet a 2D array is as fast you can get though
2011-12-02T23:42:01  <thestinger> a 2D std::vector probably has a lot of overhead since you have a vector of pointers to vectors, when you really don't ever resize them
2011-12-02T23:42:53  <thestinger> the good old 'row * cols + col' trick works well though for using a 1D array
2011-12-02T23:43:15  <thestinger> I'm way too lazy to optimize like that though
2011-12-02T23:43:28  <antimatroid> I could probably just use an array
2011-12-02T23:43:39  <antimatroid> although i might not get indexing how i'd like then
2011-12-02T23:43:49  <antimatroid> i'll update the matrix class to use a 1d vector
2011-12-02T23:44:01  <antimatroid> would templates be slow?
2011-12-02T23:44:12  <thestinger> no, templates don't add overhead
2011-12-02T23:44:12  <antimatroid> ie. should i just write a separate matrix class for anything i might use it for
2011-12-02T23:44:14  <antimatroid> cool
2011-12-02T23:44:16  <thestinger> they're compile-time code generation
2011-12-02T23:44:40  <antimatroid> i don't know very much about behind the scenes stuff, i just learn how to do what i need and leave it at that usually :P
2011-12-02T23:45:02  <thestinger> like template<typename T> T min(T a, T b); will compile to the same thing as defining min for each type
2011-12-02T23:45:23  <antimatroid> awesome, templates can be awesome
2011-12-02T23:45:31  <antimatroid> i do wish c++ had type classes and variables though
2011-12-02T23:45:36  <thestinger> yeah
2011-12-02T23:45:52  <thestinger> 'auto' in C++11 is nice though
2011-12-02T23:45:57  <antimatroid> what's that?
2011-12-02T23:46:04  <thestinger> local type inference
2011-12-02T23:46:52  <thestinger> std::vector<uint_8>::const_iterator it = vec.begin(); -> auto it = vec.cbegin();
2011-12-02T23:48:13  *** bmh <bmh!ada4e181@fsf/member/bmh> has quit IRC (Ping timeout: 265 seconds)
2011-12-02T23:48:34  <thestinger> still type safe ofc
2011-12-02T23:48:43  *** ssclift <ssclift!4c0ab063@gateway/web/freenode/ip.76.10.176.99> has joined #aichallenge
2011-12-02T23:49:37  <thestinger> https://en.wikipedia.org/wiki/Concepts_(C++) they were going to add something like type classes too
2011-12-02T23:50:17  <thestinger> only GCC started to implement them
2011-12-02T23:50:45  <thestinger> the other compilers didn't want to I guess, so it was dropped
2011-12-02T23:51:07  <antimatroid> pesky compilers
2011-12-02T23:51:17  * antimatroid gets back to coding
2011-12-02T23:51:22  <thestinger> xD
2011-12-02T23:51:31  <thestinger> s/compilers/compiler vendors/
2011-12-02T23:51:37  <thestinger> was going to say that but it didn't really make sense either
2011-12-02T23:53:52  <antimatroid> no indexing my matrix by [r][c] with this now
2011-12-02T23:53:53  *** Antimony_ <Antimony_!~chatzilla@lawn-143-215-62-62.lawn.gatech.edu> has joined #aichallenge
2011-12-02T23:53:56  <antimatroid> but that's a okay by me
2011-12-02T23:54:06  <antimatroid> hmm i think
2011-12-02T23:54:20  <thestinger> overloading operator() for that is easier
2011-12-02T23:54:33  <antimatroid> oh, i can overload [r,c]
2011-12-02T23:54:35  <antimatroid> i forgot that
2011-12-02T23:55:25  <thestinger> oh, that's neat
2011-12-02T23:56:58  *** contestbot_ <contestbot_!~supybot@69-196-130-230.dsl.teksavvy.com> has joined #aichallenge
2011-12-02T23:57:19  <antimatroid> less nice though :P
2011-12-02T23:57:20  *** Antimony <Antimony!~chatzilla@lawn-143-215-62-62.lawn.gatech.edu> has quit IRC (Ping timeout: 255 seconds)
2011-12-02T23:57:33  *** Antimony_ is now known as Antimony
2011-12-02T23:57:34  *** delt0r_ <delt0r_!~bob@178-190-78-240.adsl.highway.telekom.at> has quit IRC (Ping timeout: 244 seconds)
2011-12-02T23:57:46  <a1k0n> oh yes, that's why i used operator() instead of []
2011-12-02T23:57:56  <thestinger> matrix(row,col) matrix[row][col] <- 1 extra character
2011-12-02T23:58:00  <thestinger> I'm sure it compiles to the same code xD
2011-12-02T23:58:20  <thestinger> maybe not...
2011-12-02T23:58:20  <antimatroid> yeah, but my preference would go m[r][c], m[r,c], m(r,c)
2011-12-02T23:58:26  <a1k0n> but then your operator[] has to return some sort of sentinel with its own operator[]
2011-12-02T23:58:35  *** amstan_ <amstan_!~amstan@69-196-130-230.dsl.teksavvy.com> has joined #aichallenge
2011-12-02T23:58:35  *** ChanServ sets mode: +o amstan_
2011-12-02T23:58:54  <thestinger> a1k0n: I've found that gcc is good at getting rid of stuff like that
2011-12-02T23:58:55  *** amstan <amstan!~amstan@69-196-191-75.dsl.teksavvy.com> has quit IRC (Ping timeout: 260 seconds)
2011-12-02T23:58:55  *** contestbot <contestbot!~supybot@69-196-191-75.dsl.teksavvy.com> has quit IRC (Ping timeout: 248 seconds)
2011-12-02T23:59:03  <thestinger> you really have to mark stuff as 'inline' and turn on -Winline though
2011-12-02T23:59:20  <thestinger> sometimes it decides not to inline a 1 line function
2011-12-02T23:59:20  *** keith_ <keith_!43a1fc8b@gateway/web/freenode/ip.67.161.252.139> has quit IRC (Ping timeout: 265 seconds)
2011-12-02T23:59:21  <antimatroid> is -Winline on the server?
2011-12-02T23:59:23  <antimatroid> i have these as inline
2011-12-02T23:59:33  <thestinger> -Winline just warns you if it doesn't inline something
2011-12-02T23:59:39  <a1k0n> well sure but i mean. to implement it in the first place unless you just have vectors of vectors, you need to emulate that somehow
2011-12-02T23:59:45  <thestinger> so if you can force it to inline locally it will probably do it on the server
