2012-01-31T00:36:59  *** Jak_o_Shadows1 <Jak_o_Shadows1!~Fake@CPE-144-136-214-52.sa.bigpond.net.au> has quit IRC (Ping timeout: 240 seconds)
2012-01-31T00:44:28  *** Jak_o_Shadows <Jak_o_Shadows!~Fake@CPE-144-136-214-52.sa.bigpond.net.au> has joined #aichallenge
2012-01-31T00:48:42  *** Accoun <Accoun!~1@static-213-88-39-97.chebnet.ru> has quit IRC (Ping timeout: 248 seconds)
2012-01-31T00:51:29  *** Accoun <Accoun!~1@static-213-88-39-97.chebnet.ru> has joined #aichallenge
2012-01-31T01:06:34  *** TheLinker <TheLinker!~TheLinker@host80.190-226-80.telecom.net.ar> has joined #aichallenge
2012-01-31T01:06:36  *** denysonique_ <denysonique_!u484@gateway/web/irccloud.com/x-jwwyfqfcwlxbzlsf> has quit IRC (Excess Flood)
2012-01-31T01:07:04  *** denysonique_ <denysonique_!u484@gateway/web/irccloud.com/x-ofedeuhfklwpxkci> has joined #aichallenge
2012-01-31T01:26:44  *** epicmonkey <epicmonkey!~epicmonke@188.134.41.210> has joined #aichallenge
2012-01-31T01:33:46  *** rofer <rofer!javagamer@ip-69-162-134-31.static.chi2.systeminplace.net> has quit IRC (Ping timeout: 276 seconds)
2012-01-31T01:45:12  *** rofer <rofer!javagamer@ip-69-162-134-31.static.chi2.systeminplace.net> has joined #aichallenge
2012-01-31T01:48:11  *** chris_0076 <chris_0076!~chris_007@adsl-74-190-54-22.asm.bellsouth.net> has quit IRC (Quit: Leaving)
2012-01-31T01:50:21  *** Chris_0076 <Chris_0076!~Chris_007@adsl-74-190-54-22.asm.bellsouth.net> has joined #aichallenge
2012-01-31T01:57:36  *** epicmonkey <epicmonkey!~epicmonke@188.134.41.210> has quit IRC (Remote host closed the connection)
2012-01-31T01:58:18  *** TheLinker <TheLinker!~TheLinker@host80.190-226-80.telecom.net.ar> has quit IRC (Quit: Bye)
2012-01-31T02:00:16  *** treeform <treeform!~treeform@c-69-181-52-73.hsd1.ca.comcast.net> has quit IRC (Remote host closed the connection)
2012-01-31T02:14:46  *** thestinger <thestinger!~strcat@CPE98fc1165cb6f-CM00159a09b2d0.cpe.net.cable.rogers.com> has quit IRC (Quit: WeeChat 0.3.6)
2012-01-31T02:22:15  *** lhb__ is now known as raemde
2012-01-31T02:29:17  *** Palmik <Palmik!~palmik@man-208-200.pks.muni.cz> has joined #aichallenge
2012-01-31T02:30:06  *** mindeavor <mindeavor!~mindeavor@cpe-72-177-90-12.austin.res.rr.com> has quit IRC (Quit: mindeavor)
2012-01-31T02:32:20  *** Areks <Areks!~Areks@rs.gridnine.com> has joined #aichallenge
2012-01-31T03:13:26  *** sigh <sigh!~sigh@ppp114-153.static.internode.on.net> has joined #aichallenge
2012-01-31T03:39:52  *** Blkt <Blkt!~user@89-96-199-46.ip13.fastwebnet.it> has joined #aichallenge
2012-01-31T03:43:05  *** yoden <yoden!~horstman@cpe-76-190-245-7.neo.res.rr.com> has quit IRC (Read error: Connection reset by peer)
2012-01-31T03:43:35  *** yoden <yoden!~horstman@cpe-76-190-245-7.neo.res.rr.com> has joined #aichallenge
2012-01-31T03:53:55  *** X-Scale <X-Scale!email@sgi-ultra64.broker.freenet6.net> has quit IRC (Ping timeout: 272 seconds)
2012-01-31T03:55:20  <Blkt> good morning everyone
2012-01-31T04:02:02  *** alehorst <alehorst!~alehorst@177.96.17.167> has joined #aichallenge
2012-01-31T04:08:28  *** ikaros <ikaros!~ikaros@dslb-094-219-214-087.pools.arcor-ip.net> has joined #aichallenge
2012-01-31T04:09:24  *** X-Scale <X-Scale!email@sgi-ultra64.broker.freenet6.net> has joined #aichallenge
2012-01-31T04:59:10  *** Accoun <Accoun!~1@static-213-88-39-97.chebnet.ru> has quit IRC ()
2012-01-31T05:06:27  *** ikaros <ikaros!~ikaros@dslb-094-219-214-087.pools.arcor-ip.net> has quit IRC (Quit: Ex-Chat)
2012-01-31T05:06:53  *** Areks|2 <Areks|2!~Areks@rs.gridnine.com> has joined #aichallenge
2012-01-31T05:09:56  *** Areks <Areks!~Areks@rs.gridnine.com> has quit IRC (Ping timeout: 272 seconds)
2012-01-31T05:15:46  *** dmj111 <dmj111!~user@c-98-235-94-211.hsd1.pa.comcast.net> has joined #aichallenge
2012-01-31T05:20:48  *** Accoun <Accoun!~1@static-213-88-39-97.chebnet.ru> has joined #aichallenge
2012-01-31T06:10:41  *** iglo <iglo!~xy@xdsl-92-252-69-172.dip.osnanet.de> has joined #aichallenge
2012-01-31T06:19:05  *** KP13 <KP13!~Kingpin13@Wikipedia/Kingpin13> has joined #aichallenge
2012-01-31T06:21:29  *** Kingpin13 <Kingpin13!~Kingpin13@Wikipedia/Kingpin13> has quit IRC (Ping timeout: 252 seconds)
2012-01-31T06:32:38  *** iglo <iglo!~xy@xdsl-92-252-69-172.dip.osnanet.de> has quit IRC (Remote host closed the connection)
2012-01-31T06:34:29  *** mikewintermute <mikewintermute!~mikewinte@188-223-213-21.zone14.bethere.co.uk> has joined #aichallenge
2012-01-31T06:46:05  *** antimatroid1 <antimatroid1!~nick@194.134-134-203.dynamic.dsl.mel.iprimus.net.au> has joined #aichallenge
2012-01-31T06:46:11  *** antimatroidl1 <antimatroidl1!~Adium@194.134-134-203.dynamic.dsl.mel.iprimus.net.au> has joined #aichallenge
2012-01-31T06:47:26  *** antimatroid <antimatroid!~nick@217.106-27-211.dynamic.dsl.mel.iprimus.net.au> has quit IRC (Ping timeout: 245 seconds)
2012-01-31T06:47:32  *** antimatroidl <antimatroidl!~Adium@217.106-27-211.dynamic.dsl.mel.iprimus.net.au> has quit IRC (Ping timeout: 252 seconds)
2012-01-31T06:57:26  *** ikaros <ikaros!~ikaros@studpool-wlan-74-157.fs.fbi.h-da.de> has joined #aichallenge
2012-01-31T07:02:51  *** Jak_o_Shadows1 <Jak_o_Shadows1!~Fake@CPE-144-136-214-52.sa.bigpond.net.au> has joined #aichallenge
2012-01-31T07:02:56  *** Jak_o_Shadows <Jak_o_Shadows!~Fake@CPE-144-136-214-52.sa.bigpond.net.au> has quit IRC (Disconnected by services)
2012-01-31T07:02:57  *** Kingpin13 <Kingpin13!~Kingpin13@Wikipedia/Kingpin13> has joined #aichallenge
2012-01-31T07:04:41  *** KP13 <KP13!~Kingpin13@Wikipedia/Kingpin13> has quit IRC (Ping timeout: 248 seconds)
2012-01-31T07:30:03  *** Bluedgis <Bluedgis!~redgis@88-191-147-49.rev.dedibox.fr> has joined #aichallenge
2012-01-31T07:30:11  *** Bluedgis <Bluedgis!~redgis@88-191-147-49.rev.dedibox.fr> has quit IRC (Client Quit)
2012-01-31T07:32:11  *** Bluedgis <Bluedgis!~redgis@88-191-147-49.rev.dedibox.fr> has joined #aichallenge
2012-01-31T07:38:19  *** Jak_o_Shadows1 <Jak_o_Shadows1!~Fake@CPE-144-136-214-52.sa.bigpond.net.au> has quit IRC (Remote host closed the connection)
2012-01-31T07:39:01  *** KP13 <KP13!~Kingpin13@Wikipedia/Kingpin13> has joined #aichallenge
2012-01-31T07:41:26  *** Kingpin13 <Kingpin13!~Kingpin13@Wikipedia/Kingpin13> has quit IRC (Ping timeout: 252 seconds)
2012-01-31T07:46:35  *** Bluedgis_ <Bluedgis_!~redgis@88-191-147-49.rev.dedibox.fr> has joined #aichallenge
2012-01-31T07:57:33  *** KP13 is now known as Kingpin13
2012-01-31T08:10:15  *** mceier <mceier!~mceier@89-77-140-105.dynamic.chello.pl> has joined #aichallenge
2012-01-31T08:33:22  *** antimatroidl1 <antimatroidl1!~Adium@194.134-134-203.dynamic.dsl.mel.iprimus.net.au> has quit IRC (Quit: Leaving.)
2012-01-31T08:43:10  *** amstan <amstan!~alex@aichallenge/admin/amstan> has joined #aichallenge
2012-01-31T08:43:10  *** ChanServ sets mode: +o amstan
2012-01-31T08:50:49  *** Fandekasp <Fandekasp!~Fandekasp@KD182249015065.au-net.ne.jp> has joined #aichallenge
2012-01-31T08:56:03  *** sashaSochka <sashaSochka!515fb6a7@gateway/web/freenode/ip.81.95.182.167> has joined #aichallenge
2012-01-31T08:59:56  *** alehorst1 <alehorst1!~Alexandre@177.96.17.167> has joined #aichallenge
2012-01-31T09:06:06  *** mikewintermute <mikewintermute!~mikewinte@188-223-213-21.zone14.bethere.co.uk> has quit IRC (Quit: mikewintermute)
2012-01-31T09:06:09  *** Garf <Garf!~Garf@78-22-80-252.access.telenet.be> has quit IRC (Read error: Connection reset by peer)
2012-01-31T09:06:12  *** alehorst1 <alehorst1!~Alexandre@177.96.17.167> has quit IRC (Ping timeout: 276 seconds)
2012-01-31T09:11:40  *** sigh <sigh!~sigh@ppp114-153.static.internode.on.net> has quit IRC (Remote host closed the connection)
2012-01-31T09:13:51  *** Garf <Garf!~Garf@78-22-80-252.access.telenet.be> has joined #aichallenge
2012-01-31T09:27:45  *** treeform <treeform!~treeform@c-69-181-52-73.hsd1.ca.comcast.net> has joined #aichallenge
2012-01-31T09:36:56  *** Fandekasp <Fandekasp!~Fandekasp@KD182249015065.au-net.ne.jp> has quit IRC (Ping timeout: 244 seconds)
2012-01-31T09:51:44  *** HaraKiri <HaraKiri!~hara@g224182184.adsl.alicedsl.de> has joined #aichallenge
2012-01-31T09:53:03  *** Areks|2 <Areks|2!~Areks@rs.gridnine.com> has quit IRC (Ping timeout: 272 seconds)
2012-01-31T10:04:51  *** TheLinker <TheLinker!~TheLinker@host80.190-226-80.telecom.net.ar> has joined #aichallenge
2012-01-31T10:19:51  *** rwest <rwest!~rwest@63-252-205-228.ip.mcleodusa.net> has joined #aichallenge
2012-01-31T10:20:34  *** thestinger <thestinger!~strcat@CPE98fc1165cb6f-CM00159a09b2d0.cpe.net.cable.rogers.com> has joined #aichallenge
2012-01-31T10:25:32  *** mikewintermute <mikewintermute!~mikewinte@188-223-213-21.zone14.bethere.co.uk> has joined #aichallenge
2012-01-31T11:13:58  *** Kurnevsky <Kurnevsky!~Errins@128.65.26.95> has joined #aichallenge
2012-01-31T11:18:32  *** dapplegate <dapplegate!~dan@206.217.79.178> has joined #aichallenge
2012-01-31T11:24:12  *** iglo <iglo!~xy@xdsl-92-252-69-172.dip.osnanet.de> has joined #aichallenge
2012-01-31T11:38:48  *** coeus <coeus!~coeus@dslb-084-061-060-194.pools.arcor-ip.net> has quit IRC (Ping timeout: 252 seconds)
2012-01-31T12:01:21  *** raemde_ <raemde_!~raemde@dslb-088-073-185-048.pools.arcor-ip.net> has joined #aichallenge
2012-01-31T12:03:47  *** alehorst1 <alehorst1!~Alexandre@177.96.17.167> has joined #aichallenge
2012-01-31T12:04:58  *** raemde <raemde!~raemde@dslb-088-073-176-222.pools.arcor-ip.net> has quit IRC (Ping timeout: 276 seconds)
2012-01-31T12:05:16  *** ikaros <ikaros!~ikaros@studpool-wlan-74-157.fs.fbi.h-da.de> has quit IRC (Read error: Operation timed out)
2012-01-31T12:08:38  *** mikewintermute <mikewintermute!~mikewinte@188-223-213-21.zone14.bethere.co.uk> has quit IRC (Quit: mikewintermute)
2012-01-31T12:16:36  *** denysonique_ <denysonique_!u484@gateway/web/irccloud.com/x-ofedeuhfklwpxkci> has quit IRC ()
2012-01-31T12:17:54  *** Blkt <Blkt!~user@89-96-199-46.ip13.fastwebnet.it> has quit IRC (Read error: Connection reset by peer)
2012-01-31T12:18:04  *** Friblurks <Friblurks!~Frib@a83-163-30-224.adsl.xs4all.nl> has joined #aichallenge
2012-01-31T12:22:19  *** Bluedgis_ <Bluedgis_!~redgis@88-191-147-49.rev.dedibox.fr> has joined #aichallenge
2012-01-31T12:26:45  *** thestinger <thestinger!~strcat@CPE98fc1165cb6f-CM00159a09b2d0.cpe.net.cable.rogers.com> has quit IRC (Ping timeout: 240 seconds)
2012-01-31T12:26:45  *** Bluedgis <Bluedgis!~redgis@88-191-147-49.rev.dedibox.fr> has quit IRC (Ping timeout: 240 seconds)
2012-01-31T12:26:46  *** Frib <Frib!~Frib@a83-163-30-224.adsl.xs4all.nl> has quit IRC (Ping timeout: 240 seconds)
2012-01-31T12:26:46  *** AlliedEnvy <AlliedEnvy!~AlliedEnv@adsl-68-89-173-181.dsl.hstntx.swbell.net> has quit IRC (Ping timeout: 240 seconds)
2012-01-31T12:26:47  *** sashaSochka <sashaSochka!515fb6a7@gateway/web/freenode/ip.81.95.182.167> has quit IRC (Ping timeout: 245 seconds)
2012-01-31T12:29:06  *** kire <kire!~kire@78-22-121-228.access.telenet.be> has joined #aichallenge
2012-01-31T12:33:08  *** kire <kire!~kire@78-22-121-228.access.telenet.be> has quit IRC (Remote host closed the connection)
2012-01-31T12:34:16  *** AlliedEnvy <AlliedEnvy!~AlliedEnv@adsl-68-89-173-181.dsl.hstntx.swbell.net> has joined #aichallenge
2012-01-31T12:34:44  *** thestinger <thestinger!~strcat@CPE98fc1165cb6f-CM00159a09b2d0.cpe.net.cable.rogers.com> has joined #aichallenge
2012-01-31T12:35:18  *** treeform <treeform!~treeform@c-69-181-52-73.hsd1.ca.comcast.net> has quit IRC (Remote host closed the connection)
2012-01-31T12:36:29  *** ikaros <ikaros!~ikaros@dslb-094-219-214-087.pools.arcor-ip.net> has joined #aichallenge
2012-01-31T12:42:24  *** harakiri2 <harakiri2!~hara@e183141016.adsl.alicedsl.de> has joined #aichallenge
2012-01-31T12:42:58  *** HaraKiri <HaraKiri!~hara@g224182184.adsl.alicedsl.de> has quit IRC (Ping timeout: 252 seconds)
2012-01-31T12:43:58  *** dmj111 <dmj111!~user@c-98-235-94-211.hsd1.pa.comcast.net> has quit IRC (Ping timeout: 276 seconds)
2012-01-31T12:47:18  *** coeus <coeus!~coeus@dslb-084-061-060-194.pools.arcor-ip.net> has joined #aichallenge
2012-01-31T12:59:21  *** iglo <iglo!~xy@xdsl-92-252-69-172.dip.osnanet.de> has quit IRC (Remote host closed the connection)
2012-01-31T13:11:37  *** janzert <janzert!~janzert@97-83-124-17.dhcp.trcy.mi.charter.com> has quit IRC (Read error: Connection reset by peer)
2012-01-31T13:19:45  *** amstan <amstan!~alex@aichallenge/admin/amstan> has quit IRC (Quit: Konversation terminated!)
2012-01-31T13:20:16  *** amstan <amstan!~alex@aichallenge/admin/amstan> has joined #aichallenge
2012-01-31T13:20:17  *** ChanServ sets mode: +o amstan
2012-01-31T13:22:41  *** thestinger <thestinger!~strcat@CPE98fc1165cb6f-CM00159a09b2d0.cpe.net.cable.rogers.com> has quit IRC (Ping timeout: 260 seconds)
2012-01-31T13:24:26  *** thestinger <thestinger!~strcat@CPE98fc1165cb6f-CM00159a09b2d0.cpe.net.cable.rogers.com> has joined #aichallenge
2012-01-31T13:25:05  *** treeform <treeform!~treeform@108.60.121.46> has joined #aichallenge
2012-01-31T13:27:11  *** mviel_ <mviel_!~mviel@213.163.164.204> has quit IRC (Quit: Leaving)
2012-01-31T13:30:14  *** janzert <janzert!~janzert@97-83-124-17.dhcp.trcy.mi.charter.com> has joined #aichallenge
2012-01-31T13:47:18  *** foRei <foRei!~ViT@0x4dd7b24d.adsl.cybercity.dk> has joined #aichallenge
2012-01-31T14:05:45  *** coeus_ <coeus_!~coeus@dslb-084-061-004-227.pools.arcor-ip.net> has joined #aichallenge
2012-01-31T14:08:36  *** coeus <coeus!~coeus@dslb-084-061-060-194.pools.arcor-ip.net> has quit IRC (Ping timeout: 245 seconds)
2012-01-31T14:28:18  *** harakiri2 <harakiri2!~hara@e183141016.adsl.alicedsl.de> has left #aichallenge
2012-01-31T14:51:22  *** mindeavor <mindeavor!~mindeavor@cpe-72-177-90-12.austin.res.rr.com> has joined #aichallenge
2012-01-31T14:55:02  *** epicmonkey <epicmonkey!~epicmonke@host109-157-149-73.range109-157.btcentralplus.com> has joined #aichallenge
2012-01-31T14:55:14  *** Accoun <Accoun!~1@static-213-88-39-97.chebnet.ru> has quit IRC ()
2012-01-31T15:01:53  *** choas <choas!~lars@p4FDC5642.dip.t-dialin.net> has joined #aichallenge
2012-01-31T15:15:50  *** Accoun <Accoun!~1@static-213-88-39-97.chebnet.ru> has joined #aichallenge
2012-01-31T15:42:44  *** epicmonkey <epicmonkey!~epicmonke@host109-157-149-73.range109-157.btcentralplus.com> has quit IRC (Ping timeout: 240 seconds)
2012-01-31T15:58:12  *** Kurnevsky <Kurnevsky!~Errins@128.65.26.95> has quit IRC (Quit: Instantbird 1.0)
2012-01-31T16:17:54  *** TheLinker <TheLinker!~TheLinker@host80.190-226-80.telecom.net.ar> has quit IRC (Quit: Bye)
2012-01-31T16:38:23  *** foRei <foRei!~ViT@0x4dd7b24d.adsl.cybercity.dk> has quit IRC (Quit: Bye)
2012-01-31T16:50:07  *** rwest <rwest!~rwest@63-252-205-228.ip.mcleodusa.net> has quit IRC (Quit: runs from the noob)
2012-01-31T16:54:41  *** epicmonkey <epicmonkey!~epicmonke@host109-157-149-73.range109-157.btcentralplus.com> has joined #aichallenge
2012-01-31T17:15:43  *** Jak_o_Shadows <Jak_o_Shadows!~Fake@CPE-144-136-214-52.sa.bigpond.net.au> has joined #aichallenge
2012-01-31T17:41:08  *** amstan <amstan!~alex@aichallenge/admin/amstan> has quit IRC (Ping timeout: 272 seconds)
2012-01-31T17:49:23  *** mceier <mceier!~mceier@89-77-140-105.dynamic.chello.pl> has quit IRC (Quit: leaving)
2012-01-31T17:52:23  *** choas <choas!~lars@p4FDC5642.dip.t-dialin.net> has quit IRC (Ping timeout: 245 seconds)
2012-01-31T17:59:04  *** Palmik <Palmik!~palmik@man-208-200.pks.muni.cz> has quit IRC ()
2012-01-31T18:03:45  *** ikaros <ikaros!~ikaros@dslb-094-219-214-087.pools.arcor-ip.net> has quit IRC (Quit: Ex-Chat)
2012-01-31T18:26:32  *** alehorst2 <alehorst2!~Alexandre@177.42.3.180> has joined #aichallenge
2012-01-31T18:26:38  *** antimatroidl <antimatroidl!~Adium@student-nat-209.uconnect.utas.edu.au> has joined #aichallenge
2012-01-31T18:28:30  *** alehorst1 <alehorst1!~Alexandre@177.96.17.167> has quit IRC (Ping timeout: 276 seconds)
2012-01-31T18:29:09  *** alehorst <alehorst!~alehorst@177.96.17.167> has quit IRC (Ping timeout: 276 seconds)
2012-01-31T18:34:34  *** Chris_0076 <Chris_0076!~Chris_007@adsl-74-190-54-22.asm.bellsouth.net> has quit IRC (Quit: Leaving)
2012-01-31T18:36:11  *** chris_0076 <chris_0076!~chris_007@adsl-74-190-54-22.asm.bellsouth.net> has joined #aichallenge
2012-01-31T18:48:10  *** Fandekasp <Fandekasp!~Fandekasp@KD182249017013.au-net.ne.jp> has joined #aichallenge
2012-01-31T18:51:34  *** dapplegate <dapplegate!~dan@206.217.79.178> has quit IRC (Quit: Ex-Chat)
2012-01-31T19:02:33  *** CIA-7 <CIA-7!~CIA@cia.atheme.org> has quit IRC (Ping timeout: 248 seconds)
2012-01-31T19:08:16  *** amstan_ <amstan_!~alex@aichallenge/admin/amstan> has joined #aichallenge
2012-01-31T19:08:16  *** ChanServ sets mode: +o amstan_
2012-01-31T19:11:35  <amstan_> janzert: hey, can you get email working on the archive server?
2012-01-31T19:12:44  *** CIA-38 <CIA-38!~CIA@cia.atheme.org> has joined #aichallenge
2012-01-31T19:22:28  *** Fandekasp <Fandekasp!~Fandekasp@KD182249017013.au-net.ne.jp> has quit IRC (Ping timeout: 272 seconds)
2012-01-31T19:28:34  *** Fandekasp <Fandekasp!~Fandekasp@KD182249017013.au-net.ne.jp> has joined #aichallenge
2012-01-31T19:29:52  *** Garf <Garf!~Garf@78-22-80-252.access.telenet.be> has quit IRC (Quit: Make a new plan, Stan!)
2012-01-31T19:40:52  *** fe <fe!51d917f0@gateway/web/freenode/ip.81.217.23.240> has joined #aichallenge
2012-01-31T19:54:45  *** epicmonkey <epicmonkey!~epicmonke@host109-157-149-73.range109-157.btcentralplus.com> has quit IRC (Ping timeout: 240 seconds)
2012-01-31T19:58:23  *** antimatroidl <antimatroidl!~Adium@student-nat-209.uconnect.utas.edu.au> has quit IRC (Quit: Leaving.)
2012-01-31T20:02:22  *** Fandekasp <Fandekasp!~Fandekasp@KD182249017013.au-net.ne.jp> has quit IRC (Ping timeout: 272 seconds)
2012-01-31T20:07:09  *** alehorst2 <alehorst2!~Alexandre@177.42.3.180> has quit IRC (Quit: Leaving.)
2012-01-31T20:34:05  *** Fandekasp <Fandekasp!~Fandekasp@p26153-ipngn100102yosemiya.okinawa.ocn.ne.jp> has joined #aichallenge
2012-01-31T20:57:29  *** arscan <arscan!~arscan@c-24-128-50-230.hsd1.ma.comcast.net> has quit IRC (Remote host closed the connection)
2012-01-31T21:13:29  *** srgpqt <srgpqt!~srgpqt@206-248-134-146.dsl.teksavvy.com> has joined #aichallenge
2012-01-31T21:14:02  *** antimatroidl <antimatroidl!~Adium@student-nat-209.uconnect.utas.edu.au> has joined #aichallenge
2012-01-31T21:18:33  *** antimatroidl <antimatroidl!~Adium@student-nat-209.uconnect.utas.edu.au> has quit IRC (Ping timeout: 248 seconds)
2012-01-31T21:27:41  *** treeform <treeform!~treeform@108.60.121.46> has quit IRC (Remote host closed the connection)
2012-01-31T21:27:48  *** X-Scale <X-Scale!email@sgi-ultra64.broker.freenet6.net> has quit IRC (Read error: Connection reset by peer)
2012-01-31T21:33:04  *** X-Scale <X-Scale!email@sgi-ultra64.broker.freenet6.net> has joined #aichallenge
2012-01-31T21:46:03  *** chris_0076 <chris_0076!~chris_007@adsl-74-190-54-22.asm.bellsouth.net> has quit IRC (Quit: Leaving)
2012-01-31T21:53:55  *** Chris_0076 <Chris_0076!~Chris_007@adsl-74-190-54-22.asm.bellsouth.net> has joined #aichallenge
2012-01-31T22:03:41  *** Jak_o_Shadows <Jak_o_Shadows!~Fake@CPE-144-136-214-52.sa.bigpond.net.au> has quit IRC (Read error: Connection reset by peer)
2012-01-31T22:05:10  *** Jak_o_Shadows <Jak_o_Shadows!~Fake@CPE-144-136-214-52.sa.bigpond.net.au> has joined #aichallenge
2012-01-31T22:09:12  *** antimatroidl <antimatroidl!~Adium@student-nat-209.uconnect.utas.edu.au> has joined #aichallenge
2012-01-31T22:13:29  *** antimatroidl <antimatroidl!~Adium@student-nat-209.uconnect.utas.edu.au> has quit IRC (Ping timeout: 248 seconds)
2012-01-31T22:14:12  *** antimatroidl <antimatroidl!~Adium@student-nat-209.uconnect.utas.edu.au> has joined #aichallenge
2012-01-31T22:33:31  *** DirtyRasa <DirtyRasa!4229ab6c@gateway/web/freenode/ip.66.41.171.108> has joined #aichallenge
2012-01-31T22:41:22  *** DirtyRasa <DirtyRasa!4229ab6c@gateway/web/freenode/ip.66.41.171.108> has quit IRC (Quit: Page closed)
2012-01-31T22:42:44  *** antimatroidl <antimatroidl!~Adium@student-nat-209.uconnect.utas.edu.au> has quit IRC (Quit: Leaving.)
2012-01-31T22:56:26  *** amstan_ <amstan_!~alex@aichallenge/admin/amstan> has quit IRC (Ping timeout: 240 seconds)
2012-01-31T22:59:36  *** treeform <treeform!~treeform@c-69-181-52-73.hsd1.ca.comcast.net> has joined #aichallenge
2012-01-31T23:07:56  *** Friblurks <Friblurks!~Frib@a83-163-30-224.adsl.xs4all.nl> has quit IRC (Quit: Leaving)
2012-01-31T23:13:01  *** coeus_ <coeus_!~coeus@dslb-084-061-004-227.pools.arcor-ip.net> has quit IRC (Ping timeout: 272 seconds)
2012-01-31T23:13:59  *** Jak_o_Shadows <Jak_o_Shadows!~Fake@CPE-144-136-214-52.sa.bigpond.net.au> has quit IRC (Read error: Connection reset by peer)
2012-01-31T23:26:42  *** treeform <treeform!~treeform@c-69-181-52-73.hsd1.ca.comcast.net> has quit IRC (Remote host closed the connection)
2012-01-31T23:35:08  *** antimatroidl <antimatroidl!~Adium@194.134-134-203.dynamic.dsl.mel.iprimus.net.au> has joined #aichallenge
2012-01-31T23:44:14  *** Jak_o_Shadows <Jak_o_Shadows!~Fake@CPE-144-136-214-52.sa.bigpond.net.au> has joined #aichallenge
