2012-08-21T00:20:31  *** rofer <rofer!javagamer@69.162.134.31> has joined #aichallenge
2012-08-21T01:04:56  *** amstan_ <amstan_!~alex@aichallenge/admin/amstan> has quit IRC (Quit: Konversation terminated!)
2012-08-21T02:00:13  *** mceier <mceier!~mceier@77-252-246-25.ip.netia.com.pl> has joined #aichallenge
2012-08-21T02:18:09  *** epicmonkey <epicmonkey!~epicmonke@188.134.41.211> has joined #aichallenge
2012-08-21T02:44:50  *** epicmonkey <epicmonkey!~epicmonke@188.134.41.211> has quit IRC (Ping timeout: 246 seconds)
2012-08-21T02:48:26  *** kilae <kilae!~chatzilla@109.205.205.99> has joined #aichallenge
2012-08-21T03:12:11  *** antimatroid1 <antimatroid1!~nick@165.013.dsl.vic.iprimus.net.au> has joined #aichallenge
2012-08-21T03:12:34  *** antimatroid <antimatroid!~nick@80.120-27-211.dynamic.dsl.mel.iprimus.net.au> has quit IRC (Ping timeout: 240 seconds)
2012-08-21T03:47:48  *** epicmonkey <epicmonkey!~epicmonke@host-224-60.dataart.net> has joined #aichallenge
2012-08-21T04:08:28  *** antimatroid1 <antimatroid1!~nick@165.013.dsl.vic.iprimus.net.au> has quit IRC (Ping timeout: 240 seconds)
2012-08-21T04:22:02  *** antimatroid <antimatroid!~nick@165.013.dsl.vic.iprimus.net.au> has joined #aichallenge
2012-08-21T05:09:18  *** ejls <ejls!~Epsilon01@mszy.domu.7un.net> has quit IRC (Ping timeout: 252 seconds)
2012-08-21T05:16:31  *** ejls <ejls!~Epsilon01@mszy.domu.7un.net> has joined #aichallenge
2012-08-21T05:47:55  *** sigh <sigh!~sigh@ppp114-153.static.internode.on.net> has joined #aichallenge
2012-08-21T06:02:29  *** Scooper <Scooper!~Scooper@213.157.251.212.customer.cdi.no> has joined #aichallenge
2012-08-21T06:07:50  *** foRei <foRei!~ViT@0x4dd7b24d.adsl.cybercity.dk> has joined #aichallenge
2012-08-21T06:48:44  *** pairofdice <pairofdice!~pod@dsl-hkibrasgw2-fed3df00-232.dhcp.inet.fi> has joined #aichallenge
2012-08-21T07:11:49  *** antimatroid <antimatroid!~nick@165.013.dsl.vic.iprimus.net.au> has quit IRC (Ping timeout: 245 seconds)
2012-08-21T07:13:06  *** alehorst <alehorst!~alehorst@201.22.33.94.dynamic.adsl.gvt.net.br> has quit IRC (Read error: Connection reset by peer)
2012-08-21T07:22:10  *** Garf <Garf!~Garf@78-22-80-252.access.telenet.be> has joined #aichallenge
2012-08-21T07:35:59  *** alehorst <alehorst!~alehorst@177.40.47.185> has joined #aichallenge
2012-08-21T07:43:52  *** mcstar <mcstar!~mcstar@adsl-89-135-200-18.monradsl.monornet.hu> has joined #aichallenge
2012-08-21T07:48:22  *** antimatroid <antimatroid!~nick@165.013.dsl.vic.iprimus.net.au> has joined #aichallenge
2012-08-21T09:41:23  *** epicmonkey <epicmonkey!~epicmonke@host-224-60.dataart.net> has quit IRC (Ping timeout: 252 seconds)
2012-08-21T09:54:14  *** epicmonkey <epicmonkey!~epicmonke@host-224-59.dataart.net> has joined #aichallenge
2012-08-21T10:01:04  *** mceier <mceier!~mceier@77-252-246-25.ip.netia.com.pl> has quit IRC (Ping timeout: 265 seconds)
2012-08-21T10:42:56  *** kilae_ <kilae_!~chatzilla@109.205.205.99> has joined #aichallenge
2012-08-21T10:45:44  *** kilae <kilae!~chatzilla@109.205.205.99> has quit IRC (Ping timeout: 272 seconds)
2012-08-21T11:16:00  *** mceier <mceier!~mceier@89-77-239-61.dynamic.chello.pl> has joined #aichallenge
2012-08-21T11:16:06  *** epicmonkey <epicmonkey!~epicmonke@host-224-59.dataart.net> has quit IRC (Ping timeout: 260 seconds)
2012-08-21T12:30:01  *** hubi <hubi!c2bbdc04@gateway/web/freenode/ip.194.187.220.4> has joined #aichallenge
2012-08-21T12:33:58  *** thestinger <thestinger!~strcat@CPE98fc1165cb6f-CM00159a09b2d0.cpe.net.cable.rogers.com> has joined #aichallenge
2012-08-21T12:34:55  *** sigh <sigh!~sigh@ppp114-153.static.internode.on.net> has quit IRC (Remote host closed the connection)
2012-08-21T12:46:52  *** sigh <sigh!~sigh@ppp114-153.static.internode.on.net> has joined #aichallenge
2012-08-21T12:49:55  *** sigh <sigh!~sigh@ppp114-153.static.internode.on.net> has quit IRC (Remote host closed the connection)
2012-08-21T13:02:05  *** sigh <sigh!~sigh@ppp114-153.static.internode.on.net> has joined #aichallenge
2012-08-21T13:28:11  *** sigh <sigh!~sigh@ppp114-153.static.internode.on.net> has quit IRC (Remote host closed the connection)
2012-08-21T13:37:54  *** kilae_ <kilae_!~chatzilla@109.205.205.99> has quit IRC (Quit: ChatZilla 0.9.88.2 [Firefox 14.0.1/20120713134347])
2012-08-21T13:43:13  *** epicmonkey <epicmonkey!~epicmonke@188.134.41.211> has joined #aichallenge
2012-08-21T13:54:39  *** hubi <hubi!c2bbdc04@gateway/web/freenode/ip.194.187.220.4> has left #aichallenge
2012-08-21T13:54:53  *** epicmonkey <epicmonkey!~epicmonke@188.134.41.211> has quit IRC (Read error: Connection reset by peer)
2012-08-21T13:55:25  *** epicmonkey <epicmonkey!~epicmonke@188.134.41.211> has joined #aichallenge
2012-08-21T14:26:47  *** Kingpin13 <Kingpin13!~Kingpin13@Wikipedia/Kingpin13> has joined #aichallenge
2012-08-21T14:27:20  *** alehorst <alehorst!~alehorst@177.40.47.185> has quit IRC (Read error: Connection reset by peer)
2012-08-21T14:29:17  *** alehorst <alehorst!~alehorst@177.40.47.185> has joined #aichallenge
2012-08-21T14:45:50  *** Kingpin13 <Kingpin13!~Kingpin13@Wikipedia/Kingpin13> has quit IRC (Quit: quit)
2012-08-21T14:50:53  *** mceier <mceier!~mceier@89-77-239-61.dynamic.chello.pl> has quit IRC (Ping timeout: 244 seconds)
2012-08-21T14:52:50  *** mceier <mceier!~mceier@89-77-239-61.dynamic.chello.pl> has joined #aichallenge
2012-08-21T14:55:28  <mcstar> thestinger: http://pastie.org/4562976 someone over #qt was wondering, whats wrong with his c++ code
2012-08-21T14:55:54  <mcstar> he was kind of unbelieving when i said he would need 10TB memory..
2012-08-21T15:03:02  <mcstar> http://xkcd.com/436/
2012-08-21T15:15:54  *** Accoun <Accoun!~1@static-213-88-39-97.chebnet.ru> has quit IRC ()
2012-08-21T15:18:13  *** thestinger <thestinger!~strcat@CPE98fc1165cb6f-CM00159a09b2d0.cpe.net.cable.rogers.com> has quit IRC (Quit: WeeChat 0.3.8)
2012-08-21T15:18:45  *** thestinger <thestinger!~strcat@CPE98fc1165cb6f-CM00159a09b2d0.cpe.net.cable.rogers.com> has joined #aichallenge
2012-08-21T15:36:06  *** Accoun <Accoun!~1@static-213-88-39-97.chebnet.ru> has joined #aichallenge
2012-08-21T15:52:04  *** pairofdice <pairofdice!~pod@dsl-hkibrasgw2-fed3df00-232.dhcp.inet.fi> has quit IRC (Quit: In girum imus nocte et consumimur igni.)
2012-08-21T16:35:59  *** thestinger <thestinger!~strcat@CPE98fc1165cb6f-CM00159a09b2d0.cpe.net.cable.rogers.com> has quit IRC (Quit: WeeChat 0.3.8)
2012-08-21T16:43:00  *** mleise <mleise!~marco@dslb-178-011-044-234.pools.arcor-ip.net> has joined #aichallenge
2012-08-21T17:15:07  *** epicmonkey <epicmonkey!~epicmonke@188.134.41.211> has quit IRC (Ping timeout: 265 seconds)
2012-08-21T17:17:39  *** mcstar <mcstar!~mcstar@adsl-89-135-200-18.monradsl.monornet.hu> has quit IRC (Quit: mcstar)
2012-08-21T18:03:51  *** thestinger <thestinger!~strcat@CPE98fc1165cb6f-CM00159a09b2d0.cpe.net.cable.rogers.com> has joined #aichallenge
2012-08-21T18:08:51  *** Scooper <Scooper!~Scooper@213.157.251.212.customer.cdi.no> has quit IRC (Quit: Leaving)
2012-08-21T18:10:17  *** Garf <Garf!~Garf@78-22-80-252.access.telenet.be> has quit IRC (Quit: Make a new plan, Stan!)
2012-08-21T18:10:42  *** Garf <Garf!~Garf@78-22-80-252.access.telenet.be> has joined #aichallenge
2012-08-21T18:32:01  *** Redgis <Redgis!~redgis@odysseus.pantoufle.pl> has quit IRC (Ping timeout: 244 seconds)
2012-08-21T19:01:49  *** thang_ <thang_!82b61944@gateway/web/freenode/ip.130.182.25.68> has joined #aichallenge
2012-08-21T19:13:40  *** sigh <sigh!~sigh@ppp114-153.static.internode.on.net> has joined #aichallenge
2012-08-21T19:24:38  *** thang_ <thang_!82b61944@gateway/web/freenode/ip.130.182.25.68> has quit IRC (Ping timeout: 245 seconds)
2012-08-21T19:28:35  *** foRei <foRei!~ViT@0x4dd7b24d.adsl.cybercity.dk> has quit IRC (Read error: Connection reset by peer)
2012-08-21T19:41:57  *** sigh <sigh!~sigh@ppp114-153.static.internode.on.net> has quit IRC (Remote host closed the connection)
2012-08-21T20:27:42  *** Garf <Garf!~Garf@78-22-80-252.access.telenet.be> has quit IRC (Quit: Make a new plan, Stan!)
2012-08-21T21:21:36  *** amstan_ <amstan_!~alex@aichallenge/admin/amstan> has joined #aichallenge
2012-08-21T21:21:36  *** ChanServ sets mode: +o amstan_
2012-08-21T21:58:53  *** Howdy <Howdy!43f38c96@gateway/web/freenode/ip.67.243.140.150> has joined #aichallenge
2012-08-21T21:59:08  <Howdy> hello?
2012-08-21T21:59:53  *** Howdy <Howdy!43f38c96@gateway/web/freenode/ip.67.243.140.150> has quit IRC (Client Quit)
2012-08-21T22:00:15  <thestinger> goodbye \o
2012-08-21T23:07:05  *** ivan``_ <ivan``_!~ivan@li125-242.members.linode.com> has quit IRC (Ping timeout: 276 seconds)
2012-08-21T23:09:20  *** ivan`` <ivan``!~ivan@unaffiliated/ivan/x-000001> has joined #aichallenge
2012-08-21T23:28:12  *** ivan`` <ivan``!~ivan@unaffiliated/ivan/x-000001> has quit IRC (Ping timeout: 260 seconds)
2012-08-21T23:31:06  *** ivan`` <ivan``!~ivan@unaffiliated/ivan/x-000001> has joined #aichallenge
2012-08-21T23:48:04  *** thestinger <thestinger!~strcat@CPE98fc1165cb6f-CM00159a09b2d0.cpe.net.cable.rogers.com> has quit IRC (Quit: WeeChat 0.3.8)
