2012-08-23T00:31:35  *** thestinger <thestinger!~strcat@CPE98fc1165cb6f-CM00159a09b2d0.cpe.net.cable.rogers.com> has quit IRC (Quit: WeeChat 0.3.8)
2012-08-23T01:02:00  *** mceier <mceier!~mceier@89-77-239-61.dynamic.chello.pl> has quit IRC (Quit: leaving)
2012-08-23T01:30:10  *** amstan_ <amstan_!~alex@aichallenge/admin/amstan> has quit IRC (Quit: Konversation terminated!)
2012-08-23T01:55:20  *** chris__0076 <chris__0076!~Chris_007@adsl-74-176-227-185.asm.bellsouth.net> has joined #aichallenge
2012-08-23T01:57:31  *** Chris_0076 <Chris_0076!~Chris_007@adsl-74-176-227-9.asm.bellsouth.net> has quit IRC (Ping timeout: 252 seconds)
2012-08-23T02:00:54  *** mceier <mceier!~mceier@77-252-246-25.ip.netia.com.pl> has joined #aichallenge
2012-08-23T02:09:32  *** antimatroid <antimatroid!~nick@87.134-134-203.dynamic.dsl.mel.iprimus.net.au> has quit IRC (Read error: Connection reset by peer)
2012-08-23T02:09:45  *** antimatroid <antimatroid!~nick@87.134-134-203.dynamic.dsl.mel.iprimus.net.au> has joined #aichallenge
2012-08-23T02:39:16  *** bhasker <bhasker!~user@75-54-230-149.lightspeed.sntcca.sbcglobal.net> has joined #aichallenge
2012-08-23T02:39:18  <bhasker> hi
2012-08-23T03:17:06  *** NoxiaZ^ <NoxiaZ^!~noxi@87-104-29-39-dynamic-customer.profibernet.dk> has joined #aichallenge
2012-08-23T03:19:34  *** epicmonkey <epicmonkey!~epicmonke@188.134.41.211> has joined #aichallenge
2012-08-23T03:50:36  *** icare <icare!4eea385c@gateway/web/freenode/ip.78.234.56.92> has joined #aichallenge
2012-08-23T03:52:26  *** icare <icare!4eea385c@gateway/web/freenode/ip.78.234.56.92> has quit IRC (Client Quit)
2012-08-23T04:05:32  *** epicmonkey <epicmonkey!~epicmonke@188.134.41.211> has quit IRC (Ping timeout: 244 seconds)
2012-08-23T04:10:35  *** antimatroid1 <antimatroid1!~nick@87.134-134-203.dynamic.dsl.mel.iprimus.net.au> has joined #aichallenge
2012-08-23T04:11:04  *** antimatroid <antimatroid!~nick@87.134-134-203.dynamic.dsl.mel.iprimus.net.au> has quit IRC (Read error: Connection reset by peer)
2012-08-23T04:20:05  *** coeus <coeus!~coeus@dslb-084-061-007-020.pools.arcor-ip.net> has joined #aichallenge
2012-08-23T05:10:37  *** coeus <coeus!~coeus@dslb-084-061-007-020.pools.arcor-ip.net> has quit IRC (Ping timeout: 264 seconds)
2012-08-23T05:24:29  *** epicmonkey <epicmonkey!~epicmonke@host-224-60.dataart.net> has joined #aichallenge
2012-08-23T05:55:50  *** choas <choas!~lars@p5795C79B.dip.t-dialin.net> has joined #aichallenge
2012-08-23T06:05:18  *** sigh <sigh!~sigh@ppp114-153.static.internode.on.net> has joined #aichallenge
2012-08-23T06:08:30  *** Scooper <Scooper!~Scooper@213.157.251.212.customer.cdi.no> has joined #aichallenge
2012-08-23T06:55:31  *** antimatroid1 <antimatroid1!~nick@87.134-134-203.dynamic.dsl.mel.iprimus.net.au> has quit IRC (Ping timeout: 244 seconds)
2012-08-23T06:59:53  *** antimatroid <antimatroid!~nick@188.120-27-211.dynamic.dsl.mel.iprimus.net.au> has joined #aichallenge
2012-08-23T07:11:02  *** heinrich5991 <heinrich5991!~hein5991@unaffiliated/heinrich5991> has quit IRC (Ping timeout: 268 seconds)
2012-08-23T07:14:32  *** heinrich5991 <heinrich5991!~hein5991@unaffiliated/heinrich5991> has joined #aichallenge
2012-08-23T07:16:01  *** alehorst <alehorst!~alehorst@177.40.47.185> has quit IRC (Ping timeout: 264 seconds)
2012-08-23T07:18:24  *** pairofdice <pairofdice!~pod@dsl-hkibrasgw2-fed3df00-232.dhcp.inet.fi> has joined #aichallenge
2012-08-23T07:34:55  *** alehorst <alehorst!~alehorst@189.26.62.216.dynamic.adsl.gvt.net.br> has joined #aichallenge
2012-08-23T08:56:37  *** mleise <mleise!~marco@dslb-178-011-044-234.pools.arcor-ip.net> has quit IRC (Read error: Connection reset by peer)
2012-08-23T09:30:23  *** alehorst <alehorst!~alehorst@189.26.62.216.dynamic.adsl.gvt.net.br> has quit IRC (Read error: Connection reset by peer)
2012-08-23T09:31:31  *** alehorst <alehorst!~alehorst@189.26.62.216.dynamic.adsl.gvt.net.br> has joined #aichallenge
2012-08-23T09:39:01  *** Garf <Garf!~Garf@78-22-80-252.access.telenet.be> has quit IRC (Quit: Make a new plan, Stan!)
2012-08-23T09:40:53  *** Garf <Garf!~Garf@78-22-80-252.access.telenet.be> has joined #aichallenge
2012-08-23T09:56:29  *** choas <choas!~lars@p5795C79B.dip.t-dialin.net> has quit IRC (Ping timeout: 265 seconds)
2012-08-23T09:57:12  *** choas <choas!~lars@p5795C79B.dip.t-dialin.net> has joined #aichallenge
2012-08-23T10:01:14  *** NoxiaZ^ <NoxiaZ^!~noxi@87-104-29-39-dynamic-customer.profibernet.dk> has quit IRC (Ping timeout: 268 seconds)
2012-08-23T10:03:36  *** mceier <mceier!~mceier@77-252-246-25.ip.netia.com.pl> has quit IRC (Quit: leaving)
2012-08-23T10:11:22  *** choas <choas!~lars@p5795C79B.dip.t-dialin.net> has quit IRC (Ping timeout: 272 seconds)
2012-08-23T10:17:08  *** NoxiaZ^ <NoxiaZ^!~noxi@87-104-29-39-dynamic-customer.profibernet.dk> has joined #aichallenge
2012-08-23T10:22:28  *** choas <choas!~lars@pD9FCD0EC.dip.t-dialin.net> has joined #aichallenge
2012-08-23T10:54:02  *** NoxiaZ^ <NoxiaZ^!~noxi@87-104-29-39-dynamic-customer.profibernet.dk> has quit IRC (Ping timeout: 240 seconds)
2012-08-23T11:17:10  *** mceier <mceier!~mceier@89-77-239-61.dynamic.chello.pl> has joined #aichallenge
2012-08-23T11:27:56  *** thestinger <thestinger!~strcat@CPE98fc1165cb6f-CM00159a09b2d0.cpe.net.cable.rogers.com> has joined #aichallenge
2012-08-23T11:27:57  *** ikaros <ikaros!~ikaros@dslb-084-059-077-250.pools.arcor-ip.net> has joined #aichallenge
2012-08-23T11:28:44  *** sigh <sigh!~sigh@ppp114-153.static.internode.on.net> has quit IRC (Remote host closed the connection)
2012-08-23T12:13:57  *** chris__0076 <chris__0076!~Chris_007@adsl-74-176-227-185.asm.bellsouth.net> has quit IRC (Ping timeout: 246 seconds)
2012-08-23T12:15:58  *** chris__0076 <chris__0076!~Chris_007@adsl-74-176-227-185.asm.bellsouth.net> has joined #aichallenge
2012-08-23T12:31:49  *** eriphdlock <eriphdlock!8ca08a97@gateway/web/freenode/ip.140.160.138.151> has joined #aichallenge
2012-08-23T12:32:38  <eriphdlock> are there plans for an aichallenge this year?
2012-08-23T12:35:14  *** eriphdlock <eriphdlock!8ca08a97@gateway/web/freenode/ip.140.160.138.151> has quit IRC (Client Quit)
2012-08-23T12:43:00  *** epicmonkey <epicmonkey!~epicmonke@host-224-60.dataart.net> has quit IRC (Ping timeout: 246 seconds)
2012-08-23T12:47:32  *** ikaros <ikaros!~ikaros@dslb-084-059-077-250.pools.arcor-ip.net> has quit IRC (Quit: Ex-Chat)
2012-08-23T13:28:12  *** bhasker <bhasker!~user@75-54-230-149.lightspeed.sntcca.sbcglobal.net> has quit IRC (Ping timeout: 244 seconds)
2012-08-23T14:01:22  *** choas <choas!~lars@pD9FCD0EC.dip.t-dialin.net> has quit IRC (Ping timeout: 240 seconds)
2012-08-23T14:11:33  *** meduza <meduza!c326175f@gateway/web/freenode/ip.195.38.23.95> has joined #aichallenge
2012-08-23T14:52:41  *** epicmonkey <epicmonkey!~epicmonke@188.134.41.211> has joined #aichallenge
2012-08-23T15:05:55  <Redgis> I think there are, yes
2012-08-23T15:05:59  <Redgis> look at the forum
2012-08-23T15:06:23  <Redgis> they are looking at the "non profit status" for the moment
2012-08-23T16:10:46  *** sigh <sigh!~sigh@ppp114-153.static.internode.on.net> has joined #aichallenge
2012-08-23T16:11:38  *** NoxiaZ^ <NoxiaZ^!~noxi@87-104-29-39-dynamic-customer.profibernet.dk> has joined #aichallenge
2012-08-23T16:39:02  *** sigh <sigh!~sigh@ppp114-153.static.internode.on.net> has quit IRC (Remote host closed the connection)
2012-08-23T16:42:42  *** _NoxiaZ <_NoxiaZ!~noxi@87-104-29-39-dynamic-customer.profibernet.dk> has joined #aichallenge
2012-08-23T16:45:05  *** NoxiaZ^ <NoxiaZ^!~noxi@87-104-29-39-dynamic-customer.profibernet.dk> has quit IRC (Ping timeout: 276 seconds)
2012-08-23T16:54:52  *** epicmonkey <epicmonkey!~epicmonke@188.134.41.211> has quit IRC (Ping timeout: 244 seconds)
2012-08-23T16:56:56  *** NoxiaZ^ <NoxiaZ^!~noxi@87-104-29-39-dynamic-customer.profibernet.dk> has joined #aichallenge
2012-08-23T17:00:16  *** _NoxiaZ <_NoxiaZ!~noxi@87-104-29-39-dynamic-customer.profibernet.dk> has quit IRC (Ping timeout: 252 seconds)
2012-08-23T17:03:21  *** choas <choas!~lars@pD9FCD0EC.dip.t-dialin.net> has joined #aichallenge
2012-08-23T17:43:32  *** choas <choas!~lars@pD9FCD0EC.dip.t-dialin.net> has quit IRC (Ping timeout: 252 seconds)
2012-08-23T17:49:19  *** coeus <coeus!~coeus@dslb-084-061-007-020.pools.arcor-ip.net> has joined #aichallenge
2012-08-23T17:53:11  *** pairofdice <pairofdice!~pod@dsl-hkibrasgw2-fed3df00-232.dhcp.inet.fi> has quit IRC (Quit: In girum imus nocte et consumimur igni.)
2012-08-23T17:57:12  *** amstan_ <amstan_!~alex@aichallenge/admin/amstan> has joined #aichallenge
2012-08-23T17:57:12  *** ChanServ sets mode: +o amstan_
2012-08-23T18:50:41  *** bhasker <bhasker!~bhasker@64.125.175.146> has joined #aichallenge
2012-08-23T19:27:32  *** Scooper <Scooper!~Scooper@213.157.251.212.customer.cdi.no> has quit IRC (Quit: Leaving)
2012-08-23T19:40:53  *** sigh <sigh!~sigh@ppp114-153.static.internode.on.net> has joined #aichallenge
2012-08-23T19:53:21  *** sigh <sigh!~sigh@ppp114-153.static.internode.on.net> has quit IRC (Remote host closed the connection)
2012-08-23T20:30:07  *** NoxiaZ^ <NoxiaZ^!~noxi@87-104-29-39-dynamic-customer.profibernet.dk> has quit IRC (Ping timeout: 245 seconds)
2012-08-23T21:10:04  *** bhasker <bhasker!~bhasker@64.125.175.146> has quit IRC (Ping timeout: 248 seconds)
2012-08-23T21:27:17  *** Accoun <Accoun!~1@static-213-88-39-97.chebnet.ru> has quit IRC ()
2012-08-23T22:04:14  *** coeus <coeus!~coeus@dslb-084-061-007-020.pools.arcor-ip.net> has quit IRC (Ping timeout: 276 seconds)
2012-08-23T23:46:22  <Samvara> The AI Challenge forum has been buried by spammers
