2011-08-03T00:26:44  <bhasker> evening
2011-08-03T01:46:08  *** antimatroid <antimatroid!~nick@48.130-134-203.dynamic.dsl.mel.iprimus.net.au> has quit IRC (Ping timeout: 250 seconds)
2011-08-03T01:47:58  *** foRei <foRei!~ViT@0x4dd7b24d.adsl.cybercity.dk> has joined #aichallenge
2011-08-03T02:09:45  *** Cyndre <Cyndre!~Cyndre@DOCSIS-181-75.cable-lynx.net> has joined #aichallenge
2011-08-03T02:18:10  *** aerique <aerique!310225@xs8.xs4all.nl> has joined #aichallenge
2011-08-03T02:19:24  <aerique> amstan_: have you read my comments on this issue?: https://github.com/aichallenge/aichallenge/issues/128
2011-08-03T02:52:33  *** _flag <_flag!~flag@69-165-173-172.dsl.teksavvy.com> has quit IRC (Ping timeout: 252 seconds)
2011-08-03T02:57:51  *** antimatroid <antimatroid!~nick@48.130-134-203.dynamic.dsl.mel.iprimus.net.au> has joined #aichallenge
2011-08-03T03:04:10  *** amstan_ <amstan_!~amstan@76-10-152-25.dsl.teksavvy.com> has quit IRC (Ping timeout: 260 seconds)
2011-08-03T03:15:04  *** choas <choas!~lars@p5792CEC9.dip.t-dialin.net> has joined #aichallenge
2011-08-03T03:20:14  *** choas <choas!~lars@p5792CEC9.dip.t-dialin.net> has quit IRC (Ping timeout: 240 seconds)
2011-08-03T03:20:57  *** locutus2 <locutus2!~locutus2@89.204.137.84> has joined #aichallenge
2011-08-03T03:29:27  *** ltriant <ltriant!~ltriant@lithium.mailguard.com.au> has quit IRC (Quit: Computer has gone to sleep)
2011-08-03T03:30:07  *** locutus2 <locutus2!~locutus2@89.204.137.84> has quit IRC (Read error: Connection reset by peer)
2011-08-03T03:31:04  *** Palmik <Palmik!~palmik@120-49-80-78.tmcz.cz> has joined #aichallenge
2011-08-03T04:09:50  *** antimatroid <antimatroid!~nick@48.130-134-203.dynamic.dsl.mel.iprimus.net.au> has quit IRC (Ping timeout: 250 seconds)
2011-08-03T04:09:52  *** Naktibalda <Naktibalda!~chatzilla@host-81-20-37-12.eckoh.com> has joined #aichallenge
2011-08-03T04:11:00  *** mleise <mleise!~marco@dslb-092-076-169-243.pools.arcor-ip.net> has quit IRC (Ping timeout: 258 seconds)
2011-08-03T04:11:50  *** jako <jako!5b2cbc93@gateway/web/freenode/ip.91.44.188.147> has joined #aichallenge
2011-08-03T04:11:53  *** antimatroid <antimatroid!~nick@217.234-27-211.dynamic.dsl.mel.iprimus.net.au> has joined #aichallenge
2011-08-03T04:24:39  *** locutus2 <locutus2!~locutus2@62.152.161.149> has joined #aichallenge
2011-08-03T04:26:45  *** ibdknox <ibdknox!~ibdknox@c-98-210-156-61.hsd1.ca.comcast.net> has quit IRC (Remote host closed the connection)
2011-08-03T04:29:36  *** cooky74 <cooky74!d3c4f7ce@gateway/web/freenode/ip.211.196.247.206> has joined #aichallenge
2011-08-03T04:34:04  *** Palmik <Palmik!~palmik@120-49-80-78.tmcz.cz> has quit IRC (Remote host closed the connection)
2011-08-03T04:46:33  *** rabidus <rabidus!~tan@85-23-148-168.bb.dnainternet.fi> has quit IRC (Ping timeout: 276 seconds)
2011-08-03T05:22:49  *** sigh <sigh!~sigh@ppp114-153.static.internode.on.net> has joined #aichallenge
2011-08-03T05:34:05  *** Palmik_ <Palmik_!~palmik@120-49-80-78.tmcz.cz> has joined #aichallenge
2011-08-03T05:42:19  *** vdp|afk is now known as vdp
2011-08-03T05:44:29  *** vdp is now known as vdp|afk
2011-08-03T06:01:24  *** sic_ <sic_!~ckonnertz@g231007191.adsl.alicedsl.de> has joined #aichallenge
2011-08-03T06:09:06  *** sigh <sigh!~sigh@ppp114-153.static.internode.on.net> has quit IRC (Remote host closed the connection)
2011-08-03T06:17:29  *** sigh <sigh!~sigh@ppp114-153.static.internode.on.net> has joined #aichallenge
2011-08-03T06:19:25  *** FireyFly <FireyFly!~firefly@unaffiliated/firefly> has joined #aichallenge
2011-08-03T07:09:23  *** cooky74 <cooky74!d3c4f7ce@gateway/web/freenode/ip.211.196.247.206> has quit IRC (Quit: Page closed)
2011-08-03T08:03:17  *** FireyFly is now known as FireFly
2011-08-03T09:31:04  *** _flag <_flag!~flag@69-165-173-172.dsl.teksavvy.com> has joined #aichallenge
2011-08-03T09:49:46  *** Palmik_ <Palmik_!~palmik@120-49-80-78.tmcz.cz> has quit IRC (Remote host closed the connection)
2011-08-03T09:49:49  *** rabidus <rabidus!~tan@85-23-148-168.bb.dnainternet.fi> has joined #aichallenge
2011-08-03T09:50:40  *** rabidus <rabidus!~tan@85-23-148-168.bb.dnainternet.fi> has quit IRC (Client Quit)
2011-08-03T09:50:57  *** rabidus <rabidus!~tan@85-23-148-168.bb.dnainternet.fi> has joined #aichallenge
2011-08-03T09:51:35  *** mleise <mleise!~marco@dslb-088-070-145-038.pools.arcor-ip.net> has joined #aichallenge
2011-08-03T09:52:15  *** Palmik <Palmik!~palmik@120-49-80-78.tmcz.cz> has joined #aichallenge
2011-08-03T09:59:29  *** Palmik <Palmik!~palmik@120-49-80-78.tmcz.cz> has quit IRC (Remote host closed the connection)
2011-08-03T10:01:36  *** Palmik <Palmik!~palmik@120-49-80-78.tmcz.cz> has joined #aichallenge
2011-08-03T10:05:14  *** sigh <sigh!~sigh@ppp114-153.static.internode.on.net> has quit IRC (Remote host closed the connection)
2011-08-03T10:14:21  *** mleise1 <mleise1!~marco@dslb-088-070-145-038.pools.arcor-ip.net> has joined #aichallenge
2011-08-03T10:14:21  *** mleise <mleise!~marco@dslb-088-070-145-038.pools.arcor-ip.net> has quit IRC (Read error: Connection reset by peer)
2011-08-03T10:14:36  *** mleise1 is now known as mleise
2011-08-03T10:30:40  *** heinrich5991 <heinrich5991!~hein5991@unaffiliated/heinrich5991> has joined #aichallenge
2011-08-03T10:35:16  *** sic_ <sic_!~ckonnertz@g231007191.adsl.alicedsl.de> has quit IRC (Read error: Connection reset by peer)
2011-08-03T10:35:40  *** sic_ <sic_!~ckonnertz@g231007191.adsl.alicedsl.de> has joined #aichallenge
2011-08-03T10:40:00  *** ssedano <ssedano!~ssedano@unaffiliated/ssedano> has quit IRC (Ping timeout: 250 seconds)
2011-08-03T10:41:00  *** ssedano <ssedano!~ssedano@unaffiliated/ssedano> has joined #aichallenge
2011-08-03T10:47:03  *** UncleVasya <UncleVasya!~UncleVasy@178-133-154-173.dialup.umc.net.ua> has joined #aichallenge
2011-08-03T10:51:01  *** onensora <onensora!c@e198153.upc-e.chello.nl> has quit IRC (Ping timeout: 260 seconds)
2011-08-03T10:53:19  *** onensora <onensora!c@e198153.upc-e.chello.nl> has joined #aichallenge
2011-08-03T10:58:56  *** UncleVasya <UncleVasya!~UncleVasy@178-133-154-173.dialup.umc.net.ua> has quit IRC (Remote host closed the connection)
2011-08-03T11:02:47  *** aerique <aerique!310225@xs8.xs4all.nl> has quit IRC (Quit: ...)
2011-08-03T11:07:17  *** mleise <mleise!~marco@dslb-088-070-145-038.pools.arcor-ip.net> has quit IRC (Quit: Leaving.)
2011-08-03T11:08:24  *** mleise <mleise!~marco@dslb-088-070-145-038.pools.arcor-ip.net> has joined #aichallenge
2011-08-03T11:22:18  *** ibdknox <ibdknox!~ibdknox@c-98-210-156-61.hsd1.ca.comcast.net> has joined #aichallenge
2011-08-03T11:23:19  *** ibdknox <ibdknox!~ibdknox@c-98-210-156-61.hsd1.ca.comcast.net> has quit IRC (Read error: Connection reset by peer)
2011-08-03T11:23:29  *** ibdknox <ibdknox!~ibdknox@c-98-210-156-61.hsd1.ca.comcast.net> has joined #aichallenge
2011-08-03T11:28:56  *** rabidus <rabidus!~tan@85-23-148-168.bb.dnainternet.fi> has quit IRC (Ping timeout: 260 seconds)
2011-08-03T11:30:51  *** rabidus <rabidus!~tan@85-23-148-168.bb.dnainternet.fi> has joined #aichallenge
2011-08-03T11:50:43  *** mleise <mleise!~marco@dslb-088-070-145-038.pools.arcor-ip.net> has quit IRC (Quit: Leaving.)
2011-08-03T11:52:59  *** mleise <mleise!~Marco@dslb-088-070-145-038.pools.arcor-ip.net> has joined #aichallenge
2011-08-03T12:07:42  *** amstan_ <amstan_!~amstan@76-10-152-25.dsl.teksavvy.com> has joined #aichallenge
2011-08-03T12:07:42  *** ChanServ sets mode: +o amstan_
2011-08-03T12:12:09  *** Eruquen <Eruquen!Eruquen@server3.raumopol.de> has quit IRC (Quit: waaaaaaaaaaaaaaaaaaaaaaaaaaaaaaaaah)
2011-08-03T12:12:52  *** Eruquen <Eruquen!Eruquen@server3.raumopol.de> has joined #aichallenge
2011-08-03T12:38:09  *** survery <survery!~thomas@dslb-178-007-120-202.pools.arcor-ip.net> has joined #aichallenge
2011-08-03T12:38:28  *** survery <survery!~thomas@dslb-178-007-120-202.pools.arcor-ip.net> has left #aichallenge
2011-08-03T12:49:23  *** ibdknox <ibdknox!~ibdknox@c-98-210-156-61.hsd1.ca.comcast.net> has quit IRC (Remote host closed the connection)
2011-08-03T12:51:39  *** berak <berak!~chatzilla@89.204.153.140> has joined #aichallenge
2011-08-03T12:55:22  *** Eruquen <Eruquen!Eruquen@server3.raumopol.de> has quit IRC (Quit: waaaaaaaaaaaaaaaaaaaaaaaaaaaaaaaaah)
2011-08-03T12:57:39  *** Naktibalda <Naktibalda!~chatzilla@host-81-20-37-12.eckoh.com> has quit IRC (Quit: ChatZilla 0.9.87 [Firefox 5.0/20110615151330])
2011-08-03T13:00:52  *** Eruquen <Eruquen!Eruquen@server3.raumopol.de> has joined #aichallenge
2011-08-03T13:28:57  *** mceier <mceier!~mceier@89-77-208-118.dynamic.chello.pl> has joined #aichallenge
2011-08-03T13:33:53  *** janzert <janzert!~janzert@97-83-125-172.dhcp.trcy.mi.charter.com> has left #aichallenge
2011-08-03T13:45:40  *** mceier <mceier!~mceier@89-77-208-118.dynamic.chello.pl> has quit IRC (Quit: leaving)
2011-08-03T13:57:59  *** bhasker <bhasker!~bhasker@99-162-151-97.lightspeed.sntcca.sbcglobal.net> has quit IRC (Quit: bhasker)
2011-08-03T14:36:50  *** bhasker <bhasker!~bhasker@nat/yahoo/x-rmyljjorvfsrcgvd> has joined #aichallenge
2011-08-03T15:08:44  *** kire <kire!~killgore@rps8701.ovh.net> has joined #aichallenge
2011-08-03T15:11:41  <kire> will the C++ environment enable C++0x support?
2011-08-03T15:30:48  *** Accoun <Accoun!~1@static-213-88-39-97.chebnet.ru> has joined #aichallenge
2011-08-03T15:39:58  *** locutus2 <locutus2!~locutus2@62.152.161.149> has quit IRC (Ping timeout: 252 seconds)
2011-08-03T15:41:09  *** sic_ <sic_!~ckonnertz@g231007191.adsl.alicedsl.de> has quit IRC (Read error: Connection reset by peer)
2011-08-03T15:41:33  *** sic_ <sic_!~ckonnertz@g231007191.adsl.alicedsl.de> has joined #aichallenge
2011-08-03T15:59:00  *** jako <jako!5b2cbc93@gateway/web/freenode/ip.91.44.188.147> has quit IRC (Ping timeout: 252 seconds)
2011-08-03T16:14:08  *** Redgis <Redgis!~Nex@2a01:e34:ee3b:aa40:214:22ff:feec:c2> has joined #aichallenge
2011-08-03T16:17:23  *** fgump <fgump!~fgump__@openvpn-124-140.inf.ed.ac.uk> has joined #aichallenge
2011-08-03T16:31:21  *** Accoun <Accoun!~1@static-213-88-39-97.chebnet.ru> has quit IRC ()
2011-08-03T16:32:08  *** mleise <mleise!~Marco@dslb-088-070-145-038.pools.arcor-ip.net> has quit IRC (Read error: Connection reset by peer)
2011-08-03T16:34:50  *** Accoun <Accoun!~1@static-213-88-39-97.chebnet.ru> has joined #aichallenge
2011-08-03T16:35:15  *** jako <jako!5b2cc3e5@gateway/web/freenode/ip.91.44.195.229> has joined #aichallenge
2011-08-03T16:37:06  *** sic_ <sic_!~ckonnertz@g231007191.adsl.alicedsl.de> has quit IRC (Ping timeout: 255 seconds)
2011-08-03T16:40:15  *** AlliedEnvy <AlliedEnvy!~AlliedEnv@adsl-68-90-238-74.dsl.hstntx.swbell.net> has quit IRC (Ping timeout: 255 seconds)
2011-08-03T16:47:30  *** berak <berak!~chatzilla@89.204.153.140> has quit IRC (Quit: ChatZilla 0.9.84 [SeaMonkey 2.0a3/20090223135443])
2011-08-03T16:49:53  *** choas <choas!~lars@p5792C7BD.dip.t-dialin.net> has joined #aichallenge
2011-08-03T16:53:11  *** AlliedEnvy <AlliedEnvy!~AlliedEnv@adsl-68-90-238-74.dsl.hstntx.swbell.net> has joined #aichallenge
2011-08-03T17:13:06  *** locutus2 <locutus2!~locutus2@89.204.137.102> has joined #aichallenge
2011-08-03T17:49:29  *** Palmik <Palmik!~palmik@120-49-80-78.tmcz.cz> has quit IRC (Remote host closed the connection)
2011-08-03T18:06:52  *** amstan_ <amstan_!~amstan@76-10-152-25.dsl.teksavvy.com> has quit IRC (Remote host closed the connection)
2011-08-03T18:13:38  *** antimatroid <antimatroid!~nick@217.234-27-211.dynamic.dsl.mel.iprimus.net.au> has quit IRC (Ping timeout: 246 seconds)
2011-08-03T18:14:21  *** antimatroid <antimatroid!~nick@217.234-27-211.dynamic.dsl.mel.iprimus.net.au> has joined #aichallenge
2011-08-03T18:17:00  *** Redgis <Redgis!~Nex@2a01:e34:ee3b:aa40:214:22ff:feec:c2> has quit IRC (Ping timeout: 255 seconds)
2011-08-03T18:22:45  *** fgump <fgump!~fgump__@openvpn-124-140.inf.ed.ac.uk> has quit IRC (Quit: Leaving)
2011-08-03T18:29:16  *** ltriant <ltriant!~ltriant@lithium.mailguard.com.au> has joined #aichallenge
2011-08-03T18:34:06  *** jako <jako!5b2cc3e5@gateway/web/freenode/ip.91.44.195.229> has quit IRC (Ping timeout: 252 seconds)
2011-08-03T18:36:21  *** locutus2 <locutus2!~locutus2@89.204.137.102> has quit IRC (Ping timeout: 255 seconds)
2011-08-03T19:14:02  *** foRei <foRei!~ViT@0x4dd7b24d.adsl.cybercity.dk> has quit IRC (Read error: Connection reset by peer)
2011-08-03T19:36:50  *** FireFly <FireFly!~firefly@unaffiliated/firefly> has quit IRC (Quit: swatted to death)
2011-08-03T19:38:38  <CIA-48> aichallenge: McLeopold epsilon * re86533a / ants/mapgen/heightmap.py : don't remember what changed - https://github.com/aichallenge/aichallenge/commit/e86533a191ed0e4e17d46c5a24f977e64d2e6257
2011-08-03T19:38:38  <CIA-48> aichallenge: McLeopold epsilon * r1ed9994 / ants/play_one_game.cmd : x - https://github.com/aichallenge/aichallenge/commit/1ed9994ee039a3d30ae45174793a391d9e45e373
2011-08-03T19:38:38  <CIA-48> aichallenge: McLeopold epsilon * r424484b / (45 files in 13 dirs): Merge branch 'epsilon' of github.com:aichallenge/aichallenge into epsilon - https://github.com/aichallenge/aichallenge/commit/424484b8c560cd65e48171a6112d6abfaa9d80ce
2011-08-03T19:38:39  <CIA-48> aichallenge: McLeopold epsilon * r4391481 / sql/2_generate_matchup.sql : fix to player exclusion bug found by locutus2 - https://github.com/aichallenge/aichallenge/commit/439148129efb5513c1c2af8f4cd9f5c5f85327a2
2011-08-03T19:40:35  *** choas <choas!~lars@p5792C7BD.dip.t-dialin.net> has quit IRC (Ping timeout: 258 seconds)
2011-08-03T20:46:28  *** bhasker <bhasker!~bhasker@nat/yahoo/x-rmyljjorvfsrcgvd> has quit IRC (Quit: bhasker)
2011-08-03T20:57:30  *** ibdknox <ibdknox!~ibdknox@c-98-210-156-61.hsd1.ca.comcast.net> has joined #aichallenge
2011-08-03T21:31:46  *** ibdknox <ibdknox!~ibdknox@c-98-210-156-61.hsd1.ca.comcast.net> has quit IRC (Remote host closed the connection)
2011-08-03T22:04:37  *** amstan <amstan!~amstan@76-10-152-25.dsl.teksavvy.com> has joined #aichallenge
2011-08-03T22:04:46  *** ChanServ sets mode: +o amstan
2011-08-03T22:39:19  *** bhasker <bhasker!~bhasker@99-162-151-97.lightspeed.sntcca.sbcglobal.net> has joined #aichallenge
2011-08-03T23:00:27  *** onensora <onensora!c@e198153.upc-e.chello.nl> has quit IRC (Ping timeout: 240 seconds)
2011-08-03T23:04:42  *** onensora <onensora!~c@e198153.upc-e.chello.nl> has joined #aichallenge
2011-08-03T23:39:48  *** Mcleopold <Mcleopold!~Scott@c-98-247-248-39.hsd1.wa.comcast.net> has joined #aichallenge
2011-08-03T23:53:52  *** amstan <amstan!~amstan@76-10-152-25.dsl.teksavvy.com> has quit IRC (Remote host closed the connection)
