2012-05-24T00:19:45  *** janzert <janzert!~janzert@97-83-32-127.dhcp.trcy.mi.charter.com> has quit IRC (Ping timeout: 250 seconds)
2012-05-24T00:32:43  *** pairofdice <pairofdice!~pod@dsl-hkibrasgw2-fed3df00-232.dhcp.inet.fi> has joined #aichallenge
2012-05-24T01:04:55  *** thestinger <thestinger!~strcat@CPE98fc1165cb6f-CM00159a09b2d0.cpe.net.cable.rogers.com> has quit IRC (Quit: brb)
2012-05-24T01:06:10  *** thestinger <thestinger!~strcat@CPE98fc1165cb6f-CM00159a09b2d0.cpe.net.cable.rogers.com> has joined #aichallenge
2012-05-24T01:54:30  *** Garf <Garf!~Garf@78-22-80-252.access.telenet.be> has joined #aichallenge
2012-05-24T02:09:50  *** amstan <amstan!~alex@aichallenge/admin/amstan> has quit IRC (Quit: Konversation terminated!)
2012-05-24T02:28:58  *** NoxiaZ^ <NoxiaZ^!~noxi@87-104-29-39-dynamic-customer.profibernet.dk> has joined #aichallenge
2012-05-24T02:47:35  *** kurnevsky <kurnevsky!~kurnevsky@217.21.41.207> has quit IRC (Quit: Leaving.)
2012-05-24T03:15:43  *** epicmonkey <epicmonkey!~epicmonke@188.134.41.211> has joined #aichallenge
2012-05-24T03:18:53  *** thestinger <thestinger!~strcat@CPE98fc1165cb6f-CM00159a09b2d0.cpe.net.cable.rogers.com> has quit IRC (Quit: sleep)
2012-05-24T03:22:03  *** coeus <coeus!~coeus@dslb-084-061-056-077.pools.arcor-ip.net> has joined #aichallenge
2012-05-24T03:34:56  *** coeus <coeus!~coeus@dslb-084-061-056-077.pools.arcor-ip.net> has quit IRC (Ping timeout: 240 seconds)
2012-05-24T03:46:01  *** cyphase <cyphase!~cyphase@unaffiliated/cyphase> has quit IRC (Read error: Connection reset by peer)
2012-05-24T03:52:20  *** epicmonkey <epicmonkey!~epicmonke@188.134.41.211> has quit IRC (Ping timeout: 244 seconds)
2012-05-24T04:02:59  *** cyphase <cyphase!~cyphase@unaffiliated/cyphase> has joined #aichallenge
2012-05-24T04:09:20  *** janzert <janzert!~janzert@24-247-64-243.dhcp.trcy.mi.charter.com> has joined #aichallenge
2012-05-24T04:26:34  *** coeus <coeus!~coeus@dslb-084-061-056-077.pools.arcor-ip.net> has joined #aichallenge
2012-05-24T04:31:54  *** yoden1 <yoden1!~horstman@cpe-76-190-245-7.neo.res.rr.com> has joined #aichallenge
2012-05-24T04:33:18  *** yoden <yoden!~horstman@cpe-76-190-245-7.neo.res.rr.com> has quit IRC (Ping timeout: 252 seconds)
2012-05-24T04:39:29  *** HaraKiri <HaraKiri!~hara@g224186067.adsl.alicedsl.de> has joined #aichallenge
2012-05-24T04:57:22  *** epicmonkey <epicmonkey!~epicmonke@host-224-60.dataart.net> has joined #aichallenge
2012-05-24T04:58:33  *** mceier <mceier!~mceier@89-77-239-61.dynamic.chello.pl> has joined #aichallenge
2012-05-24T05:20:00  *** Palmik <Palmik!~palmik@man-208-66.pks.muni.cz> has joined #aichallenge
2012-05-24T06:28:53  *** HaraKiri <HaraKiri!~hara@g224186067.adsl.alicedsl.de> has quit IRC ()
2012-05-24T07:03:03  *** mcstar <mcstar!~mcstar@adsl-89-134-12-173.monradsl.monornet.hu> has joined #aichallenge
2012-05-24T07:03:50  <mcstar> pairofdice: can i make a deep copy of a python object?
2012-05-24T07:10:45  <pairofdice> .deepcopy()
2012-05-24T07:11:06  <pairofdice> http://docs.python.org/library/copy.html#copy.deepcopy
2012-05-24T07:11:40  <mcstar> so i need to import something?
2012-05-24T07:11:54  <mcstar> i see, pairofdice thanks
2012-05-24T07:22:47  *** heinrich5991 <heinrich5991!~hein5991@unaffiliated/heinrich5991> has quit IRC (Ping timeout: 265 seconds)
2012-05-24T07:25:21  *** heinrich5991 <heinrich5991!~hein5991@unaffiliated/heinrich5991> has joined #aichallenge
2012-05-24T08:42:28  *** yoden1 <yoden1!~horstman@cpe-76-190-245-7.neo.res.rr.com> has quit IRC (Quit: Leaving.)
2012-05-24T08:44:23  *** yoden <yoden!~horstman@cpe-76-190-245-7.neo.res.rr.com> has joined #aichallenge
2012-05-24T09:12:38  *** amstan <amstan!~alex@aichallenge/admin/amstan> has joined #aichallenge
2012-05-24T09:12:39  *** ChanServ sets mode: +o amstan
2012-05-24T09:22:32  *** Areks <Areks!~Areks@rs.gridnine.com> has joined #aichallenge
2012-05-24T09:37:14  *** sigh <sigh!~sigh@ppp114-153.static.internode.on.net> has joined #aichallenge
2012-05-24T10:06:28  *** HaraKiri <HaraKiri!~hara@g224186067.adsl.alicedsl.de> has joined #aichallenge
2012-05-24T10:06:49  *** foRei <foRei!~ViT@0x4dd7b24d.adsl.cybercity.dk> has joined #aichallenge
2012-05-24T10:37:55  *** Cyndre_ <Cyndre_!~Cyndre@DOCSIS-182-133.cable-lynx.net> has joined #aichallenge
2012-05-24T10:40:46  *** Cyndre <Cyndre!~Cyndre@DOCSIS-182-133.cable-lynx.net> has quit IRC (Ping timeout: 245 seconds)
2012-05-24T10:41:43  *** kurnevsky <kurnevsky!~kurnevsky@217.21.41.207> has joined #aichallenge
2012-05-24T10:55:15  *** Fandekasp <Fandekasp!~Fandekasp@sannin29240.nirai.ne.jp> has quit IRC (Quit: leaving)
2012-05-24T11:03:56  *** chubacca <chubacca!4a71ee12@gateway/web/freenode/ip.74.113.238.18> has joined #aichallenge
2012-05-24T11:05:56  *** chubacca <chubacca!4a71ee12@gateway/web/freenode/ip.74.113.238.18> has quit IRC (Client Quit)
2012-05-24T11:06:57  *** chubacca <chubacca!4a71ee12@gateway/web/freenode/ip.74.113.238.18> has joined #aichallenge
2012-05-24T11:07:07  *** chubacca <chubacca!4a71ee12@gateway/web/freenode/ip.74.113.238.18> has left #aichallenge
2012-05-24T11:25:21  *** Cyndre_ <Cyndre_!~Cyndre@DOCSIS-182-133.cable-lynx.net> has quit IRC (Quit: Leaving)
2012-05-24T11:25:30  *** Cyndre <Cyndre!~Cyndre@DOCSIS-182-133.cable-lynx.net> has joined #aichallenge
2012-05-24T11:36:26  *** rofer <rofer!javagamer@ip-69-162-134-31.static.chi2.systeminplace.net> has quit IRC (Quit: WeeChat 0.3.4)
2012-05-24T11:39:36  *** Areks <Areks!~Areks@rs.gridnine.com> has quit IRC (Ping timeout: 272 seconds)
2012-05-24T11:51:29  *** heinrich5991 <heinrich5991!~hein5991@unaffiliated/heinrich5991> has quit IRC (Ping timeout: 252 seconds)
2012-05-24T11:59:22  *** heinrich5991 <heinrich5991!~hein5991@unaffiliated/heinrich5991> has joined #aichallenge
2012-05-24T12:15:53  *** epicmonkey <epicmonkey!~epicmonke@host-224-60.dataart.net> has quit IRC (Ping timeout: 245 seconds)
2012-05-24T12:25:29  *** sigh <sigh!~sigh@ppp114-153.static.internode.on.net> has quit IRC (Remote host closed the connection)
2012-05-24T12:26:11  *** iglo <iglo!~xy@xdsl-92-252-101-179.dip.osnanet.de> has joined #aichallenge
2012-05-24T12:45:43  *** HaraKiri <HaraKiri!~hara@g224186067.adsl.alicedsl.de> has quit IRC ()
2012-05-24T12:48:47  *** antimatroid <antimatroid!~nick@53.234-27-211.dynamic.dsl.mel.iprimus.net.au> has joined #aichallenge
2012-05-24T12:49:44  *** antimatroid1 <antimatroid1!~nick@103.198.dsl.mel.iprimus.net.au> has quit IRC (Ping timeout: 248 seconds)
2012-05-24T12:53:56  *** amstan_ <amstan_!~alex@aichallenge/admin/amstan> has joined #aichallenge
2012-05-24T12:53:56  *** ChanServ sets mode: +o amstan_
2012-05-24T12:53:56  *** amstan <amstan!~alex@aichallenge/admin/amstan> has quit IRC (Read error: Operation timed out)
2012-05-24T13:01:23  *** amstan_ <amstan_!~alex@aichallenge/admin/amstan> has quit IRC (Quit: Konversation terminated!)
2012-05-24T13:01:35  *** amstan_ <amstan_!~alex@aichallenge/admin/amstan> has joined #aichallenge
2012-05-24T13:01:35  *** ChanServ sets mode: +o amstan_
2012-05-24T13:02:11  *** amstan_ is now known as amstan
2012-05-24T13:08:12  *** thestinger <thestinger!~strcat@CPE98fc1165cb6f-CM00159a09b2d0.cpe.net.cable.rogers.com> has joined #aichallenge
2012-05-24T13:27:19  *** epicmonkey <epicmonkey!~epicmonke@188.134.41.211> has joined #aichallenge
2012-05-24T13:58:54  *** FireFly <FireFly!~firefly@unaffiliated/firefly> has quit IRC (Changing host)
2012-05-24T13:58:54  *** FireFly <FireFly!~firefly@oftn/member/FireFly> has joined #aichallenge
2012-05-24T14:22:48  *** pairofdice <pairofdice!~pod@dsl-hkibrasgw2-fed3df00-232.dhcp.inet.fi> has quit IRC (Quit: in girum imus nocte et consumimur igni)
2012-05-24T15:00:13  *** chris__0076 <chris__0076!~Chris_007@adsl-74-190-123-137.asm.bellsouth.net> has joined #aichallenge
2012-05-24T15:01:25  *** chris_0076 <chris_0076!~Chris_007@adsl-74-176-223-229.asm.bellsouth.net> has quit IRC (Read error: Operation timed out)
2012-05-24T15:03:59  *** mleise <mleise!~marco@dslb-088-071-250-214.pools.arcor-ip.net> has quit IRC (Ping timeout: 260 seconds)
2012-05-24T15:05:50  *** Accoun <Accoun!~1@static-213-88-39-97.chebnet.ru> has quit IRC ()
2012-05-24T15:14:17  *** antimatroid1 <antimatroid1!~nick@136.115.dsl.mel.iprimus.net.au> has joined #aichallenge
2012-05-24T15:14:52  *** antimatroid <antimatroid!~nick@53.234-27-211.dynamic.dsl.mel.iprimus.net.au> has quit IRC (Ping timeout: 244 seconds)
2012-05-24T15:20:01  *** mcstar <mcstar!~mcstar@adsl-89-134-12-173.monradsl.monornet.hu> has quit IRC (Quit: mcstar)
2012-05-24T15:31:18  *** epicmonkey <epicmonkey!~epicmonke@188.134.41.211> has quit IRC (Ping timeout: 245 seconds)
2012-05-24T15:38:46  *** Accoun <Accoun!~1@static-213-88-39-97.chebnet.ru> has joined #aichallenge
2012-05-24T16:31:08  *** Palmik <Palmik!~palmik@man-208-66.pks.muni.cz> has quit IRC ()
2012-05-24T16:39:05  *** kurnevsky <kurnevsky!~kurnevsky@217.21.41.207> has quit IRC (Quit: Leaving.)
2012-05-24T16:58:00  *** rowfur <rowfur!javagamer@ip-69-162-134-31.static.chi2.systeminplace.net> has joined #aichallenge
2012-05-24T16:58:52  *** rowfur is now known as rofer
2012-05-24T17:00:36  *** rofer is now known as rowfur
2012-05-24T17:00:49  *** rowfur is now known as rofer
2012-05-24T17:01:33  *** mleise <mleise!~marco@dslb-088-071-250-214.pools.arcor-ip.net> has joined #aichallenge
2012-05-24T17:37:35  *** chris__0076 is now known as chris_0076
2012-05-24T17:51:44  *** HaraKiri <HaraKiri!~hara@g224186067.adsl.alicedsl.de> has joined #aichallenge
2012-05-24T17:59:13  *** srgpqt <srgpqt!~srgpqt@69-165-173-227.dsl.teksavvy.com> has joined #aichallenge
2012-05-24T18:00:22  *** srgpqt <srgpqt!~srgpqt@69.165.173.227> has joined #aichallenge
2012-05-24T18:01:34  *** srgpqt <srgpqt!~srgpqt@69-165-173-227.dsl.teksavvy.com> has joined #aichallenge
2012-05-24T18:12:36  *** amstan <amstan!~alex@aichallenge/admin/amstan> has quit IRC (Ping timeout: 244 seconds)
2012-05-24T18:20:03  *** cyphase <cyphase!~cyphase@unaffiliated/cyphase> has quit IRC (Ping timeout: 245 seconds)
2012-05-24T18:35:40  *** cyphase <cyphase!~cyphase@unaffiliated/cyphase> has joined #aichallenge
2012-05-24T18:40:03  *** chris_0076 <chris_0076!~Chris_007@adsl-74-190-123-137.asm.bellsouth.net> has quit IRC (Quit: Leaving)
2012-05-24T19:06:07  *** amstan <amstan!~alex@aichallenge/admin/amstan> has joined #aichallenge
2012-05-24T19:06:07  *** ChanServ sets mode: +o amstan
2012-05-24T19:10:15  *** iglo <iglo!~xy@xdsl-92-252-101-179.dip.osnanet.de> has quit IRC (Remote host closed the connection)
2012-05-24T19:18:16  *** Garf <Garf!~Garf@78-22-80-252.access.telenet.be> has quit IRC (Quit: Make a new plan, Stan!)
2012-05-24T19:24:25  *** HaraKiri <HaraKiri!~hara@g224186067.adsl.alicedsl.de> has quit IRC ()
2012-05-24T19:31:28  *** NoxiaZ^ <NoxiaZ^!~noxi@87-104-29-39-dynamic-customer.profibernet.dk> has quit IRC (Ping timeout: 256 seconds)
2012-05-24T19:43:01  *** pgpaskar_ <pgpaskar_!~phor@taurine.csclub.uwaterloo.ca> has left #aichallenge
2012-05-24T19:46:41  *** mceier <mceier!~mceier@89-77-239-61.dynamic.chello.pl> has quit IRC (Quit: leaving)
2012-05-24T19:48:02  *** srgpqt_ <srgpqt_!~srgpqt@69-165-173-227.dsl.teksavvy.com> has joined #aichallenge
2012-05-24T19:50:43  *** srgpqt <srgpqt!~srgpqt@69-165-173-227.dsl.teksavvy.com> has quit IRC (Ping timeout: 252 seconds)
2012-05-24T20:01:26  *** foRei <foRei!~ViT@0x4dd7b24d.adsl.cybercity.dk> has quit IRC (Read error: Connection reset by peer)
2012-05-24T20:10:18  <janzert> this is probably of interest to most here http://www.scribd.com/jobs/botrace
2012-05-24T20:11:12  <janzert> http://coding.scribd.com/2012/05/24/compete-against-our-developers/ that may be a better starting point though
2012-05-24T20:17:58  <Zannick> "written in javascript" D:
2012-05-24T20:18:53  *** janzert1 <janzert1!~janzert@24-247-64-243.dhcp.trcy.mi.charter.com> has joined #aichallenge
2012-05-24T20:19:21  *** janzert2 <janzert2!~janzert@24-247-64-243.dhcp.trcy.mi.charter.com> has joined #aichallenge
2012-05-24T20:21:43  *** janzert <janzert!~janzert@24-247-64-243.dhcp.trcy.mi.charter.com> has quit IRC (Ping timeout: 245 seconds)
2012-05-24T20:23:06  *** janzert1 <janzert1!~janzert@24-247-64-243.dhcp.trcy.mi.charter.com> has quit IRC (Ping timeout: 252 seconds)
2012-05-24T20:37:57  *** CIA-118 <CIA-118!~CIA@cia.atheme.org> has quit IRC (Ping timeout: 265 seconds)
2012-05-24T20:37:57  *** rofer <rofer!javagamer@ip-69-162-134-31.static.chi2.systeminplace.net> has quit IRC (Ping timeout: 265 seconds)
2012-05-24T20:37:58  *** mattswe <mattswe!u4809@gateway/web/irccloud.com/x-kavjdbifxhnlbmic> has quit IRC (Ping timeout: 265 seconds)
2012-05-24T20:37:58  *** few_ <few_!~quassel@dirac.nat.uni-magdeburg.de> has quit IRC (Ping timeout: 265 seconds)
2012-05-24T20:37:59  *** FireFly <FireFly!~firefly@oftn/member/FireFly> has quit IRC (Ping timeout: 265 seconds)
2012-05-24T20:37:59  *** few <few!~quassel@dirac.nat.uni-magdeburg.de> has joined #aichallenge
2012-05-24T20:38:00  *** CIA-4 <CIA-4!~CIA@cia.atheme.org> has joined #aichallenge
2012-05-24T20:38:00  *** Chris_0076 <Chris_0076!~Chris_007@adsl-74-190-123-137.asm.bellsouth.net> has joined #aichallenge
2012-05-24T20:38:07  *** rowfur <rowfur!javagamer@ip-69-162-134-31.static.chi2.systeminplace.net> has joined #aichallenge
2012-05-24T20:38:49  *** yoden <yoden!~horstman@cpe-76-190-245-7.neo.res.rr.com> has quit IRC (*.net *.split)
2012-05-24T20:38:50  *** smly- <smly-!~smly-@sage.naist.jp> has quit IRC (*.net *.split)
2012-05-24T20:38:50  *** Masxmasx <Masxmasx!~IetsVulga@unaffiliated/masxmasx> has quit IRC (*.net *.split)
2012-05-24T20:39:23  *** amstan <amstan!~alex@aichallenge/admin/amstan> has quit IRC (*.net *.split)
2012-05-24T20:39:23  *** thestinger <thestinger!~strcat@CPE98fc1165cb6f-CM00159a09b2d0.cpe.net.cable.rogers.com> has quit IRC (*.net *.split)
2012-05-24T20:39:24  *** coeus <coeus!~coeus@dslb-084-061-056-077.pools.arcor-ip.net> has quit IRC (*.net *.split)
2012-05-24T20:39:24  *** aerique <aerique!310225@xs8.xs4all.nl> has quit IRC (*.net *.split)
2012-05-24T20:39:27  *** lahwran <lahwran!lahwran@unaffiliated/lahwran> has quit IRC (*.net *.split)
2012-05-24T20:39:27  *** Elderwolf <Elderwolf!~elderwolf@totoro.bloodmagic.com> has quit IRC (*.net *.split)
2012-05-24T20:39:27  *** Zannick <Zannick!~mick@aichallenge/admin/zannick> has quit IRC (*.net *.split)
2012-05-24T20:39:31  *** Apophis_ <Apophis_!~apophis@80-218-68-103.dclient.hispeed.ch> has quit IRC (*.net *.split)
2012-05-24T20:39:32  *** mviel <mviel!~mviel@90.42.71.86.rev.sfr.net> has quit IRC (*.net *.split)
2012-05-24T20:39:34  *** mawif <mawif!~mawif@li268-7.members.linode.com> has quit IRC (*.net *.split)
2012-05-24T20:39:34  *** cyphase <cyphase!~cyphase@unaffiliated/cyphase> has quit IRC (*.net *.split)
2012-05-24T20:39:35  *** antimatroid1 <antimatroid1!~nick@136.115.dsl.mel.iprimus.net.au> has quit IRC (*.net *.split)
2012-05-24T20:39:36  *** ivan`` <ivan``!~ivan@unaffiliated/ivan/x-000001> has quit IRC (*.net *.split)
2012-05-24T20:39:36  *** loglog <loglog!~loglog@ec2-107-22-149-230.compute-1.amazonaws.com> has quit IRC (*.net *.split)
2012-05-24T20:39:36  *** ChanServ <ChanServ!ChanServ@services.> has quit IRC (*.net *.split)
2012-05-24T20:42:48  *** Masxmasx <Masxmasx!~IetsVulga@unaffiliated/masxmasx> has joined #aichallenge
2012-05-24T20:43:12  *** FireFly <FireFly!~firefly@firefly.xen.prgmr.com> has joined #aichallenge
2012-05-24T20:43:12  *** yoden <yoden!~horstman@cpe-76-190-245-7.neo.res.rr.com> has joined #aichallenge
2012-05-24T20:43:12  *** smly- <smly-!~smly-@sage.naist.jp> has joined #aichallenge
2012-05-24T20:44:31  *** a1k0n <a1k0n!~andy@hep.cat> has joined #aichallenge
2012-05-24T20:44:31  *** amstan <amstan!~alex@aichallenge/admin/amstan> has joined #aichallenge
2012-05-24T20:44:31  *** cyphase <cyphase!~cyphase@unaffiliated/cyphase> has joined #aichallenge
2012-05-24T20:44:31  *** antimatroid1 <antimatroid1!~nick@136.115.dsl.mel.iprimus.net.au> has joined #aichallenge
2012-05-24T20:44:31  *** thestinger <thestinger!~strcat@CPE98fc1165cb6f-CM00159a09b2d0.cpe.net.cable.rogers.com> has joined #aichallenge
2012-05-24T20:44:31  *** coeus <coeus!~coeus@dslb-084-061-056-077.pools.arcor-ip.net> has joined #aichallenge
2012-05-24T20:44:31  *** ivan`` <ivan``!~ivan@unaffiliated/ivan/x-000001> has joined #aichallenge
2012-05-24T20:44:31  *** loglog <loglog!~loglog@ec2-107-22-149-230.compute-1.amazonaws.com> has joined #aichallenge
2012-05-24T20:44:31  *** Apophis_ <Apophis_!~apophis@80-218-68-103.dclient.hispeed.ch> has joined #aichallenge
2012-05-24T20:44:31  *** aerique <aerique!310225@xs8.xs4all.nl> has joined #aichallenge
2012-05-24T20:44:31  *** mviel <mviel!~mviel@90.42.71.86.rev.sfr.net> has joined #aichallenge
2012-05-24T20:44:31  *** lahwran <lahwran!lahwran@unaffiliated/lahwran> has joined #aichallenge
2012-05-24T20:44:31  *** Zannick <Zannick!~mick@aichallenge/admin/zannick> has joined #aichallenge
2012-05-24T20:44:31  *** Elderwolf <Elderwolf!~elderwolf@totoro.bloodmagic.com> has joined #aichallenge
2012-05-24T20:44:31  *** mawif <mawif!~mawif@li268-7.members.linode.com> has joined #aichallenge
2012-05-24T20:44:31  *** ChanServ <ChanServ!ChanServ@services.> has joined #aichallenge
2012-05-24T20:44:31  *** calvino.freenode.net sets mode: +oo amstan ChanServ
2012-05-24T20:45:15  *** FireFly <FireFly!~firefly@firefly.xen.prgmr.com> has quit IRC (*.net *.split)
2012-05-24T20:45:16  *** yoden <yoden!~horstman@cpe-76-190-245-7.neo.res.rr.com> has quit IRC (*.net *.split)
2012-05-24T20:45:16  *** smly- <smly-!~smly-@sage.naist.jp> has quit IRC (*.net *.split)
2012-05-24T20:46:59  *** GeorgeH <GeorgeH!~George@c-69-141-105-145.hsd1.nj.comcast.net> has joined #aichallenge
2012-05-24T20:47:18  *** mattswe <mattswe!u4809@gateway/web/irccloud.com/x-gldjwsjpirzssekc> has joined #aichallenge
2012-05-24T20:51:19  *** FireFly <FireFly!~firefly@firefly.xen.prgmr.com> has joined #aichallenge
2012-05-24T20:51:19  *** yoden <yoden!~horstman@cpe-76-190-245-7.neo.res.rr.com> has joined #aichallenge
2012-05-24T20:51:19  *** smly- <smly-!~smly-@sage.naist.jp> has joined #aichallenge
2012-05-24T20:51:44  *** Fandekasp <Fandekasp!~Fandekasp@sannin29240.nirai.ne.jp> has joined #aichallenge
2012-05-24T20:53:09  *** Fandekasp <Fandekasp!~Fandekasp@sannin29240.nirai.ne.jp> has quit IRC (Client Quit)
2012-05-24T20:53:28  *** Fandekasp <Fandekasp!~Fandekasp@sannin29240.nirai.ne.jp> has joined #aichallenge
2012-05-24T22:46:58  *** coeus <coeus!~coeus@dslb-084-061-056-077.pools.arcor-ip.net> has quit IRC (Ping timeout: 240 seconds)
2012-05-24T22:49:54  *** srgpqt_ <srgpqt_!~srgpqt@69-165-173-227.dsl.teksavvy.com> has quit IRC (Quit: leaving)
2012-05-24T23:18:58  *** thestinger <thestinger!~strcat@CPE98fc1165cb6f-CM00159a09b2d0.cpe.net.cable.rogers.com> has quit IRC (Quit: WeeChat 0.3.7)
2012-05-24T23:47:33  *** yoden <yoden!~horstman@cpe-76-190-245-7.neo.res.rr.com> has quit IRC (Quit: Leaving.)
2012-05-24T23:55:03  *** thestinger <thestinger!~strcat@CPE98fc1165cb6f-CM00159a09b2d0.cpe.net.cable.rogers.com> has joined #aichallenge
