2012-03-29T00:00:51  *** smiley1983 <smiley1983!~smiley@115-64-6-216.static.tpgi.com.au> has quit IRC (Ping timeout: 244 seconds)
2012-03-29T00:01:52  *** smiley1983 <smiley1983!~smiley@115-64-6-216.static.tpgi.com.au> has joined #aichallenge
2012-03-29T00:03:57  *** dvladim <dvladim!~dvladim@85.113.131.65> has joined #aichallenge
2012-03-29T00:17:53  *** dvladim <dvladim!~dvladim@85.113.131.65> has quit IRC (Ping timeout: 276 seconds)
2012-03-29T00:22:22  *** smiley1983 <smiley1983!~smiley@115-64-6-216.static.tpgi.com.au> has quit IRC (Ping timeout: 252 seconds)
2012-03-29T00:35:04  *** smiley1983 <smiley1983!~smiley@115-64-6-216.static.tpgi.com.au> has joined #aichallenge
2012-03-29T00:39:11  *** vrexu <vrexu!~vrexu@79.118.176.98> has quit IRC (Ping timeout: 264 seconds)
2012-03-29T00:41:11  *** amstan <amstan!~alex@aichallenge/admin/amstan> has quit IRC (Ping timeout: 252 seconds)
2012-03-29T01:03:47  *** loglog <loglog!~loglog@ec2-107-21-128-26.compute-1.amazonaws.com> has quit IRC (Remote host closed the connection)
2012-03-29T01:09:33  *** Areks <Areks!~Areks@rs.gridnine.com> has joined #aichallenge
2012-03-29T01:10:58  *** smiley1983 <smiley1983!~smiley@115-64-6-216.static.tpgi.com.au> has quit IRC (Ping timeout: 260 seconds)
2012-03-29T01:11:49  *** smiley1983 <smiley1983!~smiley@115-64-6-216.static.tpgi.com.au> has joined #aichallenge
2012-03-29T01:11:57  *** smjms <smjms!~janne@87-95-163-59.bb.dnainternet.fi> has joined #aichallenge
2012-03-29T01:11:57  *** smjms <smjms!~janne@pdpc/supporter/student/kosiini> has joined #aichallenge
2012-03-29T01:23:49  *** choas <choas!~lars@p4FDC4CED.dip.t-dialin.net> has joined #aichallenge
2012-03-29T01:23:54  *** superflit <superflit!~superflit@71-218-200-111.hlrn.qwest.net> has quit IRC (Remote host closed the connection)
2012-03-29T01:24:04  *** superflit <superflit!~superflit@140.226.4.195> has joined #aichallenge
2012-03-29T01:29:13  *** janzert1 <janzert1!~janzert@97-83-32-127.dhcp.trcy.mi.charter.com> has quit IRC (Read error: Connection reset by peer)
2012-03-29T01:30:53  *** janzert <janzert!~janzert@97-83-32-127.dhcp.trcy.mi.charter.com> has joined #aichallenge
2012-03-29T01:54:23  *** loglog <loglog!~loglog@ec2-50-19-156-37.compute-1.amazonaws.com> has joined #aichallenge
2012-03-29T02:01:39  *** choas <choas!~lars@p4FDC4CED.dip.t-dialin.net> has quit IRC (Quit: Lost terminal)
2012-03-29T02:01:49  *** alehorst <alehorst!~alehorst@177.40.36.52> has joined #aichallenge
2012-03-29T02:28:13  *** kurnevsky <kurnevsky!~kurnevsky@217.21.41.201> has joined #aichallenge
2012-03-29T02:47:11  *** superflit_ <superflit_!~superflit@71-218-200-111.hlrn.qwest.net> has joined #aichallenge
2012-03-29T02:48:02  *** Guest94268 <Guest94268!name@89.180.168.115> has quit IRC (Remote host closed the connection)
2012-03-29T02:50:33  *** superflit <superflit!~superflit@140.226.4.195> has quit IRC (Ping timeout: 248 seconds)
2012-03-29T02:50:34  *** superflit_ is now known as superflit
2012-03-29T03:00:07  *** thestinger <thestinger!~strcat@CPE98fc1165cb6f-CM00159a09b2d0.cpe.net.cable.rogers.com> has quit IRC (Quit: WeeChat 0.3.7)
2012-03-29T03:08:58  *** smiley1983 <smiley1983!~smiley@115-64-6-216.static.tpgi.com.au> has quit IRC (Ping timeout: 245 seconds)
2012-03-29T03:10:54  *** smiley1983 <smiley1983!~smiley@115-64-6-216.static.tpgi.com.au> has joined #aichallenge
2012-03-29T03:21:24  *** Kingpin13 <Kingpin13!~Kingpin13@Wikipedia/Kingpin13> has joined #aichallenge
2012-03-29T03:22:27  *** Jak_o_Shadows <Jak_o_Shadows!~Fake@unaffiliated/jak-o-shadows/x-0479135> has joined #aichallenge
2012-03-29T03:43:55  *** KP13 <KP13!~Kingpin13@Wikipedia/Kingpin13> has joined #aichallenge
2012-03-29T03:45:26  *** Kingpin13 <Kingpin13!~Kingpin13@Wikipedia/Kingpin13> has quit IRC (Ping timeout: 246 seconds)
2012-03-29T03:55:22  *** kurnevsky <kurnevsky!~kurnevsky@217.21.41.201> has quit IRC (Read error: Connection reset by peer)
2012-03-29T03:57:33  *** vrexu <vrexu!~vrexu@79.118.176.98> has joined #aichallenge
2012-03-29T04:10:50  *** dici <dici!~Dici@port-92-204-81-111.dynamic.qsc.de> has joined #aichallenge
2012-03-29T04:13:08  *** KP13 <KP13!~Kingpin13@Wikipedia/Kingpin13> has quit IRC (Ping timeout: 245 seconds)
2012-03-29T04:13:37  *** Kingpin13 <Kingpin13!~Kingpin13@Wikipedia/Kingpin13> has joined #aichallenge
2012-03-29T04:28:23  *** KP13 <KP13!~Kingpin13@Wikipedia/Kingpin13> has joined #aichallenge
2012-03-29T04:28:24  *** Kingpin13 <Kingpin13!~Kingpin13@Wikipedia/Kingpin13> has quit IRC (Ping timeout: 250 seconds)
2012-03-29T04:38:11  *** KP13 <KP13!~Kingpin13@Wikipedia/Kingpin13> has quit IRC (Ping timeout: 260 seconds)
2012-03-29T04:38:27  *** Kingpin13 <Kingpin13!~Kingpin13@Wikipedia/Kingpin13> has joined #aichallenge
2012-03-29T04:43:25  *** KP13 <KP13!~Kingpin13@Wikipedia/Kingpin13> has joined #aichallenge
2012-03-29T04:45:11  *** Kingpin13 <Kingpin13!~Kingpin13@Wikipedia/Kingpin13> has quit IRC (Ping timeout: 264 seconds)
2012-03-29T05:27:58  <delt0r> @later tell amstan I think that a uni affliation can help because of things like clusters. We have a 500 core beast that could easly be booked for a weekend for the finals and any spare cpu can be used during the comp
2012-03-29T05:27:58  <contestbot> delt0r: Ready to serve.
2012-03-29T05:28:59  <delt0r> @later tell amstan But to do so would mean an official affiliation. Which this department would not do. However other uni's with a proper AI/CS program....
2012-03-29T05:28:59  <contestbot> delt0r: As you wish.
2012-03-29T05:32:32  *** mceier <mceier!~mceier@89-77-239-61.dynamic.chello.pl> has joined #aichallenge
2012-03-29T05:32:57  *** epicmonkey <epicmonkey!~epicmonke@111-227-249-80.pppoe.teleportsv.net> has joined #aichallenge
2012-03-29T05:38:16  *** replore_ <replore_!~replore@203.152.213.161.static.zoot.jp> has joined #aichallenge
2012-03-29T05:44:40  *** replore_ <replore_!~replore@203.152.213.161.static.zoot.jp> has quit IRC (Remote host closed the connection)
2012-03-29T06:04:23  *** vrexu <vrexu!~vrexu@79.118.176.98> has quit IRC (Ping timeout: 264 seconds)
2012-03-29T06:23:20  *** sigh <sigh!~sigh@ppp114-153.static.internode.on.net> has joined #aichallenge
2012-03-29T06:35:36  *** Kingpin13 <Kingpin13!~Kingpin13@Wikipedia/Kingpin13> has joined #aichallenge
2012-03-29T06:38:19  *** KP13 <KP13!~Kingpin13@Wikipedia/Kingpin13> has quit IRC (Ping timeout: 252 seconds)
2012-03-29T06:40:27  *** KP13 <KP13!~Kingpin13@cpc25-aztw23-2-0-cust226.aztw.cable.virginmedia.com> has joined #aichallenge
2012-03-29T06:40:27  *** KP13 <KP13!~Kingpin13@Wikipedia/Kingpin13> has joined #aichallenge
2012-03-29T06:40:33  *** Kingpin13 <Kingpin13!~Kingpin13@Wikipedia/Kingpin13> has quit IRC (Ping timeout: 260 seconds)
2012-03-29T06:44:42  *** Kingpin13 <Kingpin13!~Kingpin13@Wikipedia/Kingpin13> has joined #aichallenge
2012-03-29T06:46:31  *** KP13 <KP13!~Kingpin13@Wikipedia/Kingpin13> has quit IRC (Ping timeout: 260 seconds)
2012-03-29T06:57:59  *** Fandekasp <Fandekasp!~Fandekasp@KD182249008232.au-net.ne.jp> has joined #aichallenge
2012-03-29T07:01:03  *** Jak_o_Shadows1 <Jak_o_Shadows1!~Fake@CPE-144-136-211-241.sa.bigpond.net.au> has joined #aichallenge
2012-03-29T07:01:07  *** Jak_o_Shadows1 <Jak_o_Shadows1!~Fake@unaffiliated/jak-o-shadows/x-0479135> has joined #aichallenge
2012-03-29T07:01:07  *** Jak_o_Shadows <Jak_o_Shadows!~Fake@unaffiliated/jak-o-shadows/x-0479135> has quit IRC (Disconnected by services)
2012-03-29T08:15:36  *** antimatroid1 <antimatroid1!~nick@80.105-67-202.dynamic.dsl.mel.iprimus.net.au> has joined #aichallenge
2012-03-29T08:16:26  *** antimatroid <antimatroid!~nick@30.201.dsl.mel.iprimus.net.au> has quit IRC (Ping timeout: 248 seconds)
2012-03-29T08:16:29  *** Jak_o_Shadows1 <Jak_o_Shadows1!~Fake@unaffiliated/jak-o-shadows/x-0479135> has quit IRC (Remote host closed the connection)
2012-03-29T08:28:25  *** Palmik <Palmik!~palmik@man-208-106.pks.muni.cz> has joined #aichallenge
2012-03-29T08:36:56  *** archdori <archdori!~Fandekasp@KD182249017041.au-net.ne.jp> has joined #aichallenge
2012-03-29T08:38:14  *** mleise <mleise!~marco@dslb-088-071-251-223.pools.arcor-ip.net> has joined #aichallenge
2012-03-29T08:40:26  *** Fandekasp <Fandekasp!~Fandekasp@KD182249008232.au-net.ne.jp> has quit IRC (Ping timeout: 252 seconds)
2012-03-29T08:41:08  *** coeus <coeus!~coeus@dslb-084-061-056-177.pools.arcor-ip.net> has quit IRC (Quit: Verlassend)
2012-03-29T09:13:26  <mleise> so battlecode actually uses the virtual machine approach (counting instructions executed per bot etc.)
2012-03-29T09:14:36  <mleise> but instead of a home gorwn language they use the java byte code, to support programming in Java and Scala.
2012-03-29T09:19:22  *** X-Scale <X-Scale!name@2001:470:1f14:135b::2> has joined #aichallenge
2012-03-29T09:21:14  <mleise> "Each robot is allowed a certain amount of computation each round. Computation is measured in terms of Java bytecodes, the atomic instructions of compiled Java code."
2012-03-29T09:33:12  *** foRei <foRei!~ViT@0x4dd7b24d.adsl.cybercity.dk> has joined #aichallenge
2012-03-29T09:41:26  <delt0r> mleise: I am not such a fan of this approach. I like the openness of aichallenge to the language diversity
2012-03-29T09:59:26  <rwest> I didn't really like battlecode when I did it
2012-03-29T09:59:46  <rwest> but it was course credit :)
2012-03-29T10:01:45  <mleise> battlecode as course credit? how about counter-strike?
2012-03-29T10:02:13  <rwest> I did genetic algorithms and tetris for course credit
2012-03-29T10:02:28  <rwest> counterstrike sounds more fun, but less interesting
2012-03-29T10:02:56  <rwest> my AI class did pacman, I need to get on this pacman challenge
2012-03-29T10:03:19  <mleise> yeah that's a perfect opportunity for you
2012-03-29T10:03:46  <mleise> I'm always looking at other challenges that way, too. Is there some similarity with what I have already coded?
2012-03-29T10:04:03  <mleise> That could get you a head start while others still figure out the basics
2012-03-29T10:04:20  <rwest> we solved scenarios
2012-03-29T10:04:44  <rwest> some qlearning in it
2012-03-29T10:04:49  <rwest> I think I still have all the python code
2012-03-29T10:05:06  <mleise> what is qlearning?
2012-03-29T10:05:23  <rwest> http://en.wikipedia.org/wiki/Q-learning
2012-03-29T10:05:23  <mleise> just learning? or some special kind of learning?
2012-03-29T10:06:50  <rwest> http://www-inst.eecs.berkeley.edu/~cs188/pacman/pacman.html
2012-03-29T10:06:51  <rwest> we did that
2012-03-29T10:07:26  <mleise> the curse of Wikipedia: Q-Learning -> reinforcement learning -> Probably approximately correct -> Markov decision processes -> Psychology -> wait... what was I looking for
2012-03-29T10:08:00  <mleise> who coded the ghosts? :)
2012-03-29T10:09:00  *** Areks <Areks!~Areks@rs.gridnine.com> has quit IRC (Ping timeout: 272 seconds)
2012-03-29T10:09:01  <mleise> rwest: did you also upload some videos on youtube? I watched some with the pacman theme yesterday. some about pathfinding as well
2012-03-29T10:18:13  <rwest> mleise: no
2012-03-29T10:18:44  <rwest> mleise: and we learned the psychology behind learning in the class, minsky's book
2012-03-29T10:20:49  <mleise> I don't have any formal aducation in game-theory, AI or psychology. I guess this Minsky is a highly regarded professional in the field of psychology.
2012-03-29T10:21:42  <rwest> mleise: "cognitive scientest" mainly dealing with AI
2012-03-29T10:22:03  <rwest> we actually skyped with him in the class, was interesting
2012-03-29T10:23:21  <rwest> scientist even
2012-03-29T10:23:27  <mleise> Should machines adopt human learning, or should we strive to invent machine learning for machines that work with 0s and 1s?
2012-03-29T10:24:49  <rwest> The problem with adopting human learning is that it
2012-03-29T10:24:56  <rwest> 's not perfect
2012-03-29T10:25:08  <rwest> our emotions short circuit the process
2012-03-29T10:25:25  <rwest> that's why we don't always make the best decisions
2012-03-29T10:25:25  <mleise> of learning?
2012-03-29T10:25:29  <rwest> and sometimes we do
2012-03-29T10:26:09  <rwest> Hmm a good book that describes it all: http://www.amazon.com/How-We-Decide-Jonah-Lehrer/dp/0618620117
2012-03-29T10:26:09  <mleise> sure we base most decisions on emotions and layer some false reasoning over it. i know i do it.
2012-03-29T10:26:26  <mleise> mmm ice cream
2012-03-29T10:26:31  <rwest> Some decisions are best made by emotions
2012-03-29T10:26:40  <rwest> since they are faster and more accurate at times
2012-03-29T10:26:56  <rwest> that book is very good at explaining it all
2012-03-29T10:26:56  <mleise> *accurate*?
2012-03-29T10:27:08  *** KP13 <KP13!~Kingpin13@Wikipedia/Kingpin13> has joined #aichallenge
2012-03-29T10:27:57  <rwest> some decisions need to be made fast
2012-03-29T10:28:19  <rwest> and you don't have time to analyze everything
2012-03-29T10:28:28  *** Kingpin13 <Kingpin13!~Kingpin13@Wikipedia/Kingpin13> has quit IRC (Ping timeout: 246 seconds)
2012-03-29T10:28:42  <rwest> the brains emotional centers are better at processing the data quickly based on previous experience
2012-03-29T10:28:56  <rwest> without you having to do almost anything since the connections are already there
2012-03-29T10:29:22  <mleise> ok, so emotions is also where the experience lies and that makes them more accurate at times?
2012-03-29T10:29:40  <rwest> Yes and it also makes them terrible at times
2012-03-29T10:29:49  <rwest> it's crazy the amount of good examples in that book
2012-03-29T10:30:00  <rwest> I got it for $1 on kindle deal of the day just for the fuck of it
2012-03-29T10:30:07  <mleise> *g* you really want me to buy it, huh?
2012-03-29T10:30:10  <rwest> hah
2012-03-29T10:30:21  *** KP13 <KP13!~Kingpin13@Wikipedia/Kingpin13> has quit IRC (Read error: Connection reset by peer)
2012-03-29T10:30:22  <rwest> if you're interested, I highly recommend it
2012-03-29T10:31:17  <mleise> not interested enough. but I like thinking about thinking and what keeps the world going
2012-03-29T10:31:19  <rwest> anyway, must do some work now :-/
2012-03-29T10:31:33  <mleise> political decisions down to every day stuff
2012-03-29T10:31:53  <mleise> ok, have a productive day
2012-03-29T10:35:42  *** sigh <sigh!~sigh@ppp114-153.static.internode.on.net> has quit IRC (Remote host closed the connection)
2012-03-29T10:40:36  *** smiley1983 <smiley1983!~smiley@115-64-6-216.static.tpgi.com.au> has quit IRC (Ping timeout: 244 seconds)
2012-03-29T10:41:26  *** smiley1983 <smiley1983!~smiley@115-64-6-216.static.tpgi.com.au> has joined #aichallenge
2012-03-29T10:45:44  *** X-Scale <X-Scale!name@2001:470:1f14:135b::2> has quit IRC (Ping timeout: 272 seconds)
2012-03-29T10:49:05  *** X-Scale` <X-Scale`!name@2001:470:1f14:135b::2> has joined #aichallenge
2012-03-29T10:50:52  *** Accoun <Accoun!~1@static-213-88-39-97.chebnet.ru> has quit IRC (Ping timeout: 252 seconds)
2012-03-29T10:51:26  *** Accoun <Accoun!~1@static-213-88-39-97.chebnet.ru> has joined #aichallenge
2012-03-29T10:52:04  *** foRei <foRei!~ViT@0x4dd7b24d.adsl.cybercity.dk> has quit IRC (Ping timeout: 252 seconds)
2012-03-29T10:53:35  *** foRei <foRei!~ViT@0x4dd7b24d.adsl.cybercity.dk> has joined #aichallenge
2012-03-29T10:55:14  *** X-Scale` <X-Scale`!name@2001:470:1f14:135b::2> has quit IRC (Ping timeout: 272 seconds)
2012-03-29T11:00:31  *** X-Scale` <X-Scale`!name@2001:470:1f14:135b::2> has joined #aichallenge
2012-03-29T11:02:01  *** X-Scale` is now known as X-Scale
2012-03-29T11:03:10  *** antimatroid <antimatroid!~nick@115.245-26-211.dynamic.dsl.mel.iprimus.net.au> has joined #aichallenge
2012-03-29T11:04:42  *** antimatroid1 <antimatroid1!~nick@80.105-67-202.dynamic.dsl.mel.iprimus.net.au> has quit IRC (Ping timeout: 245 seconds)
2012-03-29T11:23:06  *** archdori <archdori!~Fandekasp@KD182249017041.au-net.ne.jp> has quit IRC (Ping timeout: 248 seconds)
2012-03-29T11:47:07  *** smiley1983 <smiley1983!~smiley@115-64-6-216.static.tpgi.com.au> has quit IRC (Ping timeout: 265 seconds)
2012-03-29T11:52:59  *** smiley1983 <smiley1983!~smiley@115-64-6-216.static.tpgi.com.au> has joined #aichallenge
2012-03-29T12:04:54  *** dvladim <dvladim!~dvladim@85.113.131.65> has joined #aichallenge
2012-03-29T12:09:17  *** dvladim <dvladim!~dvladim@85.113.131.65> has quit IRC (Ping timeout: 245 seconds)
2012-03-29T12:33:29  *** smiley1983 <smiley1983!~smiley@115-64-6-216.static.tpgi.com.au> has quit IRC (Ping timeout: 260 seconds)
2012-03-29T12:33:50  *** smiley1983 <smiley1983!~smiley@115-64-6-216.static.tpgi.com.au> has joined #aichallenge
2012-03-29T12:41:31  *** dvladim <dvladim!~dvladim@85.113.131.65> has joined #aichallenge
2012-03-29T12:47:13  *** ptblduffy <ptblduffy!8103a8bb@gateway/web/freenode/ip.129.3.168.187> has joined #aichallenge
2012-03-29T13:10:31  *** epicmonkey <epicmonkey!~epicmonke@111-227-249-80.pppoe.teleportsv.net> has quit IRC (Ping timeout: 246 seconds)
2012-03-29T13:13:18  *** smiley1983 <smiley1983!~smiley@115-64-6-216.static.tpgi.com.au> has quit IRC (Ping timeout: 272 seconds)
2012-03-29T13:13:40  *** smiley1983 <smiley1983!~smiley@115-64-6-216.static.tpgi.com.au> has joined #aichallenge
2012-03-29T13:13:41  *** gaspar <gaspar!52f3da37@gateway/web/freenode/ip.82.243.218.55> has joined #aichallenge
2012-03-29T13:15:11  <gaspar> m
2012-03-29T13:15:31  *** gaspar <gaspar!52f3da37@gateway/web/freenode/ip.82.243.218.55> has left #aichallenge
2012-03-29T13:16:15  *** Chris_0076 <Chris_0076!~Chris_007@adsl-74-232-18-238.asm.bellsouth.net> has quit IRC (Quit: Leaving)
2012-03-29T13:16:33  *** vrexu <vrexu!~vrexu@79.118.176.98> has joined #aichallenge
2012-03-29T13:43:50  *** dvladim <dvladim!~dvladim@85.113.131.65> has quit IRC (Ping timeout: 260 seconds)
2012-03-29T13:58:16  *** loglog <loglog!~loglog@ec2-50-19-156-37.compute-1.amazonaws.com> has quit IRC (Remote host closed the connection)
2012-03-29T13:58:32  *** loglog <loglog!~loglog@ec2-174-129-91-201.compute-1.amazonaws.com> has joined #aichallenge
2012-03-29T14:02:44  *** smiley1983 <smiley1983!~smiley@115-64-6-216.static.tpgi.com.au> has quit IRC (Ping timeout: 252 seconds)
2012-03-29T14:03:40  *** smiley1983 <smiley1983!~smiley@115-64-6-216.static.tpgi.com.au> has joined #aichallenge
2012-03-29T14:21:55  *** alehorst <alehorst!~alehorst@177.40.36.52> has quit IRC (Ping timeout: 246 seconds)
2012-03-29T14:25:30  *** alehorst <alehorst!~alehorst@177.40.36.52> has joined #aichallenge
2012-03-29T14:40:07  *** janzert <janzert!~janzert@97-83-32-127.dhcp.trcy.mi.charter.com> has quit IRC (Ping timeout: 246 seconds)
2012-03-29T14:46:43  *** janzert <janzert!~janzert@97-83-32-127.dhcp.trcy.mi.charter.com> has joined #aichallenge
2012-03-29T15:17:23  *** iglo <iglo!~xy@xdsl-188-118-135-134.dip.osnanet.de> has joined #aichallenge
2012-03-29T15:59:56  *** vrexu <vrexu!~vrexu@79.118.176.98> has quit IRC (Read error: Connection reset by peer)
2012-03-29T16:00:04  *** vrexu <vrexu!~vrexu@79.118.176.98> has joined #aichallenge
2012-03-29T16:02:36  *** loglog <loglog!~loglog@ec2-174-129-91-201.compute-1.amazonaws.com> has quit IRC (Remote host closed the connection)
2012-03-29T16:04:17  *** loglog <loglog!~loglog@ec2-184-72-138-6.compute-1.amazonaws.com> has joined #aichallenge
2012-03-29T16:10:49  *** Accoun <Accoun!~1@static-213-88-39-97.chebnet.ru> has quit IRC ()
2012-03-29T16:23:53  *** epicmonkey <epicmonkey!~epicmonke@77.122.66.71> has joined #aichallenge
2012-03-29T16:29:54  *** thestinger <thestinger!~strcat@CPE98fc1165cb6f-CM00159a09b2d0.cpe.net.cable.rogers.com> has joined #aichallenge
2012-03-29T16:36:34  *** Accoun <Accoun!~1@static-213-88-39-97.chebnet.ru> has joined #aichallenge
2012-03-29T16:44:36  *** epicmonkey <epicmonkey!~epicmonke@77.122.66.71> has quit IRC (Ping timeout: 264 seconds)
2012-03-29T17:08:11  *** amstan <amstan!~alex@aichallenge/admin/amstan> has joined #aichallenge
2012-03-29T17:08:12  *** ChanServ sets mode: +o amstan
2012-03-29T17:48:49  *** smjms <smjms!~janne@pdpc/supporter/student/kosiini> has quit IRC (Ping timeout: 272 seconds)
2012-03-29T17:57:35  *** loglog <loglog!~loglog@ec2-184-72-138-6.compute-1.amazonaws.com> has quit IRC (Remote host closed the connection)
2012-03-29T17:57:54  *** loglog <loglog!~loglog@ec2-107-22-114-162.compute-1.amazonaws.com> has joined #aichallenge
2012-03-29T18:00:42  *** Palmik <Palmik!~palmik@man-208-106.pks.muni.cz> has quit IRC (Ping timeout: 252 seconds)
2012-03-29T18:04:43  *** foRei <foRei!~ViT@0x4dd7b24d.adsl.cybercity.dk> has quit IRC (Read error: Connection reset by peer)
2012-03-29T18:08:47  *** Palmik <Palmik!~palmik@man-208-106.pks.muni.cz> has joined #aichallenge
2012-03-29T18:09:53  *** sigh <sigh!~sigh@ppp114-153.static.internode.on.net> has joined #aichallenge
2012-03-29T18:13:19  *** sigh <sigh!~sigh@ppp114-153.static.internode.on.net> has quit IRC (Read error: Connection reset by peer)
2012-03-29T18:22:53  *** mceier <mceier!~mceier@89-77-239-61.dynamic.chello.pl> has quit IRC (Quit: leaving)
2012-03-29T18:28:35  *** iglo <iglo!~xy@xdsl-188-118-135-134.dip.osnanet.de> has quit IRC (Remote host closed the connection)
2012-03-29T18:36:24  *** Fandekasp <Fandekasp!~Fandekasp@KD182249008030.au-net.ne.jp> has joined #aichallenge
2012-03-29T18:54:42  *** Palmik <Palmik!~palmik@man-208-106.pks.muni.cz> has quit IRC ()
2012-03-29T19:08:37  *** thatoneguy <thatoneguy!810371f0@gateway/web/freenode/ip.129.3.113.240> has joined #aichallenge
2012-03-29T19:09:03  *** thatoneguy is now known as _thatoneguy_
2012-03-29T19:13:03  *** antimatroid <antimatroid!~nick@115.245-26-211.dynamic.dsl.mel.iprimus.net.au> has quit IRC (Ping timeout: 245 seconds)
2012-03-29T19:26:06  *** AlliedEnvy_ <AlliedEnvy_!~AlliedEnv@adsl-68-89-170-13.dsl.hstntx.swbell.net> has joined #aichallenge
2012-03-29T19:27:39  *** AlliedEnvy <AlliedEnvy!~AlliedEnv@adsl-68-89-170-13.dsl.hstntx.swbell.net> has quit IRC (Remote host closed the connection)
2012-03-29T19:56:18  *** loglog <loglog!~loglog@ec2-107-22-114-162.compute-1.amazonaws.com> has quit IRC (Remote host closed the connection)
2012-03-29T19:56:36  *** loglog <loglog!~loglog@ec2-23-20-64-184.compute-1.amazonaws.com> has joined #aichallenge
2012-03-29T20:14:01  *** coeus <coeus!~coeus@dslb-084-061-056-177.pools.arcor-ip.net> has joined #aichallenge
2012-03-29T20:41:06  *** archdori <archdori!~Fandekasp@KD182249019077.au-net.ne.jp> has joined #aichallenge
2012-03-29T20:44:15  *** Fandekasp <Fandekasp!~Fandekasp@KD182249008030.au-net.ne.jp> has quit IRC (Ping timeout: 252 seconds)
2012-03-29T20:53:09  *** dici <dici!~Dici@port-92-204-81-111.dynamic.qsc.de> has quit IRC (Read error: Connection reset by peer)
2012-03-29T22:01:05  *** loglog <loglog!~loglog@ec2-23-20-64-184.compute-1.amazonaws.com> has quit IRC (Remote host closed the connection)
2012-03-29T22:01:22  *** loglog <loglog!~loglog@ec2-50-19-61-58.compute-1.amazonaws.com> has joined #aichallenge
2012-03-29T22:46:45  *** Chris_0076 <Chris_0076!~Chris_007@adsl-74-232-18-238.asm.bellsouth.net> has joined #aichallenge
2012-03-29T22:59:50  *** coeus <coeus!~coeus@dslb-084-061-056-177.pools.arcor-ip.net> has quit IRC (Ping timeout: 245 seconds)
2012-03-29T23:16:22  *** smiley1983 <smiley1983!~smiley@115-64-6-216.static.tpgi.com.au> has quit IRC (Read error: Operation timed out)
2012-03-29T23:17:56  *** smiley1983 <smiley1983!~smiley@115-64-6-216.static.tpgi.com.au> has joined #aichallenge
2012-03-29T23:41:31  *** Fandekasp <Fandekasp!~Fandekasp@KD182249004141.au-net.ne.jp> has joined #aichallenge
2012-03-29T23:44:34  *** archdori <archdori!~Fandekasp@KD182249019077.au-net.ne.jp> has quit IRC (Ping timeout: 246 seconds)
2012-03-29T23:45:54  *** antimatroid <antimatroid!~nick@115.245-26-211.dynamic.dsl.mel.iprimus.net.au> has joined #aichallenge
2012-03-29T23:56:19  *** dvladim <dvladim!~dvladim@85.113.131.65> has joined #aichallenge
2012-03-29T23:59:37  *** loglog <loglog!~loglog@ec2-50-19-61-58.compute-1.amazonaws.com> has quit IRC (Remote host closed the connection)
