2011-08-11T00:56:34  *** GarySWest <GarySWest!62b281fb@gateway/web/freenode/ip.98.178.129.251> has quit IRC (Ping timeout: 252 seconds)
2011-08-11T02:12:53  *** janzert <janzert!~janzert@97-83-125-172.dhcp.trcy.mi.charter.com> has quit IRC (Quit: Leaving.)
2011-08-11T02:34:27  *** rabidus <rabidus!~tan@85-23-149-239.bb.dnainternet.fi> has joined #aichallenge
2011-08-11T02:55:15  *** vdp|afk is now known as vdp
2011-08-11T03:14:12  *** ibdknox_ <ibdknox_!~ibdknox@c-98-210-192-192.hsd1.ca.comcast.net> has joined #aichallenge
2011-08-11T03:14:30  *** boegel <boegel!~boegel@ca60c171.ugent.be> has joined #aichallenge
2011-08-11T03:14:55  *** ibdknox <ibdknox!~ibdknox@c-98-210-192-192.hsd1.ca.comcast.net> has quit IRC (Ping timeout: 260 seconds)
2011-08-11T03:25:22  *** ltriant <ltriant!~ltriant@lithium.mailguard.com.au> has quit IRC (Quit: Computer has gone to sleep)
2011-08-11T03:36:13  *** aerique <aerique!310225@xs8.xs4all.nl> has joined #aichallenge
2011-08-11T03:37:03  *** Palmik <Palmik!~palmik@120-49-80-78.tmcz.cz> has joined #aichallenge
2011-08-11T03:38:14  *** janzert <janzert!~janzert@97-83-125-172.dhcp.trcy.mi.charter.com> has joined #aichallenge
2011-08-11T03:41:25  *** choas <choas!~lars@p578F6808.dip.t-dialin.net> has joined #aichallenge
2011-08-11T03:42:03  *** ibdknox_ <ibdknox_!~ibdknox@c-98-210-192-192.hsd1.ca.comcast.net> has quit IRC (Remote host closed the connection)
2011-08-11T04:05:50  *** Naktibalda <Naktibalda!~chatzilla@host-81-20-37-12.eckoh.com> has joined #aichallenge
2011-08-11T04:06:08  *** berak <berak!~chatzilla@89.204.137.198> has joined #aichallenge
2011-08-11T04:44:48  *** choas <choas!~lars@p578F6808.dip.t-dialin.net> has quit IRC (Ping timeout: 240 seconds)
2011-08-11T05:00:29  *** GarySWest <GarySWest!62b281fb@gateway/web/freenode/ip.98.178.129.251> has joined #aichallenge
2011-08-11T05:26:27  *** sigh <sigh!~sigh@ppp114-153.static.internode.on.net> has joined #aichallenge
2011-08-11T05:29:50  *** choas <choas!~lars@p578F6808.dip.t-dialin.net> has joined #aichallenge
2011-08-11T05:37:41  *** mathis <mathis!4e360c33@gateway/web/freenode/ip.78.54.12.51> has joined #aichallenge
2011-08-11T05:48:48  *** GarySWest <GarySWest!62b281fb@gateway/web/freenode/ip.98.178.129.251> has quit IRC (Ping timeout: 252 seconds)
2011-08-11T06:02:40  *** FireyFly <FireyFly!~firefly@unaffiliated/firefly> has joined #aichallenge
2011-08-11T06:19:24  *** FireyFly is now known as FireFly
2011-08-11T07:19:42  *** vdp is now known as vdp|afk
2011-08-11T07:43:47  *** mathis <mathis!4e360c33@gateway/web/freenode/ip.78.54.12.51> has quit IRC (Quit: Page closed)
2011-08-11T07:44:32  *** mathis <mathis!4e360c33@gateway/web/freenode/ip.78.54.12.51> has joined #aichallenge
2011-08-11T07:48:50  *** mleise <mleise!~marco@dslb-088-070-152-209.pools.arcor-ip.net> has joined #aichallenge
2011-08-11T07:50:27  *** choas <choas!~lars@p578F6808.dip.t-dialin.net> has quit IRC (Ping timeout: 276 seconds)
2011-08-11T08:12:56  *** vdp|afk <vdp|afk!~vassil@83.228.51.12> has quit IRC (Ping timeout: 252 seconds)
2011-08-11T08:13:27  *** vdp|afk <vdp|afk!~vassil@83.228.51.12> has joined #aichallenge
2011-08-11T08:30:57  *** tomtom_ <tomtom_!5cc6411c@gateway/web/freenode/ip.92.198.65.28> has joined #aichallenge
2011-08-11T08:59:06  *** Cyndre <Cyndre!~Cyndre@DOCSIS-181-75.cable-lynx.net> has quit IRC (Quit: Leaving)
2011-08-11T09:32:34  *** mathis <mathis!4e360c33@gateway/web/freenode/ip.78.54.12.51> has quit IRC (Quit: Page closed)
2011-08-11T09:38:29  *** tomtom_ <tomtom_!5cc6411c@gateway/web/freenode/ip.92.198.65.28> has quit IRC (Quit: Page closed)
2011-08-11T09:54:25  *** foRei <foRei!~ViT@0x4dd7b24d.adsl.cybercity.dk> has joined #aichallenge
2011-08-11T10:25:16  *** sigh <sigh!~sigh@ppp114-153.static.internode.on.net> has quit IRC (Remote host closed the connection)
2011-08-11T10:57:04  *** Cyndre <Cyndre!~Cyndre@DOCSIS-181-75.cable-lynx.net> has joined #aichallenge
2011-08-11T10:58:13  *** aerique <aerique!310225@xs8.xs4all.nl> has quit IRC (Quit: ...)
2011-08-11T11:05:33  *** mcstar <mcstar!~mcstar@adsl-89-134-2-14.monradsl.monornet.hu> has joined #aichallenge
2011-08-11T11:24:59  *** boegel <boegel!~boegel@ca60c171.ugent.be> has quit IRC (Read error: Operation timed out)
2011-08-11T11:30:19  *** choas <choas!~lars@p578F6808.dip.t-dialin.net> has joined #aichallenge
2011-08-11T12:19:58  *** bhasker <bhasker!~bhasker@99-162-151-97.lightspeed.sntcca.sbcglobal.net> has quit IRC (Quit: bhasker)
2011-08-11T12:55:11  *** mathis <mathis!4e360c33@gateway/web/freenode/ip.78.54.12.51> has joined #aichallenge
2011-08-11T13:01:43  *** Naktibalda <Naktibalda!~chatzilla@host-81-20-37-12.eckoh.com> has quit IRC (Quit: ChatZilla 0.9.87 [Firefox 5.0/20110615151330])
2011-08-11T13:04:59  *** bhasker <bhasker!~bhasker@nat/yahoo/x-rujbtyknghrpznkh> has joined #aichallenge
2011-08-11T13:08:32  *** janzert <janzert!~janzert@97-83-125-172.dhcp.trcy.mi.charter.com> has quit IRC (Read error: Connection reset by peer)
2011-08-11T13:11:45  *** janzert <janzert!~janzert@97-83-125-172.dhcp.trcy.mi.charter.com> has joined #aichallenge
2011-08-11T13:18:52  *** _will_sell_5_BTC <_will_sell_5_BTC!~1@static-213-88-39-97.chebnet.ru> has joined #aichallenge
2011-08-11T13:22:48  *** GeorgeSebastian <GeorgeSebastian!~georgeSeb@117.231.75.94> has joined #aichallenge
2011-08-11T13:22:48  *** GeorgeSebastian <GeorgeSebastian!~georgeSeb@unaffiliated/georgesebastian> has joined #aichallenge
2011-08-11T13:27:26  *** mleise <mleise!~marco@dslb-088-070-152-209.pools.arcor-ip.net> has quit IRC (Ping timeout: 255 seconds)
2011-08-11T13:27:26  *** Accoun <Accoun!~1@static-213-88-39-97.chebnet.ru> has quit IRC (Ping timeout: 255 seconds)
2011-08-11T13:27:26  *** jmcarthur <jmcarthur!~jake@pool-98-113-42-2.nycmny.fios.verizon.net> has quit IRC (Ping timeout: 255 seconds)
2011-08-11T13:27:26  *** mleise <mleise!~marco@dslb-088-070-152-209.pools.arcor-ip.net> has joined #aichallenge
2011-08-11T13:27:26  *** jmcarthur <jmcarthur!~jake@pool-98-113-42-2.nycmny.fios.verizon.net> has joined #aichallenge
2011-08-11T13:27:27  *** berak <berak!~chatzilla@89.204.137.198> has quit IRC (Ping timeout: 255 seconds)
2011-08-11T13:27:27  *** berak <berak!~chatzilla@89.204.137.198> has joined #aichallenge
2011-08-11T13:33:24  *** Ftumch is now known as smellyhippy
2011-08-11T13:33:54  *** smellyhippy is now known as Ftumch
2011-08-11T13:38:24  *** berak <berak!~chatzilla@89.204.137.198> has quit IRC (*.net *.split)
2011-08-11T13:38:24  *** jmcarthur <jmcarthur!~jake@pool-98-113-42-2.nycmny.fios.verizon.net> has quit IRC (*.net *.split)
2011-08-11T13:38:24  *** mleise <mleise!~marco@dslb-088-070-152-209.pools.arcor-ip.net> has quit IRC (*.net *.split)
2011-08-11T13:38:24  *** zobilamouche <zobilamouche!~zobilamou@pdpc/supporter/active/fbparis> has quit IRC (*.net *.split)
2011-08-11T13:41:34  *** GeorgeSebastian <GeorgeSebastian!~georgeSeb@unaffiliated/georgesebastian> has quit IRC (Ping timeout: 264 seconds)
2011-08-11T13:44:21  *** jmcarthur <jmcarthur!~jake@pool-98-113-42-2.nycmny.fios.verizon.net> has joined #aichallenge
2011-08-11T13:45:37  *** berak <berak!~chatzilla@89.204.137.198> has joined #aichallenge
2011-08-11T13:51:06  *** zobilamouche <zobilamouche!~zobilamou@pdpc/supporter/active/fbparis> has joined #aichallenge
2011-08-11T13:51:36  *** mleise <mleise!~marco@dslb-088-070-152-209.pools.arcor-ip.net> has joined #aichallenge
2011-08-11T13:54:20  *** GeorgeSebastian <GeorgeSebastian!~georgeSeb@unaffiliated/georgesebastian> has joined #aichallenge
2011-08-11T13:59:01  *** MMCIX <MMCIX!~nspatil@173-164-190-113-SFBA.hfc.comcastbusiness.net> has joined #aichallenge
2011-08-11T13:59:13  *** MMCIX <MMCIX!~nspatil@173-164-190-113-SFBA.hfc.comcastbusiness.net> has left #aichallenge
2011-08-11T14:03:02  *** bhasker <bhasker!~bhasker@nat/yahoo/x-rujbtyknghrpznkh> has quit IRC (Ping timeout: 250 seconds)
2011-08-11T14:06:32  *** bhasker <bhasker!~bhasker@nat/yahoo/x-eyxjdohvgouwabfo> has joined #aichallenge
2011-08-11T14:24:26  *** amstan <amstan!~amstan@69-165-157-234.dsl.teksavvy.com> has joined #aichallenge
2011-08-11T14:24:26  *** ChanServ sets mode: +o amstan
2011-08-11T14:36:08  *** boegel <boegel!~boegel@91.182.199.246> has joined #aichallenge
2011-08-11T14:41:42  *** Redgis <Redgis!~Nex@2a01:e34:ee3b:aa40:214:22ff:feec:c2> has joined #aichallenge
2011-08-11T14:45:14  *** mathis <mathis!4e360c33@gateway/web/freenode/ip.78.54.12.51> has quit IRC (Ping timeout: 252 seconds)
2011-08-11T15:01:50  *** GeorgeSebastian <GeorgeSebastian!~georgeSeb@unaffiliated/georgesebastian> has quit IRC (Ping timeout: 240 seconds)
2011-08-11T15:05:41  *** mceier <mceier!~mceier@89-77-208-118.dynamic.chello.pl> has joined #aichallenge
2011-08-11T15:12:03  <boegel> any ETA on the new contest?
2011-08-11T15:21:00  *** GeorgeSebastian <GeorgeSebastian!~georgeSeb@unaffiliated/georgesebastian> has joined #aichallenge
2011-08-11T15:25:01  *** mcstar <mcstar!~mcstar@adsl-89-134-2-14.monradsl.monornet.hu> has left #aichallenge ("WeeChat 0.3.5")
2011-08-11T15:30:11  *** GeorgeSebastian <GeorgeSebastian!~georgeSeb@unaffiliated/georgesebastian> has quit IRC (Ping timeout: 240 seconds)
2011-08-11T15:32:19  *** _will_sell_5_BTC <_will_sell_5_BTC!~1@static-213-88-39-97.chebnet.ru> has quit IRC ()
2011-08-11T15:43:38  *** mleise <mleise!~marco@dslb-088-070-152-209.pools.arcor-ip.net> has quit IRC (Quit: Leaving.)
2011-08-11T15:46:12  *** mleise <mleise!~Marco@dslb-088-070-152-209.pools.arcor-ip.net> has joined #aichallenge
2011-08-11T15:49:18  *** bhasker <bhasker!~bhasker@nat/yahoo/x-eyxjdohvgouwabfo> has quit IRC (Ping timeout: 276 seconds)
2011-08-11T15:55:30  *** Accoun <Accoun!~1@static-213-88-39-97.chebnet.ru> has joined #aichallenge
2011-08-11T15:58:16  *** boegel <boegel!~boegel@91.182.199.246> has quit IRC (Quit: Leaving)
2011-08-11T17:11:00  *** bhasker <bhasker!~bhasker@nat/yahoo/x-cptikuycysxqsbrf> has joined #aichallenge
2011-08-11T17:12:02  *** berak <berak!~chatzilla@89.204.137.198> has quit IRC (Quit: http://tron-game.appspot.com)
2011-08-11T17:42:32  *** choas <choas!~lars@p578F6808.dip.t-dialin.net> has quit IRC (Read error: Operation timed out)
2011-08-11T17:46:31  *** Palmik <Palmik!~palmik@120-49-80-78.tmcz.cz> has quit IRC (Remote host closed the connection)
2011-08-11T17:52:42  *** Redgis <Redgis!~Nex@2a01:e34:ee3b:aa40:214:22ff:feec:c2> has quit IRC (Ping timeout: 255 seconds)
2011-08-11T18:00:58  *** foRei <foRei!~ViT@0x4dd7b24d.adsl.cybercity.dk> has quit IRC (Read error: Connection reset by peer)
2011-08-11T18:04:36  *** ltriant <ltriant!~ltriant@lithium.mailguard.com.au> has joined #aichallenge
2011-08-11T18:14:53  *** ibdknox_ <ibdknox_!~ibdknox@adsl-99-187-72-90.dsl.pltn13.sbcglobal.net> has joined #aichallenge
2011-08-11T18:28:53  *** mleise <mleise!~Marco@dslb-088-070-152-209.pools.arcor-ip.net> has quit IRC (Read error: Connection reset by peer)
2011-08-11T18:38:12  *** mleise <mleise!~marco@dslb-088-070-152-209.pools.arcor-ip.net> has joined #aichallenge
2011-08-11T18:53:37  *** mceier <mceier!~mceier@89-77-208-118.dynamic.chello.pl> has quit IRC (Quit: leaving)
2011-08-11T20:18:16  <antimatroid> mleise: that pathfinding thing was neato :)
2011-08-11T20:37:51  <mleise> antimatroid: you may like: http://www.cracked.com/article_19333_5-video-game-adaptations-that-missed-point-movie.html ^^
2011-08-11T21:01:00  *** ibdknox_ <ibdknox_!~ibdknox@adsl-99-187-72-90.dsl.pltn13.sbcglobal.net> has quit IRC (Remote host closed the connection)
2011-08-11T21:05:08  *** bhasker <bhasker!~bhasker@nat/yahoo/x-cptikuycysxqsbrf> has quit IRC (Ping timeout: 252 seconds)
2011-08-11T21:16:10  *** FireFly <FireFly!~firefly@unaffiliated/firefly> has quit IRC (Quit: swatted to death)
2011-08-11T21:42:14  *** bhasker <bhasker!~bhasker@99-162-151-97.lightspeed.sntcca.sbcglobal.net> has joined #aichallenge
2011-08-11T22:09:11  *** ibdknox <ibdknox!~ibdknox@c-98-210-192-192.hsd1.ca.comcast.net> has joined #aichallenge
2011-08-11T22:29:50  *** ibdknox <ibdknox!~ibdknox@c-98-210-192-192.hsd1.ca.comcast.net> has quit IRC (Remote host closed the connection)
2011-08-11T22:55:44  *** nnullkuhl <nnullkuhl!~nullkuhl@196.221.31.32> has joined #aichallenge
2011-08-11T22:56:38  *** nnullkuhl is now known as nullkuhl
2011-08-11T22:56:50  *** nullkuhl <nullkuhl!~nullkuhl@unaffiliated/nullkuhl> has joined #aichallenge
2011-08-11T23:13:15  *** amstan <amstan!~amstan@69-165-157-234.dsl.teksavvy.com> has quit IRC (Ping timeout: 276 seconds)
