2012-03-14T00:22:51  *** yoden <yoden!~horstman@cpe-76-190-245-7.neo.res.rr.com> has quit IRC (Quit: Leaving.)
2012-03-14T00:26:06  *** X-Scale` <X-Scale`!name@2001:470:1f14:135b::2> has quit IRC (Ping timeout: 272 seconds)
2012-03-14T00:26:38  *** amstan <amstan!~alex@aichallenge/admin/amstan> has joined #aichallenge
2012-03-14T00:26:39  *** ChanServ sets mode: +o amstan
2012-03-14T00:36:06  *** antimatroidl <antimatroidl!~Adium@student-nat-209.uconnect.utas.edu.au> has quit IRC (Ping timeout: 252 seconds)
2012-03-14T00:50:50  *** coius__ <coius__!~coeus@dslb-084-061-062-069.pools.arcor-ip.net> has joined #aichallenge
2012-03-14T00:53:34  *** coeus_ <coeus_!~coeus@dslb-084-061-019-185.pools.arcor-ip.net> has quit IRC (Ping timeout: 248 seconds)
2012-03-14T01:28:23  *** Jak_o_Shadows <Jak_o_Shadows!~Fake@unaffiliated/jak-o-shadows/x-0479135> has joined #aichallenge
2012-03-14T01:29:12  *** GeorgeH <GeorgeH!~George@c-69-141-105-145.hsd1.nj.comcast.net> has quit IRC (Read error: Connection reset by peer)
2012-03-14T02:14:06  *** Chris_0076 <Chris_0076!~Chris_007@adsl-98-66-189-97.asm.bellsouth.net> has joined #aichallenge
2012-03-14T02:24:28  *** epicmonkey <epicmonkey!~epicmonke@188.134.41.211> has joined #aichallenge
2012-03-14T02:31:37  *** amstan <amstan!~alex@aichallenge/admin/amstan> has quit IRC (Ping timeout: 252 seconds)
2012-03-14T02:42:01  *** antonh <antonh!antonh@lenin.acc.umu.se> has quit IRC (Ping timeout: 260 seconds)
2012-03-14T02:43:22  *** antonh <antonh!antonh@lenin.acc.umu.se> has joined #aichallenge
2012-03-14T02:50:41  *** epicmonkey <epicmonkey!~epicmonke@188.134.41.211> has quit IRC (Ping timeout: 252 seconds)
2012-03-14T03:15:25  *** Areks <Areks!~Areks@rs.gridnine.com> has joined #aichallenge
2012-03-14T03:28:04  *** Garf <Garf!~Garf@78-22-80-252.access.telenet.be> has joined #aichallenge
2012-03-14T03:38:12  *** vrexu <vrexu!~vrexu@79.118.176.98> has quit IRC (Ping timeout: 246 seconds)
2012-03-14T04:03:02  *** simples <simples!825855e8@gateway/web/freenode/ip.130.88.85.232> has joined #aichallenge
2012-03-14T04:03:42  *** simples <simples!825855e8@gateway/web/freenode/ip.130.88.85.232> has left #aichallenge
2012-03-14T04:09:50  *** Palmik <Palmik!~palmik@2002:93fb:d078:b:21f:d0ff:fe5a:66bf> has joined #aichallenge
2012-03-14T04:15:32  *** epicmonkey <epicmonkey!~epicmonke@host-224-60.dataart.net> has joined #aichallenge
2012-03-14T04:27:42  *** hara <hara!~hara@e182037107.adsl.alicedsl.de> has joined #aichallenge
2012-03-14T04:33:24  *** mikewintermute <mikewintermute!~mikewinte@188-223-213-21.zone14.bethere.co.uk> has joined #aichallenge
2012-03-14T05:16:00  *** sigh <sigh!~sigh@ppp114-153.static.internode.on.net> has joined #aichallenge
2012-03-14T05:19:56  *** Cyndre <Cyndre!~Cyndre@DOCSIS-182-133.cable-lynx.net> has quit IRC (Quit: Leaving)
2012-03-14T05:49:07  *** Areks <Areks!~Areks@rs.gridnine.com> has quit IRC (Ping timeout: 272 seconds)
2012-03-14T06:04:50  *** Areks <Areks!~Areks@rs.gridnine.com> has joined #aichallenge
2012-03-14T06:12:09  *** mceier <mceier!~mceier@89-77-239-61.dynamic.chello.pl> has joined #aichallenge
2012-03-14T06:30:56  *** hara <hara!~hara@e182037107.adsl.alicedsl.de> has quit IRC (Ping timeout: 272 seconds)
2012-03-14T06:37:52  *** GarfTop <GarfTop!~Garf@78-22-80-252.access.telenet.be> has joined #aichallenge
2012-03-14T06:41:42  *** Garf <Garf!~Garf@78-22-80-252.access.telenet.be> has quit IRC (Ping timeout: 272 seconds)
2012-03-14T07:13:44  *** Jak_o_Shadows <Jak_o_Shadows!~Fake@unaffiliated/jak-o-shadows/x-0479135> has quit IRC (Read error: Connection reset by peer)
2012-03-14T07:17:23  *** Garf_ <Garf_!~Garf@78-22-80-252.access.telenet.be> has joined #aichallenge
2012-03-14T07:20:58  *** GarfTop <GarfTop!~Garf@78-22-80-252.access.telenet.be> has quit IRC (Ping timeout: 272 seconds)
2012-03-14T07:24:38  *** Garf_ <Garf_!~Garf@78-22-80-252.access.telenet.be> has quit IRC (Quit: Make a new plan, Stan!)
2012-03-14T07:25:52  *** Garf <Garf!~Garf@78-22-80-252.access.telenet.be> has joined #aichallenge
2012-03-14T07:40:54  *** hara <hara!~hara@d184054.adsl.hansenet.de> has joined #aichallenge
2012-03-14T08:22:34  *** X-Scale` <X-Scale`!name@2001:470:1f14:135b::2> has joined #aichallenge
2012-03-14T08:47:34  *** _flag <_flag!~flag@69.165.173.172> has quit IRC (Quit: Lost terminal)
2012-03-14T08:59:09  *** amstan <amstan!~alex@aichallenge/admin/amstan> has joined #aichallenge
2012-03-14T08:59:09  *** ChanServ sets mode: +o amstan
2012-03-14T09:07:32  *** amstan <amstan!~alex@aichallenge/admin/amstan> has quit IRC (Quit: Konversation terminated!)
2012-03-14T09:18:02  *** sigh <sigh!~sigh@ppp114-153.static.internode.on.net> has quit IRC (Remote host closed the connection)
2012-03-14T09:44:19  *** delt0r <delt0r!~bob@weissmann.cibiv.univie.ac.at> has quit IRC (Ping timeout: 252 seconds)
2012-03-14T09:44:34  *** delt0r <delt0r!~bob@weissmann.cibiv.univie.ac.at> has joined #aichallenge
2012-03-14T09:52:48  *** kurnevsky <kurnevsky!~kurnevsky@178.163.188.163> has joined #aichallenge
2012-03-14T10:18:10  *** TheLinker <TheLinker!~TheLinker@host36.190-137-174.telecom.net.ar> has joined #aichallenge
2012-03-14T10:47:11  *** Areks|2 <Areks|2!~Areks@rs.gridnine.com> has joined #aichallenge
2012-03-14T10:49:21  *** Areks <Areks!~Areks@rs.gridnine.com> has quit IRC (Ping timeout: 272 seconds)
2012-03-14T10:51:53  *** Areks|2 <Areks|2!~Areks@rs.gridnine.com> has quit IRC (Ping timeout: 272 seconds)
2012-03-14T11:00:27  *** GuiKa <GuiKa!c351e489@gateway/web/freenode/ip.195.81.228.137> has joined #aichallenge
2012-03-14T11:00:31  <GuiKa> Hello
2012-03-14T11:01:49  <GuiKa> Where can i play ants in a competitive environement atm ?
2012-03-14T11:06:01  <GuiKa> dam is this game dead ? D:
2012-03-14T11:09:33  *** Palmik <Palmik!~palmik@2002:93fb:d078:b:21f:d0ff:fe5a:66bf> has quit IRC (Ping timeout: 260 seconds)
2012-03-14T11:19:10  *** Palmik <Palmik!~palmik@2002:93fb:d914:b:21f:d0ff:fe5a:66bf> has joined #aichallenge
2012-03-14T11:23:56  *** GuiKa <GuiKa!c351e489@gateway/web/freenode/ip.195.81.228.137> has quit IRC (Quit: Page closed)
2012-03-14T11:42:20  *** kurnevsky1 <kurnevsky1!~kurnevsky@128.65.45.176> has joined #aichallenge
2012-03-14T11:45:43  *** kurnevsky <kurnevsky!~kurnevsky@178.163.188.163> has quit IRC (Ping timeout: 244 seconds)
2012-03-14T11:48:18  *** GuiKa <GuiKa!c351e489@gateway/web/freenode/ip.195.81.228.137> has joined #aichallenge
2012-03-14T11:49:44  <GuiKa> Ping.
2012-03-14T11:51:58  <GuiKa> (ノ ゜Д゜)ノ ==== ┻━━┻
2012-03-14T11:53:07  <GuiKa> ┬─┬ノ( º _ ºノ)
2012-03-14T11:53:10  <GuiKa> (ノಠ益ಠ)ノ彡┻━┻
2012-03-14T11:53:46  <GuiKa> (ಠ_ಠ)
2012-03-14T11:54:12  *** cyphase <cyphase!~cyphase@unaffiliated/cyphase> has quit IRC (Read error: Connection reset by peer)
2012-03-14T11:59:08  *** Zepp <Zepp!~m2ellis@taurine.csclub.uwaterloo.ca> has quit IRC (Ping timeout: 240 seconds)
2012-03-14T11:59:39  *** j3camero <j3camero!~j3camero@taurine.csclub.uwaterloo.ca> has quit IRC (Ping timeout: 272 seconds)
2012-03-14T12:00:37  *** Zepp <Zepp!~m2ellis@taurine.csclub.uwaterloo.ca> has joined #aichallenge
2012-03-14T12:02:03  *** thestinger <thestinger!~strcat@CPE98fc1165cb6f-CM00159a09b2d0.cpe.net.cable.rogers.com> has joined #aichallenge
2012-03-14T12:04:52  *** GuiKa <GuiKa!c351e489@gateway/web/freenode/ip.195.81.228.137> has quit IRC (Quit: Page closed)
2012-03-14T12:05:05  *** j3camero <j3camero!~j3camero@taurine.csclub.uwaterloo.ca> has joined #aichallenge
2012-03-14T12:05:58  *** coeus_ <coeus_!~coeus@dslb-084-061-027-222.pools.arcor-ip.net> has joined #aichallenge
2012-03-14T12:08:55  *** coius__ <coius__!~coeus@dslb-084-061-062-069.pools.arcor-ip.net> has quit IRC (Ping timeout: 252 seconds)
2012-03-14T12:14:14  *** cyphase <cyphase!~cyphase@unaffiliated/cyphase> has joined #aichallenge
2012-03-14T12:34:55  *** Fandekasp <Fandekasp!~Fandekasp@99-185-42-6.lightspeed.sntcca.sbcglobal.net> has quit IRC (Ping timeout: 260 seconds)
2012-03-14T12:58:19  *** Fandekasp <Fandekasp!~Fandekasp@12.43.173.9> has joined #aichallenge
2012-03-14T13:00:52  *** mcstar <mcstar!~mcstar@adsl-89-135-195-50.monradsl.monornet.hu> has joined #aichallenge
2012-03-14T13:01:40  *** coius__ <coius__!~coeus@dslb-084-061-065-080.pools.arcor-ip.net> has joined #aichallenge
2012-03-14T13:04:40  *** coeus_ <coeus_!~coeus@dslb-084-061-027-222.pools.arcor-ip.net> has quit IRC (Ping timeout: 260 seconds)
2012-03-14T13:19:24  *** kilae <kilae!~chatzilla@catv-161-018.tbwil.ch> has joined #aichallenge
2012-03-14T13:20:46  *** kurnevsky <kurnevsky!~kurnevsky@46.56.157.67> has joined #aichallenge
2012-03-14T13:22:08  *** kurnevsky1 <kurnevsky1!~kurnevsky@128.65.45.176> has quit IRC (Ping timeout: 265 seconds)
2012-03-14T13:47:51  *** Tombana <Tombana!4da08949@gateway/web/freenode/ip.77.160.137.73> has joined #aichallenge
2012-03-14T13:48:29  *** Tombana <Tombana!4da08949@gateway/web/freenode/ip.77.160.137.73> has left #aichallenge
2012-03-14T14:03:14  *** mikewintermute <mikewintermute!~mikewinte@188-223-213-21.zone14.bethere.co.uk> has quit IRC (Quit: mikewintermute)
2012-03-14T14:05:37  *** treeform_ <treeform_!~treeform@108.60.121.46> has joined #aichallenge
2012-03-14T14:10:49  *** UncleVasya <UncleVasya!kvirc@178-133-40-1.dialup.umc.net.ua> has joined #aichallenge
2012-03-14T14:24:37  *** foRei <foRei!~ViT@0x4dd7b24d.adsl.cybercity.dk> has joined #aichallenge
2012-03-14T14:25:45  *** epicmonkey <epicmonkey!~epicmonke@host-224-60.dataart.net> has quit IRC (Ping timeout: 245 seconds)
2012-03-14T14:43:05  *** Palmik <Palmik!~palmik@2002:93fb:d914:b:21f:d0ff:fe5a:66bf> has quit IRC (Remote host closed the connection)
2012-03-14T14:53:09  *** kilae <kilae!~chatzilla@catv-161-018.tbwil.ch> has quit IRC (Quit: ChatZilla 0.9.88.1 [Firefox 10.0.2/20120215223356])
2012-03-14T14:55:19  *** vrexu <vrexu!~vrexu@79.118.176.98> has joined #aichallenge
2012-03-14T15:03:29  *** coius__ <coius__!~coeus@dslb-084-061-065-080.pools.arcor-ip.net> has quit IRC (Quit: Verlassend)
2012-03-14T15:20:40  *** Accoun <Accoun!~1@static-213-88-39-97.chebnet.ru> has quit IRC ()
2012-03-14T15:20:46  *** few <few!~quassel@dirac.nat.uni-magdeburg.de> has joined #aichallenge
2012-03-14T15:37:21  *** epicmonkey <epicmonkey!~epicmonke@188.134.41.211> has joined #aichallenge
2012-03-14T15:45:24  *** Accoun <Accoun!~1@static-213-88-39-97.chebnet.ru> has joined #aichallenge
2012-03-14T15:57:35  *** Chris_0076 <Chris_0076!~Chris_007@adsl-98-66-189-97.asm.bellsouth.net> has quit IRC (Quit: Leaving)
2012-03-14T16:40:41  *** kurnevsky <kurnevsky!~kurnevsky@46.56.157.67> has quit IRC (Read error: Connection reset by peer)
2012-03-14T17:06:38  *** Jak_o_Shadows <Jak_o_Shadows!~Fake@unaffiliated/jak-o-shadows/x-0479135> has joined #aichallenge
2012-03-14T17:24:12  *** amstan <amstan!~alex@aichallenge/admin/amstan> has joined #aichallenge
2012-03-14T17:24:13  *** ChanServ sets mode: +o amstan
2012-03-14T17:41:35  *** vrexu <vrexu!~vrexu@79.118.176.98> has quit IRC (Ping timeout: 246 seconds)
2012-03-14T17:50:40  *** sigh <sigh!~sigh@ppp114-153.static.internode.on.net> has joined #aichallenge
2012-03-14T17:55:55  *** epicmonkey <epicmonkey!~epicmonke@188.134.41.211> has quit IRC (Read error: Operation timed out)
2012-03-14T18:03:51  *** UncleVasya <UncleVasya!kvirc@178-133-40-1.dialup.umc.net.ua> has quit IRC ()
2012-03-14T18:05:15  *** Jak_o_Shadows <Jak_o_Shadows!~Fake@unaffiliated/jak-o-shadows/x-0479135> has quit IRC (Remote host closed the connection)
2012-03-14T18:08:58  *** foRei <foRei!~ViT@0x4dd7b24d.adsl.cybercity.dk> has quit IRC (Quit: Bye)
2012-03-14T18:23:23  *** sigh <sigh!~sigh@ppp114-153.static.internode.on.net> has quit IRC (Remote host closed the connection)
2012-03-14T18:28:35  *** nle <nle!d4c6e672@gateway/web/freenode/ip.212.198.230.114> has joined #aichallenge
2012-03-14T18:54:31  *** Fandekasp <Fandekasp!~Fandekasp@12.43.173.9> has quit IRC (Ping timeout: 260 seconds)
2012-03-14T19:01:09  *** Fandekasp <Fandekasp!~Fandekasp@12.43.172.205> has joined #aichallenge
2012-03-14T19:05:17  *** hara <hara!~hara@d184054.adsl.hansenet.de> has quit IRC ()
2012-03-14T19:05:33  *** Fandekasp <Fandekasp!~Fandekasp@12.43.172.205> has quit IRC (Ping timeout: 244 seconds)
2012-03-14T19:09:54  *** mceier <mceier!~mceier@89-77-239-61.dynamic.chello.pl> has quit IRC (Quit: leaving)
2012-03-14T19:39:29  *** Fandekasp <Fandekasp!~Fandekasp@99-185-42-6.lightspeed.sntcca.sbcglobal.net> has joined #aichallenge
2012-03-14T20:15:58  *** scribble <scribble!scribble@74-132-73-182.dhcp.insightbb.com> has joined #aichallenge
2012-03-14T20:23:58  <scribble> Hey guys, anyone have any info about the next challenge?
2012-03-14T20:44:31  *** Garf <Garf!~Garf@78-22-80-252.access.telenet.be> has quit IRC (Quit: Make a new plan, Stan!)
2012-03-14T20:47:55  *** _flag <_flag!~flag@69-165-173-172.dsl.teksavvy.com> has joined #aichallenge
2012-03-14T20:49:48  *** Chris_0076 <Chris_0076!~Chris_007@adsl-98-66-189-97.asm.bellsouth.net> has joined #aichallenge
2012-03-14T20:51:10  *** yoden <yoden!~horstman@cpe-76-190-245-7.neo.res.rr.com> has joined #aichallenge
2012-03-14T21:00:39  *** nle <nle!d4c6e672@gateway/web/freenode/ip.212.198.230.114> has quit IRC (Ping timeout: 245 seconds)
2012-03-14T21:06:16  *** mcstar <mcstar!~mcstar@adsl-89-135-195-50.monradsl.monornet.hu> has quit IRC (Quit: mcstar)
2012-03-14T21:13:12  *** scribble <scribble!scribble@74-132-73-182.dhcp.insightbb.com> has quit IRC ()
2012-03-14T22:23:27  *** antimatroid <antimatroid!~nick@176.115-27-211.dynamic.dsl.mel.iprimus.net.au> has quit IRC (Ping timeout: 244 seconds)
2012-03-14T22:39:58  *** antimatroid <antimatroid!~nick@176.115-27-211.dynamic.dsl.mel.iprimus.net.au> has joined #aichallenge
2012-03-14T22:41:27  *** TheLinker <TheLinker!~TheLinker@host36.190-137-174.telecom.net.ar> has quit IRC (Remote host closed the connection)
2012-03-14T22:44:32  *** antimatroid <antimatroid!~nick@176.115-27-211.dynamic.dsl.mel.iprimus.net.au> has quit IRC (Ping timeout: 245 seconds)
2012-03-14T22:58:05  *** antimatroid <antimatroid!~nick@176.115-27-211.dynamic.dsl.mel.iprimus.net.au> has joined #aichallenge
2012-03-14T23:02:36  *** antimatroid <antimatroid!~nick@176.115-27-211.dynamic.dsl.mel.iprimus.net.au> has quit IRC (Ping timeout: 244 seconds)
2012-03-14T23:23:58  *** Kingpin13 <Kingpin13!~Kingpin13@Wikipedia/Kingpin13> has quit IRC (Quit: quit)
2012-03-14T23:24:15  *** antimatroid <antimatroid!~nick@176.115-27-211.dynamic.dsl.mel.iprimus.net.au> has joined #aichallenge
2012-03-14T23:35:43  *** amstan <amstan!~alex@aichallenge/admin/amstan> has quit IRC (Quit: Konversation terminated!)
2012-03-14T23:42:47  *** amstan <amstan!~alex@aichallenge/admin/amstan> has joined #aichallenge
2012-03-14T23:42:48  *** ChanServ sets mode: +o amstan
