2011-08-16T00:06:58  *** dlila <dlila!~dlila@CPE0014d1c9243c-CM001bd71cede2.cpe.net.cable.rogers.com> has joined #aichallenge
2011-08-16T00:08:24  *** dlila <dlila!~dlila@CPE0014d1c9243c-CM001bd71cede2.cpe.net.cable.rogers.com> has quit IRC (Read error: Connection reset by peer)
2011-08-16T00:57:12  *** bhasker <bhasker!~bhasker@99-162-151-97.lightspeed.sntcca.sbcglobal.net> has joined #aichallenge
2011-08-16T01:03:15  *** GeorgeSebastian <GeorgeSebastian!~georgeSeb@unaffiliated/georgesebastian> has quit IRC (Read error: Connection reset by peer)
2011-08-16T01:17:42  *** rabidus <rabidus!~tan@85-23-149-239.bb.dnainternet.fi> has quit IRC (Ping timeout: 276 seconds)
2011-08-16T01:19:12  *** rabidus <rabidus!~tan@85-23-149-239.bb.dnainternet.fi> has joined #aichallenge
2011-08-16T01:47:58  *** ibdknox <ibdknox!~ibdknox@2002:62d2:c0c0:1234:8573:d10f:248:f4a7> has joined #aichallenge
2011-08-16T01:49:49  *** Lithosphere <Lithosphere!~lithosphe@78-21-162-147.access.telenet.be> has joined #aichallenge
2011-08-16T01:49:49  *** Lithosphere <Lithosphere!~lithosphe@unaffiliated/lithosphere> has joined #aichallenge
2011-08-16T01:50:34  *** sir_macelon <sir_macelon!c06482e5@gateway/web/freenode/ip.192.100.130.229> has joined #aichallenge
2011-08-16T02:21:40  *** antimatroid <antimatroid!~nick@119.120-27-211.dynamic.dsl.mel.iprimus.net.au> has joined #aichallenge
2011-08-16T02:48:56  *** Accoun <Accoun!~1@static-213-88-39-97.chebnet.ru> has quit IRC (Ping timeout: 260 seconds)
2011-08-16T03:07:25  *** Accoun <Accoun!~1@static-213-88-39-97.chebnet.ru> has joined #aichallenge
2011-08-16T03:09:17  *** aerique <aerique!310225@xs8.xs4all.nl> has joined #aichallenge
2011-08-16T03:27:42  *** mceier <mceier!~mceier@89-77-208-118.dynamic.chello.pl> has joined #aichallenge
2011-08-16T03:30:49  *** ltriant <ltriant!~ltriant@lithium.mailguard.com.au> has quit IRC (Quit: Computer has gone to sleep)
2011-08-16T03:40:06  *** berak <berak!~chatzilla@82.113.99.132> has joined #aichallenge
2011-08-16T03:59:41  *** amstan <amstan!~amstan@69-165-157-234.dsl.teksavvy.com> has quit IRC (Ping timeout: 240 seconds)
2011-08-16T03:59:54  *** Palmik <Palmik!~palmik@120-49-80-78.tmcz.cz> has joined #aichallenge
2011-08-16T04:10:20  *** vdp|afk is now known as vdp
2011-08-16T04:16:59  *** foRei <foRei!~ViT@0x4dd7b24d.adsl.cybercity.dk> has joined #aichallenge
2011-08-16T04:19:46  *** ibdknox <ibdknox!~ibdknox@2002:62d2:c0c0:1234:8573:d10f:248:f4a7> has quit IRC (Remote host closed the connection)
2011-08-16T04:24:26  *** vdp is now known as vdp|afk
2011-08-16T04:25:00  *** Naktibalda <Naktibalda!~chatzilla@host-81-20-37-12.eckoh.com> has joined #aichallenge
2011-08-16T04:48:17  *** boegel <boegel!~boegel@ca60c171.ugent.be> has joined #aichallenge
2011-08-16T04:48:39  *** UncleVasya <UncleVasya!~UncleVasy@31.144.167.32> has joined #aichallenge
2011-08-16T05:40:17  *** sigh <sigh!~sigh@ppp114-153.static.internode.on.net> has joined #aichallenge
2011-08-16T05:41:01  *** Kingpin13 <Kingpin13!~Kingpin13@Wikipedia/Kingpin13> has joined #aichallenge
2011-08-16T05:58:56  *** mcstar <mcstar!~mcstar@adsl-89-132-59-119.monradsl.monornet.hu> has joined #aichallenge
2011-08-16T06:17:07  *** mleise <mleise!~marco@dslb-088-070-152-209.pools.arcor-ip.net> has joined #aichallenge
2011-08-16T06:30:06  *** sir_macelon <sir_macelon!c06482e5@gateway/web/freenode/ip.192.100.130.229> has quit IRC (Quit: Page closed)
2011-08-16T07:47:35  *** _will_sell_5_BTC <_will_sell_5_BTC!~1@static-213-88-39-97.chebnet.ru> has joined #aichallenge
2011-08-16T07:47:35  *** Accoun <Accoun!~1@static-213-88-39-97.chebnet.ru> has quit IRC (Remote host closed the connection)
2011-08-16T08:04:05  *** MuTaLi5k <MuTaLi5k!~ViT@0x4dd7b24d.adsl.cybercity.dk> has joined #aichallenge
2011-08-16T08:06:35  *** foRei <foRei!~ViT@0x4dd7b24d.adsl.cybercity.dk> has quit IRC (Ping timeout: 252 seconds)
2011-08-16T09:44:29  *** raedwulf <raedwulf!~Raedwulf@cpc1-york1-0-0-cust536.7-1.cable.virginmedia.com> has joined #aichallenge
2011-08-16T09:59:43  *** sigh <sigh!~sigh@ppp114-153.static.internode.on.net> has quit IRC (Remote host closed the connection)
2011-08-16T10:36:41  *** _will_sell_5_BTC <_will_sell_5_BTC!~1@static-213-88-39-97.chebnet.ru> has quit IRC (Ping timeout: 240 seconds)
2011-08-16T10:40:58  *** Accoun <Accoun!~1@static-213-88-39-97.chebnet.ru> has joined #aichallenge
2011-08-16T10:44:45  *** boegel <boegel!~boegel@ca60c171.ugent.be> has quit IRC (Ping timeout: 240 seconds)
2011-08-16T10:46:30  *** amstan <amstan!~amstan@69-165-157-234.dsl.teksavvy.com> has joined #aichallenge
2011-08-16T10:46:30  *** ChanServ sets mode: +o amstan
2011-08-16T11:06:07  *** sigh <sigh!~sigh@ppp114-153.static.internode.on.net> has joined #aichallenge
2011-08-16T11:23:57  *** aerique <aerique!310225@xs8.xs4all.nl> has quit IRC (Quit: ...)
2011-08-16T11:50:04  *** sigh <sigh!~sigh@ppp114-153.static.internode.on.net> has quit IRC (Remote host closed the connection)
2011-08-16T12:40:31  *** boegel <boegel!~boegel@boegel.ugent.be> has joined #aichallenge
2011-08-16T12:48:57  *** boegel_ <boegel_!~boegel@91.182.52.106> has joined #aichallenge
2011-08-16T12:49:41  *** boegel <boegel!~boegel@boegel.ugent.be> has quit IRC (Ping timeout: 240 seconds)
2011-08-16T12:55:44  *** Naktibalda <Naktibalda!~chatzilla@host-81-20-37-12.eckoh.com> has quit IRC (Quit: ChatZilla 0.9.87 [Firefox 5.0/20110615151330])
2011-08-16T13:01:15  *** amstan <amstan!~amstan@69-165-157-234.dsl.teksavvy.com> has quit IRC (Ping timeout: 260 seconds)
2011-08-16T13:19:25  *** ibdknox <ibdknox!~ibdknox@c-98-210-192-192.hsd1.ca.comcast.net> has joined #aichallenge
2011-08-16T14:08:40  *** ibdknox <ibdknox!~ibdknox@c-98-210-192-192.hsd1.ca.comcast.net> has quit IRC (Remote host closed the connection)
2011-08-16T14:29:35  *** FireFly <FireFly!~firefly@unaffiliated/firefly> has joined #aichallenge
2011-08-16T14:42:37  *** mceier <mceier!~mceier@89-77-208-118.dynamic.chello.pl> has quit IRC (Quit: leaving)
2011-08-16T15:04:12  *** Redgis <Redgis!~Nex@2a01:e34:ee3b:aa40:214:22ff:feec:c2> has joined #aichallenge
2011-08-16T15:22:25  *** wonklab <wonklab!~jeargle@angara.scs.uiuc.edu> has quit IRC (Ping timeout: 260 seconds)
2011-08-16T15:30:11  *** mleise <mleise!~marco@dslb-088-070-152-209.pools.arcor-ip.net> has quit IRC (Quit: Leaving.)
2011-08-16T15:35:47  *** nann <nann!~apophis@77-58-128-11.dclient.hispeed.ch> has quit IRC (Quit: Verlassend)
2011-08-16T15:37:37  *** mathis_ <mathis_!5ce77ca2@gateway/web/freenode/ip.92.231.124.162> has joined #aichallenge
2011-08-16T15:38:44  *** Apophis_ <Apophis_!~apophis@77-58-128-11.dclient.hispeed.ch> has joined #aichallenge
2011-08-16T15:50:41  *** Accoun <Accoun!~1@static-213-88-39-97.chebnet.ru> has quit IRC ()
2011-08-16T15:53:08  *** wonklab <wonklab!~jeargle@angara.scs.uiuc.edu> has joined #aichallenge
2011-08-16T16:08:53  *** Accoun <Accoun!~1@static-213-88-39-97.chebnet.ru> has joined #aichallenge
2011-08-16T16:30:53  *** berak <berak!~chatzilla@82.113.99.132> has quit IRC (Quit: ChatZilla 0.9.84 [SeaMonkey 2.0a3/20090223135443])
2011-08-16T16:33:37  *** jmcarthur <jmcarthur!~jake@pool-98-113-42-2.nycmny.fios.verizon.net> has quit IRC (Ping timeout: 250 seconds)
2011-08-16T16:34:32  *** mathis_ <mathis_!5ce77ca2@gateway/web/freenode/ip.92.231.124.162> has quit IRC (Quit: Page closed)
2011-08-16T16:46:02  *** boegel_ <boegel_!~boegel@91.182.52.106> has quit IRC (Quit: Leaving)
2011-08-16T16:57:24  *** Cyndre <Cyndre!~Cyndre@DOCSIS-181-75.cable-lynx.net> has joined #aichallenge
2011-08-16T17:09:37  *** amstan <amstan!~amstan@69-165-157-234.dsl.teksavvy.com> has joined #aichallenge
2011-08-16T17:09:48  *** ChanServ sets mode: +o amstan
2011-08-16T17:14:30  *** mceier <mceier!~mceier@89-77-208-118.dynamic.chello.pl> has joined #aichallenge
2011-08-16T17:27:07  *** FireFly <FireFly!~firefly@unaffiliated/firefly> has quit IRC (Quit: FireFly)
2011-08-16T17:33:13  *** MuTaLi5k <MuTaLi5k!~ViT@0x4dd7b24d.adsl.cybercity.dk> has quit IRC (Read error: Connection reset by peer)
2011-08-16T17:35:48  *** JaycobColeman <JaycobColeman!~Jaycob@28-146-42-72.gci.net> has joined #aichallenge
2011-08-16T17:53:18  *** ltriant <ltriant!~ltriant@lithium.mailguard.com.au> has joined #aichallenge
2011-08-16T18:08:45  *** mcstar <mcstar!~mcstar@adsl-89-132-59-119.monradsl.monornet.hu> has quit IRC (Quit: WeeChat 0.3.5)
2011-08-16T18:26:32  *** JaycobColeman <JaycobColeman!~Jaycob@28-146-42-72.gci.net> has quit IRC (Quit: JaycobColeman)
2011-08-16T18:34:27  *** mceier <mceier!~mceier@89-77-208-118.dynamic.chello.pl> has quit IRC (Quit: leaving)
2011-08-16T18:40:14  *** Palmik <Palmik!~palmik@120-49-80-78.tmcz.cz> has quit IRC (Remote host closed the connection)
2011-08-16T18:50:52  *** Eruonen <Eruonen!~c@e198153.upc-e.chello.nl> has joined #aichallenge
2011-08-16T18:51:46  *** Eruonen <Eruonen!~c@e198153.upc-e.chello.nl> has joined #aichallenge
2011-08-16T18:52:25  *** onensora <onensora!~c@e198153.upc-e.chello.nl> has quit IRC (Ping timeout: 260 seconds)
2011-08-16T18:54:21  *** Redgis <Redgis!~Nex@2a01:e34:ee3b:aa40:214:22ff:feec:c2> has quit IRC (Ping timeout: 255 seconds)
2011-08-16T19:13:28  *** MuhammadBadr <MuhammadBadr!~muhammad@197.195.7.2> has joined #aichallenge
2011-08-16T20:21:22  *** Cyndre <Cyndre!~Cyndre@DOCSIS-181-75.cable-lynx.net> has quit IRC (Ping timeout: 258 seconds)
2011-08-16T20:25:51  *** onensora <onensora!~c@e198153.upc-e.chello.nl> has joined #aichallenge
2011-08-16T20:27:07  *** Eruonen <Eruonen!~c@e198153.upc-e.chello.nl> has quit IRC (Ping timeout: 258 seconds)
2011-08-16T21:44:32  *** doddzy39_ <doddzy39_!3ba7b4da@gateway/web/freenode/ip.59.167.180.218> has joined #aichallenge
2011-08-16T22:03:04  *** Kingpin13 <Kingpin13!~Kingpin13@Wikipedia/Kingpin13> has quit IRC (Quit: this used to be the life but I don't need another one)
2011-08-16T22:12:09  *** nnullkuhl <nnullkuhl!~nullkuhl@196.221.226.170> has joined #aichallenge
2011-08-16T22:28:24  *** jmcarthur <jmcarthur!~jake@pool-71-125-56-51.nycmny.fios.verizon.net> has joined #aichallenge
2011-08-16T22:38:41  *** MuhammadBadr <MuhammadBadr!~muhammad@197.195.7.2> has quit IRC (Quit: Leaving)
2011-08-16T22:42:39  *** ibdknox_ <ibdknox_!~ibdknox@c-98-210-192-192.hsd1.ca.comcast.net> has joined #aichallenge
2011-08-16T22:48:29  *** ibdknox_ <ibdknox_!~ibdknox@c-98-210-192-192.hsd1.ca.comcast.net> has quit IRC (Remote host closed the connection)
