2012-06-18T00:17:54  *** amstan <amstan!~alex@aichallenge/admin/amstan> has quit IRC (Remote host closed the connection)
2012-06-18T00:43:13  *** coeus <coeus!~coeus@dslb-084-061-056-077.pools.arcor-ip.net> has quit IRC (Ping timeout: 265 seconds)
2012-06-18T01:56:57  *** coeus <coeus!~coeus@dslb-084-061-056-077.pools.arcor-ip.net> has joined #aichallenge
2012-06-18T02:13:46  *** coeus <coeus!~coeus@dslb-084-061-056-077.pools.arcor-ip.net> has quit IRC (Ping timeout: 276 seconds)
2012-06-18T02:38:51  *** Garf <Garf!~Garf@78-22-80-252.access.telenet.be> has joined #aichallenge
2012-06-18T03:02:30  *** thestinger <thestinger!~strcat@CPE98fc1165cb6f-CM00159a09b2d0.cpe.net.cable.rogers.com> has quit IRC (Quit: WeeChat 0.3.8)
2012-06-18T03:31:49  *** mviel_ <mviel_!~mviel@LNantes-156-75-13-22.w82-127.abo.wanadoo.fr> has joined #aichallenge
2012-06-18T03:34:21  *** mceier <mceier!~mceier@77-252-246-25.ip.netia.com.pl> has joined #aichallenge
2012-06-18T04:23:38  *** epicmonkey <epicmonkey!~epicmonke@188.134.41.211> has joined #aichallenge
2012-06-18T05:39:01  *** sigh <sigh!~sigh@ppp114-153.static.internode.on.net> has joined #aichallenge
2012-06-18T06:01:13  *** mceier <mceier!~mceier@77-252-246-25.ip.netia.com.pl> has quit IRC (Quit: leaving)
2012-06-18T08:30:30  *** HaraKiri <HaraKiri!~hara@g224176216.adsl.alicedsl.de> has joined #aichallenge
2012-06-18T08:46:59  *** foRei <foRei!~ViT@0x4dd7b24d.adsl.cybercity.dk> has joined #aichallenge
2012-06-18T09:57:31  *** kurnevsky <kurnevsky!~kurnevsky@37.17.115.151> has joined #aichallenge
2012-06-18T10:10:29  *** NoxiaZ^ <NoxiaZ^!~noxi@87-104-29-39-dynamic-customer.profibernet.dk> has joined #aichallenge
2012-06-18T10:16:40  *** HaraKiri <HaraKiri!~hara@g224176216.adsl.alicedsl.de> has quit IRC ()
2012-06-18T10:33:15  *** kurnevsky <kurnevsky!~kurnevsky@37.17.115.151> has quit IRC (Ping timeout: 246 seconds)
2012-06-18T10:52:33  *** kurnevsky <kurnevsky!~kurnevsky@37.17.115.151> has joined #aichallenge
2012-06-18T11:05:43  *** thestinger <thestinger!~strcat@CPE98fc1165cb6f-CM00159a09b2d0.cpe.net.cable.rogers.com> has joined #aichallenge
2012-06-18T11:50:10  *** GuiKa <GuiKa!c351e489@gateway/web/freenode/ip.195.81.228.137> has joined #aichallenge
2012-06-18T11:57:59  *** mceier <mceier!~mceier@89-77-239-61.dynamic.chello.pl> has joined #aichallenge
2012-06-18T12:01:56  <GuiKa> @rainbow 8========D  째째( . Y . )
2012-06-18T12:01:56  <contestbot> GuiKa: 8========D 째째( . Y . )
2012-06-18T12:20:35  *** sigh <sigh!~sigh@ppp114-153.static.internode.on.net> has quit IRC (Remote host closed the connection)
2012-06-18T13:05:41  *** iglo <iglo!~xy@xdsl-92-252-82-203.dip.osnanet.de> has joined #aichallenge
2012-06-18T13:17:30  *** cyphase <cyphase!~cyphase@unaffiliated/cyphase> has quit IRC (Ping timeout: 240 seconds)
2012-06-18T13:27:13  *** mcstar <mcstar!~mcstar@adsl-89-132-45-130.monradsl.monornet.hu> has joined #aichallenge
2012-06-18T13:28:53  <mcstar> give the man a fish, he will eat for a day, teach him how to use @rainbow, he will have fun for the rest of his life
2012-06-18T13:31:40  <GuiKa> The man is happy right now.
2012-06-18T14:03:54  *** choas <choas!~lars@87.149.199.13> has joined #aichallenge
2012-06-18T14:18:37  *** thestinger <thestinger!~strcat@CPE98fc1165cb6f-CM00159a09b2d0.cpe.net.cable.rogers.com> has quit IRC (Quit: WeeChat 0.3.8)
2012-06-18T14:35:31  *** kurnevsky <kurnevsky!~kurnevsky@37.17.115.151> has quit IRC (Read error: Connection reset by peer)
2012-06-18T14:36:00  *** kurnevsky <kurnevsky!~kurnevsky@37.17.115.151> has joined #aichallenge
2012-06-18T15:03:22  *** heinrich5991 <heinrich5991!~hein5991@unaffiliated/heinrich5991> has quit IRC (Ping timeout: 252 seconds)
2012-06-18T15:09:58  *** GuiKa <GuiKa!c351e489@gateway/web/freenode/ip.195.81.228.137> has quit IRC (Ping timeout: 245 seconds)
2012-06-18T15:10:18  *** Accoun <Accoun!~1@static-213-88-39-97.chebnet.ru> has quit IRC ()
2012-06-18T15:14:20  *** heinrich5991 <heinrich5991!~hein5991@unaffiliated/heinrich5991> has joined #aichallenge
2012-06-18T15:17:22  *** coeus <coeus!~coeus@dslb-084-061-056-077.pools.arcor-ip.net> has joined #aichallenge
2012-06-18T15:25:26  *** Accoun <Accoun!~1@static-213-88-39-97.chebnet.ru> has joined #aichallenge
2012-06-18T15:29:31  *** thestinger <thestinger!~strcat@CPE98fc1165cb6f-CM00159a09b2d0.cpe.net.cable.rogers.com> has joined #aichallenge
2012-06-18T15:31:17  *** heinrich5991 <heinrich5991!~hein5991@unaffiliated/heinrich5991> has quit IRC (Ping timeout: 260 seconds)
2012-06-18T15:39:20  *** heinrich5991 <heinrich5991!~hein5991@unaffiliated/heinrich5991> has joined #aichallenge
2012-06-18T16:13:23  *** HaraKiri <HaraKiri!~hara@d184056.adsl.hansenet.de> has joined #aichallenge
2012-06-18T16:55:19  *** choas <choas!~lars@87.149.199.13> has quit IRC (Ping timeout: 252 seconds)
2012-06-18T17:06:40  *** kurnevsky <kurnevsky!~kurnevsky@37.17.115.151> has quit IRC (Quit: Leaving.)
2012-06-18T17:07:43  *** Garf <Garf!~Garf@78-22-80-252.access.telenet.be> has quit IRC (Quit: Make a new plan, Stan!)
2012-06-18T17:22:20  *** HaraKiri <HaraKiri!~hara@d184056.adsl.hansenet.de> has quit IRC ()
2012-06-18T17:28:16  *** mceier <mceier!~mceier@89-77-239-61.dynamic.chello.pl> has quit IRC (Quit: leaving)
2012-06-18T17:32:39  *** amstan <amstan!~alex@aichallenge/admin/amstan> has joined #aichallenge
2012-06-18T17:32:39  *** ChanServ sets mode: +o amstan
2012-06-18T18:09:45  *** bqf <bqf!~bqf@unaffiliated/bqf> has quit IRC (Ping timeout: 252 seconds)
2012-06-18T18:18:01  *** NoxiaZ^ <NoxiaZ^!~noxi@87-104-29-39-dynamic-customer.profibernet.dk> has quit IRC (Ping timeout: 250 seconds)
2012-06-18T18:21:35  *** iglo <iglo!~xy@xdsl-92-252-82-203.dip.osnanet.de> has quit IRC (Remote host closed the connection)
2012-06-18T18:33:10  *** Apophis <Apophis!~apophis@80-218-68-103.dclient.hispeed.ch> has quit IRC (Ping timeout: 272 seconds)
2012-06-18T18:45:17  *** bqf <bqf!~bqf@dslb-094-220-204-174.pools.arcor-ip.net> has joined #aichallenge
2012-06-18T18:48:41  *** mcstar <mcstar!~mcstar@adsl-89-132-45-130.monradsl.monornet.hu> has quit IRC (Quit: mcstar)
2012-06-18T18:54:59  *** contestbot <contestbot!~supybot@aichallenge/bot/contestbot> has joined #aichallenge
2012-06-18T18:55:00  *** ChanServ sets mode: +o contestbot
2012-06-18T18:57:12  *** Apophis <Apophis!~apophis@80-218-68-103.dclient.hispeed.ch> has joined #aichallenge
2012-06-18T19:15:30  *** thestinger <thestinger!~strcat@CPE98fc1165cb6f-CM00159a09b2d0.cpe.net.cable.rogers.com> has quit IRC (Quit: WeeChat 0.3.8)
2012-06-18T19:19:10  *** bqf <bqf!~bqf@dslb-094-220-204-116.pools.arcor-ip.net> has joined #aichallenge
2012-06-18T19:34:41  *** epicmonkey <epicmonkey!~epicmonke@188.134.41.211> has quit IRC (Ping timeout: 245 seconds)
2012-06-18T19:54:47  *** foRei <foRei!~ViT@0x4dd7b24d.adsl.cybercity.dk> has quit IRC (Quit: Bye)
2012-06-18T20:30:09  *** thestinger <thestinger!~strcat@CPE98fc1165cb6f-CM00159a09b2d0.cpe.net.cable.rogers.com> has joined #aichallenge
2012-06-18T20:33:55  *** yoden <yoden!~horstman@cpe-76-190-245-7.neo.res.rr.com> has joined #aichallenge
2012-06-18T21:12:47  *** welterde <welterde!welterde@thinkbase.srv.welterde.de> has quit IRC (Ping timeout: 264 seconds)
2012-06-18T21:22:59  *** welterde <welterde!welterde@thinkbase.srv.welterde.de> has joined #aichallenge
2012-06-18T21:39:12  *** jmcarthur <jmcarthur!~jake@pool-108-46-79-47.nycmny.fios.verizon.net> has quit IRC (Quit: WeeChat 0.3.4)
2012-06-18T22:39:05  *** thestinger <thestinger!~strcat@CPE98fc1165cb6f-CM00159a09b2d0.cpe.net.cable.rogers.com> has quit IRC (Quit: WeeChat 0.3.8)
2012-06-18T23:33:52  *** thestinger <thestinger!~strcat@CPE98fc1165cb6f-CM00159a09b2d0.cpe.net.cable.rogers.com> has joined #aichallenge
